<?xml version="1.0" encoding="UTF-8"?>
<!-- Generated by org.testng.reporters.JUnitReportReporter -->
<testsuite hostname="77DWHM2" failures="0" tests="2" name="testCasesSAT.LoginAsInvalidUser" time="2.205" errors="0" timestamp="19 juli 2018 15:38:48 GMT" skipped="0">
  <testcase classname="testCasesSAT.LoginAsInvalidUser" name="CheckThatLogginInWithFalseInfoNotPossible" time="0.031"/>
  <testcase classname="testCasesSAT.LoginAsInvalidUser" name="InputUserWithInvalidInfo" time="2.174"/>
</testsuite> <!-- testCasesSAT.LoginAsInvalidUser -->
