<?xml version="1.0" encoding="UTF-8"?>
<!-- Generated by org.testng.reporters.JUnitReportReporter -->
<testsuite hostname="77DWHM2" failures="0" tests="7" name="testCasesMinProfilArbetsliv.ArbetslivAddNewUppeHålliForskningen" time="12.413" errors="0" timestamp="26 juli 2018 09:57:35 GMT" skipped="0">
  <testcase classname="testCasesMinProfilArbetsliv.ArbetslivAddNewUppeHålliForskningen" name="UppehållIForskningenLäggTill" time="0.138"/>
  <testcase classname="testCasesMinProfilArbetsliv.ArbetslivAddNewUppeHålliForskningen" name="LoginAsUser2" time="8.748"/>
  <testcase classname="testCasesMinProfilArbetsliv.ArbetslivAddNewUppeHålliForskningen" name="SparaVal" time="0.167"/>
  <testcase classname="testCasesMinProfilArbetsliv.ArbetslivAddNewUppeHålliForskningen" name="StartDatum" time="0.388"/>
  <testcase classname="testCasesMinProfilArbetsliv.ArbetslivAddNewUppeHålliForskningen" name="SlutDatum" time="0.194"/>
  <testcase classname="testCasesMinProfilArbetsliv.ArbetslivAddNewUppeHålliForskningen" name="Beskrivning" time="0.103"/>
  <testcase classname="testCasesMinProfilArbetsliv.ArbetslivAddNewUppeHålliForskningen" name="ClickArbetsliv" time="2.675"/>
</testsuite> <!-- testCasesMinProfilArbetsliv.ArbetslivAddNewUppeHålliForskningen -->
