<?xml version="1.0" encoding="UTF-8"?>
<!-- Generated by org.testng.reporters.JUnitReportReporter -->
<testsuite hostname="77DWHM2" failures="0" tests="12" name="testCasesSAT.UtbildningPåGrundOchAvanceradNivåAdd" time="14.206" errors="0" timestamp="17 juli 2018 13:09:10 GMT" skipped="0">
  <testcase classname="testCasesSAT.UtbildningPåGrundOchAvanceradNivåAdd" name="LoginAsUser" time="8.630"/>
  <testcase classname="testCasesSAT.UtbildningPåGrundOchAvanceradNivåAdd" name="OmrådeBeskrivning" time="0.128"/>
  <testcase classname="testCasesSAT.UtbildningPåGrundOchAvanceradNivåAdd" name="ClickUtbildning" time="0.740"/>
  <testcase classname="testCasesSAT.UtbildningPåGrundOchAvanceradNivåAdd" name="Spara" time="0.157"/>
  <testcase classname="testCasesSAT.UtbildningPåGrundOchAvanceradNivåAdd" name="ClickUtbildningPåGrundOchAvanceradNivå" time="0.084"/>
  <testcase classname="testCasesSAT.UtbildningPåGrundOchAvanceradNivåAdd" name="AddUtbildningPåGrundOchAvanceradNivå" time="0.109"/>
  <testcase classname="testCasesSAT.UtbildningPåGrundOchAvanceradNivåAdd" name="SelectOrganization" time="1.981"/>
  <testcase classname="testCasesSAT.UtbildningPåGrundOchAvanceradNivåAdd" name="Specialistkompetens" time="0.126"/>
  <testcase classname="testCasesSAT.UtbildningPåGrundOchAvanceradNivåAdd" name="Examen" time="0.121"/>
  <testcase classname="testCasesSAT.UtbildningPåGrundOchAvanceradNivåAdd" name="SpecialistkompetensÅr" time="0.781"/>
  <testcase classname="testCasesSAT.UtbildningPåGrundOchAvanceradNivåAdd" name="ÅrFörExamen" time="0.766"/>
  <testcase classname="testCasesSAT.UtbildningPåGrundOchAvanceradNivåAdd" name="ExamensinriktningSelectSubjects" time="0.583"/>
</testsuite> <!-- testCasesSAT.UtbildningPåGrundOchAvanceradNivåAdd -->
