<?xml version="1.0" encoding="UTF-8"?>
<!-- Generated by org.testng.reporters.JUnitReportReporter -->
<testsuite hostname="77DWHM2" failures="0" tests="24" name="testCasesSAT.ArbetslivAddNewFackGranskadKonferensbidrag" time="0.000" errors="0" timestamp="25 juli 2018 09:01:16 GMT" skipped="24">
  <testcase classname="testCasesSAT.ArbetslivAddNewFackGranskadKonferensbidrag" name="KonferensbidragOpenAccessLänkExternLänkFörPublicering" time="0.000">
    <skipped/>
  </testcase> <!-- KonferensbidragOpenAccessLänkExternLänkFörPublicering -->
  <testcase classname="testCasesSAT.ArbetslivAddNewFackGranskadKonferensbidrag" name="KonferensbidragSpara" time="0.000">
    <skipped/>
  </testcase> <!-- KonferensbidragSpara -->
  <testcase classname="testCasesSAT.ArbetslivAddNewFackGranskadKonferensbidrag" name="KonferensbidragOpenAccessDokumentVersion" time="0.000">
    <skipped/>
  </testcase> <!-- KonferensbidragOpenAccessDokumentVersion -->
  <testcase classname="testCasesSAT.ArbetslivAddNewFackGranskadKonferensbidrag" name="KonferensbidragKällaFörPublikation" time="0.000">
    <skipped/>
  </testcase> <!-- KonferensbidragKällaFörPublikation -->
  <testcase classname="testCasesSAT.ArbetslivAddNewFackGranskadKonferensbidrag" name="KonferensbidragTitel" time="0.000">
    <skipped/>
  </testcase> <!-- KonferensbidragTitel -->
  <testcase classname="testCasesSAT.ArbetslivAddNewFackGranskadKonferensbidrag" name="VäljPublikationsTyp" time="0.000">
    <skipped/>
  </testcase> <!-- VäljPublikationsTyp -->
  <testcase classname="testCasesSAT.ArbetslivAddNewFackGranskadKonferensbidrag" name="KonferensbidragDOI" time="0.000">
    <skipped/>
  </testcase> <!-- KonferensbidragDOI -->
  <testcase classname="testCasesSAT.ArbetslivAddNewFackGranskadKonferensbidrag" name="KonferensbidragNamnPåTidskrift" time="0.000">
    <skipped/>
  </testcase> <!-- KonferensbidragNamnPåTidskrift -->
  <testcase classname="testCasesSAT.ArbetslivAddNewFackGranskadKonferensbidrag" name="KonferensbidragFörfattareFörnamn" time="0.000">
    <skipped/>
  </testcase> <!-- KonferensbidragFörfattareFörnamn -->
  <testcase classname="testCasesSAT.ArbetslivAddNewFackGranskadKonferensbidrag" name="KonferensbidragKällaID" time="0.000">
    <skipped/>
  </testcase> <!-- KonferensbidragKällaID -->
  <testcase classname="testCasesSAT.ArbetslivAddNewFackGranskadKonferensbidrag" name="KonferensbidragUtfärdandenummer" time="0.000">
    <skipped/>
  </testcase> <!-- KonferensbidragUtfärdandenummer -->
  <testcase classname="testCasesSAT.ArbetslivAddNewFackGranskadKonferensbidrag" name="KonferensbidragVarTextenPubliceradIOpenAcessJa" time="0.000">
    <skipped/>
  </testcase> <!-- KonferensbidragVarTextenPubliceradIOpenAcessJa -->
  <testcase classname="testCasesSAT.ArbetslivAddNewFackGranskadKonferensbidrag" name="KonferensbidragSistaSidnummer" time="0.000">
    <skipped/>
  </testcase> <!-- KonferensbidragSistaSidnummer -->
  <testcase classname="testCasesSAT.ArbetslivAddNewFackGranskadKonferensbidrag" name="LoginAsUser" time="0.000">
    <skipped/>
  </testcase> <!-- LoginAsUser -->
  <testcase classname="testCasesSAT.ArbetslivAddNewFackGranskadKonferensbidrag" name="LäggTillPublikationer" time="0.000">
    <skipped/>
  </testcase> <!-- LäggTillPublikationer -->
  <testcase classname="testCasesSAT.ArbetslivAddNewFackGranskadKonferensbidrag" name="KonferensbidragFörstaSidnummer" time="0.000">
    <skipped/>
  </testcase> <!-- KonferensbidragFörstaSidnummer -->
  <testcase classname="testCasesSAT.ArbetslivAddNewFackGranskadKonferensbidrag" name="KonferensbidragFörfattareKnapp" time="0.000">
    <skipped/>
  </testcase> <!-- KonferensbidragFörfattareKnapp -->
  <testcase classname="testCasesSAT.ArbetslivAddNewFackGranskadKonferensbidrag" name="KonferensbidragFörfattareEfternamn" time="0.000">
    <skipped/>
  </testcase> <!-- KonferensbidragFörfattareEfternamn -->
  <testcase classname="testCasesSAT.ArbetslivAddNewFackGranskadKonferensbidrag" name="KonferensbidragStatus" time="0.000">
    <skipped/>
  </testcase> <!-- KonferensbidragStatus -->
  <testcase classname="testCasesSAT.ArbetslivAddNewFackGranskadKonferensbidrag" name="KonferensbidragOpenAcessSammanfattning" time="0.000">
    <skipped/>
  </testcase> <!-- KonferensbidragOpenAcessSammanfattning -->
  <testcase classname="testCasesSAT.ArbetslivAddNewFackGranskadKonferensbidrag" name="ClickPublikationer" time="0.000">
    <skipped/>
  </testcase> <!-- ClickPublikationer -->
  <testcase classname="testCasesSAT.ArbetslivAddNewFackGranskadKonferensbidrag" name="KonferensbidragOpenAccessFormAvOA" time="0.000">
    <skipped/>
  </testcase> <!-- KonferensbidragOpenAccessFormAvOA -->
  <testcase classname="testCasesSAT.ArbetslivAddNewFackGranskadKonferensbidrag" name="DropDownKonferensbidrag" time="0.000">
    <skipped/>
  </testcase> <!-- DropDownKonferensbidrag -->
  <testcase classname="testCasesSAT.ArbetslivAddNewFackGranskadKonferensbidrag" name="KonferensbidragVolym" time="0.000">
    <skipped/>
  </testcase> <!-- KonferensbidragVolym -->
</testsuite> <!-- testCasesSAT.ArbetslivAddNewFackGranskadKonferensbidrag -->
