<?xml version="1.0" encoding="UTF-8"?>
<!-- Generated by org.testng.reporters.JUnitReportReporter -->
<testsuite hostname="77DWHM2" failures="0" tests="14" name="testCasesSATMinProfilUtbildning.UtbildningForskarUtbildningAddDoktorsExamen" time="16.112" errors="0" timestamp="31 juli 2018 14:21:01 GMT" skipped="0">
  <testcase classname="testCasesSATMinProfilUtbildning.UtbildningForskarUtbildningAddDoktorsExamen" name="SelectOrganization" time="3.005"/>
  <testcase classname="testCasesSATMinProfilUtbildning.UtbildningForskarUtbildningAddDoktorsExamen" name="WriteAvhandlingensTitelOrginalSpråk" time="0.177"/>
  <testcase classname="testCasesSATMinProfilUtbildning.UtbildningForskarUtbildningAddDoktorsExamen" name="ClickForskarUtbildning" time="0.095"/>
  <testcase classname="testCasesSATMinProfilUtbildning.UtbildningForskarUtbildningAddDoktorsExamen" name="WriteAvhandlingensTitelEngelska" time="0.218"/>
  <testcase classname="testCasesSATMinProfilUtbildning.UtbildningForskarUtbildningAddDoktorsExamen" name="ClickUtbildning" time="1.077"/>
  <testcase classname="testCasesSATMinProfilUtbildning.UtbildningForskarUtbildningAddDoktorsExamen" name="TypAvForskarUtbildningAddDoktorsexamen" time="0.306"/>
  <testcase classname="testCasesSATMinProfilUtbildning.UtbildningForskarUtbildningAddDoktorsExamen" name="FörnamnHandledare" time="0.107"/>
  <testcase classname="testCasesSATMinProfilUtbildning.UtbildningForskarUtbildningAddDoktorsExamen" name="TypAvForskarUtbildningSelectSubjects" time="0.589"/>
  <testcase classname="testCasesSATMinProfilUtbildning.UtbildningForskarUtbildningAddDoktorsExamen" name="SparaForskarutbildningKnapp" time="0.216"/>
  <testcase classname="testCasesSATMinProfilUtbildning.UtbildningForskarUtbildningAddDoktorsExamen" name="Examensdatum" time="0.509"/>
  <testcase classname="testCasesSATMinProfilUtbildning.UtbildningForskarUtbildningAddDoktorsExamen" name="EfternamnHandledare" time="0.125"/>
  <testcase classname="testCasesSATMinProfilUtbildning.UtbildningForskarUtbildningAddDoktorsExamen" name="ISSNISBNNummer" time="0.141"/>
  <testcase classname="testCasesSATMinProfilUtbildning.UtbildningForskarUtbildningAddDoktorsExamen" name="AddForskarUtbildning" time="0.091"/>
  <testcase classname="testCasesSATMinProfilUtbildning.UtbildningForskarUtbildningAddDoktorsExamen" name="LoginAsUser" time="9.456"/>
</testsuite> <!-- testCasesSATMinProfilUtbildning.UtbildningForskarUtbildningAddDoktorsExamen -->
