<?xml version="1.0" encoding="UTF-8"?>
<!-- Generated by org.testng.reporters.JUnitReportReporter -->
<testsuite hostname="77DWHM2" failures="0" tests="9" name="testCasesSAT.MeriterOchUtmärkelserAddNewPriserOchUtmärkelser" time="12.404" errors="0" timestamp="20 juli 2018 11:11:42 GMT" skipped="0">
  <testcase classname="testCasesSAT.MeriterOchUtmärkelserAddNewPriserOchUtmärkelser" name="LäggTill" time="0.109"/>
  <testcase classname="testCasesSAT.MeriterOchUtmärkelserAddNewPriserOchUtmärkelser" name="År" time="0.605"/>
  <testcase classname="testCasesSAT.MeriterOchUtmärkelserAddNewPriserOchUtmärkelser" name="Beskrivning" time="0.161"/>
  <testcase classname="testCasesSAT.MeriterOchUtmärkelserAddNewPriserOchUtmärkelser" name="NamnPåPriset" time="0.138"/>
  <testcase classname="testCasesSAT.MeriterOchUtmärkelserAddNewPriserOchUtmärkelser" name="ClickMeriterOchUtmärkelser" time="1.733"/>
  <testcase classname="testCasesSAT.MeriterOchUtmärkelserAddNewPriserOchUtmärkelser" name="Land" time="0.398"/>
  <testcase classname="testCasesSAT.MeriterOchUtmärkelserAddNewPriserOchUtmärkelser" name="Spara" time="0.125"/>
  <testcase classname="testCasesSAT.MeriterOchUtmärkelserAddNewPriserOchUtmärkelser" name="LoginAsUser" time="8.980"/>
  <testcase classname="testCasesSAT.MeriterOchUtmärkelserAddNewPriserOchUtmärkelser" name="Utfärdare" time="0.155"/>
</testsuite> <!-- testCasesSAT.MeriterOchUtmärkelserAddNewPriserOchUtmärkelser -->
