<?xml version="1.0" encoding="UTF-8"?>
<!-- Generated by org.testng.reporters.JUnitReportReporter -->
<testsuite hostname="77DWHM2" failures="0" tests="26" name="testCasesSAT.ArbetslivAddNewFackGranskadBidragTillBok" time="19.797" errors="0" timestamp="25 juli 2018 10:44:47 GMT" skipped="0">
  <testcase classname="testCasesSAT.ArbetslivAddNewFackGranskadBidragTillBok" name="ClickPublikationer" time="5.621"/>
  <testcase classname="testCasesSAT.ArbetslivAddNewFackGranskadBidragTillBok" name="VäljPublikationsTyp" time="0.758"/>
  <testcase classname="testCasesSAT.ArbetslivAddNewFackGranskadBidragTillBok" name="BidragTillEnBokSpara" time="1.350"/>
  <testcase classname="testCasesSAT.ArbetslivAddNewFackGranskadBidragTillBok" name="LäggTillPublikationer" time="0.085"/>
  <testcase classname="testCasesSAT.ArbetslivAddNewFackGranskadBidragTillBok" name="BidragTillEnBokUtgivareFörlag" time="0.307"/>
  <testcase classname="testCasesSAT.ArbetslivAddNewFackGranskadBidragTillBok" name="BidragTillEnBokFörfattareEfternamn" time="0.342"/>
  <testcase classname="testCasesSAT.ArbetslivAddNewFackGranskadBidragTillBok" name="BidragTillEnBokOpenAccessLänkExternLänkFörPublicering" time="0.837"/>
  <testcase classname="testCasesSAT.ArbetslivAddNewFackGranskadBidragTillBok" name="BidragTillEnBokVarTextenPubliceradIOpenAcessJa" time="0.140"/>
  <testcase classname="testCasesSAT.ArbetslivAddNewFackGranskadBidragTillBok" name="BidragTillEnBokFörfattareKnapp" time="0.084"/>
  <testcase classname="testCasesSAT.ArbetslivAddNewFackGranskadBidragTillBok" name="LoginAsUser" time="4.631"/>
  <testcase classname="testCasesSAT.ArbetslivAddNewFackGranskadBidragTillBok" name="BidragTillEnBokUtgivareSistaSidnummer" time="0.159"/>
  <testcase classname="testCasesSAT.ArbetslivAddNewFackGranskadBidragTillBok" name="BidragTillEnBokOpenAccessFormAvOA" time="0.106"/>
  <testcase classname="testCasesSAT.ArbetslivAddNewFackGranskadBidragTillBok" name="BidragTillEnBokRedaktörKnapp" time="0.114"/>
  <testcase classname="testCasesSAT.ArbetslivAddNewFackGranskadBidragTillBok" name="BidragTillEnBokUtgivareISBN" time="0.216"/>
  <testcase classname="testCasesSAT.ArbetslivAddNewFackGranskadBidragTillBok" name="DropDownBidragTillEnBok" time="0.186"/>
  <testcase classname="testCasesSAT.ArbetslivAddNewFackGranskadBidragTillBok" name="BidragTillEnBokOpenAccessDokumentVersion" time="0.123"/>
  <testcase classname="testCasesSAT.ArbetslivAddNewFackGranskadBidragTillBok" name="BidragTillEnBokUtgivareDOI" time="0.219"/>
  <testcase classname="testCasesSAT.ArbetslivAddNewFackGranskadBidragTillBok" name="BidragTillEnBokTitel" time="0.718"/>
  <testcase classname="testCasesSAT.ArbetslivAddNewFackGranskadBidragTillBok" name="BidragTillEnBokUtgivareKällaFörPublikation" time="0.113"/>
  <testcase classname="testCasesSAT.ArbetslivAddNewFackGranskadBidragTillBok" name="BidragTillEnBokUtgivareFörstaSidnummer" time="0.156"/>
  <testcase classname="testCasesSAT.ArbetslivAddNewFackGranskadBidragTillBok" name="BidragTillEnBokRedaktörNamn" time="1.912"/>
  <testcase classname="testCasesSAT.ArbetslivAddNewFackGranskadBidragTillBok" name="BidragTillEnBokOpenAcessSammanfattning" time="0.574"/>
  <testcase classname="testCasesSAT.ArbetslivAddNewFackGranskadBidragTillBok" name="BidragTillEnBokUtgivareFörlagsplats" time="0.335"/>
  <testcase classname="testCasesSAT.ArbetslivAddNewFackGranskadBidragTillBok" name="BidragTillEnBokUtgivareStatus" time="0.063"/>
  <testcase classname="testCasesSAT.ArbetslivAddNewFackGranskadBidragTillBok" name="BidragTillEnBokFörfattareFörnamn" time="0.440"/>
  <testcase classname="testCasesSAT.ArbetslivAddNewFackGranskadBidragTillBok" name="BidragTillEnBokUtgivareKällaID" time="0.208"/>
</testsuite> <!-- testCasesSAT.ArbetslivAddNewFackGranskadBidragTillBok -->
