<?xml version="1.0" encoding="UTF-8"?>
<!-- Generated by org.testng.reporters.JUnitReportReporter -->
<testsuite hostname="77DWHM2" failures="0" tests="7" name="testCasesSAT.ArbetslivAddNewUppeHålliForskningen" time="8.276" errors="0" timestamp="19 juli 2018 15:38:48 GMT" skipped="0">
  <testcase classname="testCasesSAT.ArbetslivAddNewUppeHålliForskningen" name="LoginAsUser" time="6.769"/>
  <testcase classname="testCasesSAT.ArbetslivAddNewUppeHålliForskningen" name="SlutDatum" time="0.161"/>
  <testcase classname="testCasesSAT.ArbetslivAddNewUppeHålliForskningen" name="SparaVal" time="0.102"/>
  <testcase classname="testCasesSAT.ArbetslivAddNewUppeHålliForskningen" name="StartDatum" time="0.294"/>
  <testcase classname="testCasesSAT.ArbetslivAddNewUppeHålliForskningen" name="UppehållIForskningenLäggTill" time="0.104"/>
  <testcase classname="testCasesSAT.ArbetslivAddNewUppeHålliForskningen" name="ClickArbetsliv" time="0.765"/>
  <testcase classname="testCasesSAT.ArbetslivAddNewUppeHålliForskningen" name="Beskrivning" time="0.081"/>
</testsuite> <!-- testCasesSAT.ArbetslivAddNewUppeHålliForskningen -->
