<?xml version="1.0" encoding="UTF-8"?>
<!-- Generated by org.testng.reporters.JUnitReportReporter -->
<testsuite hostname="77DWHM2" failures="0" tests="9" name="testCasesSAT.ArbetslivAddNewPostdoktorvistelser" time="11.204" errors="0" timestamp="19 juli 2018 15:38:48 GMT" skipped="0">
  <testcase classname="testCasesSAT.ArbetslivAddNewPostdoktorvistelser" name="PeriodStartOchSlutYear" time="0.575"/>
  <testcase classname="testCasesSAT.ArbetslivAddNewPostdoktorvistelser" name="Ã„mneDropDown" time="0.543"/>
  <testcase classname="testCasesSAT.ArbetslivAddNewPostdoktorvistelser" name="SelectOrganization" time="2.099"/>
  <testcase classname="testCasesSAT.ArbetslivAddNewPostdoktorvistelser" name="PeriodEndMonth" time="0.179"/>
  <testcase classname="testCasesSAT.ArbetslivAddNewPostdoktorvistelser" name="SparaPostdoktorvistelser" time="0.106"/>
  <testcase classname="testCasesSAT.ArbetslivAddNewPostdoktorvistelser" name="LoginAsUser" time="6.740"/>
  <testcase classname="testCasesSAT.ArbetslivAddNewPostdoktorvistelser" name="ClickArbetsliv" time="0.705"/>
  <testcase classname="testCasesSAT.ArbetslivAddNewPostdoktorvistelser" name="AddPostdoktorvistelser" time="0.094"/>
  <testcase classname="testCasesSAT.ArbetslivAddNewPostdoktorvistelser" name="PeriodStartMonth" time="0.163"/>
</testsuite> <!-- testCasesSAT.ArbetslivAddNewPostdoktorvistelser -->
