<?xml version="1.0" encoding="UTF-8"?>
<!-- Generated by org.testng.reporters.JUnitReportReporter -->
<testsuite hostname="77DWHM2" failures="0" tests="24" name="testCasesSAT.ArbetslivAddNewFackGranskadOriginellaBidragTillVetenskapligaTidskriften" time="13.574" errors="0" timestamp="19 juli 2018 15:38:47 GMT" skipped="0">
  <testcase classname="testCasesSAT.ArbetslivAddNewFackGranskadOriginellaBidragTillVetenskapligaTidskriften" name="OriginellaBidragTillVetenskapligaTidskriftenFörstaSidnummer" time="0.077"/>
  <testcase classname="testCasesSAT.ArbetslivAddNewFackGranskadOriginellaBidragTillVetenskapligaTidskriften" name="DropDownOriginellaBidragTillVetenskapligaTidskriften" time="0.237"/>
  <testcase classname="testCasesSAT.ArbetslivAddNewFackGranskadOriginellaBidragTillVetenskapligaTidskriften" name="OriginellaBidragTillVetenskapligaTidskriftenOpenAcessSammanfattning" time="0.301"/>
  <testcase classname="testCasesSAT.ArbetslivAddNewFackGranskadOriginellaBidragTillVetenskapligaTidskriften" name="LäggTillPublikationer" time="0.093"/>
  <testcase classname="testCasesSAT.ArbetslivAddNewFackGranskadOriginellaBidragTillVetenskapligaTidskriften" name="OriginellaBidragTillVetenskapligaTidskriftenOpenAccessDokumentVersion" time="0.119"/>
  <testcase classname="testCasesSAT.ArbetslivAddNewFackGranskadOriginellaBidragTillVetenskapligaTidskriften" name="OriginellaBidragTillVetenskapligaTidskriftenStatus" time="0.067"/>
  <testcase classname="testCasesSAT.ArbetslivAddNewFackGranskadOriginellaBidragTillVetenskapligaTidskriften" name="OriginellaBidragTillVetenskapligaTidskriftenFörfattareFörnamn" time="0.152"/>
  <testcase classname="testCasesSAT.ArbetslivAddNewFackGranskadOriginellaBidragTillVetenskapligaTidskriften" name="VäljPublikationsTyp" time="0.840"/>
  <testcase classname="testCasesSAT.ArbetslivAddNewFackGranskadOriginellaBidragTillVetenskapligaTidskriften" name="OriginellaBidragTillVetenskapligaTidskriftenVolym" time="0.082"/>
  <testcase classname="testCasesSAT.ArbetslivAddNewFackGranskadOriginellaBidragTillVetenskapligaTidskriften" name="OriginellaBidragTillVetenskapligaTidskriftenFörfattareEfternamn" time="0.118"/>
  <testcase classname="testCasesSAT.ArbetslivAddNewFackGranskadOriginellaBidragTillVetenskapligaTidskriften" name="OriginellaBidragTillVetenskapligaTidskriftenDOI" time="0.152"/>
  <testcase classname="testCasesSAT.ArbetslivAddNewFackGranskadOriginellaBidragTillVetenskapligaTidskriften" name="OriginellaBidragTillVetenskapligaTidskriftenVarTextenPubliceradIOpenAcessJa" time="0.102"/>
  <testcase classname="testCasesSAT.ArbetslivAddNewFackGranskadOriginellaBidragTillVetenskapligaTidskriften" name="LoginAsUser" time="7.708"/>
  <testcase classname="testCasesSAT.ArbetslivAddNewFackGranskadOriginellaBidragTillVetenskapligaTidskriften" name="OriginellaBidragTillVetenskapligaTidskriftenOpenAccessFormAvOA" time="0.119"/>
  <testcase classname="testCasesSAT.ArbetslivAddNewFackGranskadOriginellaBidragTillVetenskapligaTidskriften" name="OriginellaBidragTillVetenskapligaTidskriftenOpenAccessLänkExternLänkFörPublicering" time="0.727"/>
  <testcase classname="testCasesSAT.ArbetslivAddNewFackGranskadOriginellaBidragTillVetenskapligaTidskriften" name="OriginellaBidragTillVetenskapligaTidskriftenUtfärdandenummer" time="0.094"/>
  <testcase classname="testCasesSAT.ArbetslivAddNewFackGranskadOriginellaBidragTillVetenskapligaTidskriften" name="OriginellaBidragTillVetenskapligaTidskriftenSistaSidnummer" time="0.087"/>
  <testcase classname="testCasesSAT.ArbetslivAddNewFackGranskadOriginellaBidragTillVetenskapligaTidskriften" name="ClickPublikationer" time="0.887"/>
  <testcase classname="testCasesSAT.ArbetslivAddNewFackGranskadOriginellaBidragTillVetenskapligaTidskriften" name="OriginellaBidragTillVetenskapligaTidskriftenKällaID" time="0.073"/>
  <testcase classname="testCasesSAT.ArbetslivAddNewFackGranskadOriginellaBidragTillVetenskapligaTidskriften" name="OriginellaBidragTillVetenskapligaTidskriftenKällaFörPublikation" time="0.156"/>
  <testcase classname="testCasesSAT.ArbetslivAddNewFackGranskadOriginellaBidragTillVetenskapligaTidskriften" name="OriginellaBidragTillVetenskapligaTidskriftenSpara" time="0.845"/>
  <testcase classname="testCasesSAT.ArbetslivAddNewFackGranskadOriginellaBidragTillVetenskapligaTidskriften" name="OriginellaBidragTillVetenskapligaTidskriftenNamnPåTidskrift" time="0.166"/>
  <testcase classname="testCasesSAT.ArbetslivAddNewFackGranskadOriginellaBidragTillVetenskapligaTidskriften" name="OriginellaBidragTillVetenskapligaTidskriftenFörfattareKnapp" time="0.137"/>
  <testcase classname="testCasesSAT.ArbetslivAddNewFackGranskadOriginellaBidragTillVetenskapligaTidskriften" name="OriginellaBidragTillVetenskapligaTidskriftenTitel" time="0.235"/>
</testsuite> <!-- testCasesSAT.ArbetslivAddNewFackGranskadOriginellaBidragTillVetenskapligaTidskriften -->
