<?xml version="1.0" encoding="UTF-8"?>
<!-- Generated by org.testng.reporters.JUnitReportReporter -->
<testsuite hostname="77DWHM2" failures="0" tests="21" name="testCasesSATMinProfilPublikationer.PublikationerAddNewFackGranskadBok" time="19.397" errors="0" timestamp="26 juli 2018 14:19:25 GMT" skipped="0">
  <testcase classname="testCasesSATMinProfilPublikationer.PublikationerAddNewFackGranskadBok" name="BokUtgivareDOI" time="0.237"/>
  <testcase classname="testCasesSATMinProfilPublikationer.PublikationerAddNewFackGranskadBok" name="BokVarTextenPubliceradIOpenAcessJa" time="0.127"/>
  <testcase classname="testCasesSATMinProfilPublikationer.PublikationerAddNewFackGranskadBok" name="BokFörfattareFörnamn" time="0.487"/>
  <testcase classname="testCasesSATMinProfilPublikationer.PublikationerAddNewFackGranskadBok" name="BokFörfattareEfternamn" time="0.456"/>
  <testcase classname="testCasesSATMinProfilPublikationer.PublikationerAddNewFackGranskadBok" name="BokOpenAcessSammanfattning" time="0.647"/>
  <testcase classname="testCasesSATMinProfilPublikationer.PublikationerAddNewFackGranskadBok" name="LoginAsUser" time="10.057"/>
  <testcase classname="testCasesSATMinProfilPublikationer.PublikationerAddNewFackGranskadBok" name="BokUtgivareFörlag" time="0.313"/>
  <testcase classname="testCasesSATMinProfilPublikationer.PublikationerAddNewFackGranskadBok" name="BokTitel" time="0.456"/>
  <testcase classname="testCasesSATMinProfilPublikationer.PublikationerAddNewFackGranskadBok" name="ClickPublikationer" time="1.965"/>
  <testcase classname="testCasesSATMinProfilPublikationer.PublikationerAddNewFackGranskadBok" name="BokFörfattareKnapp" time="0.141"/>
  <testcase classname="testCasesSATMinProfilPublikationer.PublikationerAddNewFackGranskadBok" name="VäljPublikationsTyp" time="0.807"/>
  <testcase classname="testCasesSATMinProfilPublikationer.PublikationerAddNewFackGranskadBok" name="BokOpenAccessFormAvOA" time="0.098"/>
  <testcase classname="testCasesSATMinProfilPublikationer.PublikationerAddNewFackGranskadBok" name="BokOpenAccessLänkExternLänkFörPublicering" time="0.840"/>
  <testcase classname="testCasesSATMinProfilPublikationer.PublikationerAddNewFackGranskadBok" name="BokUtgivareISBN" time="0.234"/>
  <testcase classname="testCasesSATMinProfilPublikationer.PublikationerAddNewFackGranskadBok" name="BokUtgivareKällaID" time="0.221"/>
  <testcase classname="testCasesSATMinProfilPublikationer.PublikationerAddNewFackGranskadBok" name="DropDownBok" time="0.218"/>
  <testcase classname="testCasesSATMinProfilPublikationer.PublikationerAddNewFackGranskadBok" name="BokOpenAccessDokumentVersion" time="0.124"/>
  <testcase classname="testCasesSATMinProfilPublikationer.PublikationerAddNewFackGranskadBok" name="BokUtgivareKällaFörPublikation" time="0.070"/>
  <testcase classname="testCasesSATMinProfilPublikationer.PublikationerAddNewFackGranskadBok" name="BokSpara" time="1.359"/>
  <testcase classname="testCasesSATMinProfilPublikationer.PublikationerAddNewFackGranskadBok" name="LäggTillPublikationer" time="0.098"/>
  <testcase classname="testCasesSATMinProfilPublikationer.PublikationerAddNewFackGranskadBok" name="BokUtgivareFörlagsplats" time="0.442"/>
</testsuite> <!-- testCasesSATMinProfilPublikationer.PublikationerAddNewFackGranskadBok -->
