<?xml version="1.0" encoding="UTF-8"?>
<!-- Generated by org.testng.reporters.JUnitReportReporter -->
<testsuite hostname="77DWHM2" failures="0" tests="26" name="testCasesSAT.ArbetslivAddNewFackGranskadBidragTillBok" time="14.708" errors="0" timestamp="19 juli 2018 15:38:47 GMT" skipped="0">
  <testcase classname="testCasesSAT.ArbetslivAddNewFackGranskadBidragTillBok" name="BidragTillEnBokUtgivareKällaFörPublikation" time="0.171"/>
  <testcase classname="testCasesSAT.ArbetslivAddNewFackGranskadBidragTillBok" name="ClickPublikationer" time="0.978"/>
  <testcase classname="testCasesSAT.ArbetslivAddNewFackGranskadBidragTillBok" name="BidragTillEnBokUtgivareKällaID" time="0.093"/>
  <testcase classname="testCasesSAT.ArbetslivAddNewFackGranskadBidragTillBok" name="BidragTillEnBokTitel" time="0.770"/>
  <testcase classname="testCasesSAT.ArbetslivAddNewFackGranskadBidragTillBok" name="BidragTillEnBokOpenAccessLänkExternLänkFörPublicering" time="0.743"/>
  <testcase classname="testCasesSAT.ArbetslivAddNewFackGranskadBidragTillBok" name="BidragTillEnBokUtgivareFörlag" time="0.123"/>
  <testcase classname="testCasesSAT.ArbetslivAddNewFackGranskadBidragTillBok" name="BidragTillEnBokUtgivareStatus" time="0.061"/>
  <testcase classname="testCasesSAT.ArbetslivAddNewFackGranskadBidragTillBok" name="BidragTillEnBokUtgivareDOI" time="0.088"/>
  <testcase classname="testCasesSAT.ArbetslivAddNewFackGranskadBidragTillBok" name="BidragTillEnBokRedaktörNamn" time="0.164"/>
  <testcase classname="testCasesSAT.ArbetslivAddNewFackGranskadBidragTillBok" name="BidragTillEnBokOpenAccessFormAvOA" time="0.137"/>
  <testcase classname="testCasesSAT.ArbetslivAddNewFackGranskadBidragTillBok" name="BidragTillEnBokUtgivareSistaSidnummer" time="0.070"/>
  <testcase classname="testCasesSAT.ArbetslivAddNewFackGranskadBidragTillBok" name="BidragTillEnBokOpenAcessSammanfattning" time="0.268"/>
  <testcase classname="testCasesSAT.ArbetslivAddNewFackGranskadBidragTillBok" name="BidragTillEnBokUtgivareISBN" time="0.097"/>
  <testcase classname="testCasesSAT.ArbetslivAddNewFackGranskadBidragTillBok" name="LäggTillPublikationer" time="0.084"/>
  <testcase classname="testCasesSAT.ArbetslivAddNewFackGranskadBidragTillBok" name="BidragTillEnBokUtgivareFörlagsplats" time="0.186"/>
  <testcase classname="testCasesSAT.ArbetslivAddNewFackGranskadBidragTillBok" name="VäljPublikationsTyp" time="0.812"/>
  <testcase classname="testCasesSAT.ArbetslivAddNewFackGranskadBidragTillBok" name="BidragTillEnBokSpara" time="0.870"/>
  <testcase classname="testCasesSAT.ArbetslivAddNewFackGranskadBidragTillBok" name="BidragTillEnBokFörfattareEfternamn" time="0.190"/>
  <testcase classname="testCasesSAT.ArbetslivAddNewFackGranskadBidragTillBok" name="BidragTillEnBokOpenAccessDokumentVersion" time="0.171"/>
  <testcase classname="testCasesSAT.ArbetslivAddNewFackGranskadBidragTillBok" name="LoginAsUser" time="7.866"/>
  <testcase classname="testCasesSAT.ArbetslivAddNewFackGranskadBidragTillBok" name="BidragTillEnBokFörfattareFörnamn" time="0.125"/>
  <testcase classname="testCasesSAT.ArbetslivAddNewFackGranskadBidragTillBok" name="BidragTillEnBokVarTextenPubliceradIOpenAcessJa" time="0.122"/>
  <testcase classname="testCasesSAT.ArbetslivAddNewFackGranskadBidragTillBok" name="BidragTillEnBokUtgivareFörstaSidnummer" time="0.068"/>
  <testcase classname="testCasesSAT.ArbetslivAddNewFackGranskadBidragTillBok" name="BidragTillEnBokFörfattareKnapp" time="0.083"/>
  <testcase classname="testCasesSAT.ArbetslivAddNewFackGranskadBidragTillBok" name="DropDownBidragTillEnBok" time="0.209"/>
  <testcase classname="testCasesSAT.ArbetslivAddNewFackGranskadBidragTillBok" name="BidragTillEnBokRedaktörKnapp" time="0.159"/>
</testsuite> <!-- testCasesSAT.ArbetslivAddNewFackGranskadBidragTillBok -->
