<?xml version="1.0" encoding="UTF-8"?>
<!-- Generated by org.testng.reporters.JUnitReportReporter -->
<testsuite hostname="77DWHM2" failures="0" tests="10" name="testCasesSAT.ForskarUtbildningAddForskningskompetensMotsvarandeDoktorsexamen" time="11.547" errors="0" timestamp="19 juli 2018 13:18:48 GMT" skipped="0">
  <testcase classname="testCasesSAT.ForskarUtbildningAddForskningskompetensMotsvarandeDoktorsexamen" name="ClickForskarUtbildning" time="0.092"/>
  <testcase classname="testCasesSAT.ForskarUtbildningAddForskningskompetensMotsvarandeDoktorsexamen" name="TypAvForskarUtbildningSelectSubjects" time="0.534"/>
  <testcase classname="testCasesSAT.ForskarUtbildningAddForskningskompetensMotsvarandeDoktorsexamen" name="BeskrivningAvKompetensSvenska" time="0.130"/>
  <testcase classname="testCasesSAT.ForskarUtbildningAddForskningskompetensMotsvarandeDoktorsexamen" name="AddForskarUtbildning" time="0.079"/>
  <testcase classname="testCasesSAT.ForskarUtbildningAddForskningskompetensMotsvarandeDoktorsexamen" name="ClickUtbildning" time="0.619"/>
  <testcase classname="testCasesSAT.ForskarUtbildningAddForskningskompetensMotsvarandeDoktorsexamen" name="Examensdatum" time="0.341"/>
  <testcase classname="testCasesSAT.ForskarUtbildningAddForskningskompetensMotsvarandeDoktorsexamen" name="SelectOrganization" time="1.950"/>
  <testcase classname="testCasesSAT.ForskarUtbildningAddForskningskompetensMotsvarandeDoktorsexamen" name="LoginAsUser" time="7.435"/>
  <testcase classname="testCasesSAT.ForskarUtbildningAddForskningskompetensMotsvarandeDoktorsexamen" name="BeskrivningAvKompetensEngelska" time="0.107"/>
  <testcase classname="testCasesSAT.ForskarUtbildningAddForskningskompetensMotsvarandeDoktorsexamen" name="TypAvForskarUtbildningAddForskningskompetensMotsvarandeDoktorsexamen" time="0.260"/>
</testsuite> <!-- testCasesSAT.ForskarUtbildningAddForskningskompetensMotsvarandeDoktorsexamen -->
