<?xml version="1.0" encoding="UTF-8"?>
<!-- Generated by org.testng.reporters.JUnitReportReporter -->
<testsuite hostname="77DWHM2" failures="0" tests="24" name="testCasesSATMinProfilPublikationer.PublikationerAddNewFackGranskadKonferensbidrag" time="0.000" errors="0" timestamp="25 juli 2018 15:37:49 GMT" skipped="24">
  <testcase classname="testCasesSATMinProfilPublikationer.PublikationerAddNewFackGranskadKonferensbidrag" name="LäggTillPublikationer" time="0.000">
    <skipped/>
  </testcase> <!-- LäggTillPublikationer -->
  <testcase classname="testCasesSATMinProfilPublikationer.PublikationerAddNewFackGranskadKonferensbidrag" name="ClickPublikationer" time="0.000">
    <skipped/>
  </testcase> <!-- ClickPublikationer -->
  <testcase classname="testCasesSATMinProfilPublikationer.PublikationerAddNewFackGranskadKonferensbidrag" name="KonferensbidragDOI" time="0.000">
    <skipped/>
  </testcase> <!-- KonferensbidragDOI -->
  <testcase classname="testCasesSATMinProfilPublikationer.PublikationerAddNewFackGranskadKonferensbidrag" name="KonferensbidragKällaFörPublikation" time="0.000">
    <skipped/>
  </testcase> <!-- KonferensbidragKällaFörPublikation -->
  <testcase classname="testCasesSATMinProfilPublikationer.PublikationerAddNewFackGranskadKonferensbidrag" name="LoginAsUser" time="0.000">
    <skipped/>
  </testcase> <!-- LoginAsUser -->
  <testcase classname="testCasesSATMinProfilPublikationer.PublikationerAddNewFackGranskadKonferensbidrag" name="KonferensbidragUtfärdandenummer" time="0.000">
    <skipped/>
  </testcase> <!-- KonferensbidragUtfärdandenummer -->
  <testcase classname="testCasesSATMinProfilPublikationer.PublikationerAddNewFackGranskadKonferensbidrag" name="VäljPublikationsTyp" time="0.000">
    <skipped/>
  </testcase> <!-- VäljPublikationsTyp -->
  <testcase classname="testCasesSATMinProfilPublikationer.PublikationerAddNewFackGranskadKonferensbidrag" name="KonferensbidragVolym" time="0.000">
    <skipped/>
  </testcase> <!-- KonferensbidragVolym -->
  <testcase classname="testCasesSATMinProfilPublikationer.PublikationerAddNewFackGranskadKonferensbidrag" name="KonferensbidragFörfattareKnapp" time="0.000">
    <skipped/>
  </testcase> <!-- KonferensbidragFörfattareKnapp -->
  <testcase classname="testCasesSATMinProfilPublikationer.PublikationerAddNewFackGranskadKonferensbidrag" name="KonferensbidragFörfattareFörnamn" time="0.000">
    <skipped/>
  </testcase> <!-- KonferensbidragFörfattareFörnamn -->
  <testcase classname="testCasesSATMinProfilPublikationer.PublikationerAddNewFackGranskadKonferensbidrag" name="KonferensbidragOpenAcessSammanfattning" time="0.000">
    <skipped/>
  </testcase> <!-- KonferensbidragOpenAcessSammanfattning -->
  <testcase classname="testCasesSATMinProfilPublikationer.PublikationerAddNewFackGranskadKonferensbidrag" name="KonferensbidragKällaID" time="0.000">
    <skipped/>
  </testcase> <!-- KonferensbidragKällaID -->
  <testcase classname="testCasesSATMinProfilPublikationer.PublikationerAddNewFackGranskadKonferensbidrag" name="DropDownKonferensbidrag" time="0.000">
    <skipped/>
  </testcase> <!-- DropDownKonferensbidrag -->
  <testcase classname="testCasesSATMinProfilPublikationer.PublikationerAddNewFackGranskadKonferensbidrag" name="KonferensbidragNamnPåTidskrift" time="0.000">
    <skipped/>
  </testcase> <!-- KonferensbidragNamnPåTidskrift -->
  <testcase classname="testCasesSATMinProfilPublikationer.PublikationerAddNewFackGranskadKonferensbidrag" name="KonferensbidragOpenAccessFormAvOA" time="0.000">
    <skipped/>
  </testcase> <!-- KonferensbidragOpenAccessFormAvOA -->
  <testcase classname="testCasesSATMinProfilPublikationer.PublikationerAddNewFackGranskadKonferensbidrag" name="KonferensbidragVarTextenPubliceradIOpenAcessJa" time="0.000">
    <skipped/>
  </testcase> <!-- KonferensbidragVarTextenPubliceradIOpenAcessJa -->
  <testcase classname="testCasesSATMinProfilPublikationer.PublikationerAddNewFackGranskadKonferensbidrag" name="KonferensbidragStatus" time="0.000">
    <skipped/>
  </testcase> <!-- KonferensbidragStatus -->
  <testcase classname="testCasesSATMinProfilPublikationer.PublikationerAddNewFackGranskadKonferensbidrag" name="KonferensbidragSpara" time="0.000">
    <skipped/>
  </testcase> <!-- KonferensbidragSpara -->
  <testcase classname="testCasesSATMinProfilPublikationer.PublikationerAddNewFackGranskadKonferensbidrag" name="KonferensbidragOpenAccessDokumentVersion" time="0.000">
    <skipped/>
  </testcase> <!-- KonferensbidragOpenAccessDokumentVersion -->
  <testcase classname="testCasesSATMinProfilPublikationer.PublikationerAddNewFackGranskadKonferensbidrag" name="KonferensbidragOpenAccessLänkExternLänkFörPublicering" time="0.000">
    <skipped/>
  </testcase> <!-- KonferensbidragOpenAccessLänkExternLänkFörPublicering -->
  <testcase classname="testCasesSATMinProfilPublikationer.PublikationerAddNewFackGranskadKonferensbidrag" name="KonferensbidragFörfattareEfternamn" time="0.000">
    <skipped/>
  </testcase> <!-- KonferensbidragFörfattareEfternamn -->
  <testcase classname="testCasesSATMinProfilPublikationer.PublikationerAddNewFackGranskadKonferensbidrag" name="KonferensbidragSistaSidnummer" time="0.000">
    <skipped/>
  </testcase> <!-- KonferensbidragSistaSidnummer -->
  <testcase classname="testCasesSATMinProfilPublikationer.PublikationerAddNewFackGranskadKonferensbidrag" name="KonferensbidragTitel" time="0.000">
    <skipped/>
  </testcase> <!-- KonferensbidragTitel -->
  <testcase classname="testCasesSATMinProfilPublikationer.PublikationerAddNewFackGranskadKonferensbidrag" name="KonferensbidragFörstaSidnummer" time="0.000">
    <skipped/>
  </testcase> <!-- KonferensbidragFörstaSidnummer -->
</testsuite> <!-- testCasesSATMinProfilPublikationer.PublikationerAddNewFackGranskadKonferensbidrag -->
