<?xml version="1.0" encoding="UTF-8"?>
<!-- Generated by org.testng.reporters.JUnitReportReporter -->
<testsuite hostname="77DWHM2" failures="0" tests="12" name="testCasesSAT.UtbildningAddUtbildningPåGrundOchAvanceradNivå" time="12.433" errors="0" timestamp="19 juli 2018 15:38:48 GMT" skipped="0">
  <testcase classname="testCasesSAT.UtbildningAddUtbildningPåGrundOchAvanceradNivå" name="Examen" time="0.123"/>
  <testcase classname="testCasesSAT.UtbildningAddUtbildningPåGrundOchAvanceradNivå" name="ClickUtbildningPåGrundOchAvanceradNivå" time="0.070"/>
  <testcase classname="testCasesSAT.UtbildningAddUtbildningPåGrundOchAvanceradNivå" name="ÅrFörExamen" time="0.814"/>
  <testcase classname="testCasesSAT.UtbildningAddUtbildningPåGrundOchAvanceradNivå" name="Specialistkompetens" time="0.133"/>
  <testcase classname="testCasesSAT.UtbildningAddUtbildningPåGrundOchAvanceradNivå" name="UtbildningPåGrundOchAvanceradNivåAdd" time="0.078"/>
  <testcase classname="testCasesSAT.UtbildningAddUtbildningPåGrundOchAvanceradNivå" name="SelectOrganization" time="2.219"/>
  <testcase classname="testCasesSAT.UtbildningAddUtbildningPåGrundOchAvanceradNivå" name="ExamensinriktningSelectSubjects" time="0.596"/>
  <testcase classname="testCasesSAT.UtbildningAddUtbildningPåGrundOchAvanceradNivå" name="SpecialistkompetensÅr" time="0.703"/>
  <testcase classname="testCasesSAT.UtbildningAddUtbildningPåGrundOchAvanceradNivå" name="LoginAsUser" time="6.833"/>
  <testcase classname="testCasesSAT.UtbildningAddUtbildningPåGrundOchAvanceradNivå" name="Spara" time="0.140"/>
  <testcase classname="testCasesSAT.UtbildningAddUtbildningPåGrundOchAvanceradNivå" name="ClickUtbildning" time="0.628"/>
  <testcase classname="testCasesSAT.UtbildningAddUtbildningPåGrundOchAvanceradNivå" name="OmrådeBeskrivning" time="0.096"/>
</testsuite> <!-- testCasesSAT.UtbildningAddUtbildningPåGrundOchAvanceradNivå -->
