<?xml version="1.0" encoding="UTF-8"?>
<!-- Generated by org.testng.reporters.JUnitReportReporter -->
<testsuite hostname="77DWHM2" failures="0" tests="14" name="testCasesSATMinProfilUtbildning.UtbildningForskarUtbildningAddLicentiatexamen" time="11.711" errors="0" timestamp="26 juli 2018 13:14:33 GMT" skipped="0">
  <testcase classname="testCasesSATMinProfilUtbildning.UtbildningForskarUtbildningAddLicentiatexamen" name="ISSNISBNNummer" time="0.170"/>
  <testcase classname="testCasesSATMinProfilUtbildning.UtbildningForskarUtbildningAddLicentiatexamen" name="LoginAsUser" time="4.985"/>
  <testcase classname="testCasesSATMinProfilUtbildning.UtbildningForskarUtbildningAddLicentiatexamen" name="ClickForskarUtbildning" time="0.104"/>
  <testcase classname="testCasesSATMinProfilUtbildning.UtbildningForskarUtbildningAddLicentiatexamen" name="FörnamnHandledare" time="0.133"/>
  <testcase classname="testCasesSATMinProfilUtbildning.UtbildningForskarUtbildningAddLicentiatexamen" name="EfternamnHandledare" time="0.157"/>
  <testcase classname="testCasesSATMinProfilUtbildning.UtbildningForskarUtbildningAddLicentiatexamen" name="ClickUtbildning" time="0.862"/>
  <testcase classname="testCasesSATMinProfilUtbildning.UtbildningForskarUtbildningAddLicentiatexamen" name="WriteAvhandlingensTitelEngelska" time="0.225"/>
  <testcase classname="testCasesSATMinProfilUtbildning.UtbildningForskarUtbildningAddLicentiatexamen" name="Examensdatum" time="1.448"/>
  <testcase classname="testCasesSATMinProfilUtbildning.UtbildningForskarUtbildningAddLicentiatexamen" name="SparaForskarutbildningKnapp" time="0.180"/>
  <testcase classname="testCasesSATMinProfilUtbildning.UtbildningForskarUtbildningAddLicentiatexamen" name="TypAvForskarUtbildningSelectSubjects" time="0.833"/>
  <testcase classname="testCasesSATMinProfilUtbildning.UtbildningForskarUtbildningAddLicentiatexamen" name="WriteAvhandlingensTitelOrginalSpråk" time="0.180"/>
  <testcase classname="testCasesSATMinProfilUtbildning.UtbildningForskarUtbildningAddLicentiatexamen" name="TypAvForskarUtbildningAddLicentiatexamen" time="0.404"/>
  <testcase classname="testCasesSATMinProfilUtbildning.UtbildningForskarUtbildningAddLicentiatexamen" name="SelectOrganization" time="1.935"/>
  <testcase classname="testCasesSATMinProfilUtbildning.UtbildningForskarUtbildningAddLicentiatexamen" name="AddForskarUtbildning" time="0.095"/>
</testsuite> <!-- testCasesSATMinProfilUtbildning.UtbildningForskarUtbildningAddLicentiatexamen -->
