<?xml version="1.0" encoding="UTF-8"?>
<!-- Generated by org.testng.reporters.JUnitReportReporter -->
<testsuite hostname="77DWHM2" failures="0" tests="10" name="testCasesSAT.ArbetslivAddNewForskarutbyten" time="0.000" errors="0" timestamp="25 juli 2018 09:01:16 GMT" skipped="10">
  <testcase classname="testCasesSAT.ArbetslivAddNewForskarutbyten" name="SelectOrganization" time="0.000">
    <skipped/>
  </testcase> <!-- SelectOrganization -->
  <testcase classname="testCasesSAT.ArbetslivAddNewForskarutbyten" name="PeriodEndMonth" time="0.000">
    <skipped/>
  </testcase> <!-- PeriodEndMonth -->
  <testcase classname="testCasesSAT.ArbetslivAddNewForskarutbyten" name="PeriodStartMonth" time="0.000">
    <skipped/>
  </testcase> <!-- PeriodStartMonth -->
  <testcase classname="testCasesSAT.ArbetslivAddNewForskarutbyten" name="SparaForskarUbyte" time="0.000">
    <skipped/>
  </testcase> <!-- SparaForskarUbyte -->
  <testcase classname="testCasesSAT.ArbetslivAddNewForskarutbyten" name="AddForskarUbyten" time="0.000">
    <skipped/>
  </testcase> <!-- AddForskarUbyten -->
  <testcase classname="testCasesSAT.ArbetslivAddNewForskarutbyten" name="LoginAsUser" time="0.000">
    <skipped/>
  </testcase> <!-- LoginAsUser -->
  <testcase classname="testCasesSAT.ArbetslivAddNewForskarutbyten" name="PeriodStartOchSlutYear" time="0.000">
    <skipped/>
  </testcase> <!-- PeriodStartOchSlutYear -->
  <testcase classname="testCasesSAT.ArbetslivAddNewForskarutbyten" name="Ämne" time="0.000">
    <skipped/>
  </testcase> <!-- Ämne -->
  <testcase classname="testCasesSAT.ArbetslivAddNewForskarutbyten" name="ClickArbetsliv" time="0.000">
    <skipped/>
  </testcase> <!-- ClickArbetsliv -->
  <testcase classname="testCasesSAT.ArbetslivAddNewForskarutbyten" name="Typ" time="0.000">
    <skipped/>
  </testcase> <!-- Typ -->
</testsuite> <!-- testCasesSAT.ArbetslivAddNewForskarutbyten -->
