<?xml version="1.0" encoding="UTF-8"?>
<!-- Generated by org.testng.reporters.JUnitReportReporter -->
<testsuite hostname="77DWHM2" failures="0" tests="24" name="testCasesSATMinProfilPublikationer.PublikationerAddNewFackGranskadRecensionArtikel" time="18.451" errors="0" timestamp="31 juli 2018 14:21:01 GMT" skipped="0">
  <testcase classname="testCasesSATMinProfilPublikationer.PublikationerAddNewFackGranskadRecensionArtikel" name="RecensionArtikelFörfattareKnapp" time="0.345"/>
  <testcase classname="testCasesSATMinProfilPublikationer.PublikationerAddNewFackGranskadRecensionArtikel" name="RecensionArtikelKällaFörPublikation" time="0.077"/>
  <testcase classname="testCasesSATMinProfilPublikationer.PublikationerAddNewFackGranskadRecensionArtikel" name="RecensionArtikelTitel" time="0.193"/>
  <testcase classname="testCasesSATMinProfilPublikationer.PublikationerAddNewFackGranskadRecensionArtikel" name="LoginAsUser" time="9.555"/>
  <testcase classname="testCasesSATMinProfilPublikationer.PublikationerAddNewFackGranskadRecensionArtikel" name="RecensionArtikelSpara" time="1.742"/>
  <testcase classname="testCasesSATMinProfilPublikationer.PublikationerAddNewFackGranskadRecensionArtikel" name="RecensionArtikelVarTextenPubliceradIOpenAcessJa" time="0.125"/>
  <testcase classname="testCasesSATMinProfilPublikationer.PublikationerAddNewFackGranskadRecensionArtikel" name="LäggTillPublikationer" time="0.137"/>
  <testcase classname="testCasesSATMinProfilPublikationer.PublikationerAddNewFackGranskadRecensionArtikel" name="RecensionArtikelDOI" time="0.091"/>
  <testcase classname="testCasesSATMinProfilPublikationer.PublikationerAddNewFackGranskadRecensionArtikel" name="RecensionArtikelStatus" time="0.067"/>
  <testcase classname="testCasesSATMinProfilPublikationer.PublikationerAddNewFackGranskadRecensionArtikel" name="RecensionArtikelUtfärdandenummer" time="0.089"/>
  <testcase classname="testCasesSATMinProfilPublikationer.PublikationerAddNewFackGranskadRecensionArtikel" name="RecensionArtikelFörstaSidnummer" time="0.075"/>
  <testcase classname="testCasesSATMinProfilPublikationer.PublikationerAddNewFackGranskadRecensionArtikel" name="RecensionArtikelVolym" time="0.080"/>
  <testcase classname="testCasesSATMinProfilPublikationer.PublikationerAddNewFackGranskadRecensionArtikel" name="DropDownRecensionArtikel" time="0.467"/>
  <testcase classname="testCasesSATMinProfilPublikationer.PublikationerAddNewFackGranskadRecensionArtikel" name="VäljPublikationsTyp" time="0.879"/>
  <testcase classname="testCasesSATMinProfilPublikationer.PublikationerAddNewFackGranskadRecensionArtikel" name="RecensionArtikelLänkExternLänkFörPublicering" time="0.746"/>
  <testcase classname="testCasesSATMinProfilPublikationer.PublikationerAddNewFackGranskadRecensionArtikel" name="RecensionArtikelKällaID" time="0.085"/>
  <testcase classname="testCasesSATMinProfilPublikationer.PublikationerAddNewFackGranskadRecensionArtikel" name="RecensionArtikelOpenAccessFormAvOA" time="0.127"/>
  <testcase classname="testCasesSATMinProfilPublikationer.PublikationerAddNewFackGranskadRecensionArtikel" name="RecensionArtikelFörfattareFörnamn" time="1.055"/>
  <testcase classname="testCasesSATMinProfilPublikationer.PublikationerAddNewFackGranskadRecensionArtikel" name="RecensionArtikelOpenAcessSammanfattning" time="0.307"/>
  <testcase classname="testCasesSATMinProfilPublikationer.PublikationerAddNewFackGranskadRecensionArtikel" name="ClickPublikationer" time="1.669"/>
  <testcase classname="testCasesSATMinProfilPublikationer.PublikationerAddNewFackGranskadRecensionArtikel" name="RecensionArtikelOpenAccessDokumentVersion" time="0.148"/>
  <testcase classname="testCasesSATMinProfilPublikationer.PublikationerAddNewFackGranskadRecensionArtikel" name="RecensionArtikelSistaSidnummer" time="0.082"/>
  <testcase classname="testCasesSATMinProfilPublikationer.PublikationerAddNewFackGranskadRecensionArtikel" name="RecensionArtikelFörfattareEfternamn" time="0.147"/>
  <testcase classname="testCasesSATMinProfilPublikationer.PublikationerAddNewFackGranskadRecensionArtikel" name="RecensionArtikelNamnPåTidskrift" time="0.163"/>
</testsuite> <!-- testCasesSATMinProfilPublikationer.PublikationerAddNewFackGranskadRecensionArtikel -->
