<?xml version="1.0" encoding="UTF-8"?>
<!-- Generated by org.testng.reporters.JUnitReportReporter -->
<testsuite hostname="77DWHM2" failures="0" tests="24" name="testCasesSATMinProfilPublikationer.PublikationerAddNewINTEFackGranskadOriginellaBidragTillVetenskapligaTidskriften" time="18.280" errors="0" timestamp="26 juli 2018 14:19:25 GMT" skipped="0">
  <testcase classname="testCasesSATMinProfilPublikationer.PublikationerAddNewINTEFackGranskadOriginellaBidragTillVetenskapligaTidskriften" name="OriginellaBidragTillVetenskapligaTidskriftenFörfattareFörnamn" time="0.221"/>
  <testcase classname="testCasesSATMinProfilPublikationer.PublikationerAddNewINTEFackGranskadOriginellaBidragTillVetenskapligaTidskriften" name="OriginellaBidragTillVetenskapligaTidskriftenTitel" time="0.438"/>
  <testcase classname="testCasesSATMinProfilPublikationer.PublikationerAddNewINTEFackGranskadOriginellaBidragTillVetenskapligaTidskriften" name="OriginellaBidragTillVetenskapligaTidskriftenVarTextenPubliceradIOpenAcessJa" time="0.129"/>
  <testcase classname="testCasesSATMinProfilPublikationer.PublikationerAddNewINTEFackGranskadOriginellaBidragTillVetenskapligaTidskriften" name="LäggTillPublikationer" time="0.115"/>
  <testcase classname="testCasesSATMinProfilPublikationer.PublikationerAddNewINTEFackGranskadOriginellaBidragTillVetenskapligaTidskriften" name="OriginellaBidragTillVetenskapligaTidskriftenFörstaSidnummer" time="0.126"/>
  <testcase classname="testCasesSATMinProfilPublikationer.PublikationerAddNewINTEFackGranskadOriginellaBidragTillVetenskapligaTidskriften" name="OriginellaBidragTillVetenskapligaTidskriftenFörfattareEfternamn" time="0.354"/>
  <testcase classname="testCasesSATMinProfilPublikationer.PublikationerAddNewINTEFackGranskadOriginellaBidragTillVetenskapligaTidskriften" name="OriginellaBidragTillVetenskapligaTidskriftenSistaSidnummer" time="0.203"/>
  <testcase classname="testCasesSATMinProfilPublikationer.PublikationerAddNewINTEFackGranskadOriginellaBidragTillVetenskapligaTidskriften" name="OriginellaBidragTillVetenskapligaTidskriftenOpenAccessFormAvOA" time="0.150"/>
  <testcase classname="testCasesSATMinProfilPublikationer.PublikationerAddNewINTEFackGranskadOriginellaBidragTillVetenskapligaTidskriften" name="OriginellaBidragTillVetenskapligaTidskriftenStatus" time="0.086"/>
  <testcase classname="testCasesSATMinProfilPublikationer.PublikationerAddNewINTEFackGranskadOriginellaBidragTillVetenskapligaTidskriften" name="OriginellaBidragTillVetenskapligaTidskriftenOpenAccessLänkExternLänkFörPublicering" time="0.696"/>
  <testcase classname="testCasesSATMinProfilPublikationer.PublikationerAddNewINTEFackGranskadOriginellaBidragTillVetenskapligaTidskriften" name="OriginellaBidragTillVetenskapligaTidskriftenVolym" time="0.080"/>
  <testcase classname="testCasesSATMinProfilPublikationer.PublikationerAddNewINTEFackGranskadOriginellaBidragTillVetenskapligaTidskriften" name="OriginellaBidragTillVetenskapligaTidskriftenUtfärdandenummer" time="0.151"/>
  <testcase classname="testCasesSATMinProfilPublikationer.PublikationerAddNewINTEFackGranskadOriginellaBidragTillVetenskapligaTidskriften" name="OriginellaBidragTillVetenskapligaTidskriftenNamnPåTidskrift" time="0.422"/>
  <testcase classname="testCasesSATMinProfilPublikationer.PublikationerAddNewINTEFackGranskadOriginellaBidragTillVetenskapligaTidskriften" name="OriginellaBidragTillVetenskapligaTidskriftenFörfattareKnapp" time="0.173"/>
  <testcase classname="testCasesSATMinProfilPublikationer.PublikationerAddNewINTEFackGranskadOriginellaBidragTillVetenskapligaTidskriften" name="OriginellaBidragTillVetenskapligaTidskriftenDOI" time="0.182"/>
  <testcase classname="testCasesSATMinProfilPublikationer.PublikationerAddNewINTEFackGranskadOriginellaBidragTillVetenskapligaTidskriften" name="OriginellaBidragTillVetenskapligaTidskriftenKällaFörPublikation" time="0.204"/>
  <testcase classname="testCasesSATMinProfilPublikationer.PublikationerAddNewINTEFackGranskadOriginellaBidragTillVetenskapligaTidskriften" name="OriginellaBidragTillVetenskapligaTidskriftenSpara" time="1.475"/>
  <testcase classname="testCasesSATMinProfilPublikationer.PublikationerAddNewINTEFackGranskadOriginellaBidragTillVetenskapligaTidskriften" name="ClickPublikationer" time="1.461"/>
  <testcase classname="testCasesSATMinProfilPublikationer.PublikationerAddNewINTEFackGranskadOriginellaBidragTillVetenskapligaTidskriften" name="VäljPublikationsTyp" time="0.852"/>
  <testcase classname="testCasesSATMinProfilPublikationer.PublikationerAddNewINTEFackGranskadOriginellaBidragTillVetenskapligaTidskriften" name="OriginellaBidragTillVetenskapligaTidskriftenKällaID" time="0.134"/>
  <testcase classname="testCasesSATMinProfilPublikationer.PublikationerAddNewINTEFackGranskadOriginellaBidragTillVetenskapligaTidskriften" name="OriginellaBidragTillVetenskapligaTidskriftenOpenAcessSammanfattning" time="0.355"/>
  <testcase classname="testCasesSATMinProfilPublikationer.PublikationerAddNewINTEFackGranskadOriginellaBidragTillVetenskapligaTidskriften" name="OriginellaBidragTillVetenskapligaTidskriftenOpenAccessDokumentVersion" time="0.140"/>
  <testcase classname="testCasesSATMinProfilPublikationer.PublikationerAddNewINTEFackGranskadOriginellaBidragTillVetenskapligaTidskriften" name="DropDownOriginellaBidragTillVetenskapligaTidskriften" time="0.353"/>
  <testcase classname="testCasesSATMinProfilPublikationer.PublikationerAddNewINTEFackGranskadOriginellaBidragTillVetenskapligaTidskriften" name="LoginAsUser" time="9.780"/>
</testsuite> <!-- testCasesSATMinProfilPublikationer.PublikationerAddNewINTEFackGranskadOriginellaBidragTillVetenskapligaTidskriften -->
