<?xml version="1.0" encoding="UTF-8"?>
<!-- Generated by org.testng.reporters.JUnitReportReporter -->
<testsuite hostname="77DWHM2" failures="0" tests="21" name="testCasesSATMinProfilPublikationer.PublikationerAddNewFackGranskadProceedings" time="12.405" errors="0" timestamp="26 juli 2018 09:57:35 GMT" skipped="0">
  <testcase classname="testCasesSATMinProfilPublikationer.PublikationerAddNewFackGranskadProceedings" name="ProceedingsFörfattareFörnamn" time="0.247"/>
  <testcase classname="testCasesSATMinProfilPublikationer.PublikationerAddNewFackGranskadProceedings" name="ProceedingsOpenAccessDokumentVersion" time="0.125"/>
  <testcase classname="testCasesSATMinProfilPublikationer.PublikationerAddNewFackGranskadProceedings" name="LoginAsUser" time="5.080"/>
  <testcase classname="testCasesSATMinProfilPublikationer.PublikationerAddNewFackGranskadProceedings" name="ProceedingsFörfattareEfternamn" time="0.266"/>
  <testcase classname="testCasesSATMinProfilPublikationer.PublikationerAddNewFackGranskadProceedings" name="ProceedingsFörlagsplats" time="0.318"/>
  <testcase classname="testCasesSATMinProfilPublikationer.PublikationerAddNewFackGranskadProceedings" name="LäggTillPublikationer" time="0.086"/>
  <testcase classname="testCasesSATMinProfilPublikationer.PublikationerAddNewFackGranskadProceedings" name="ProceedingsKällaID" time="0.171"/>
  <testcase classname="testCasesSATMinProfilPublikationer.PublikationerAddNewFackGranskadProceedings" name="ProceedingsDOI" time="0.200"/>
  <testcase classname="testCasesSATMinProfilPublikationer.PublikationerAddNewFackGranskadProceedings" name="ProceedingsOpenAccessLänkExternLänkFörPublicering" time="0.806"/>
  <testcase classname="testCasesSATMinProfilPublikationer.PublikationerAddNewFackGranskadProceedings" name="ProceedingsVarTextenPubliceradIOpenAcessJa" time="0.104"/>
  <testcase classname="testCasesSATMinProfilPublikationer.PublikationerAddNewFackGranskadProceedings" name="ProceedingsKällaFörPublikation" time="0.111"/>
  <testcase classname="testCasesSATMinProfilPublikationer.PublikationerAddNewFackGranskadProceedings" name="ProceedingsSpara" time="1.190"/>
  <testcase classname="testCasesSATMinProfilPublikationer.PublikationerAddNewFackGranskadProceedings" name="VäljPublikationsTyp" time="0.751"/>
  <testcase classname="testCasesSATMinProfilPublikationer.PublikationerAddNewFackGranskadProceedings" name="ProceedingsOpenAcessSammanfattning" time="0.439"/>
  <testcase classname="testCasesSATMinProfilPublikationer.PublikationerAddNewFackGranskadProceedings" name="ClickPublikationer" time="1.264"/>
  <testcase classname="testCasesSATMinProfilPublikationer.PublikationerAddNewFackGranskadProceedings" name="ProceedingsOpenAccessFormAvOA" time="0.096"/>
  <testcase classname="testCasesSATMinProfilPublikationer.PublikationerAddNewFackGranskadProceedings" name="ProceedingsTitel" time="0.335"/>
  <testcase classname="testCasesSATMinProfilPublikationer.PublikationerAddNewFackGranskadProceedings" name="ProceedingsFörfattareKnapp" time="0.136"/>
  <testcase classname="testCasesSATMinProfilPublikationer.PublikationerAddNewFackGranskadProceedings" name="DropDownProceedings" time="0.217"/>
  <testcase classname="testCasesSATMinProfilPublikationer.PublikationerAddNewFackGranskadProceedings" name="ProceedingsStatus" time="0.067"/>
  <testcase classname="testCasesSATMinProfilPublikationer.PublikationerAddNewFackGranskadProceedings" name="ProceedingsFörlag" time="0.396"/>
</testsuite> <!-- testCasesSATMinProfilPublikationer.PublikationerAddNewFackGranskadProceedings -->
