<?xml version="1.0" encoding="UTF-8"?>
<!-- Generated by org.testng.reporters.JUnitReportReporter -->
<testsuite hostname="77DWHM2" failures="0" tests="12" name="testCasesSAT.AddUtbildningPåGrundOchAvanceradNivå" time="12.455" errors="0" timestamp="19 juli 2018 13:18:48 GMT" skipped="0">
  <testcase classname="testCasesSAT.AddUtbildningPåGrundOchAvanceradNivå" name="SelectOrganization" time="2.211"/>
  <testcase classname="testCasesSAT.AddUtbildningPåGrundOchAvanceradNivå" name="Examen" time="0.166"/>
  <testcase classname="testCasesSAT.AddUtbildningPåGrundOchAvanceradNivå" name="Spara" time="0.153"/>
  <testcase classname="testCasesSAT.AddUtbildningPåGrundOchAvanceradNivå" name="ClickUtbildning" time="0.626"/>
  <testcase classname="testCasesSAT.AddUtbildningPåGrundOchAvanceradNivå" name="LoginAsUser" time="7.539"/>
  <testcase classname="testCasesSAT.AddUtbildningPåGrundOchAvanceradNivå" name="OmrådeBeskrivning" time="0.102"/>
  <testcase classname="testCasesSAT.AddUtbildningPåGrundOchAvanceradNivå" name="ExamensinriktningSelectSubjects" time="0.738"/>
  <testcase classname="testCasesSAT.AddUtbildningPåGrundOchAvanceradNivå" name="ClickUtbildningPåGrundOchAvanceradNivå" time="0.098"/>
  <testcase classname="testCasesSAT.AddUtbildningPåGrundOchAvanceradNivå" name="UtbildningPåGrundOchAvanceradNivåAdd" time="0.118"/>
  <testcase classname="testCasesSAT.AddUtbildningPåGrundOchAvanceradNivå" name="Specialistkompetens" time="0.169"/>
  <testcase classname="testCasesSAT.AddUtbildningPåGrundOchAvanceradNivå" name="SpecialistkompetensÅr" time="0.286"/>
  <testcase classname="testCasesSAT.AddUtbildningPåGrundOchAvanceradNivå" name="ÅrFörExamen" time="0.249"/>
</testsuite> <!-- testCasesSAT.AddUtbildningPåGrundOchAvanceradNivå -->
