<?xml version="1.0" encoding="UTF-8"?>
<!-- Generated by org.testng.reporters.JUnitReportReporter -->
<testsuite hostname="77DWHM2" failures="0" tests="14" name="testCasesSAT.AddEducationsINTEKLAR" time="19.038" errors="0" timestamp="06 juli 2018 08:15:40 GMT" skipped="0">
  <testcase classname="testCasesSAT.AddEducationsINTEKLAR" name="ISSNISBNNummer" time="0.125"/>
  <testcase classname="testCasesSAT.AddEducationsINTEKLAR" name="TypAvForskarUtbildningAddLicentiatexamen" time="0.355"/>
  <testcase classname="testCasesSAT.AddEducationsINTEKLAR" name="EfternamnHandledare" time="0.137"/>
  <testcase classname="testCasesSAT.AddEducationsINTEKLAR" name="SelectOrganization" time="3.482"/>
  <testcase classname="testCasesSAT.AddEducationsINTEKLAR" name="WriteAvhandlingensTitelEngelska" time="0.216"/>
  <testcase classname="testCasesSAT.AddEducationsINTEKLAR" name="ClickUtbildning" time="0.771"/>
  <testcase classname="testCasesSAT.AddEducationsINTEKLAR" name="AddForskarUtbildning" time="0.078"/>
  <testcase classname="testCasesSAT.AddEducationsINTEKLAR" name="TypAvForskarUtbildningSelectSubjects" time="0.438"/>
  <testcase classname="testCasesSAT.AddEducationsINTEKLAR" name="FörnamnHandledare" time="0.094"/>
  <testcase classname="testCasesSAT.AddEducationsINTEKLAR" name="ClickForskarUtbildning" time="0.117"/>
  <testcase classname="testCasesSAT.AddEducationsINTEKLAR" name="Examensdatum" time="0.472"/>
  <testcase classname="testCasesSAT.AddEducationsINTEKLAR" name="WriteAvhandlingensTitelOrginalSpråk" time="0.205"/>
  <testcase classname="testCasesSAT.AddEducationsINTEKLAR" name="LoginAsUser" time="12.358"/>
  <testcase classname="testCasesSAT.AddEducationsINTEKLAR" name="SparaForskarutbildningKnapp" time="0.190"/>
</testsuite> <!-- testCasesSAT.AddEducationsINTEKLAR -->
