<?xml version="1.0" encoding="UTF-8"?>
<!-- Generated by org.testng.reporters.JUnitReportReporter -->
<testsuite hostname="77DWHM2" failures="0" tests="24" name="testCasesSAT.ArbetslivAddNewINTEFackGranskadOriginellaBidragTillVetenskapligaTidskriften" time="0.001" errors="0" timestamp="25 juli 2018 09:01:16 GMT" skipped="24">
  <testcase classname="testCasesSAT.ArbetslivAddNewINTEFackGranskadOriginellaBidragTillVetenskapligaTidskriften" name="OriginellaBidragTillVetenskapligaTidskriftenFörfattareEfternamn" time="0.000">
    <skipped/>
  </testcase> <!-- OriginellaBidragTillVetenskapligaTidskriftenFörfattareEfternamn -->
  <testcase classname="testCasesSAT.ArbetslivAddNewINTEFackGranskadOriginellaBidragTillVetenskapligaTidskriften" name="VäljPublikationsTyp" time="0.000">
    <skipped/>
  </testcase> <!-- VäljPublikationsTyp -->
  <testcase classname="testCasesSAT.ArbetslivAddNewINTEFackGranskadOriginellaBidragTillVetenskapligaTidskriften" name="OriginellaBidragTillVetenskapligaTidskriftenNamnPåTidskrift" time="0.000">
    <skipped/>
  </testcase> <!-- OriginellaBidragTillVetenskapligaTidskriftenNamnPåTidskrift -->
  <testcase classname="testCasesSAT.ArbetslivAddNewINTEFackGranskadOriginellaBidragTillVetenskapligaTidskriften" name="OriginellaBidragTillVetenskapligaTidskriftenDOI" time="0.000">
    <skipped/>
  </testcase> <!-- OriginellaBidragTillVetenskapligaTidskriftenDOI -->
  <testcase classname="testCasesSAT.ArbetslivAddNewINTEFackGranskadOriginellaBidragTillVetenskapligaTidskriften" name="OriginellaBidragTillVetenskapligaTidskriftenSistaSidnummer" time="0.000">
    <skipped/>
  </testcase> <!-- OriginellaBidragTillVetenskapligaTidskriftenSistaSidnummer -->
  <testcase classname="testCasesSAT.ArbetslivAddNewINTEFackGranskadOriginellaBidragTillVetenskapligaTidskriften" name="DropDownOriginellaBidragTillVetenskapligaTidskriften" time="0.000">
    <skipped/>
  </testcase> <!-- DropDownOriginellaBidragTillVetenskapligaTidskriften -->
  <testcase classname="testCasesSAT.ArbetslivAddNewINTEFackGranskadOriginellaBidragTillVetenskapligaTidskriften" name="OriginellaBidragTillVetenskapligaTidskriftenFörfattareKnapp" time="0.000">
    <skipped/>
  </testcase> <!-- OriginellaBidragTillVetenskapligaTidskriftenFörfattareKnapp -->
  <testcase classname="testCasesSAT.ArbetslivAddNewINTEFackGranskadOriginellaBidragTillVetenskapligaTidskriften" name="OriginellaBidragTillVetenskapligaTidskriftenFörstaSidnummer" time="0.001">
    <skipped/>
  </testcase> <!-- OriginellaBidragTillVetenskapligaTidskriftenFörstaSidnummer -->
  <testcase classname="testCasesSAT.ArbetslivAddNewINTEFackGranskadOriginellaBidragTillVetenskapligaTidskriften" name="OriginellaBidragTillVetenskapligaTidskriftenStatus" time="0.000">
    <skipped/>
  </testcase> <!-- OriginellaBidragTillVetenskapligaTidskriftenStatus -->
  <testcase classname="testCasesSAT.ArbetslivAddNewINTEFackGranskadOriginellaBidragTillVetenskapligaTidskriften" name="ClickPublikationer" time="0.000">
    <skipped/>
  </testcase> <!-- ClickPublikationer -->
  <testcase classname="testCasesSAT.ArbetslivAddNewINTEFackGranskadOriginellaBidragTillVetenskapligaTidskriften" name="OriginellaBidragTillVetenskapligaTidskriftenOpenAccessFormAvOA" time="0.000">
    <skipped/>
  </testcase> <!-- OriginellaBidragTillVetenskapligaTidskriftenOpenAccessFormAvOA -->
  <testcase classname="testCasesSAT.ArbetslivAddNewINTEFackGranskadOriginellaBidragTillVetenskapligaTidskriften" name="LoginAsUser" time="0.000">
    <skipped/>
  </testcase> <!-- LoginAsUser -->
  <testcase classname="testCasesSAT.ArbetslivAddNewINTEFackGranskadOriginellaBidragTillVetenskapligaTidskriften" name="OriginellaBidragTillVetenskapligaTidskriftenUtfärdandenummer" time="0.000">
    <skipped/>
  </testcase> <!-- OriginellaBidragTillVetenskapligaTidskriftenUtfärdandenummer -->
  <testcase classname="testCasesSAT.ArbetslivAddNewINTEFackGranskadOriginellaBidragTillVetenskapligaTidskriften" name="OriginellaBidragTillVetenskapligaTidskriftenVolym" time="0.000">
    <skipped/>
  </testcase> <!-- OriginellaBidragTillVetenskapligaTidskriftenVolym -->
  <testcase classname="testCasesSAT.ArbetslivAddNewINTEFackGranskadOriginellaBidragTillVetenskapligaTidskriften" name="OriginellaBidragTillVetenskapligaTidskriftenFörfattareFörnamn" time="0.000">
    <skipped/>
  </testcase> <!-- OriginellaBidragTillVetenskapligaTidskriftenFörfattareFörnamn -->
  <testcase classname="testCasesSAT.ArbetslivAddNewINTEFackGranskadOriginellaBidragTillVetenskapligaTidskriften" name="OriginellaBidragTillVetenskapligaTidskriftenOpenAccessDokumentVersion" time="0.000">
    <skipped/>
  </testcase> <!-- OriginellaBidragTillVetenskapligaTidskriftenOpenAccessDokumentVersion -->
  <testcase classname="testCasesSAT.ArbetslivAddNewINTEFackGranskadOriginellaBidragTillVetenskapligaTidskriften" name="OriginellaBidragTillVetenskapligaTidskriftenKällaID" time="0.000">
    <skipped/>
  </testcase> <!-- OriginellaBidragTillVetenskapligaTidskriftenKällaID -->
  <testcase classname="testCasesSAT.ArbetslivAddNewINTEFackGranskadOriginellaBidragTillVetenskapligaTidskriften" name="OriginellaBidragTillVetenskapligaTidskriftenVarTextenPubliceradIOpenAcessJa" time="0.000">
    <skipped/>
  </testcase> <!-- OriginellaBidragTillVetenskapligaTidskriftenVarTextenPubliceradIOpenAcessJa -->
  <testcase classname="testCasesSAT.ArbetslivAddNewINTEFackGranskadOriginellaBidragTillVetenskapligaTidskriften" name="LäggTillPublikationer" time="0.000">
    <skipped/>
  </testcase> <!-- LäggTillPublikationer -->
  <testcase classname="testCasesSAT.ArbetslivAddNewINTEFackGranskadOriginellaBidragTillVetenskapligaTidskriften" name="OriginellaBidragTillVetenskapligaTidskriftenTitel" time="0.000">
    <skipped/>
  </testcase> <!-- OriginellaBidragTillVetenskapligaTidskriftenTitel -->
  <testcase classname="testCasesSAT.ArbetslivAddNewINTEFackGranskadOriginellaBidragTillVetenskapligaTidskriften" name="OriginellaBidragTillVetenskapligaTidskriftenOpenAccessLänkExternLänkFörPublicering" time="0.000">
    <skipped/>
  </testcase> <!-- OriginellaBidragTillVetenskapligaTidskriftenOpenAccessLänkExternLänkFörPublicering -->
  <testcase classname="testCasesSAT.ArbetslivAddNewINTEFackGranskadOriginellaBidragTillVetenskapligaTidskriften" name="OriginellaBidragTillVetenskapligaTidskriftenOpenAcessSammanfattning" time="0.000">
    <skipped/>
  </testcase> <!-- OriginellaBidragTillVetenskapligaTidskriftenOpenAcessSammanfattning -->
  <testcase classname="testCasesSAT.ArbetslivAddNewINTEFackGranskadOriginellaBidragTillVetenskapligaTidskriften" name="OriginellaBidragTillVetenskapligaTidskriftenKällaFörPublikation" time="0.000">
    <skipped/>
  </testcase> <!-- OriginellaBidragTillVetenskapligaTidskriftenKällaFörPublikation -->
  <testcase classname="testCasesSAT.ArbetslivAddNewINTEFackGranskadOriginellaBidragTillVetenskapligaTidskriften" name="OriginellaBidragTillVetenskapligaTidskriftenSpara" time="0.000">
    <skipped/>
  </testcase> <!-- OriginellaBidragTillVetenskapligaTidskriftenSpara -->
</testsuite> <!-- testCasesSAT.ArbetslivAddNewINTEFackGranskadOriginellaBidragTillVetenskapligaTidskriften -->
