<?xml version="1.0" encoding="UTF-8"?>
<!-- Generated by org.testng.reporters.JUnitReportReporter -->
<testsuite hostname="77DWHM2" failures="0" tests="14" name="testCasesSAT.UtbildningForskarUtbildningAddDoktorsExamen" time="11.805" errors="0" timestamp="19 juli 2018 15:38:48 GMT" skipped="0">
  <testcase classname="testCasesSAT.UtbildningForskarUtbildningAddDoktorsExamen" name="AddForskarUtbildning" time="0.075"/>
  <testcase classname="testCasesSAT.UtbildningForskarUtbildningAddDoktorsExamen" name="ClickUtbildning" time="0.696"/>
  <testcase classname="testCasesSAT.UtbildningForskarUtbildningAddDoktorsExamen" name="Examensdatum" time="0.453"/>
  <testcase classname="testCasesSAT.UtbildningForskarUtbildningAddDoktorsExamen" name="ClickForskarUtbildning" time="0.079"/>
  <testcase classname="testCasesSAT.UtbildningForskarUtbildningAddDoktorsExamen" name="SparaForskarutbildningKnapp" time="0.143"/>
  <testcase classname="testCasesSAT.UtbildningForskarUtbildningAddDoktorsExamen" name="SelectOrganization" time="2.037"/>
  <testcase classname="testCasesSAT.UtbildningForskarUtbildningAddDoktorsExamen" name="WriteAvhandlingensTitelOrginalSpråk" time="0.155"/>
  <testcase classname="testCasesSAT.UtbildningForskarUtbildningAddDoktorsExamen" name="TypAvForskarUtbildningAddDoktorsexamen" time="0.253"/>
  <testcase classname="testCasesSAT.UtbildningForskarUtbildningAddDoktorsExamen" name="TypAvForskarUtbildningSelectSubjects" time="0.542"/>
  <testcase classname="testCasesSAT.UtbildningForskarUtbildningAddDoktorsExamen" name="EfternamnHandledare" time="0.104"/>
  <testcase classname="testCasesSAT.UtbildningForskarUtbildningAddDoktorsExamen" name="WriteAvhandlingensTitelEngelska" time="0.156"/>
  <testcase classname="testCasesSAT.UtbildningForskarUtbildningAddDoktorsExamen" name="FörnamnHandledare" time="0.075"/>
  <testcase classname="testCasesSAT.UtbildningForskarUtbildningAddDoktorsExamen" name="ISSNISBNNummer" time="0.110"/>
  <testcase classname="testCasesSAT.UtbildningForskarUtbildningAddDoktorsExamen" name="LoginAsUser" time="6.927"/>
</testsuite> <!-- testCasesSAT.UtbildningForskarUtbildningAddDoktorsExamen -->
