<?xml version="1.0" encoding="UTF-8"?>
<!-- Generated by org.testng.reporters.JUnitReportReporter -->
<testsuite hostname="77DWHM2" failures="0" tests="24" name="testCasesSATMinProfilPublikationer.PublikationerAddNewINTEFackGranskadRecensionArtikel" time="11.038" errors="0" timestamp="26 juli 2018 09:57:35 GMT" skipped="0">
  <testcase classname="testCasesSATMinProfilPublikationer.PublikationerAddNewINTEFackGranskadRecensionArtikel" name="RecensionArtikelStatus" time="0.071"/>
  <testcase classname="testCasesSATMinProfilPublikationer.PublikationerAddNewINTEFackGranskadRecensionArtikel" name="RecensionArtikelOpenAccessFormAvOA" time="0.108"/>
  <testcase classname="testCasesSATMinProfilPublikationer.PublikationerAddNewINTEFackGranskadRecensionArtikel" name="DropDownRecensionArtikel" time="0.221"/>
  <testcase classname="testCasesSATMinProfilPublikationer.PublikationerAddNewINTEFackGranskadRecensionArtikel" name="RecensionArtikelTitel" time="0.249"/>
  <testcase classname="testCasesSATMinProfilPublikationer.PublikationerAddNewINTEFackGranskadRecensionArtikel" name="RecensionArtikelOpenAccessDokumentVersion" time="0.121"/>
  <testcase classname="testCasesSATMinProfilPublikationer.PublikationerAddNewINTEFackGranskadRecensionArtikel" name="ClickPublikationer" time="1.274"/>
  <testcase classname="testCasesSATMinProfilPublikationer.PublikationerAddNewINTEFackGranskadRecensionArtikel" name="VäljPublikationsTyp" time="0.773"/>
  <testcase classname="testCasesSATMinProfilPublikationer.PublikationerAddNewINTEFackGranskadRecensionArtikel" name="RecensionArtikelVolym" time="0.092"/>
  <testcase classname="testCasesSATMinProfilPublikationer.PublikationerAddNewINTEFackGranskadRecensionArtikel" name="RecensionArtikelKällaID" time="0.086"/>
  <testcase classname="testCasesSATMinProfilPublikationer.PublikationerAddNewINTEFackGranskadRecensionArtikel" name="RecensionArtikelSistaSidnummer" time="0.079"/>
  <testcase classname="testCasesSATMinProfilPublikationer.PublikationerAddNewINTEFackGranskadRecensionArtikel" name="RecensionArtikelKällaFörPublikation" time="0.177"/>
  <testcase classname="testCasesSATMinProfilPublikationer.PublikationerAddNewINTEFackGranskadRecensionArtikel" name="RecensionArtikelUtfärdandenummer" time="0.073"/>
  <testcase classname="testCasesSATMinProfilPublikationer.PublikationerAddNewINTEFackGranskadRecensionArtikel" name="RecensionArtikelOpenAcessSammanfattning" time="0.291"/>
  <testcase classname="testCasesSATMinProfilPublikationer.PublikationerAddNewINTEFackGranskadRecensionArtikel" name="RecensionArtikelFörfattareFörnamn" time="0.122"/>
  <testcase classname="testCasesSATMinProfilPublikationer.PublikationerAddNewINTEFackGranskadRecensionArtikel" name="RecensionArtikelFörfattareKnapp" time="0.139"/>
  <testcase classname="testCasesSATMinProfilPublikationer.PublikationerAddNewINTEFackGranskadRecensionArtikel" name="LäggTillPublikationer" time="0.088"/>
  <testcase classname="testCasesSATMinProfilPublikationer.PublikationerAddNewINTEFackGranskadRecensionArtikel" name="RecensionArtikelNamnPåTidskrift" time="0.159"/>
  <testcase classname="testCasesSATMinProfilPublikationer.PublikationerAddNewINTEFackGranskadRecensionArtikel" name="RecensionArtikelSpara" time="1.286"/>
  <testcase classname="testCasesSATMinProfilPublikationer.PublikationerAddNewINTEFackGranskadRecensionArtikel" name="LoginAsUser" time="4.446"/>
  <testcase classname="testCasesSATMinProfilPublikationer.PublikationerAddNewINTEFackGranskadRecensionArtikel" name="RecensionArtikelLänkExternLänkFörPublicering" time="0.720"/>
  <testcase classname="testCasesSATMinProfilPublikationer.PublikationerAddNewINTEFackGranskadRecensionArtikel" name="RecensionArtikelDOI" time="0.159"/>
  <testcase classname="testCasesSATMinProfilPublikationer.PublikationerAddNewINTEFackGranskadRecensionArtikel" name="RecensionArtikelVarTextenPubliceradIOpenAcessJa" time="0.117"/>
  <testcase classname="testCasesSATMinProfilPublikationer.PublikationerAddNewINTEFackGranskadRecensionArtikel" name="RecensionArtikelFörstaSidnummer" time="0.062"/>
  <testcase classname="testCasesSATMinProfilPublikationer.PublikationerAddNewINTEFackGranskadRecensionArtikel" name="RecensionArtikelFörfattareEfternamn" time="0.125"/>
</testsuite> <!-- testCasesSATMinProfilPublikationer.PublikationerAddNewINTEFackGranskadRecensionArtikel -->
