<?xml version="1.0" encoding="UTF-8"?>
<!-- Generated by org.testng.reporters.JUnitReportReporter -->
<testsuite hostname="77DWHM2" failures="0" tests="1" name="testCasesSAT.FindID" time="36.519" errors="0" timestamp="19 juli 2018 09:34:35 GMT" skipped="0">
  <testcase classname="testCasesSAT.FindID" name="f" time="36.519"/>
</testsuite> <!-- testCasesSAT.FindID -->
