<?xml version="1.0" encoding="UTF-8"?>
<!-- Generated by org.testng.reporters.JUnitReportReporter -->
<testsuite hostname="77DWHM2" failures="0" tests="4" name="testCasesSAT.LoginAsValidUser" time="6.116" errors="0" timestamp="05 juli 2018 15:27:32 GMT" skipped="0">
  <testcase classname="testCasesSAT.LoginAsValidUser" name="CheckIfLogOutButtonIsPresentVerifyLoginSuccess" time="0.011"/>
  <testcase classname="testCasesSAT.LoginAsValidUser" name="LoginAsUser" time="3.064"/>
  <testcase classname="testCasesSAT.LoginAsValidUser" name="LoginAsUser" time="3.034"/>
  <testcase classname="testCasesSAT.LoginAsValidUser" name="CheckIfLogOutButtonIsPresentVerifyLoginSuccess" time="0.007"/>
</testsuite> <!-- testCasesSAT.LoginAsValidUser -->
