<?xml version="1.0" encoding="UTF-8"?>
<!-- Generated by org.testng.reporters.JUnitReportReporter -->
<testsuite hostname="BSTTF72" failures="0" tests="9" name="testCasesSATMinProfilMeriterOchUtmärkelser.MeriterOchUtmärkelserAddNewPriserOchUtmärkelser" time="24.506" errors="0" timestamp="27 juli 2018 07:53:03 GMT" skipped="0">
  <testcase classname="testCasesSATMinProfilMeriterOchUtmärkelser.MeriterOchUtmärkelserAddNewPriserOchUtmärkelser" name="LäggTill" time="0.336"/>
  <testcase classname="testCasesSATMinProfilMeriterOchUtmärkelser.MeriterOchUtmärkelserAddNewPriserOchUtmärkelser" name="Beskrivning" time="0.548"/>
  <testcase classname="testCasesSATMinProfilMeriterOchUtmärkelser.MeriterOchUtmärkelserAddNewPriserOchUtmärkelser" name="LoginAsUser" time="14.780"/>
  <testcase classname="testCasesSATMinProfilMeriterOchUtmärkelser.MeriterOchUtmärkelserAddNewPriserOchUtmärkelser" name="Utfärdare" time="0.566"/>
  <testcase classname="testCasesSATMinProfilMeriterOchUtmärkelser.MeriterOchUtmärkelserAddNewPriserOchUtmärkelser" name="NamnPåPriset" time="0.439"/>
  <testcase classname="testCasesSATMinProfilMeriterOchUtmärkelser.MeriterOchUtmärkelserAddNewPriserOchUtmärkelser" name="År" time="1.638"/>
  <testcase classname="testCasesSATMinProfilMeriterOchUtmärkelser.MeriterOchUtmärkelserAddNewPriserOchUtmärkelser" name="Spara" time="0.312"/>
  <testcase classname="testCasesSATMinProfilMeriterOchUtmärkelser.MeriterOchUtmärkelserAddNewPriserOchUtmärkelser" name="ClickMeriterOchUtmärkelser" time="4.140"/>
  <testcase classname="testCasesSATMinProfilMeriterOchUtmärkelser.MeriterOchUtmärkelserAddNewPriserOchUtmärkelser" name="Land" time="1.747"/>
</testsuite> <!-- testCasesSATMinProfilMeriterOchUtmärkelser.MeriterOchUtmärkelserAddNewPriserOchUtmärkelser -->
