<?xml version="1.0" encoding="UTF-8"?>
<!-- Generated by org.testng.reporters.JUnitReportReporter -->
<testsuite hostname="77DWHM2" failures="0" tests="10" name="testCasesSATMinProfilUtbildning.UtbildningForskarUtbildningAddForskningskompetensMotsvarandeDoktorsexamen" time="13.755" errors="0" timestamp="31 juli 2018 14:21:01 GMT" skipped="0">
  <testcase classname="testCasesSATMinProfilUtbildning.UtbildningForskarUtbildningAddForskningskompetensMotsvarandeDoktorsexamen" name="TypAvForskarUtbildningSelectSubjects" time="0.767"/>
  <testcase classname="testCasesSATMinProfilUtbildning.UtbildningForskarUtbildningAddForskningskompetensMotsvarandeDoktorsexamen" name="TypAvForskarUtbildningAddForskningskompetensMotsvarandeDoktorsexamen" time="0.356"/>
  <testcase classname="testCasesSATMinProfilUtbildning.UtbildningForskarUtbildningAddForskningskompetensMotsvarandeDoktorsexamen" name="BeskrivningAvKompetensSvenska" time="0.164"/>
  <testcase classname="testCasesSATMinProfilUtbildning.UtbildningForskarUtbildningAddForskningskompetensMotsvarandeDoktorsexamen" name="Examensdatum" time="0.356"/>
  <testcase classname="testCasesSATMinProfilUtbildning.UtbildningForskarUtbildningAddForskningskompetensMotsvarandeDoktorsexamen" name="ClickForskarUtbildning" time="0.106"/>
  <testcase classname="testCasesSATMinProfilUtbildning.UtbildningForskarUtbildningAddForskningskompetensMotsvarandeDoktorsexamen" name="BeskrivningAvKompetensEngelska" time="0.158"/>
  <testcase classname="testCasesSATMinProfilUtbildning.UtbildningForskarUtbildningAddForskningskompetensMotsvarandeDoktorsexamen" name="ClickUtbildning" time="0.991"/>
  <testcase classname="testCasesSATMinProfilUtbildning.UtbildningForskarUtbildningAddForskningskompetensMotsvarandeDoktorsexamen" name="LoginAsUser" time="8.792"/>
  <testcase classname="testCasesSATMinProfilUtbildning.UtbildningForskarUtbildningAddForskningskompetensMotsvarandeDoktorsexamen" name="AddForskarUtbildning" time="0.093"/>
  <testcase classname="testCasesSATMinProfilUtbildning.UtbildningForskarUtbildningAddForskningskompetensMotsvarandeDoktorsexamen" name="SelectOrganization" time="1.972"/>
</testsuite> <!-- testCasesSATMinProfilUtbildning.UtbildningForskarUtbildningAddForskningskompetensMotsvarandeDoktorsexamen -->
