<?xml version="1.0" encoding="UTF-8"?>
<!-- Generated by org.testng.reporters.JUnitReportReporter -->
<testsuite hostname="77DWHM2" failures="0" tests="9" name="testCasesMinProfilArbetsliv.ArbetslivAddNewPostdoktorvistelser" time="17.472" errors="0" timestamp="26 juli 2018 14:19:25 GMT" skipped="0">
  <testcase classname="testCasesMinProfilArbetsliv.ArbetslivAddNewPostdoktorvistelser" name="PeriodStartOchSlutYear" time="1.015"/>
  <testcase classname="testCasesMinProfilArbetsliv.ArbetslivAddNewPostdoktorvistelser" name="Ã„mneDropDown" time="0.736"/>
  <testcase classname="testCasesMinProfilArbetsliv.ArbetslivAddNewPostdoktorvistelser" name="PeriodEndMonth" time="0.290"/>
  <testcase classname="testCasesMinProfilArbetsliv.ArbetslivAddNewPostdoktorvistelser" name="AddPostdoktorvistelser" time="0.156"/>
  <testcase classname="testCasesMinProfilArbetsliv.ArbetslivAddNewPostdoktorvistelser" name="ClickArbetsliv" time="2.513"/>
  <testcase classname="testCasesMinProfilArbetsliv.ArbetslivAddNewPostdoktorvistelser" name="PeriodStartMonth" time="0.387"/>
  <testcase classname="testCasesMinProfilArbetsliv.ArbetslivAddNewPostdoktorvistelser" name="LoginAsUser3" time="9.871"/>
  <testcase classname="testCasesMinProfilArbetsliv.ArbetslivAddNewPostdoktorvistelser" name="SelectOrganization" time="2.254"/>
  <testcase classname="testCasesMinProfilArbetsliv.ArbetslivAddNewPostdoktorvistelser" name="SparaPostdoktorvistelser" time="0.250"/>
</testsuite> <!-- testCasesMinProfilArbetsliv.ArbetslivAddNewPostdoktorvistelser -->
