<?xml version="1.0" encoding="UTF-8"?>
<!-- Generated by org.testng.reporters.JUnitReportReporter -->
<testsuite hostname="77DWHM2" failures="0" tests="10" name="testCasesSATGranskningBetalningsinformation.GranskningAddNewPaymentInformationBankLocatedInSwedenBankgiro" time="0.000" errors="0" timestamp="25 juli 2018 15:37:49 GMT" skipped="10">
  <testcase classname="testCasesSATGranskningBetalningsinformation.GranskningAddNewPaymentInformationBankLocatedInSwedenBankgiro" name="LoginAsUser" time="0.000">
    <skipped/>
  </testcase> <!-- LoginAsUser -->
  <testcase classname="testCasesSATGranskningBetalningsinformation.GranskningAddNewPaymentInformationBankLocatedInSwedenBankgiro" name="Betalningstyp" time="0.000">
    <skipped/>
  </testcase> <!-- Betalningstyp -->
  <testcase classname="testCasesSATGranskningBetalningsinformation.GranskningAddNewPaymentInformationBankLocatedInSwedenBankgiro" name="Skatteprocent" time="0.000">
    <skipped/>
  </testcase> <!-- Skatteprocent -->
  <testcase classname="testCasesSATGranskningBetalningsinformation.GranskningAddNewPaymentInformationBankLocatedInSwedenBankgiro" name="AcceptAlert" time="0.000">
    <skipped/>
  </testcase> <!-- AcceptAlert -->
  <testcase classname="testCasesSATGranskningBetalningsinformation.GranskningAddNewPaymentInformationBankLocatedInSwedenBankgiro" name="Bankgiro" time="0.000">
    <skipped/>
  </testcase> <!-- Bankgiro -->
  <testcase classname="testCasesSATGranskningBetalningsinformation.GranskningAddNewPaymentInformationBankLocatedInSwedenBankgiro" name="BankensLand" time="0.000">
    <skipped/>
  </testcase> <!-- BankensLand -->
  <testcase classname="testCasesSATGranskningBetalningsinformation.GranskningAddNewPaymentInformationBankLocatedInSwedenBankgiro" name="TIN" time="0.000">
    <skipped/>
  </testcase> <!-- TIN -->
  <testcase classname="testCasesSATGranskningBetalningsinformation.GranskningAddNewPaymentInformationBankLocatedInSwedenBankgiro" name="ClickGranskningsfliken" time="0.000">
    <skipped/>
  </testcase> <!-- ClickGranskningsfliken -->
  <testcase classname="testCasesSATGranskningBetalningsinformation.GranskningAddNewPaymentInformationBankLocatedInSwedenBankgiro" name="Betalningsinformation" time="0.000">
    <skipped/>
  </testcase> <!-- Betalningsinformation -->
  <testcase classname="testCasesSATGranskningBetalningsinformation.GranskningAddNewPaymentInformationBankLocatedInSwedenBankgiro" name="Spara" time="0.000">
    <skipped/>
  </testcase> <!-- Spara -->
</testsuite> <!-- testCasesSATGranskningBetalningsinformation.GranskningAddNewPaymentInformationBankLocatedInSwedenBankgiro -->
