<?xml version="1.0" encoding="UTF-8"?>
<!-- Generated by org.testng.reporters.JUnitReportReporter -->
<testsuite hostname="77DWHM2" failures="0" tests="22" name="testCasesSAT.ArbetslivAddNewINTEFackGranskadÖvrigLitteratur" time="15.384" errors="0" timestamp="19 juli 2018 15:38:47 GMT" skipped="0">
  <testcase classname="testCasesSAT.ArbetslivAddNewINTEFackGranskadÖvrigLitteratur" name="ÖvrigLitteraturKällaID" time="0.081"/>
  <testcase classname="testCasesSAT.ArbetslivAddNewINTEFackGranskadÖvrigLitteratur" name="ÖvrigLitteraturVarTextenPubliceradIOpenAcessJa" time="0.105"/>
  <testcase classname="testCasesSAT.ArbetslivAddNewINTEFackGranskadÖvrigLitteratur" name="ÖvrigLitteraturTitel" time="0.777"/>
  <testcase classname="testCasesSAT.ArbetslivAddNewINTEFackGranskadÖvrigLitteratur" name="LoginAsUser" time="9.252"/>
  <testcase classname="testCasesSAT.ArbetslivAddNewINTEFackGranskadÖvrigLitteratur" name="ÖvrigLitteraturFörfattareEfternamn" time="0.189"/>
  <testcase classname="testCasesSAT.ArbetslivAddNewINTEFackGranskadÖvrigLitteratur" name="ÖvrigLitteraturFörfattareKnapp" time="0.083"/>
  <testcase classname="testCasesSAT.ArbetslivAddNewINTEFackGranskadÖvrigLitteratur" name="ÖvrigLitteraturOpenAcessSammanfattning" time="0.268"/>
  <testcase classname="testCasesSAT.ArbetslivAddNewINTEFackGranskadÖvrigLitteratur" name="ÖvrigLitteraturFörlag" time="0.167"/>
  <testcase classname="testCasesSAT.ArbetslivAddNewINTEFackGranskadÖvrigLitteratur" name="ÖvrigLitteraturKällaFörPublikation" time="0.065"/>
  <testcase classname="testCasesSAT.ArbetslivAddNewINTEFackGranskadÖvrigLitteratur" name="ÖvrigLitteraturISBN" time="0.093"/>
  <testcase classname="testCasesSAT.ArbetslivAddNewINTEFackGranskadÖvrigLitteratur" name="ÖvrigLitteraturSpara" time="0.870"/>
  <testcase classname="testCasesSAT.ArbetslivAddNewINTEFackGranskadÖvrigLitteratur" name="DropDownÖvrigLitteratur" time="0.228"/>
  <testcase classname="testCasesSAT.ArbetslivAddNewINTEFackGranskadÖvrigLitteratur" name="ÖvrigLitteraturDOI" time="0.082"/>
  <testcase classname="testCasesSAT.ArbetslivAddNewINTEFackGranskadÖvrigLitteratur" name="ÖvrigLitteraturOpenAccessDokumentVersion" time="0.133"/>
  <testcase classname="testCasesSAT.ArbetslivAddNewINTEFackGranskadÖvrigLitteratur" name="ÖvrigLitteraturStatus" time="0.089"/>
  <testcase classname="testCasesSAT.ArbetslivAddNewINTEFackGranskadÖvrigLitteratur" name="ÖvrigLitteraturFörfattareFörnamn" time="0.121"/>
  <testcase classname="testCasesSAT.ArbetslivAddNewINTEFackGranskadÖvrigLitteratur" name="VäljPublikationsTyp" time="0.855"/>
  <testcase classname="testCasesSAT.ArbetslivAddNewINTEFackGranskadÖvrigLitteratur" name="LäggTillPublikationer" time="0.098"/>
  <testcase classname="testCasesSAT.ArbetslivAddNewINTEFackGranskadÖvrigLitteratur" name="ÖvrigLitteraturFörlagsplats" time="0.123"/>
  <testcase classname="testCasesSAT.ArbetslivAddNewINTEFackGranskadÖvrigLitteratur" name="ClickPublikationer" time="0.883"/>
  <testcase classname="testCasesSAT.ArbetslivAddNewINTEFackGranskadÖvrigLitteratur" name="ÖvrigLitteraturOpenAccessFormAvOA" time="0.106"/>
  <testcase classname="testCasesSAT.ArbetslivAddNewINTEFackGranskadÖvrigLitteratur" name="ÖvrigLitteraturOpenAccessLänkExternLänkFörPublicering" time="0.716"/>
</testsuite> <!-- testCasesSAT.ArbetslivAddNewINTEFackGranskadÖvrigLitteratur -->
