<?xml version="1.0" encoding="UTF-8"?>
<!-- Generated by org.testng.reporters.JUnitReportReporter -->
<testsuite hostname="77DWHM2" failures="0" tests="11" name="testCasesSAT.GranskningAddNewPaymentInformationBankLocatedInEurope" time="0.000" errors="0" timestamp="25 juli 2018 09:01:16 GMT" skipped="11">
  <testcase classname="testCasesSAT.GranskningAddNewPaymentInformationBankLocatedInEurope" name="Kontoinnehavare" time="0.000">
    <skipped/>
  </testcase> <!-- Kontoinnehavare -->
  <testcase classname="testCasesSAT.GranskningAddNewPaymentInformationBankLocatedInEurope" name="BankensLand" time="0.000">
    <skipped/>
  </testcase> <!-- BankensLand -->
  <testcase classname="testCasesSAT.GranskningAddNewPaymentInformationBankLocatedInEurope" name="ClickGranskningsfliken" time="0.000">
    <skipped/>
  </testcase> <!-- ClickGranskningsfliken -->
  <testcase classname="testCasesSAT.GranskningAddNewPaymentInformationBankLocatedInEurope" name="SWIFTBIC" time="0.000">
    <skipped/>
  </testcase> <!-- SWIFTBIC -->
  <testcase classname="testCasesSAT.GranskningAddNewPaymentInformationBankLocatedInEurope" name="AccepteraAlert" time="0.000">
    <skipped/>
  </testcase> <!-- AccepteraAlert -->
  <testcase classname="testCasesSAT.GranskningAddNewPaymentInformationBankLocatedInEurope" name="Spara" time="0.000">
    <skipped/>
  </testcase> <!-- Spara -->
  <testcase classname="testCasesSAT.GranskningAddNewPaymentInformationBankLocatedInEurope" name="Betalningsinformation" time="0.000">
    <skipped/>
  </testcase> <!-- Betalningsinformation -->
  <testcase classname="testCasesSAT.GranskningAddNewPaymentInformationBankLocatedInEurope" name="BankensNamn" time="0.000">
    <skipped/>
  </testcase> <!-- BankensNamn -->
  <testcase classname="testCasesSAT.GranskningAddNewPaymentInformationBankLocatedInEurope" name="TIN" time="0.000">
    <skipped/>
  </testcase> <!-- TIN -->
  <testcase classname="testCasesSAT.GranskningAddNewPaymentInformationBankLocatedInEurope" name="LoginAsUser" time="0.000">
    <skipped/>
  </testcase> <!-- LoginAsUser -->
  <testcase classname="testCasesSAT.GranskningAddNewPaymentInformationBankLocatedInEurope" name="IBAN" time="0.000">
    <skipped/>
  </testcase> <!-- IBAN -->
</testsuite> <!-- testCasesSAT.GranskningAddNewPaymentInformationBankLocatedInEurope -->
