<?xml version="1.0" encoding="UTF-8"?>
<!-- Generated by org.testng.reporters.JUnitReportReporter -->
<<<<<<< HEAD
<testsuite hostname="BSTTF72" failures="0" tests="19" name="testCasesSATMinProfilGranskarkompetens.GranskarkompetensKID" time="20.525" errors="0" timestamp="27 juli 2018 09:20:22 GMT" skipped="0">
  <testcase classname="testCasesSATMinProfilGranskarkompetens.GranskarkompetensKID" name="Nyckelord5" time="1.123"/>
  <testcase classname="testCasesSATMinProfilGranskarkompetens.GranskarkompetensKID" name="Metod3" time="0.306"/>
  <testcase classname="testCasesSATMinProfilGranskarkompetens.GranskarkompetensKID" name="Nyckelord4" time="0.557"/>
  <testcase classname="testCasesSATMinProfilGranskarkompetens.GranskarkompetensKID" name="Metod5" time="0.291"/>
  <testcase classname="testCasesSATMinProfilGranskarkompetens.GranskarkompetensKID" name="Forskningsområde4" time="0.336"/>
  <testcase classname="testCasesSATMinProfilGranskarkompetens.GranskarkompetensKID" name="Nyckelord1" time="1.838"/>
  <testcase classname="testCasesSATMinProfilGranskarkompetens.GranskarkompetensKID" name="ConfirmSave" time="0.013"/>
  <testcase classname="testCasesSATMinProfilGranskarkompetens.GranskarkompetensKID" name="Forskningsområde1" time="0.309"/>
  <testcase classname="testCasesSATMinProfilGranskarkompetens.GranskarkompetensKID" name="LoginAsUser" time="11.921"/>
  <testcase classname="testCasesSATMinProfilGranskarkompetens.GranskarkompetensKID" name="Metod1" time="0.195"/>
  <testcase classname="testCasesSATMinProfilGranskarkompetens.GranskarkompetensKID" name="Metod2" time="0.317"/>
  <testcase classname="testCasesSATMinProfilGranskarkompetens.GranskarkompetensKID" name="ClickGranskarkompetens" time="0.805"/>
  <testcase classname="testCasesSATMinProfilGranskarkompetens.GranskarkompetensKID" name="Nyckelord3" time="0.772"/>
  <testcase classname="testCasesSATMinProfilGranskarkompetens.GranskarkompetensKID" name="Forskningsområde5" time="0.311"/>
  <testcase classname="testCasesSATMinProfilGranskarkompetens.GranskarkompetensKID" name="Forskningsområde3" time="0.241"/>
  <testcase classname="testCasesSATMinProfilGranskarkompetens.GranskarkompetensKID" name="Spara" time="0.092"/>
  <testcase classname="testCasesSATMinProfilGranskarkompetens.GranskarkompetensKID" name="Forskningsområde2" time="0.386"/>
  <testcase classname="testCasesSATMinProfilGranskarkompetens.GranskarkompetensKID" name="Metod4" time="0.442"/>
  <testcase classname="testCasesSATMinProfilGranskarkompetens.GranskarkompetensKID" name="Nyckelord2" time="0.270"/>
=======
<testsuite hostname="77DWHM2" failures="0" tests="19" name="testCasesSATMinProfilGranskarkompetens.GranskarkompetensKID" time="15.763" errors="0" timestamp="26 juli 2018 14:19:25 GMT" skipped="0">
  <testcase classname="testCasesSATMinProfilGranskarkompetens.GranskarkompetensKID" name="Nyckelord1" time="0.806"/>
  <testcase classname="testCasesSATMinProfilGranskarkompetens.GranskarkompetensKID" name="Forskningsområde5" time="0.233"/>
  <testcase classname="testCasesSATMinProfilGranskarkompetens.GranskarkompetensKID" name="Forskningsområde1" time="0.204"/>
  <testcase classname="testCasesSATMinProfilGranskarkompetens.GranskarkompetensKID" name="ClickGranskarkompetens" time="0.848"/>
  <testcase classname="testCasesSATMinProfilGranskarkompetens.GranskarkompetensKID" name="Nyckelord3" time="0.282"/>
  <testcase classname="testCasesSATMinProfilGranskarkompetens.GranskarkompetensKID" name="Metod4" time="0.177"/>
  <testcase classname="testCasesSATMinProfilGranskarkompetens.GranskarkompetensKID" name="Nyckelord5" time="0.319"/>
  <testcase classname="testCasesSATMinProfilGranskarkompetens.GranskarkompetensKID" name="Forskningsområde2" time="0.149"/>
  <testcase classname="testCasesSATMinProfilGranskarkompetens.GranskarkompetensKID" name="Nyckelord4" time="0.416"/>
  <testcase classname="testCasesSATMinProfilGranskarkompetens.GranskarkompetensKID" name="Metod3" time="0.200"/>
  <testcase classname="testCasesSATMinProfilGranskarkompetens.GranskarkompetensKID" name="Spara" time="0.095"/>
  <testcase classname="testCasesSATMinProfilGranskarkompetens.GranskarkompetensKID" name="Forskningsområde4" time="0.148"/>
  <testcase classname="testCasesSATMinProfilGranskarkompetens.GranskarkompetensKID" name="Metod1" time="0.110"/>
  <testcase classname="testCasesSATMinProfilGranskarkompetens.GranskarkompetensKID" name="Metod2" time="0.234"/>
  <testcase classname="testCasesSATMinProfilGranskarkompetens.GranskarkompetensKID" name="Metod5" time="0.198"/>
  <testcase classname="testCasesSATMinProfilGranskarkompetens.GranskarkompetensKID" name="Nyckelord2" time="0.301"/>
  <testcase classname="testCasesSATMinProfilGranskarkompetens.GranskarkompetensKID" name="ConfirmSave" time="0.019"/>
  <testcase classname="testCasesSATMinProfilGranskarkompetens.GranskarkompetensKID" name="Forskningsområde3" time="0.136"/>
  <testcase classname="testCasesSATMinProfilGranskarkompetens.GranskarkompetensKID" name="LoginAsUser" time="10.888"/>
>>>>>>> branch 'master' of https://github.com/KristoferKlarin/SeleniumProject.git
</testsuite> <!-- testCasesSATMinProfilGranskarkompetens.GranskarkompetensKID -->
