<?xml version="1.0" encoding="UTF-8"?>
<!-- Generated by org.testng.reporters.JUnitReportReporter -->
<testsuite hostname="77DWHM2" failures="0" tests="24" name="testCasesSATMinProfilPublikationer.PublikationerAddNewFackGranskadRecensionArtikel" time="18.621" errors="0" timestamp="26 juli 2018 14:19:25 GMT" skipped="0">
  <testcase classname="testCasesSATMinProfilPublikationer.PublikationerAddNewFackGranskadRecensionArtikel" name="RecensionArtikelFörfattareEfternamn" time="0.253"/>
  <testcase classname="testCasesSATMinProfilPublikationer.PublikationerAddNewFackGranskadRecensionArtikel" name="RecensionArtikelOpenAcessSammanfattning" time="0.384"/>
  <testcase classname="testCasesSATMinProfilPublikationer.PublikationerAddNewFackGranskadRecensionArtikel" name="RecensionArtikelFörfattareFörnamn" time="0.191"/>
  <testcase classname="testCasesSATMinProfilPublikationer.PublikationerAddNewFackGranskadRecensionArtikel" name="RecensionArtikelOpenAccessFormAvOA" time="0.141"/>
  <testcase classname="testCasesSATMinProfilPublikationer.PublikationerAddNewFackGranskadRecensionArtikel" name="RecensionArtikelVolym" time="0.243"/>
  <testcase classname="testCasesSATMinProfilPublikationer.PublikationerAddNewFackGranskadRecensionArtikel" name="RecensionArtikelLänkExternLänkFörPublicering" time="0.737"/>
  <testcase classname="testCasesSATMinProfilPublikationer.PublikationerAddNewFackGranskadRecensionArtikel" name="RecensionArtikelFörstaSidnummer" time="0.094"/>
  <testcase classname="testCasesSATMinProfilPublikationer.PublikationerAddNewFackGranskadRecensionArtikel" name="RecensionArtikelKällaID" time="0.130"/>
  <testcase classname="testCasesSATMinProfilPublikationer.PublikationerAddNewFackGranskadRecensionArtikel" name="RecensionArtikelDOI" time="0.165"/>
  <testcase classname="testCasesSATMinProfilPublikationer.PublikationerAddNewFackGranskadRecensionArtikel" name="RecensionArtikelFörfattareKnapp" time="0.147"/>
  <testcase classname="testCasesSATMinProfilPublikationer.PublikationerAddNewFackGranskadRecensionArtikel" name="VäljPublikationsTyp" time="0.890"/>
  <testcase classname="testCasesSATMinProfilPublikationer.PublikationerAddNewFackGranskadRecensionArtikel" name="LoginAsUser" time="10.230"/>
  <testcase classname="testCasesSATMinProfilPublikationer.PublikationerAddNewFackGranskadRecensionArtikel" name="LäggTillPublikationer" time="0.148"/>
  <testcase classname="testCasesSATMinProfilPublikationer.PublikationerAddNewFackGranskadRecensionArtikel" name="RecensionArtikelTitel" time="0.335"/>
  <testcase classname="testCasesSATMinProfilPublikationer.PublikationerAddNewFackGranskadRecensionArtikel" name="RecensionArtikelSistaSidnummer" time="0.097"/>
  <testcase classname="testCasesSATMinProfilPublikationer.PublikationerAddNewFackGranskadRecensionArtikel" name="RecensionArtikelUtfärdandenummer" time="0.105"/>
  <testcase classname="testCasesSATMinProfilPublikationer.PublikationerAddNewFackGranskadRecensionArtikel" name="RecensionArtikelStatus" time="0.092"/>
  <testcase classname="testCasesSATMinProfilPublikationer.PublikationerAddNewFackGranskadRecensionArtikel" name="RecensionArtikelSpara" time="1.442"/>
  <testcase classname="testCasesSATMinProfilPublikationer.PublikationerAddNewFackGranskadRecensionArtikel" name="RecensionArtikelOpenAccessDokumentVersion" time="0.140"/>
  <testcase classname="testCasesSATMinProfilPublikationer.PublikationerAddNewFackGranskadRecensionArtikel" name="RecensionArtikelNamnPåTidskrift" time="0.250"/>
  <testcase classname="testCasesSATMinProfilPublikationer.PublikationerAddNewFackGranskadRecensionArtikel" name="RecensionArtikelKällaFörPublikation" time="0.174"/>
  <testcase classname="testCasesSATMinProfilPublikationer.PublikationerAddNewFackGranskadRecensionArtikel" name="DropDownRecensionArtikel" time="0.245"/>
  <testcase classname="testCasesSATMinProfilPublikationer.PublikationerAddNewFackGranskadRecensionArtikel" name="ClickPublikationer" time="1.844"/>
  <testcase classname="testCasesSATMinProfilPublikationer.PublikationerAddNewFackGranskadRecensionArtikel" name="RecensionArtikelVarTextenPubliceradIOpenAcessJa" time="0.144"/>
</testsuite> <!-- testCasesSATMinProfilPublikationer.PublikationerAddNewFackGranskadRecensionArtikel -->
