<?xml version="1.0" encoding="UTF-8"?>
<!-- Generated by org.testng.reporters.JUnitReportReporter -->
<testsuite hostname="77DWHM2" failures="0" tests="1" name="DubbelBrowserTest.Browsergörnåt" time="2.576" errors="0" timestamp="29 juni 2018 07:34:39 GMT" skipped="0">
  <testcase classname="DubbelBrowserTest.Browsergörnåt" name="f" time="2.576"/>
</testsuite> <!-- DubbelBrowserTest.Browsergörnåt -->
