<?xml version="1.0" encoding="UTF-8"?>
<!-- Generated by org.testng.reporters.JUnitReportReporter -->
<testsuite hostname="77DWHM2" failures="0" tests="21" name="testCasesSATMinProfilPublikationer.PublikationerAddNewFackGranskadProceedings" time="18.069" errors="0" timestamp="31 juli 2018 14:21:01 GMT" skipped="0">
  <testcase classname="testCasesSATMinProfilPublikationer.PublikationerAddNewFackGranskadProceedings" name="ProceedingsVarTextenPubliceradIOpenAcessJa" time="0.117"/>
  <testcase classname="testCasesSATMinProfilPublikationer.PublikationerAddNewFackGranskadProceedings" name="ProceedingsTitel" time="0.351"/>
  <testcase classname="testCasesSATMinProfilPublikationer.PublikationerAddNewFackGranskadProceedings" name="ProceedingsDOI" time="0.210"/>
  <testcase classname="testCasesSATMinProfilPublikationer.PublikationerAddNewFackGranskadProceedings" name="ProceedingsFörfattareKnapp" time="0.137"/>
  <testcase classname="testCasesSATMinProfilPublikationer.PublikationerAddNewFackGranskadProceedings" name="DropDownProceedings" time="0.239"/>
  <testcase classname="testCasesSATMinProfilPublikationer.PublikationerAddNewFackGranskadProceedings" name="ClickPublikationer" time="1.702"/>
  <testcase classname="testCasesSATMinProfilPublikationer.PublikationerAddNewFackGranskadProceedings" name="LäggTillPublikationer" time="0.127"/>
  <testcase classname="testCasesSATMinProfilPublikationer.PublikationerAddNewFackGranskadProceedings" name="ProceedingsOpenAccessLänkExternLänkFörPublicering" time="0.888"/>
  <testcase classname="testCasesSATMinProfilPublikationer.PublikationerAddNewFackGranskadProceedings" name="ProceedingsKällaFörPublikation" time="0.157"/>
  <testcase classname="testCasesSATMinProfilPublikationer.PublikationerAddNewFackGranskadProceedings" name="VäljPublikationsTyp" time="0.800"/>
  <testcase classname="testCasesSATMinProfilPublikationer.PublikationerAddNewFackGranskadProceedings" name="ProceedingsOpenAccessDokumentVersion" time="0.127"/>
  <testcase classname="testCasesSATMinProfilPublikationer.PublikationerAddNewFackGranskadProceedings" name="ProceedingsFörfattareFörnamn" time="0.267"/>
  <testcase classname="testCasesSATMinProfilPublikationer.PublikationerAddNewFackGranskadProceedings" name="LoginAsUser" time="9.625"/>
  <testcase classname="testCasesSATMinProfilPublikationer.PublikationerAddNewFackGranskadProceedings" name="ProceedingsFörlag" time="0.337"/>
  <testcase classname="testCasesSATMinProfilPublikationer.PublikationerAddNewFackGranskadProceedings" name="ProceedingsSpara" time="1.418"/>
  <testcase classname="testCasesSATMinProfilPublikationer.PublikationerAddNewFackGranskadProceedings" name="ProceedingsOpenAcessSammanfattning" time="0.475"/>
  <testcase classname="testCasesSATMinProfilPublikationer.PublikationerAddNewFackGranskadProceedings" name="ProceedingsFörfattareEfternamn" time="0.304"/>
  <testcase classname="testCasesSATMinProfilPublikationer.PublikationerAddNewFackGranskadProceedings" name="ProceedingsKällaID" time="0.219"/>
  <testcase classname="testCasesSATMinProfilPublikationer.PublikationerAddNewFackGranskadProceedings" name="ProceedingsFörlagsplats" time="0.326"/>
  <testcase classname="testCasesSATMinProfilPublikationer.PublikationerAddNewFackGranskadProceedings" name="ProceedingsOpenAccessFormAvOA" time="0.162"/>
  <testcase classname="testCasesSATMinProfilPublikationer.PublikationerAddNewFackGranskadProceedings" name="ProceedingsStatus" time="0.081"/>
</testsuite> <!-- testCasesSATMinProfilPublikationer.PublikationerAddNewFackGranskadProceedings -->
