<?xml version="1.0" encoding="UTF-8"?>
<!-- Generated by org.testng.reporters.JUnitReportReporter -->
<testsuite hostname="77DWHM2" failures="0" tests="14" name="testCasesSATMinProfilUtbildning.UtbildningForskarUtbildningAddLicentiatexamen" time="16.272" errors="0" timestamp="31 juli 2018 14:21:01 GMT" skipped="0">
  <testcase classname="testCasesSATMinProfilUtbildning.UtbildningForskarUtbildningAddLicentiatexamen" name="LoginAsUser" time="8.976"/>
  <testcase classname="testCasesSATMinProfilUtbildning.UtbildningForskarUtbildningAddLicentiatexamen" name="ClickUtbildning" time="0.934"/>
  <testcase classname="testCasesSATMinProfilUtbildning.UtbildningForskarUtbildningAddLicentiatexamen" name="TypAvForskarUtbildningSelectSubjects" time="1.057"/>
  <testcase classname="testCasesSATMinProfilUtbildning.UtbildningForskarUtbildningAddLicentiatexamen" name="TypAvForskarUtbildningAddLicentiatexamen" time="0.361"/>
  <testcase classname="testCasesSATMinProfilUtbildning.UtbildningForskarUtbildningAddLicentiatexamen" name="AddForskarUtbildning" time="0.082"/>
  <testcase classname="testCasesSATMinProfilUtbildning.UtbildningForskarUtbildningAddLicentiatexamen" name="SelectOrganization" time="1.982"/>
  <testcase classname="testCasesSATMinProfilUtbildning.UtbildningForskarUtbildningAddLicentiatexamen" name="ClickForskarUtbildning" time="0.113"/>
  <testcase classname="testCasesSATMinProfilUtbildning.UtbildningForskarUtbildningAddLicentiatexamen" name="ISSNISBNNummer" time="0.150"/>
  <testcase classname="testCasesSATMinProfilUtbildning.UtbildningForskarUtbildningAddLicentiatexamen" name="WriteAvhandlingensTitelOrginalSpråk" time="0.193"/>
  <testcase classname="testCasesSATMinProfilUtbildning.UtbildningForskarUtbildningAddLicentiatexamen" name="EfternamnHandledare" time="0.175"/>
  <testcase classname="testCasesSATMinProfilUtbildning.UtbildningForskarUtbildningAddLicentiatexamen" name="WriteAvhandlingensTitelEngelska" time="0.241"/>
  <testcase classname="testCasesSATMinProfilUtbildning.UtbildningForskarUtbildningAddLicentiatexamen" name="Examensdatum" time="1.666"/>
  <testcase classname="testCasesSATMinProfilUtbildning.UtbildningForskarUtbildningAddLicentiatexamen" name="FörnamnHandledare" time="0.147"/>
  <testcase classname="testCasesSATMinProfilUtbildning.UtbildningForskarUtbildningAddLicentiatexamen" name="SparaForskarutbildningKnapp" time="0.195"/>
</testsuite> <!-- testCasesSATMinProfilUtbildning.UtbildningForskarUtbildningAddLicentiatexamen -->
