<?xml version="1.0" encoding="UTF-8"?>
<!-- Generated by org.testng.reporters.JUnitReportReporter -->
<testsuite hostname="77DWHM2" failures="0" tests="14" name="testCasesChromeSAT.ButtonCheckLoggedInAsUser" time="48.025" errors="0" timestamp="27 juni 2018 13:36:33 GMT" skipped="0">
  <testcase classname="testCasesChromeSAT.ButtonCheckLoggedInAsUser" name="ClickOrganisationsKonto" time="14.272"/>
  <testcase classname="testCasesChromeSAT.ButtonCheckLoggedInAsUser" name="ClickPublikationerButton" time="0.904"/>
  <testcase classname="testCasesChromeSAT.ButtonCheckLoggedInAsUser" name="ClickStartButton" time="2.841"/>
  <testcase classname="testCasesChromeSAT.ButtonCheckLoggedInAsUser" name="ClickImmaterialrättButton" time="0.991"/>
  <testcase classname="testCasesChromeSAT.ButtonCheckLoggedInAsUser" name="ClickOrganisationsUppgifter" time="2.711"/>
  <testcase classname="testCasesChromeSAT.ButtonCheckLoggedInAsUser" name="ClickGranskning" time="2.140"/>
  <testcase classname="testCasesChromeSAT.ButtonCheckLoggedInAsUser" name="ClickArbetslivButton" time="1.446"/>
  <testcase classname="testCasesChromeSAT.ButtonCheckLoggedInAsUser" name="ClickPersonuppgifterButton" time="0.945"/>
  <testcase classname="testCasesChromeSAT.ButtonCheckLoggedInAsUser" name="Logout" time="0.449"/>
  <testcase classname="testCasesChromeSAT.ButtonCheckLoggedInAsUser" name="ClickGranskarkompetens" time="0.039"/>
  <testcase classname="testCasesChromeSAT.ButtonCheckLoggedInAsUser" name="ClickUtbildningButton" time="1.108"/>
  <testcase classname="testCasesChromeSAT.ButtonCheckLoggedInAsUser" name="LoginAsNormalUser" time="12.405"/>
  <testcase classname="testCasesChromeSAT.ButtonCheckLoggedInAsUser" name="ClickMeriterOchUtmärkelserButton" time="1.459"/>
  <testcase classname="testCasesChromeSAT.ButtonCheckLoggedInAsUser" name="ClickAnsökningarOchBidrag" time="6.315"/>
</testsuite> <!-- testCasesChromeSAT.ButtonCheckLoggedInAsUser -->
