<?xml version="1.0" encoding="UTF-8"?>
<!-- Generated by org.testng.reporters.JUnitReportReporter -->
<testsuite hostname="77DWHM2" failures="0" tests="7" name="testCasesSAT.MeriterOchUtmärkelserAddNewÖvrigaMeriter" time="0.000" errors="0" timestamp="25 juli 2018 09:01:16 GMT" skipped="7">
  <testcase classname="testCasesSAT.MeriterOchUtmärkelserAddNewÖvrigaMeriter" name="LäggTill" time="0.000">
    <skipped/>
  </testcase> <!-- LäggTill -->
  <testcase classname="testCasesSAT.MeriterOchUtmärkelserAddNewÖvrigaMeriter" name="LoginAsUser" time="0.000">
    <skipped/>
  </testcase> <!-- LoginAsUser -->
  <testcase classname="testCasesSAT.MeriterOchUtmärkelserAddNewÖvrigaMeriter" name="TypAvMerit" time="0.000">
    <skipped/>
  </testcase> <!-- TypAvMerit -->
  <testcase classname="testCasesSAT.MeriterOchUtmärkelserAddNewÖvrigaMeriter" name="Spara" time="0.000">
    <skipped/>
  </testcase> <!-- Spara -->
  <testcase classname="testCasesSAT.MeriterOchUtmärkelserAddNewÖvrigaMeriter" name="ClickMeriterOchUtmärkelser" time="0.000">
    <skipped/>
  </testcase> <!-- ClickMeriterOchUtmärkelser -->
  <testcase classname="testCasesSAT.MeriterOchUtmärkelserAddNewÖvrigaMeriter" name="StartårAndSlutÅr" time="0.000">
    <skipped/>
  </testcase> <!-- StartårAndSlutÅr -->
  <testcase classname="testCasesSAT.MeriterOchUtmärkelserAddNewÖvrigaMeriter" name="Beskrivning" time="0.000">
    <skipped/>
  </testcase> <!-- Beskrivning -->
</testsuite> <!-- testCasesSAT.MeriterOchUtmärkelserAddNewÖvrigaMeriter -->
