<?xml version="1.0" encoding="UTF-8"?>
<!-- Generated by org.testng.reporters.JUnitReportReporter -->
<testsuite hostname="77DWHM2" failures="0" tests="24" name="testCasesSATMinProfilPublikationer.PublikationerAddNewINTEFackGranskadRecensionArtikel" time="17.414" errors="0" timestamp="26 juli 2018 14:19:25 GMT" skipped="0">
  <testcase classname="testCasesSATMinProfilPublikationer.PublikationerAddNewINTEFackGranskadRecensionArtikel" name="RecensionArtikelKällaFörPublikation" time="0.191"/>
  <testcase classname="testCasesSATMinProfilPublikationer.PublikationerAddNewINTEFackGranskadRecensionArtikel" name="RecensionArtikelFörfattareFörnamn" time="0.159"/>
  <testcase classname="testCasesSATMinProfilPublikationer.PublikationerAddNewINTEFackGranskadRecensionArtikel" name="RecensionArtikelOpenAccessDokumentVersion" time="0.153"/>
  <testcase classname="testCasesSATMinProfilPublikationer.PublikationerAddNewINTEFackGranskadRecensionArtikel" name="RecensionArtikelUtfärdandenummer" time="0.101"/>
  <testcase classname="testCasesSATMinProfilPublikationer.PublikationerAddNewINTEFackGranskadRecensionArtikel" name="RecensionArtikelVolym" time="0.150"/>
  <testcase classname="testCasesSATMinProfilPublikationer.PublikationerAddNewINTEFackGranskadRecensionArtikel" name="RecensionArtikelFörstaSidnummer" time="0.078"/>
  <testcase classname="testCasesSATMinProfilPublikationer.PublikationerAddNewINTEFackGranskadRecensionArtikel" name="RecensionArtikelOpenAcessSammanfattning" time="0.299"/>
  <testcase classname="testCasesSATMinProfilPublikationer.PublikationerAddNewINTEFackGranskadRecensionArtikel" name="RecensionArtikelKällaID" time="0.093"/>
  <testcase classname="testCasesSATMinProfilPublikationer.PublikationerAddNewINTEFackGranskadRecensionArtikel" name="RecensionArtikelLänkExternLänkFörPublicering" time="0.717"/>
  <testcase classname="testCasesSATMinProfilPublikationer.PublikationerAddNewINTEFackGranskadRecensionArtikel" name="RecensionArtikelFörfattareEfternamn" time="0.374"/>
  <testcase classname="testCasesSATMinProfilPublikationer.PublikationerAddNewINTEFackGranskadRecensionArtikel" name="RecensionArtikelFörfattareKnapp" time="0.166"/>
  <testcase classname="testCasesSATMinProfilPublikationer.PublikationerAddNewINTEFackGranskadRecensionArtikel" name="RecensionArtikelVarTextenPubliceradIOpenAcessJa" time="0.117"/>
  <testcase classname="testCasesSATMinProfilPublikationer.PublikationerAddNewINTEFackGranskadRecensionArtikel" name="LäggTillPublikationer" time="0.110"/>
  <testcase classname="testCasesSATMinProfilPublikationer.PublikationerAddNewINTEFackGranskadRecensionArtikel" name="RecensionArtikelOpenAccessFormAvOA" time="0.134"/>
  <testcase classname="testCasesSATMinProfilPublikationer.PublikationerAddNewINTEFackGranskadRecensionArtikel" name="ClickPublikationer" time="1.611"/>
  <testcase classname="testCasesSATMinProfilPublikationer.PublikationerAddNewINTEFackGranskadRecensionArtikel" name="LoginAsUser" time="9.462"/>
  <testcase classname="testCasesSATMinProfilPublikationer.PublikationerAddNewINTEFackGranskadRecensionArtikel" name="DropDownRecensionArtikel" time="0.238"/>
  <testcase classname="testCasesSATMinProfilPublikationer.PublikationerAddNewINTEFackGranskadRecensionArtikel" name="RecensionArtikelStatus" time="0.070"/>
  <testcase classname="testCasesSATMinProfilPublikationer.PublikationerAddNewINTEFackGranskadRecensionArtikel" name="VäljPublikationsTyp" time="0.828"/>
  <testcase classname="testCasesSATMinProfilPublikationer.PublikationerAddNewINTEFackGranskadRecensionArtikel" name="RecensionArtikelSistaSidnummer" time="0.115"/>
  <testcase classname="testCasesSATMinProfilPublikationer.PublikationerAddNewINTEFackGranskadRecensionArtikel" name="RecensionArtikelDOI" time="0.136"/>
  <testcase classname="testCasesSATMinProfilPublikationer.PublikationerAddNewINTEFackGranskadRecensionArtikel" name="RecensionArtikelTitel" time="0.303"/>
  <testcase classname="testCasesSATMinProfilPublikationer.PublikationerAddNewINTEFackGranskadRecensionArtikel" name="RecensionArtikelNamnPåTidskrift" time="0.266"/>
  <testcase classname="testCasesSATMinProfilPublikationer.PublikationerAddNewINTEFackGranskadRecensionArtikel" name="RecensionArtikelSpara" time="1.543"/>
</testsuite> <!-- testCasesSATMinProfilPublikationer.PublikationerAddNewINTEFackGranskadRecensionArtikel -->
