<?xml version="1.0" encoding="UTF-8"?>
<!-- Generated by org.testng.reporters.JUnitReportReporter -->
<testsuite hostname="77DWHM2" failures="0" tests="14" name="testCasesSATMinProfilUtbildning.UtbildningForskarUtbildningAddDoktorsExamen" time="9.858" errors="0" timestamp="26 juli 2018 09:57:35 GMT" skipped="0">
  <testcase classname="testCasesSATMinProfilUtbildning.UtbildningForskarUtbildningAddDoktorsExamen" name="Examensdatum" time="0.408"/>
  <testcase classname="testCasesSATMinProfilUtbildning.UtbildningForskarUtbildningAddDoktorsExamen" name="ClickUtbildning" time="0.825"/>
  <testcase classname="testCasesSATMinProfilUtbildning.UtbildningForskarUtbildningAddDoktorsExamen" name="TypAvForskarUtbildningAddDoktorsexamen" time="0.289"/>
  <testcase classname="testCasesSATMinProfilUtbildning.UtbildningForskarUtbildningAddDoktorsExamen" name="SparaForskarutbildningKnapp" time="0.167"/>
  <testcase classname="testCasesSATMinProfilUtbildning.UtbildningForskarUtbildningAddDoktorsExamen" name="EfternamnHandledare" time="0.117"/>
  <testcase classname="testCasesSATMinProfilUtbildning.UtbildningForskarUtbildningAddDoktorsExamen" name="FörnamnHandledare" time="0.095"/>
  <testcase classname="testCasesSATMinProfilUtbildning.UtbildningForskarUtbildningAddDoktorsExamen" name="TypAvForskarUtbildningSelectSubjects" time="0.559"/>
  <testcase classname="testCasesSATMinProfilUtbildning.UtbildningForskarUtbildningAddDoktorsExamen" name="WriteAvhandlingensTitelOrginalSpråk" time="0.160"/>
  <testcase classname="testCasesSATMinProfilUtbildning.UtbildningForskarUtbildningAddDoktorsExamen" name="ISSNISBNNummer" time="0.116"/>
  <testcase classname="testCasesSATMinProfilUtbildning.UtbildningForskarUtbildningAddDoktorsExamen" name="LoginAsUser" time="4.817"/>
  <testcase classname="testCasesSATMinProfilUtbildning.UtbildningForskarUtbildningAddDoktorsExamen" name="SelectOrganization" time="1.943"/>
  <testcase classname="testCasesSATMinProfilUtbildning.UtbildningForskarUtbildningAddDoktorsExamen" name="ClickForskarUtbildning" time="0.091"/>
  <testcase classname="testCasesSATMinProfilUtbildning.UtbildningForskarUtbildningAddDoktorsExamen" name="AddForskarUtbildning" time="0.091"/>
  <testcase classname="testCasesSATMinProfilUtbildning.UtbildningForskarUtbildningAddDoktorsExamen" name="WriteAvhandlingensTitelEngelska" time="0.180"/>
</testsuite> <!-- testCasesSATMinProfilUtbildning.UtbildningForskarUtbildningAddDoktorsExamen -->
