<?xml version="1.0" encoding="UTF-8"?>
<!-- Generated by org.testng.reporters.JUnitReportReporter -->
<testsuite hostname="77DWHM2" failures="0" tests="10" name="testCasesSATMinProfilUtbildning.UtbildningForskarUtbildningAddForskningskompetensMotsvarandeDoktorsexamen" time="0.000" errors="0" timestamp="25 juli 2018 15:37:49 GMT" skipped="10">
  <testcase classname="testCasesSATMinProfilUtbildning.UtbildningForskarUtbildningAddForskningskompetensMotsvarandeDoktorsexamen" name="TypAvForskarUtbildningAddForskningskompetensMotsvarandeDoktorsexamen" time="0.000">
    <skipped/>
  </testcase> <!-- TypAvForskarUtbildningAddForskningskompetensMotsvarandeDoktorsexamen -->
  <testcase classname="testCasesSATMinProfilUtbildning.UtbildningForskarUtbildningAddForskningskompetensMotsvarandeDoktorsexamen" name="LoginAsUser" time="0.000">
    <skipped/>
  </testcase> <!-- LoginAsUser -->
  <testcase classname="testCasesSATMinProfilUtbildning.UtbildningForskarUtbildningAddForskningskompetensMotsvarandeDoktorsexamen" name="BeskrivningAvKompetensEngelska" time="0.000">
    <skipped/>
  </testcase> <!-- BeskrivningAvKompetensEngelska -->
  <testcase classname="testCasesSATMinProfilUtbildning.UtbildningForskarUtbildningAddForskningskompetensMotsvarandeDoktorsexamen" name="SelectOrganization" time="0.000">
    <skipped/>
  </testcase> <!-- SelectOrganization -->
  <testcase classname="testCasesSATMinProfilUtbildning.UtbildningForskarUtbildningAddForskningskompetensMotsvarandeDoktorsexamen" name="TypAvForskarUtbildningSelectSubjects" time="0.000">
    <skipped/>
  </testcase> <!-- TypAvForskarUtbildningSelectSubjects -->
  <testcase classname="testCasesSATMinProfilUtbildning.UtbildningForskarUtbildningAddForskningskompetensMotsvarandeDoktorsexamen" name="ClickForskarUtbildning" time="0.000">
    <skipped/>
  </testcase> <!-- ClickForskarUtbildning -->
  <testcase classname="testCasesSATMinProfilUtbildning.UtbildningForskarUtbildningAddForskningskompetensMotsvarandeDoktorsexamen" name="ClickUtbildning" time="0.000">
    <skipped/>
  </testcase> <!-- ClickUtbildning -->
  <testcase classname="testCasesSATMinProfilUtbildning.UtbildningForskarUtbildningAddForskningskompetensMotsvarandeDoktorsexamen" name="BeskrivningAvKompetensSvenska" time="0.000">
    <skipped/>
  </testcase> <!-- BeskrivningAvKompetensSvenska -->
  <testcase classname="testCasesSATMinProfilUtbildning.UtbildningForskarUtbildningAddForskningskompetensMotsvarandeDoktorsexamen" name="AddForskarUtbildning" time="0.000">
    <skipped/>
  </testcase> <!-- AddForskarUtbildning -->
  <testcase classname="testCasesSATMinProfilUtbildning.UtbildningForskarUtbildningAddForskningskompetensMotsvarandeDoktorsexamen" name="Examensdatum" time="0.000">
    <skipped/>
  </testcase> <!-- Examensdatum -->
</testsuite> <!-- testCasesSATMinProfilUtbildning.UtbildningForskarUtbildningAddForskningskompetensMotsvarandeDoktorsexamen -->
