<?xml version="1.0" encoding="UTF-8"?>
<!-- Generated by org.testng.reporters.JUnitReportReporter -->
<testsuite hostname="77DWHM2" failures="0" tests="1" name="TestcasesSAT.NewTest" time="14.429" errors="0" timestamp="20 juni 2018 08:55:40 GMT" skipped="0">
  <testcase classname="TestcasesSAT.NewTest" name="f" time="14.429"/>
</testsuite> <!-- TestcasesSAT.NewTest -->
