<?xml version="1.0" encoding="UTF-8"?>
<!-- Generated by org.testng.reporters.JUnitReportReporter -->
<testsuite hostname="77DWHM2" failures="0" tests="21" name="testCasesSATMinProfilPublikationer.PublikationerAddNewFackGranskadProceedings" time="0.002" errors="0" timestamp="25 juli 2018 15:37:49 GMT" skipped="21">
  <testcase classname="testCasesSATMinProfilPublikationer.PublikationerAddNewFackGranskadProceedings" name="LoginAsUser" time="0.000">
    <skipped/>
  </testcase> <!-- LoginAsUser -->
  <testcase classname="testCasesSATMinProfilPublikationer.PublikationerAddNewFackGranskadProceedings" name="ProceedingsOpenAccessDokumentVersion" time="0.000">
    <skipped/>
  </testcase> <!-- ProceedingsOpenAccessDokumentVersion -->
  <testcase classname="testCasesSATMinProfilPublikationer.PublikationerAddNewFackGranskadProceedings" name="ProceedingsKällaFörPublikation" time="0.000">
    <skipped/>
  </testcase> <!-- ProceedingsKällaFörPublikation -->
  <testcase classname="testCasesSATMinProfilPublikationer.PublikationerAddNewFackGranskadProceedings" name="ClickPublikationer" time="0.000">
    <skipped/>
  </testcase> <!-- ClickPublikationer -->
  <testcase classname="testCasesSATMinProfilPublikationer.PublikationerAddNewFackGranskadProceedings" name="ProceedingsOpenAcessSammanfattning" time="0.000">
    <skipped/>
  </testcase> <!-- ProceedingsOpenAcessSammanfattning -->
  <testcase classname="testCasesSATMinProfilPublikationer.PublikationerAddNewFackGranskadProceedings" name="ProceedingsFörfattareEfternamn" time="0.000">
    <skipped/>
  </testcase> <!-- ProceedingsFörfattareEfternamn -->
  <testcase classname="testCasesSATMinProfilPublikationer.PublikationerAddNewFackGranskadProceedings" name="VäljPublikationsTyp" time="0.000">
    <skipped/>
  </testcase> <!-- VäljPublikationsTyp -->
  <testcase classname="testCasesSATMinProfilPublikationer.PublikationerAddNewFackGranskadProceedings" name="ProceedingsSpara" time="0.000">
    <skipped/>
  </testcase> <!-- ProceedingsSpara -->
  <testcase classname="testCasesSATMinProfilPublikationer.PublikationerAddNewFackGranskadProceedings" name="ProceedingsFörfattareFörnamn" time="0.000">
    <skipped/>
  </testcase> <!-- ProceedingsFörfattareFörnamn -->
  <testcase classname="testCasesSATMinProfilPublikationer.PublikationerAddNewFackGranskadProceedings" name="ProceedingsTitel" time="0.000">
    <skipped/>
  </testcase> <!-- ProceedingsTitel -->
  <testcase classname="testCasesSATMinProfilPublikationer.PublikationerAddNewFackGranskadProceedings" name="ProceedingsStatus" time="0.000">
    <skipped/>
  </testcase> <!-- ProceedingsStatus -->
  <testcase classname="testCasesSATMinProfilPublikationer.PublikationerAddNewFackGranskadProceedings" name="ProceedingsFörlagsplats" time="0.000">
    <skipped/>
  </testcase> <!-- ProceedingsFörlagsplats -->
  <testcase classname="testCasesSATMinProfilPublikationer.PublikationerAddNewFackGranskadProceedings" name="ProceedingsOpenAccessFormAvOA" time="0.000">
    <skipped/>
  </testcase> <!-- ProceedingsOpenAccessFormAvOA -->
  <testcase classname="testCasesSATMinProfilPublikationer.PublikationerAddNewFackGranskadProceedings" name="ProceedingsFörfattareKnapp" time="0.002">
    <skipped/>
  </testcase> <!-- ProceedingsFörfattareKnapp -->
  <testcase classname="testCasesSATMinProfilPublikationer.PublikationerAddNewFackGranskadProceedings" name="ProceedingsFörlag" time="0.000">
    <skipped/>
  </testcase> <!-- ProceedingsFörlag -->
  <testcase classname="testCasesSATMinProfilPublikationer.PublikationerAddNewFackGranskadProceedings" name="ProceedingsOpenAccessLänkExternLänkFörPublicering" time="0.000">
    <skipped/>
  </testcase> <!-- ProceedingsOpenAccessLänkExternLänkFörPublicering -->
  <testcase classname="testCasesSATMinProfilPublikationer.PublikationerAddNewFackGranskadProceedings" name="DropDownProceedings" time="0.000">
    <skipped/>
  </testcase> <!-- DropDownProceedings -->
  <testcase classname="testCasesSATMinProfilPublikationer.PublikationerAddNewFackGranskadProceedings" name="ProceedingsDOI" time="0.000">
    <skipped/>
  </testcase> <!-- ProceedingsDOI -->
  <testcase classname="testCasesSATMinProfilPublikationer.PublikationerAddNewFackGranskadProceedings" name="ProceedingsVarTextenPubliceradIOpenAcessJa" time="0.000">
    <skipped/>
  </testcase> <!-- ProceedingsVarTextenPubliceradIOpenAcessJa -->
  <testcase classname="testCasesSATMinProfilPublikationer.PublikationerAddNewFackGranskadProceedings" name="LäggTillPublikationer" time="0.000">
    <skipped/>
  </testcase> <!-- LäggTillPublikationer -->
  <testcase classname="testCasesSATMinProfilPublikationer.PublikationerAddNewFackGranskadProceedings" name="ProceedingsKällaID" time="0.000">
    <skipped/>
  </testcase> <!-- ProceedingsKällaID -->
</testsuite> <!-- testCasesSATMinProfilPublikationer.PublikationerAddNewFackGranskadProceedings -->
