<?xml version="1.0" encoding="UTF-8"?>
<!-- Generated by org.testng.reporters.JUnitReportReporter -->
<testsuite hostname="77DWHM2" failures="0" tests="12" name="testCasesSATMinProfilUtbildning.UtbildningAddUtbildningPåGrundOchAvanceradNivå" time="10.527" errors="0" timestamp="26 juli 2018 09:57:35 GMT" skipped="0">
  <testcase classname="testCasesSATMinProfilUtbildning.UtbildningAddUtbildningPåGrundOchAvanceradNivå" name="OmrådeBeskrivning" time="0.148"/>
  <testcase classname="testCasesSATMinProfilUtbildning.UtbildningAddUtbildningPåGrundOchAvanceradNivå" name="ClickUtbildningPåGrundOchAvanceradNivå" time="0.070"/>
  <testcase classname="testCasesSATMinProfilUtbildning.UtbildningAddUtbildningPåGrundOchAvanceradNivå" name="SpecialistkompetensÅr" time="1.421"/>
  <testcase classname="testCasesSATMinProfilUtbildning.UtbildningAddUtbildningPåGrundOchAvanceradNivå" name="UtbildningPåGrundOchAvanceradNivåAdd" time="0.096"/>
  <testcase classname="testCasesSATMinProfilUtbildning.UtbildningAddUtbildningPåGrundOchAvanceradNivå" name="LoginAsUser" time="4.567"/>
  <testcase classname="testCasesSATMinProfilUtbildning.UtbildningAddUtbildningPåGrundOchAvanceradNivå" name="ÅrFörExamen" time="0.256"/>
  <testcase classname="testCasesSATMinProfilUtbildning.UtbildningAddUtbildningPåGrundOchAvanceradNivå" name="Spara" time="0.189"/>
  <testcase classname="testCasesSATMinProfilUtbildning.UtbildningAddUtbildningPåGrundOchAvanceradNivå" name="ExamensinriktningSelectSubjects" time="0.604"/>
  <testcase classname="testCasesSATMinProfilUtbildning.UtbildningAddUtbildningPåGrundOchAvanceradNivå" name="SelectOrganization" time="2.199"/>
  <testcase classname="testCasesSATMinProfilUtbildning.UtbildningAddUtbildningPåGrundOchAvanceradNivå" name="Specialistkompetens" time="0.141"/>
  <testcase classname="testCasesSATMinProfilUtbildning.UtbildningAddUtbildningPåGrundOchAvanceradNivå" name="ClickUtbildning" time="0.696"/>
  <testcase classname="testCasesSATMinProfilUtbildning.UtbildningAddUtbildningPåGrundOchAvanceradNivå" name="Examen" time="0.140"/>
</testsuite> <!-- testCasesSATMinProfilUtbildning.UtbildningAddUtbildningPåGrundOchAvanceradNivå -->
