<?xml version="1.0" encoding="UTF-8"?>
<!-- Generated by org.testng.reporters.JUnitReportReporter -->
<testsuite hostname="77DWHM2" failures="0" tests="22" name="testCasesSATMinProfilPublikationer.PublikationerAddNewFackGranskadÖvrigLitteratur" time="17.390" errors="0" timestamp="31 juli 2018 14:21:01 GMT" skipped="0">
  <testcase classname="testCasesSATMinProfilPublikationer.PublikationerAddNewFackGranskadÖvrigLitteratur" name="ÖvrigLitteraturKällaID" time="0.095"/>
  <testcase classname="testCasesSATMinProfilPublikationer.PublikationerAddNewFackGranskadÖvrigLitteratur" name="ÖvrigLitteraturFörfattareFörnamn" time="0.120"/>
  <testcase classname="testCasesSATMinProfilPublikationer.PublikationerAddNewFackGranskadÖvrigLitteratur" name="ÖvrigLitteraturOpenAccessDokumentVersion" time="0.171"/>
  <testcase classname="testCasesSATMinProfilPublikationer.PublikationerAddNewFackGranskadÖvrigLitteratur" name="ÖvrigLitteraturStatus" time="0.059"/>
  <testcase classname="testCasesSATMinProfilPublikationer.PublikationerAddNewFackGranskadÖvrigLitteratur" name="ÖvrigLitteraturFörlag" time="0.166"/>
  <testcase classname="testCasesSATMinProfilPublikationer.PublikationerAddNewFackGranskadÖvrigLitteratur" name="ÖvrigLitteraturKällaFörPublikation" time="0.072"/>
  <testcase classname="testCasesSATMinProfilPublikationer.PublikationerAddNewFackGranskadÖvrigLitteratur" name="ÖvrigLitteraturVarTextenPubliceradIOpenAcessJa" time="0.120"/>
  <testcase classname="testCasesSATMinProfilPublikationer.PublikationerAddNewFackGranskadÖvrigLitteratur" name="LoginAsUser" time="8.968"/>
  <testcase classname="testCasesSATMinProfilPublikationer.PublikationerAddNewFackGranskadÖvrigLitteratur" name="ÖvrigLitteraturOpenAcessSammanfattning" time="0.303"/>
  <testcase classname="testCasesSATMinProfilPublikationer.PublikationerAddNewFackGranskadÖvrigLitteratur" name="ÖvrigLitteraturFörfattareKnapp" time="0.104"/>
  <testcase classname="testCasesSATMinProfilPublikationer.PublikationerAddNewFackGranskadÖvrigLitteratur" name="ÖvrigLitteraturISBN" time="0.119"/>
  <testcase classname="testCasesSATMinProfilPublikationer.PublikationerAddNewFackGranskadÖvrigLitteratur" name="ClickPublikationer" time="1.570"/>
  <testcase classname="testCasesSATMinProfilPublikationer.PublikationerAddNewFackGranskadÖvrigLitteratur" name="ÖvrigLitteraturSpara" time="1.628"/>
  <testcase classname="testCasesSATMinProfilPublikationer.PublikationerAddNewFackGranskadÖvrigLitteratur" name="ÖvrigLitteraturDOI" time="0.095"/>
  <testcase classname="testCasesSATMinProfilPublikationer.PublikationerAddNewFackGranskadÖvrigLitteratur" name="ÖvrigLitteraturOpenAccessFormAvOA" time="0.126"/>
  <testcase classname="testCasesSATMinProfilPublikationer.PublikationerAddNewFackGranskadÖvrigLitteratur" name="ÖvrigLitteraturFörlagsplats" time="0.135"/>
  <testcase classname="testCasesSATMinProfilPublikationer.PublikationerAddNewFackGranskadÖvrigLitteratur" name="DropDownÖvrigLitteratur" time="0.248"/>
  <testcase classname="testCasesSATMinProfilPublikationer.PublikationerAddNewFackGranskadÖvrigLitteratur" name="VäljPublikationsTyp" time="0.839"/>
  <testcase classname="testCasesSATMinProfilPublikationer.PublikationerAddNewFackGranskadÖvrigLitteratur" name="LäggTillPublikationer" time="0.139"/>
  <testcase classname="testCasesSATMinProfilPublikationer.PublikationerAddNewFackGranskadÖvrigLitteratur" name="ÖvrigLitteraturTitel" time="0.789"/>
  <testcase classname="testCasesSATMinProfilPublikationer.PublikationerAddNewFackGranskadÖvrigLitteratur" name="ÖvrigLitteraturOpenAccessLänkExternLänkFörPublicering" time="1.274"/>
  <testcase classname="testCasesSATMinProfilPublikationer.PublikationerAddNewFackGranskadÖvrigLitteratur" name="ÖvrigLitteraturFörfattareEfternamn" time="0.250"/>
</testsuite> <!-- testCasesSATMinProfilPublikationer.PublikationerAddNewFackGranskadÖvrigLitteratur -->
