<?xml version="1.0" encoding="UTF-8"?>
<!-- Generated by org.testng.reporters.JUnitReportReporter -->
<testsuite hostname="77DWHM2" failures="0" tests="22" name="testCasesSATMinProfilPublikationer.PublikationerAddNewFackGranskadÖvrigLitteratur" time="11.987" errors="0" timestamp="26 juli 2018 09:57:35 GMT" skipped="0">
  <testcase classname="testCasesSATMinProfilPublikationer.PublikationerAddNewFackGranskadÖvrigLitteratur" name="DropDownÖvrigLitteratur" time="0.238"/>
  <testcase classname="testCasesSATMinProfilPublikationer.PublikationerAddNewFackGranskadÖvrigLitteratur" name="ÖvrigLitteraturVarTextenPubliceradIOpenAcessJa" time="0.152"/>
  <testcase classname="testCasesSATMinProfilPublikationer.PublikationerAddNewFackGranskadÖvrigLitteratur" name="ÖvrigLitteraturFörfattareEfternamn" time="0.180"/>
  <testcase classname="testCasesSATMinProfilPublikationer.PublikationerAddNewFackGranskadÖvrigLitteratur" name="ÖvrigLitteraturFörfattareKnapp" time="0.091"/>
  <testcase classname="testCasesSATMinProfilPublikationer.PublikationerAddNewFackGranskadÖvrigLitteratur" name="ÖvrigLitteraturOpenAccessDokumentVersion" time="0.163"/>
  <testcase classname="testCasesSATMinProfilPublikationer.PublikationerAddNewFackGranskadÖvrigLitteratur" name="ÖvrigLitteraturOpenAccessLänkExternLänkFörPublicering" time="0.703"/>
  <testcase classname="testCasesSATMinProfilPublikationer.PublikationerAddNewFackGranskadÖvrigLitteratur" name="ÖvrigLitteraturTitel" time="0.729"/>
  <testcase classname="testCasesSATMinProfilPublikationer.PublikationerAddNewFackGranskadÖvrigLitteratur" name="ÖvrigLitteraturKällaFörPublikation" time="0.123"/>
  <testcase classname="testCasesSATMinProfilPublikationer.PublikationerAddNewFackGranskadÖvrigLitteratur" name="ÖvrigLitteraturFörfattareFörnamn" time="0.121"/>
  <testcase classname="testCasesSATMinProfilPublikationer.PublikationerAddNewFackGranskadÖvrigLitteratur" name="LäggTillPublikationer" time="0.111"/>
  <testcase classname="testCasesSATMinProfilPublikationer.PublikationerAddNewFackGranskadÖvrigLitteratur" name="ÖvrigLitteraturOpenAcessSammanfattning" time="0.317"/>
  <testcase classname="testCasesSATMinProfilPublikationer.PublikationerAddNewFackGranskadÖvrigLitteratur" name="VäljPublikationsTyp" time="0.754"/>
  <testcase classname="testCasesSATMinProfilPublikationer.PublikationerAddNewFackGranskadÖvrigLitteratur" name="ÖvrigLitteraturSpara" time="1.106"/>
  <testcase classname="testCasesSATMinProfilPublikationer.PublikationerAddNewFackGranskadÖvrigLitteratur" name="ÖvrigLitteraturOpenAccessFormAvOA" time="0.139"/>
  <testcase classname="testCasesSATMinProfilPublikationer.PublikationerAddNewFackGranskadÖvrigLitteratur" name="ÖvrigLitteraturStatus" time="0.075"/>
  <testcase classname="testCasesSATMinProfilPublikationer.PublikationerAddNewFackGranskadÖvrigLitteratur" name="ÖvrigLitteraturISBN" time="0.118"/>
  <testcase classname="testCasesSATMinProfilPublikationer.PublikationerAddNewFackGranskadÖvrigLitteratur" name="ÖvrigLitteraturFörlag" time="0.222"/>
  <testcase classname="testCasesSATMinProfilPublikationer.PublikationerAddNewFackGranskadÖvrigLitteratur" name="ÖvrigLitteraturKällaID" time="0.134"/>
  <testcase classname="testCasesSATMinProfilPublikationer.PublikationerAddNewFackGranskadÖvrigLitteratur" name="ÖvrigLitteraturDOI" time="0.096"/>
  <testcase classname="testCasesSATMinProfilPublikationer.PublikationerAddNewFackGranskadÖvrigLitteratur" name="ClickPublikationer" time="1.192"/>
  <testcase classname="testCasesSATMinProfilPublikationer.PublikationerAddNewFackGranskadÖvrigLitteratur" name="ÖvrigLitteraturFörlagsplats" time="0.147"/>
  <testcase classname="testCasesSATMinProfilPublikationer.PublikationerAddNewFackGranskadÖvrigLitteratur" name="LoginAsUser" time="5.076"/>
</testsuite> <!-- testCasesSATMinProfilPublikationer.PublikationerAddNewFackGranskadÖvrigLitteratur -->
