<?xml version="1.0" encoding="UTF-8"?>
<!-- Generated by org.testng.reporters.JUnitReportReporter -->
<testsuite hostname="77DWHM2" failures="0" tests="9" name="testCasesSATMinProfilMeriterOchUtmärkelser.MeriterOchUtmärkelserAddNewHandleddaPersonerEnskildPerson" time="13.612" errors="0" timestamp="26 juli 2018 14:19:25 GMT" skipped="0">
  <testcase classname="testCasesSATMinProfilMeriterOchUtmärkelser.MeriterOchUtmärkelserAddNewHandleddaPersonerEnskildPerson" name="LäggTillHandleddaPersonerEnskildPersonSlutår" time="0.408"/>
  <testcase classname="testCasesSATMinProfilMeriterOchUtmärkelser.MeriterOchUtmärkelserAddNewHandleddaPersonerEnskildPerson" name="LäggTillHandleddaPersonerEnskildPersonRoll" time="0.127"/>
  <testcase classname="testCasesSATMinProfilMeriterOchUtmärkelser.MeriterOchUtmärkelserAddNewHandleddaPersonerEnskildPerson" name="LäggTillHandleddaPersonerEnskildPersonFörnamn" time="0.352"/>
  <testcase classname="testCasesSATMinProfilMeriterOchUtmärkelser.MeriterOchUtmärkelserAddNewHandleddaPersonerEnskildPerson" name="LäggTillHandleddaPersonerEnskildPersonTypAvHandleddaPersoner" time="0.203"/>
  <testcase classname="testCasesSATMinProfilMeriterOchUtmärkelser.MeriterOchUtmärkelserAddNewHandleddaPersonerEnskildPerson" name="LäggTillHandleddaPersonerEnskildPersonEfternamn" time="0.152"/>
  <testcase classname="testCasesSATMinProfilMeriterOchUtmärkelser.MeriterOchUtmärkelserAddNewHandleddaPersonerEnskildPerson" name="ClickMeriterOchUtmärkelser" time="1.936"/>
  <testcase classname="testCasesSATMinProfilMeriterOchUtmärkelser.MeriterOchUtmärkelserAddNewHandleddaPersonerEnskildPerson" name="LoginAsUser" time="10.173"/>
  <testcase classname="testCasesSATMinProfilMeriterOchUtmärkelser.MeriterOchUtmärkelserAddNewHandleddaPersonerEnskildPerson" name="LäggTillHandleddaPersonerEnskildPerson" time="0.133"/>
  <testcase classname="testCasesSATMinProfilMeriterOchUtmärkelser.MeriterOchUtmärkelserAddNewHandleddaPersonerEnskildPerson" name="LäggTillHandleddaPersonerEnskildPersonRollSpara" time="0.128"/>
</testsuite> <!-- testCasesSATMinProfilMeriterOchUtmärkelser.MeriterOchUtmärkelserAddNewHandleddaPersonerEnskildPerson -->
