<?xml version="1.0" encoding="UTF-8"?>
<!-- Generated by org.testng.reporters.JUnitReportReporter -->
<testsuite hostname="77DWHM2" failures="0" tests="10" name="testCasesSATGranskningBetalningsinformation.GranskningAddNewPaymentInformationBankLocatedInSwedenBankgiro" time="7.310" errors="0" timestamp="31 juli 2018 14:21:01 GMT" skipped="0">
  <testcase classname="testCasesSATGranskningBetalningsinformation.GranskningAddNewPaymentInformationBankLocatedInSwedenBankgiro" name="Betalningsinformation" time="0.598"/>
  <testcase classname="testCasesSATGranskningBetalningsinformation.GranskningAddNewPaymentInformationBankLocatedInSwedenBankgiro" name="AcceptAlert" time="0.702"/>
  <testcase classname="testCasesSATGranskningBetalningsinformation.GranskningAddNewPaymentInformationBankLocatedInSwedenBankgiro" name="BankensLand" time="0.151"/>
  <testcase classname="testCasesSATGranskningBetalningsinformation.GranskningAddNewPaymentInformationBankLocatedInSwedenBankgiro" name="Betalningstyp" time="0.174"/>
  <testcase classname="testCasesSATGranskningBetalningsinformation.GranskningAddNewPaymentInformationBankLocatedInSwedenBankgiro" name="ClickGranskningsfliken" time="0.491"/>
  <testcase classname="testCasesSATGranskningBetalningsinformation.GranskningAddNewPaymentInformationBankLocatedInSwedenBankgiro" name="Spara" time="0.135"/>
  <testcase classname="testCasesSATGranskningBetalningsinformation.GranskningAddNewPaymentInformationBankLocatedInSwedenBankgiro" name="Bankgiro" time="0.163"/>
  <testcase classname="testCasesSATGranskningBetalningsinformation.GranskningAddNewPaymentInformationBankLocatedInSwedenBankgiro" name="TIN" time="0.180"/>
  <testcase classname="testCasesSATGranskningBetalningsinformation.GranskningAddNewPaymentInformationBankLocatedInSwedenBankgiro" name="LoginAsUser" time="4.573"/>
  <testcase classname="testCasesSATGranskningBetalningsinformation.GranskningAddNewPaymentInformationBankLocatedInSwedenBankgiro" name="Skatteprocent" time="0.143"/>
</testsuite> <!-- testCasesSATGranskningBetalningsinformation.GranskningAddNewPaymentInformationBankLocatedInSwedenBankgiro -->
