<?xml version="1.0" encoding="UTF-8"?>
<!-- Generated by org.testng.reporters.JUnitReportReporter -->
<testsuite hostname="77DWHM2" failures="0" tests="10" name="testCasesSAT.GranskningAddNewPaymentInformationBankLocatedInSwedenPlusgiro" time="0.000" errors="0" timestamp="25 juli 2018 09:01:16 GMT" skipped="10">
  <testcase classname="testCasesSAT.GranskningAddNewPaymentInformationBankLocatedInSwedenPlusgiro" name="Betalningsinformation" time="0.000">
    <skipped/>
  </testcase> <!-- Betalningsinformation -->
  <testcase classname="testCasesSAT.GranskningAddNewPaymentInformationBankLocatedInSwedenPlusgiro" name="ClickGranskningsfliken" time="0.000">
    <skipped/>
  </testcase> <!-- ClickGranskningsfliken -->
  <testcase classname="testCasesSAT.GranskningAddNewPaymentInformationBankLocatedInSwedenPlusgiro" name="BankensLand" time="0.000">
    <skipped/>
  </testcase> <!-- BankensLand -->
  <testcase classname="testCasesSAT.GranskningAddNewPaymentInformationBankLocatedInSwedenPlusgiro" name="TIN" time="0.000">
    <skipped/>
  </testcase> <!-- TIN -->
  <testcase classname="testCasesSAT.GranskningAddNewPaymentInformationBankLocatedInSwedenPlusgiro" name="Plusgiro" time="0.000">
    <skipped/>
  </testcase> <!-- Plusgiro -->
  <testcase classname="testCasesSAT.GranskningAddNewPaymentInformationBankLocatedInSwedenPlusgiro" name="AcceptAlert" time="0.000">
    <skipped/>
  </testcase> <!-- AcceptAlert -->
  <testcase classname="testCasesSAT.GranskningAddNewPaymentInformationBankLocatedInSwedenPlusgiro" name="LoginAsUser" time="0.000">
    <skipped/>
  </testcase> <!-- LoginAsUser -->
  <testcase classname="testCasesSAT.GranskningAddNewPaymentInformationBankLocatedInSwedenPlusgiro" name="Skatteprocent" time="0.000">
    <skipped/>
  </testcase> <!-- Skatteprocent -->
  <testcase classname="testCasesSAT.GranskningAddNewPaymentInformationBankLocatedInSwedenPlusgiro" name="Betalningstyp" time="0.000">
    <skipped/>
  </testcase> <!-- Betalningstyp -->
  <testcase classname="testCasesSAT.GranskningAddNewPaymentInformationBankLocatedInSwedenPlusgiro" name="Spara" time="0.000">
    <skipped/>
  </testcase> <!-- Spara -->
</testsuite> <!-- testCasesSAT.GranskningAddNewPaymentInformationBankLocatedInSwedenPlusgiro -->
