<?xml version="1.0" encoding="UTF-8"?>
<!-- Generated by org.testng.reporters.JUnitReportReporter -->
<testsuite hostname="77DWHM2" failures="0" tests="21" name="testCasesSATMinProfilPublikationer.PublikationerAddNewFackGranskadProceedings" time="19.020" errors="0" timestamp="26 juli 2018 14:19:25 GMT" skipped="0">
  <testcase classname="testCasesSATMinProfilPublikationer.PublikationerAddNewFackGranskadProceedings" name="ProceedingsFörfattareFörnamn" time="0.328"/>
  <testcase classname="testCasesSATMinProfilPublikationer.PublikationerAddNewFackGranskadProceedings" name="ProceedingsOpenAccessFormAvOA" time="0.121"/>
  <testcase classname="testCasesSATMinProfilPublikationer.PublikationerAddNewFackGranskadProceedings" name="ProceedingsStatus" time="0.088"/>
  <testcase classname="testCasesSATMinProfilPublikationer.PublikationerAddNewFackGranskadProceedings" name="ProceedingsFörlag" time="0.451"/>
  <testcase classname="testCasesSATMinProfilPublikationer.PublikationerAddNewFackGranskadProceedings" name="ProceedingsFörfattareKnapp" time="0.158"/>
  <testcase classname="testCasesSATMinProfilPublikationer.PublikationerAddNewFackGranskadProceedings" name="ProceedingsOpenAccessLänkExternLänkFörPublicering" time="0.928"/>
  <testcase classname="testCasesSATMinProfilPublikationer.PublikationerAddNewFackGranskadProceedings" name="DropDownProceedings" time="0.249"/>
  <testcase classname="testCasesSATMinProfilPublikationer.PublikationerAddNewFackGranskadProceedings" name="ClickPublikationer" time="1.716"/>
  <testcase classname="testCasesSATMinProfilPublikationer.PublikationerAddNewFackGranskadProceedings" name="ProceedingsDOI" time="0.289"/>
  <testcase classname="testCasesSATMinProfilPublikationer.PublikationerAddNewFackGranskadProceedings" name="ProceedingsKällaFörPublikation" time="0.117"/>
  <testcase classname="testCasesSATMinProfilPublikationer.PublikationerAddNewFackGranskadProceedings" name="LoginAsUser" time="9.644"/>
  <testcase classname="testCasesSATMinProfilPublikationer.PublikationerAddNewFackGranskadProceedings" name="LäggTillPublikationer" time="0.113"/>
  <testcase classname="testCasesSATMinProfilPublikationer.PublikationerAddNewFackGranskadProceedings" name="ProceedingsTitel" time="0.464"/>
  <testcase classname="testCasesSATMinProfilPublikationer.PublikationerAddNewFackGranskadProceedings" name="ProceedingsOpenAcessSammanfattning" time="0.565"/>
  <testcase classname="testCasesSATMinProfilPublikationer.PublikationerAddNewFackGranskadProceedings" name="ProceedingsSpara" time="1.421"/>
  <testcase classname="testCasesSATMinProfilPublikationer.PublikationerAddNewFackGranskadProceedings" name="VäljPublikationsTyp" time="0.926"/>
  <testcase classname="testCasesSATMinProfilPublikationer.PublikationerAddNewFackGranskadProceedings" name="ProceedingsFörlagsplats" time="0.389"/>
  <testcase classname="testCasesSATMinProfilPublikationer.PublikationerAddNewFackGranskadProceedings" name="ProceedingsOpenAccessDokumentVersion" time="0.155"/>
  <testcase classname="testCasesSATMinProfilPublikationer.PublikationerAddNewFackGranskadProceedings" name="ProceedingsKällaID" time="0.261"/>
  <testcase classname="testCasesSATMinProfilPublikationer.PublikationerAddNewFackGranskadProceedings" name="ProceedingsFörfattareEfternamn" time="0.524"/>
  <testcase classname="testCasesSATMinProfilPublikationer.PublikationerAddNewFackGranskadProceedings" name="ProceedingsVarTextenPubliceradIOpenAcessJa" time="0.113"/>
</testsuite> <!-- testCasesSATMinProfilPublikationer.PublikationerAddNewFackGranskadProceedings -->
