<?xml version="1.0" encoding="UTF-8"?>
<!-- Generated by org.testng.reporters.JUnitReportReporter -->
<testsuite hostname="77DWHM2" failures="0" tests="21" name="testCasesSATMinProfilPublikationer.PublikationerAddNewFackGranskadBok" time="17.537" errors="0" timestamp="31 juli 2018 14:21:01 GMT" skipped="0">
  <testcase classname="testCasesSATMinProfilPublikationer.PublikationerAddNewFackGranskadBok" name="LäggTillPublikationer" time="0.120"/>
  <testcase classname="testCasesSATMinProfilPublikationer.PublikationerAddNewFackGranskadBok" name="BokOpenAccessFormAvOA" time="0.123"/>
  <testcase classname="testCasesSATMinProfilPublikationer.PublikationerAddNewFackGranskadBok" name="DropDownBok" time="0.267"/>
  <testcase classname="testCasesSATMinProfilPublikationer.PublikationerAddNewFackGranskadBok" name="BokFörfattareEfternamn" time="0.355"/>
  <testcase classname="testCasesSATMinProfilPublikationer.PublikationerAddNewFackGranskadBok" name="BokSpara" time="1.344"/>
  <testcase classname="testCasesSATMinProfilPublikationer.PublikationerAddNewFackGranskadBok" name="BokVarTextenPubliceradIOpenAcessJa" time="0.161"/>
  <testcase classname="testCasesSATMinProfilPublikationer.PublikationerAddNewFackGranskadBok" name="BokUtgivareDOI" time="0.231"/>
  <testcase classname="testCasesSATMinProfilPublikationer.PublikationerAddNewFackGranskadBok" name="ClickPublikationer" time="1.584"/>
  <testcase classname="testCasesSATMinProfilPublikationer.PublikationerAddNewFackGranskadBok" name="BokFörfattareFörnamn" time="0.253"/>
  <testcase classname="testCasesSATMinProfilPublikationer.PublikationerAddNewFackGranskadBok" name="BokUtgivareFörlag" time="0.351"/>
  <testcase classname="testCasesSATMinProfilPublikationer.PublikationerAddNewFackGranskadBok" name="BokTitel" time="0.381"/>
  <testcase classname="testCasesSATMinProfilPublikationer.PublikationerAddNewFackGranskadBok" name="BokOpenAccessLänkExternLänkFörPublicering" time="0.886"/>
  <testcase classname="testCasesSATMinProfilPublikationer.PublikationerAddNewFackGranskadBok" name="BokOpenAccessDokumentVersion" time="0.133"/>
  <testcase classname="testCasesSATMinProfilPublikationer.PublikationerAddNewFackGranskadBok" name="BokUtgivareKällaID" time="0.238"/>
  <testcase classname="testCasesSATMinProfilPublikationer.PublikationerAddNewFackGranskadBok" name="BokFörfattareKnapp" time="0.139"/>
  <testcase classname="testCasesSATMinProfilPublikationer.PublikationerAddNewFackGranskadBok" name="LoginAsUser" time="8.722"/>
  <testcase classname="testCasesSATMinProfilPublikationer.PublikationerAddNewFackGranskadBok" name="VäljPublikationsTyp" time="0.935"/>
  <testcase classname="testCasesSATMinProfilPublikationer.PublikationerAddNewFackGranskadBok" name="BokUtgivareKällaFörPublikation" time="0.134"/>
  <testcase classname="testCasesSATMinProfilPublikationer.PublikationerAddNewFackGranskadBok" name="BokUtgivareISBN" time="0.232"/>
  <testcase classname="testCasesSATMinProfilPublikationer.PublikationerAddNewFackGranskadBok" name="BokOpenAcessSammanfattning" time="0.566"/>
  <testcase classname="testCasesSATMinProfilPublikationer.PublikationerAddNewFackGranskadBok" name="BokUtgivareFörlagsplats" time="0.382"/>
</testsuite> <!-- testCasesSATMinProfilPublikationer.PublikationerAddNewFackGranskadBok -->
