<?xml version="1.0" encoding="UTF-8"?>
<!-- Generated by org.testng.reporters.JUnitReportReporter -->
<testsuite hostname="77DWHM2" failures="0" tests="9" name="testCasesSAT.ArbetslivAddNewPostdoktorvistelser" time="0.000" errors="0" timestamp="25 juli 2018 09:01:16 GMT" skipped="9">
  <testcase classname="testCasesSAT.ArbetslivAddNewPostdoktorvistelser" name="ClickArbetsliv" time="0.000">
    <skipped/>
  </testcase> <!-- ClickArbetsliv -->
  <testcase classname="testCasesSAT.ArbetslivAddNewPostdoktorvistelser" name="ÄmneDropDown" time="0.000">
    <skipped/>
  </testcase> <!-- ÄmneDropDown -->
  <testcase classname="testCasesSAT.ArbetslivAddNewPostdoktorvistelser" name="PeriodStartOchSlutYear" time="0.000">
    <skipped/>
  </testcase> <!-- PeriodStartOchSlutYear -->
  <testcase classname="testCasesSAT.ArbetslivAddNewPostdoktorvistelser" name="LoginAsUser" time="0.000">
    <skipped/>
  </testcase> <!-- LoginAsUser -->
  <testcase classname="testCasesSAT.ArbetslivAddNewPostdoktorvistelser" name="PeriodEndMonth" time="0.000">
    <skipped/>
  </testcase> <!-- PeriodEndMonth -->
  <testcase classname="testCasesSAT.ArbetslivAddNewPostdoktorvistelser" name="SparaPostdoktorvistelser" time="0.000">
    <skipped/>
  </testcase> <!-- SparaPostdoktorvistelser -->
  <testcase classname="testCasesSAT.ArbetslivAddNewPostdoktorvistelser" name="AddPostdoktorvistelser" time="0.000">
    <skipped/>
  </testcase> <!-- AddPostdoktorvistelser -->
  <testcase classname="testCasesSAT.ArbetslivAddNewPostdoktorvistelser" name="PeriodStartMonth" time="0.000">
    <skipped/>
  </testcase> <!-- PeriodStartMonth -->
  <testcase classname="testCasesSAT.ArbetslivAddNewPostdoktorvistelser" name="SelectOrganization" time="0.000">
    <skipped/>
  </testcase> <!-- SelectOrganization -->
</testsuite> <!-- testCasesSAT.ArbetslivAddNewPostdoktorvistelser -->
