<?xml version="1.0" encoding="UTF-8"?>
<!-- Generated by org.testng.reporters.JUnitReportReporter -->
<testsuite hostname="77DWHM2" failures="0" tests="24" name="testCasesSATMinProfilPublikationer.PublikationerAddNewFackGranskadKonferensbidrag" time="19.924" errors="0" timestamp="26 juli 2018 14:19:25 GMT" skipped="0">
  <testcase classname="testCasesSATMinProfilPublikationer.PublikationerAddNewFackGranskadKonferensbidrag" name="KonferensbidragSistaSidnummer" time="0.204"/>
  <testcase classname="testCasesSATMinProfilPublikationer.PublikationerAddNewFackGranskadKonferensbidrag" name="KonferensbidragSpara" time="1.430"/>
  <testcase classname="testCasesSATMinProfilPublikationer.PublikationerAddNewFackGranskadKonferensbidrag" name="KonferensbidragKällaID" time="0.191"/>
  <testcase classname="testCasesSATMinProfilPublikationer.PublikationerAddNewFackGranskadKonferensbidrag" name="ClickPublikationer" time="1.653"/>
  <testcase classname="testCasesSATMinProfilPublikationer.PublikationerAddNewFackGranskadKonferensbidrag" name="KonferensbidragTitel" time="0.393"/>
  <testcase classname="testCasesSATMinProfilPublikationer.PublikationerAddNewFackGranskadKonferensbidrag" name="VäljPublikationsTyp" time="0.810"/>
  <testcase classname="testCasesSATMinProfilPublikationer.PublikationerAddNewFackGranskadKonferensbidrag" name="KonferensbidragFörstaSidnummer" time="0.185"/>
  <testcase classname="testCasesSATMinProfilPublikationer.PublikationerAddNewFackGranskadKonferensbidrag" name="KonferensbidragOpenAccessFormAvOA" time="0.114"/>
  <testcase classname="testCasesSATMinProfilPublikationer.PublikationerAddNewFackGranskadKonferensbidrag" name="KonferensbidragFörfattareFörnamn" time="0.298"/>
  <testcase classname="testCasesSATMinProfilPublikationer.PublikationerAddNewFackGranskadKonferensbidrag" name="KonferensbidragDOI" time="0.272"/>
  <testcase classname="testCasesSATMinProfilPublikationer.PublikationerAddNewFackGranskadKonferensbidrag" name="KonferensbidragOpenAccessLänkExternLänkFörPublicering" time="0.911"/>
  <testcase classname="testCasesSATMinProfilPublikationer.PublikationerAddNewFackGranskadKonferensbidrag" name="DropDownKonferensbidrag" time="0.233"/>
  <testcase classname="testCasesSATMinProfilPublikationer.PublikationerAddNewFackGranskadKonferensbidrag" name="KonferensbidragVarTextenPubliceradIOpenAcessJa" time="0.123"/>
  <testcase classname="testCasesSATMinProfilPublikationer.PublikationerAddNewFackGranskadKonferensbidrag" name="KonferensbidragVolym" time="0.184"/>
  <testcase classname="testCasesSATMinProfilPublikationer.PublikationerAddNewFackGranskadKonferensbidrag" name="KonferensbidragOpenAccessDokumentVersion" time="0.150"/>
  <testcase classname="testCasesSATMinProfilPublikationer.PublikationerAddNewFackGranskadKonferensbidrag" name="KonferensbidragKällaFörPublikation" time="0.100"/>
  <testcase classname="testCasesSATMinProfilPublikationer.PublikationerAddNewFackGranskadKonferensbidrag" name="KonferensbidragOpenAcessSammanfattning" time="1.050"/>
  <testcase classname="testCasesSATMinProfilPublikationer.PublikationerAddNewFackGranskadKonferensbidrag" name="KonferensbidragNamnPåTidskrift" time="0.400"/>
  <testcase classname="testCasesSATMinProfilPublikationer.PublikationerAddNewFackGranskadKonferensbidrag" name="KonferensbidragUtfärdandenummer" time="0.204"/>
  <testcase classname="testCasesSATMinProfilPublikationer.PublikationerAddNewFackGranskadKonferensbidrag" name="KonferensbidragFörfattareKnapp" time="0.150"/>
  <testcase classname="testCasesSATMinProfilPublikationer.PublikationerAddNewFackGranskadKonferensbidrag" name="LoginAsUser" time="10.156"/>
  <testcase classname="testCasesSATMinProfilPublikationer.PublikationerAddNewFackGranskadKonferensbidrag" name="KonferensbidragFörfattareEfternamn" time="0.493"/>
  <testcase classname="testCasesSATMinProfilPublikationer.PublikationerAddNewFackGranskadKonferensbidrag" name="LäggTillPublikationer" time="0.147"/>
  <testcase classname="testCasesSATMinProfilPublikationer.PublikationerAddNewFackGranskadKonferensbidrag" name="KonferensbidragStatus" time="0.073"/>
</testsuite> <!-- testCasesSATMinProfilPublikationer.PublikationerAddNewFackGranskadKonferensbidrag -->
