<?xml version="1.0" encoding="UTF-8"?>
<!-- Generated by org.testng.reporters.JUnitReportReporter -->
<testsuite hostname="77DWHM2" failures="0" tests="1" name="TestcasesSAT.TryMozilla" time="3.284" errors="0" timestamp="20 juni 2018 11:45:14 GMT" skipped="0">
  <testcase classname="TestcasesSAT.TryMozilla" name="RunningMozilla" time="3.284"/>
</testsuite> <!-- TestcasesSAT.TryMozilla -->
