<?xml version="1.0" encoding="UTF-8"?>
<!-- Generated by org.testng.reporters.JUnitReportReporter -->
<testsuite hostname="77DWHM2" failures="0" tests="10" name="testCasesSAT.UtbildningForskarUtbildningAddForskningskompetensMotsvarandeDoktorsexamen" time="10.988" errors="0" timestamp="19 juli 2018 15:38:48 GMT" skipped="0">
  <testcase classname="testCasesSAT.UtbildningForskarUtbildningAddForskningskompetensMotsvarandeDoktorsexamen" name="ClickForskarUtbildning" time="0.076"/>
  <testcase classname="testCasesSAT.UtbildningForskarUtbildningAddForskningskompetensMotsvarandeDoktorsexamen" name="TypAvForskarUtbildningAddForskningskompetensMotsvarandeDoktorsexamen" time="0.251"/>
  <testcase classname="testCasesSAT.UtbildningForskarUtbildningAddForskningskompetensMotsvarandeDoktorsexamen" name="TypAvForskarUtbildningSelectSubjects" time="0.570"/>
  <testcase classname="testCasesSAT.UtbildningForskarUtbildningAddForskningskompetensMotsvarandeDoktorsexamen" name="BeskrivningAvKompetensEngelska" time="0.107"/>
  <testcase classname="testCasesSAT.UtbildningForskarUtbildningAddForskningskompetensMotsvarandeDoktorsexamen" name="ClickUtbildning" time="0.607"/>
  <testcase classname="testCasesSAT.UtbildningForskarUtbildningAddForskningskompetensMotsvarandeDoktorsexamen" name="AddForskarUtbildning" time="0.074"/>
  <testcase classname="testCasesSAT.UtbildningForskarUtbildningAddForskningskompetensMotsvarandeDoktorsexamen" name="BeskrivningAvKompetensSvenska" time="0.135"/>
  <testcase classname="testCasesSAT.UtbildningForskarUtbildningAddForskningskompetensMotsvarandeDoktorsexamen" name="SelectOrganization" time="2.060"/>
  <testcase classname="testCasesSAT.UtbildningForskarUtbildningAddForskningskompetensMotsvarandeDoktorsexamen" name="Examensdatum" time="0.335"/>
  <testcase classname="testCasesSAT.UtbildningForskarUtbildningAddForskningskompetensMotsvarandeDoktorsexamen" name="LoginAsUser" time="6.773"/>
</testsuite> <!-- testCasesSAT.UtbildningForskarUtbildningAddForskningskompetensMotsvarandeDoktorsexamen -->
