<?xml version="1.0" encoding="UTF-8"?>
<!-- Generated by org.testng.reporters.JUnitReportReporter -->
<testsuite hostname="77DWHM2" failures="0" tests="9" name="testCasesMinProfilArbetsliv.ArbetslivAddNewPostdoktorvistelser" time="0.001" errors="0" timestamp="25 juli 2018 15:37:48 GMT" skipped="9">
  <testcase classname="testCasesMinProfilArbetsliv.ArbetslivAddNewPostdoktorvistelser" name="ClickArbetsliv" time="0.000">
    <skipped/>
  </testcase> <!-- ClickArbetsliv -->
  <testcase classname="testCasesMinProfilArbetsliv.ArbetslivAddNewPostdoktorvistelser" name="SparaPostdoktorvistelser" time="0.000">
    <skipped/>
  </testcase> <!-- SparaPostdoktorvistelser -->
  <testcase classname="testCasesMinProfilArbetsliv.ArbetslivAddNewPostdoktorvistelser" name="PeriodStartMonth" time="0.001">
    <skipped/>
  </testcase> <!-- PeriodStartMonth -->
  <testcase classname="testCasesMinProfilArbetsliv.ArbetslivAddNewPostdoktorvistelser" name="PeriodEndMonth" time="0.000">
    <skipped/>
  </testcase> <!-- PeriodEndMonth -->
  <testcase classname="testCasesMinProfilArbetsliv.ArbetslivAddNewPostdoktorvistelser" name="LoginAsUser3" time="0.000">
    <skipped/>
  </testcase> <!-- LoginAsUser3 -->
  <testcase classname="testCasesMinProfilArbetsliv.ArbetslivAddNewPostdoktorvistelser" name="SelectOrganization" time="0.000">
    <skipped/>
  </testcase> <!-- SelectOrganization -->
  <testcase classname="testCasesMinProfilArbetsliv.ArbetslivAddNewPostdoktorvistelser" name="PeriodStartOchSlutYear" time="0.000">
    <skipped/>
  </testcase> <!-- PeriodStartOchSlutYear -->
  <testcase classname="testCasesMinProfilArbetsliv.ArbetslivAddNewPostdoktorvistelser" name="ÄmneDropDown" time="0.000">
    <skipped/>
  </testcase> <!-- ÄmneDropDown -->
  <testcase classname="testCasesMinProfilArbetsliv.ArbetslivAddNewPostdoktorvistelser" name="AddPostdoktorvistelser" time="0.000">
    <skipped/>
  </testcase> <!-- AddPostdoktorvistelser -->
</testsuite> <!-- testCasesMinProfilArbetsliv.ArbetslivAddNewPostdoktorvistelser -->
