<?xml version="1.0" encoding="UTF-8"?>
<!-- Generated by org.testng.reporters.JUnitReportReporter -->
<testsuite hostname="77DWHM2" failures="0" tests="10" name="testCasesSAT.ImmaterialrättAddNewImmaterialRätt" time="0.000" errors="0" timestamp="25 juli 2018 09:01:16 GMT" skipped="10">
  <testcase classname="testCasesSAT.ImmaterialrättAddNewImmaterialRätt" name="LäggTill" time="0.000">
    <skipped/>
  </testcase> <!-- LäggTill -->
  <testcase classname="testCasesSAT.ImmaterialrättAddNewImmaterialRätt" name="ClickImmaterialrätt" time="0.000">
    <skipped/>
  </testcase> <!-- ClickImmaterialrätt -->
  <testcase classname="testCasesSAT.ImmaterialrättAddNewImmaterialRätt" name="Spara" time="0.000">
    <skipped/>
  </testcase> <!-- Spara -->
  <testcase classname="testCasesSAT.ImmaterialrättAddNewImmaterialRätt" name="LoginAsUser" time="0.000">
    <skipped/>
  </testcase> <!-- LoginAsUser -->
  <testcase classname="testCasesSAT.ImmaterialrättAddNewImmaterialRätt" name="DatumFörBeviljande" time="0.000">
    <skipped/>
  </testcase> <!-- DatumFörBeviljande -->
  <testcase classname="testCasesSAT.ImmaterialrättAddNewImmaterialRätt" name="ProduktKlassificering" time="0.000">
    <skipped/>
  </testcase> <!-- ProduktKlassificering -->
  <testcase classname="testCasesSAT.ImmaterialrättAddNewImmaterialRätt" name="Typ" time="0.000">
    <skipped/>
  </testcase> <!-- Typ -->
  <testcase classname="testCasesSAT.ImmaterialrättAddNewImmaterialRätt" name="LicensieradTillAnnanDropDown" time="0.000">
    <skipped/>
  </testcase> <!-- LicensieradTillAnnanDropDown -->
  <testcase classname="testCasesSAT.ImmaterialrättAddNewImmaterialRätt" name="LicensieradTillAnnan" time="0.000">
    <skipped/>
  </testcase> <!-- LicensieradTillAnnan -->
  <testcase classname="testCasesSAT.ImmaterialrättAddNewImmaterialRätt" name="Id" time="0.000">
    <skipped/>
  </testcase> <!-- Id -->
</testsuite> <!-- testCasesSAT.ImmaterialrättAddNewImmaterialRätt -->
