<?xml version="1.0" encoding="UTF-8"?>
<!-- Generated by org.testng.reporters.JUnitReportReporter -->
<testsuite hostname="77DWHM2" failures="0" tests="24" name="testCasesSAT.ArbetslivAddNewINTEFackGranskadOriginellaBidragTillVetenskapligaTidskriften" time="14.239" errors="0" timestamp="19 juli 2018 15:38:48 GMT" skipped="0">
  <testcase classname="testCasesSAT.ArbetslivAddNewINTEFackGranskadOriginellaBidragTillVetenskapligaTidskriften" name="OriginellaBidragTillVetenskapligaTidskriftenSistaSidnummer" time="0.060"/>
  <testcase classname="testCasesSAT.ArbetslivAddNewINTEFackGranskadOriginellaBidragTillVetenskapligaTidskriften" name="OriginellaBidragTillVetenskapligaTidskriftenVarTextenPubliceradIOpenAcessJa" time="0.101"/>
  <testcase classname="testCasesSAT.ArbetslivAddNewINTEFackGranskadOriginellaBidragTillVetenskapligaTidskriften" name="OriginellaBidragTillVetenskapligaTidskriftenFörfattareFörnamn" time="0.115"/>
  <testcase classname="testCasesSAT.ArbetslivAddNewINTEFackGranskadOriginellaBidragTillVetenskapligaTidskriften" name="OriginellaBidragTillVetenskapligaTidskriftenKällaID" time="0.078"/>
  <testcase classname="testCasesSAT.ArbetslivAddNewINTEFackGranskadOriginellaBidragTillVetenskapligaTidskriften" name="OriginellaBidragTillVetenskapligaTidskriftenOpenAcessSammanfattning" time="0.286"/>
  <testcase classname="testCasesSAT.ArbetslivAddNewINTEFackGranskadOriginellaBidragTillVetenskapligaTidskriften" name="OriginellaBidragTillVetenskapligaTidskriftenOpenAccessDokumentVersion" time="0.129"/>
  <testcase classname="testCasesSAT.ArbetslivAddNewINTEFackGranskadOriginellaBidragTillVetenskapligaTidskriften" name="OriginellaBidragTillVetenskapligaTidskriftenNamnPåTidskrift" time="0.133"/>
  <testcase classname="testCasesSAT.ArbetslivAddNewINTEFackGranskadOriginellaBidragTillVetenskapligaTidskriften" name="LoginAsUser" time="8.316"/>
  <testcase classname="testCasesSAT.ArbetslivAddNewINTEFackGranskadOriginellaBidragTillVetenskapligaTidskriften" name="OriginellaBidragTillVetenskapligaTidskriftenSpara" time="0.865"/>
  <testcase classname="testCasesSAT.ArbetslivAddNewINTEFackGranskadOriginellaBidragTillVetenskapligaTidskriften" name="OriginellaBidragTillVetenskapligaTidskriftenOpenAccessFormAvOA" time="0.138"/>
  <testcase classname="testCasesSAT.ArbetslivAddNewINTEFackGranskadOriginellaBidragTillVetenskapligaTidskriften" name="OriginellaBidragTillVetenskapligaTidskriftenFörfattareEfternamn" time="0.133"/>
  <testcase classname="testCasesSAT.ArbetslivAddNewINTEFackGranskadOriginellaBidragTillVetenskapligaTidskriften" name="OriginellaBidragTillVetenskapligaTidskriftenDOI" time="0.131"/>
  <testcase classname="testCasesSAT.ArbetslivAddNewINTEFackGranskadOriginellaBidragTillVetenskapligaTidskriften" name="OriginellaBidragTillVetenskapligaTidskriftenFörstaSidnummer" time="0.056"/>
  <testcase classname="testCasesSAT.ArbetslivAddNewINTEFackGranskadOriginellaBidragTillVetenskapligaTidskriften" name="OriginellaBidragTillVetenskapligaTidskriftenStatus" time="0.070"/>
  <testcase classname="testCasesSAT.ArbetslivAddNewINTEFackGranskadOriginellaBidragTillVetenskapligaTidskriften" name="OriginellaBidragTillVetenskapligaTidskriftenUtfärdandenummer" time="0.069"/>
  <testcase classname="testCasesSAT.ArbetslivAddNewINTEFackGranskadOriginellaBidragTillVetenskapligaTidskriften" name="OriginellaBidragTillVetenskapligaTidskriftenKällaFörPublikation" time="0.198"/>
  <testcase classname="testCasesSAT.ArbetslivAddNewINTEFackGranskadOriginellaBidragTillVetenskapligaTidskriften" name="OriginellaBidragTillVetenskapligaTidskriftenFörfattareKnapp" time="0.126"/>
  <testcase classname="testCasesSAT.ArbetslivAddNewINTEFackGranskadOriginellaBidragTillVetenskapligaTidskriften" name="ClickPublikationer" time="1.067"/>
  <testcase classname="testCasesSAT.ArbetslivAddNewINTEFackGranskadOriginellaBidragTillVetenskapligaTidskriften" name="OriginellaBidragTillVetenskapligaTidskriftenTitel" time="0.210"/>
  <testcase classname="testCasesSAT.ArbetslivAddNewINTEFackGranskadOriginellaBidragTillVetenskapligaTidskriften" name="VäljPublikationsTyp" time="0.820"/>
  <testcase classname="testCasesSAT.ArbetslivAddNewINTEFackGranskadOriginellaBidragTillVetenskapligaTidskriften" name="OriginellaBidragTillVetenskapligaTidskriftenOpenAccessLänkExternLänkFörPublicering" time="0.742"/>
  <testcase classname="testCasesSAT.ArbetslivAddNewINTEFackGranskadOriginellaBidragTillVetenskapligaTidskriften" name="LäggTillPublikationer" time="0.098"/>
  <testcase classname="testCasesSAT.ArbetslivAddNewINTEFackGranskadOriginellaBidragTillVetenskapligaTidskriften" name="DropDownOriginellaBidragTillVetenskapligaTidskriften" time="0.212"/>
  <testcase classname="testCasesSAT.ArbetslivAddNewINTEFackGranskadOriginellaBidragTillVetenskapligaTidskriften" name="OriginellaBidragTillVetenskapligaTidskriftenVolym" time="0.086"/>
</testsuite> <!-- testCasesSAT.ArbetslivAddNewINTEFackGranskadOriginellaBidragTillVetenskapligaTidskriften -->
