<?xml version="1.0" encoding="UTF-8"?>
<!-- Generated by org.testng.reporters.JUnitReportReporter -->
<testsuite hostname="77DWHM2" failures="0" tests="13" name="testCasesSATGranskningBetalningsinformation.GranskningAddNewPaymentInformationBankLocatedInSwedenBankkonto" time="8.556" errors="0" timestamp="26 juli 2018 14:19:25 GMT" skipped="0">
  <testcase classname="testCasesSATGranskningBetalningsinformation.GranskningAddNewPaymentInformationBankLocatedInSwedenBankkonto" name="Kontoinnehavare" time="0.287"/>
  <testcase classname="testCasesSATGranskningBetalningsinformation.GranskningAddNewPaymentInformationBankLocatedInSwedenBankkonto" name="Betalningstyp" time="0.082"/>
  <testcase classname="testCasesSATGranskningBetalningsinformation.GranskningAddNewPaymentInformationBankLocatedInSwedenBankkonto" name="Skatteprocent" time="0.085"/>
  <testcase classname="testCasesSATGranskningBetalningsinformation.GranskningAddNewPaymentInformationBankLocatedInSwedenBankkonto" name="Spara" time="0.099"/>
  <testcase classname="testCasesSATGranskningBetalningsinformation.GranskningAddNewPaymentInformationBankLocatedInSwedenBankkonto" name="TIN" time="0.111"/>
  <testcase classname="testCasesSATGranskningBetalningsinformation.GranskningAddNewPaymentInformationBankLocatedInSwedenBankkonto" name="BankensNamn" time="0.505"/>
  <testcase classname="testCasesSATGranskningBetalningsinformation.GranskningAddNewPaymentInformationBankLocatedInSwedenBankkonto" name="Bankkontonummer" time="0.132"/>
  <testcase classname="testCasesSATGranskningBetalningsinformation.GranskningAddNewPaymentInformationBankLocatedInSwedenBankkonto" name="Clearingnummer" time="0.185"/>
  <testcase classname="testCasesSATGranskningBetalningsinformation.GranskningAddNewPaymentInformationBankLocatedInSwedenBankkonto" name="AcceptAlert" time="0.833"/>
  <testcase classname="testCasesSATGranskningBetalningsinformation.GranskningAddNewPaymentInformationBankLocatedInSwedenBankkonto" name="LoginAsUser" time="5.065"/>
  <testcase classname="testCasesSATGranskningBetalningsinformation.GranskningAddNewPaymentInformationBankLocatedInSwedenBankkonto" name="ClickGranskningsfliken" time="0.535"/>
  <testcase classname="testCasesSATGranskningBetalningsinformation.GranskningAddNewPaymentInformationBankLocatedInSwedenBankkonto" name="Betalningsinformation" time="0.580"/>
  <testcase classname="testCasesSATGranskningBetalningsinformation.GranskningAddNewPaymentInformationBankLocatedInSwedenBankkonto" name="BankensLand" time="0.057"/>
</testsuite> <!-- testCasesSATGranskningBetalningsinformation.GranskningAddNewPaymentInformationBankLocatedInSwedenBankkonto -->
