<?xml version="1.0" encoding="UTF-8"?>
<!-- Generated by org.testng.reporters.JUnitReportReporter -->
<testsuite hostname="77DWHM2" failures="0" tests="20" name="testCasesSAT.ButtonCheckLoggedInAsAdmin" time="101.372" errors="0" timestamp="19 juli 2018 15:38:47 GMT" skipped="0">
  <testcase classname="testCasesSAT.ButtonCheckLoggedInAsAdmin" name="ClickIntressentregisterButton" time="5.573"/>
  <testcase classname="testCasesSAT.ButtonCheckLoggedInAsAdmin" name="FormulärSkolfi" time="5.403"/>
  <testcase classname="testCasesSAT.ButtonCheckLoggedInAsAdmin" name="FormulärVetenskapsrådet" time="6.190"/>
  <testcase classname="testCasesSAT.ButtonCheckLoggedInAsAdmin" name="FinansiärSkolfi" time="6.868"/>
  <testcase classname="testCasesSAT.ButtonCheckLoggedInAsAdmin" name="ClickMyProfileButton" time="1.463"/>
  <testcase classname="testCasesSAT.ButtonCheckLoggedInAsAdmin" name="FormulärForte" time="5.377"/>
  <testcase classname="testCasesSAT.ButtonCheckLoggedInAsAdmin" name="FinansiärFormas" time="7.131"/>
  <testcase classname="testCasesSAT.ButtonCheckLoggedInAsAdmin" name="FinansiärForte" time="7.317"/>
  <testcase classname="testCasesSAT.ButtonCheckLoggedInAsAdmin" name="FinansiärKarolinskaInstitutet" time="7.896"/>
  <testcase classname="testCasesSAT.ButtonCheckLoggedInAsAdmin" name="ClickFinansiärButton" time="0.525"/>
  <testcase classname="testCasesSAT.ButtonCheckLoggedInAsAdmin" name="FinansiärEPN" time="7.694"/>
  <testcase classname="testCasesSAT.ButtonCheckLoggedInAsAdmin" name="FinansiärVetenskapsrådet" time="7.363"/>
  <testcase classname="testCasesSAT.ButtonCheckLoggedInAsAdmin" name="ClickBeredningsgrupperButton" time="1.901"/>
  <testcase classname="testCasesSAT.ButtonCheckLoggedInAsAdmin" name="Logout" time="0.430"/>
  <testcase classname="testCasesSAT.ButtonCheckLoggedInAsAdmin" name="FormulärFormas" time="6.443"/>
  <testcase classname="testCasesSAT.ButtonCheckLoggedInAsAdmin" name="FormulärKarolinskaInstitutet" time="6.053"/>
  <testcase classname="testCasesSAT.ButtonCheckLoggedInAsAdmin" name="LoginAsAdminUser" time="2.821"/>
  <testcase classname="testCasesSAT.ButtonCheckLoggedInAsAdmin" name="ClickPortaladministrationButton" time="8.184"/>
  <testcase classname="testCasesSAT.ButtonCheckLoggedInAsAdmin" name="ClickFormulärButton" time="0.550"/>
  <testcase classname="testCasesSAT.ButtonCheckLoggedInAsAdmin" name="FormulärEPN" time="6.190"/>
</testsuite> <!-- testCasesSAT.ButtonCheckLoggedInAsAdmin -->
