<?xml version="1.0" encoding="UTF-8"?>
<!-- Generated by org.testng.reporters.JUnitReportReporter -->
<testsuite hostname="77DWHM2" failures="0" tests="13" name="testCasesSAT.GranskningAddNewPaymentInformationBankLocatedInSwedenBankkonto" time="0.000" errors="0" timestamp="25 juli 2018 09:01:16 GMT" skipped="13">
  <testcase classname="testCasesSAT.GranskningAddNewPaymentInformationBankLocatedInSwedenBankkonto" name="LoginAsUser" time="0.000">
    <skipped/>
  </testcase> <!-- LoginAsUser -->
  <testcase classname="testCasesSAT.GranskningAddNewPaymentInformationBankLocatedInSwedenBankkonto" name="Betalningstyp" time="0.000">
    <skipped/>
  </testcase> <!-- Betalningstyp -->
  <testcase classname="testCasesSAT.GranskningAddNewPaymentInformationBankLocatedInSwedenBankkonto" name="Bankkontonummer" time="0.000">
    <skipped/>
  </testcase> <!-- Bankkontonummer -->
  <testcase classname="testCasesSAT.GranskningAddNewPaymentInformationBankLocatedInSwedenBankkonto" name="Clearingnummer" time="0.000">
    <skipped/>
  </testcase> <!-- Clearingnummer -->
  <testcase classname="testCasesSAT.GranskningAddNewPaymentInformationBankLocatedInSwedenBankkonto" name="ClickGranskningsfliken" time="0.000">
    <skipped/>
  </testcase> <!-- ClickGranskningsfliken -->
  <testcase classname="testCasesSAT.GranskningAddNewPaymentInformationBankLocatedInSwedenBankkonto" name="Skatteprocent" time="0.000">
    <skipped/>
  </testcase> <!-- Skatteprocent -->
  <testcase classname="testCasesSAT.GranskningAddNewPaymentInformationBankLocatedInSwedenBankkonto" name="Spara" time="0.000">
    <skipped/>
  </testcase> <!-- Spara -->
  <testcase classname="testCasesSAT.GranskningAddNewPaymentInformationBankLocatedInSwedenBankkonto" name="Kontoinnehavare" time="0.000">
    <skipped/>
  </testcase> <!-- Kontoinnehavare -->
  <testcase classname="testCasesSAT.GranskningAddNewPaymentInformationBankLocatedInSwedenBankkonto" name="BankensLand" time="0.000">
    <skipped/>
  </testcase> <!-- BankensLand -->
  <testcase classname="testCasesSAT.GranskningAddNewPaymentInformationBankLocatedInSwedenBankkonto" name="BankensNamn" time="0.000">
    <skipped/>
  </testcase> <!-- BankensNamn -->
  <testcase classname="testCasesSAT.GranskningAddNewPaymentInformationBankLocatedInSwedenBankkonto" name="TIN" time="0.000">
    <skipped/>
  </testcase> <!-- TIN -->
  <testcase classname="testCasesSAT.GranskningAddNewPaymentInformationBankLocatedInSwedenBankkonto" name="AcceptAlert" time="0.000">
    <skipped/>
  </testcase> <!-- AcceptAlert -->
  <testcase classname="testCasesSAT.GranskningAddNewPaymentInformationBankLocatedInSwedenBankkonto" name="Betalningsinformation" time="0.000">
    <skipped/>
  </testcase> <!-- Betalningsinformation -->
</testsuite> <!-- testCasesSAT.GranskningAddNewPaymentInformationBankLocatedInSwedenBankkonto -->
