<?xml version="1.0" encoding="UTF-8"?>
<!-- Generated by org.testng.reporters.JUnitReportReporter -->
<testsuite hostname="77DWHM2" failures="0" tests="12" name="testCasesSAT.UtbildningPåGrundOchAvanceradNivå" time="12.685" errors="0" timestamp="17 juli 2018 12:12:12 GMT" skipped="0">
  <testcase classname="testCasesSAT.UtbildningPåGrundOchAvanceradNivå" name="Specialistkompetens" time="0.127"/>
  <testcase classname="testCasesSAT.UtbildningPåGrundOchAvanceradNivå" name="LoginAsUser" time="7.831"/>
  <testcase classname="testCasesSAT.UtbildningPåGrundOchAvanceradNivå" name="ClickUtbildning" time="0.718"/>
  <testcase classname="testCasesSAT.UtbildningPåGrundOchAvanceradNivå" name="ÅrFörExamen" time="0.265"/>
  <testcase classname="testCasesSAT.UtbildningPåGrundOchAvanceradNivå" name="ExamensinriktningSelectSubjects" time="0.599"/>
  <testcase classname="testCasesSAT.UtbildningPåGrundOchAvanceradNivå" name="AddUtbildningPåGrundOchAvanceradNivå" time="0.097"/>
  <testcase classname="testCasesSAT.UtbildningPåGrundOchAvanceradNivå" name="ClickUtbildningPåGrundOchAvanceradNivå" time="0.082"/>
  <testcase classname="testCasesSAT.UtbildningPåGrundOchAvanceradNivå" name="SelectOrganization" time="2.138"/>
  <testcase classname="testCasesSAT.UtbildningPåGrundOchAvanceradNivå" name="SpecialistkompetensÅr" time="0.339"/>
  <testcase classname="testCasesSAT.UtbildningPåGrundOchAvanceradNivå" name="Spara" time="0.200"/>
  <testcase classname="testCasesSAT.UtbildningPåGrundOchAvanceradNivå" name="Examen" time="0.144"/>
  <testcase classname="testCasesSAT.UtbildningPåGrundOchAvanceradNivå" name="OmrådeBeskrivning" time="0.145"/>
</testsuite> <!-- testCasesSAT.UtbildningPåGrundOchAvanceradNivå -->
