<?xml version="1.0" encoding="UTF-8"?>
<!-- Generated by org.testng.reporters.JUnitReportReporter -->
<testsuite hostname="77DWHM2" failures="0" tests="21" name="testCasesSATMinProfilPublikationer.PublikationerAddNewINTEFackGranskadRedaktörerAntologi" time="17.672" errors="0" timestamp="31 juli 2018 14:21:01 GMT" skipped="0">
  <testcase classname="testCasesSATMinProfilPublikationer.PublikationerAddNewINTEFackGranskadRedaktörerAntologi" name="LäggTillPublikationer" time="0.113"/>
  <testcase classname="testCasesSATMinProfilPublikationer.PublikationerAddNewINTEFackGranskadRedaktörerAntologi" name="RedaktörerAntologiSpara" time="1.671"/>
  <testcase classname="testCasesSATMinProfilPublikationer.PublikationerAddNewINTEFackGranskadRedaktörerAntologi" name="VäljPublikationsTyp" time="0.850"/>
  <testcase classname="testCasesSATMinProfilPublikationer.PublikationerAddNewINTEFackGranskadRedaktörerAntologi" name="ClickPublikationer" time="2.018"/>
  <testcase classname="testCasesSATMinProfilPublikationer.PublikationerAddNewINTEFackGranskadRedaktörerAntologi" name="RedaktörerAntologiFörlagsplats" time="0.177"/>
  <testcase classname="testCasesSATMinProfilPublikationer.PublikationerAddNewINTEFackGranskadRedaktörerAntologi" name="RedaktörerAntologiRedaktörNamn" time="0.196"/>
  <testcase classname="testCasesSATMinProfilPublikationer.PublikationerAddNewINTEFackGranskadRedaktörerAntologi" name="RedaktörerAntologiOpenAccessLänkExternLänkFörPublicering" time="1.293"/>
  <testcase classname="testCasesSATMinProfilPublikationer.PublikationerAddNewINTEFackGranskadRedaktörerAntologi" name="RedaktörerAntologiOpenAcessSammanfattning" time="0.331"/>
  <testcase classname="testCasesSATMinProfilPublikationer.PublikationerAddNewINTEFackGranskadRedaktörerAntologi" name="RedaktörerAntologiDOI" time="0.101"/>
  <testcase classname="testCasesSATMinProfilPublikationer.PublikationerAddNewINTEFackGranskadRedaktörerAntologi" name="RedaktörerAntologiRedaktörKnapp" time="0.101"/>
  <testcase classname="testCasesSATMinProfilPublikationer.PublikationerAddNewINTEFackGranskadRedaktörerAntologi" name="RedaktörerAntologiStatus" time="0.072"/>
  <testcase classname="testCasesSATMinProfilPublikationer.PublikationerAddNewINTEFackGranskadRedaktörerAntologi" name="DropDownRedaktörerAntologi" time="0.309"/>
  <testcase classname="testCasesSATMinProfilPublikationer.PublikationerAddNewINTEFackGranskadRedaktörerAntologi" name="RedaktörerAntologiVarTextenPubliceradIOpenAcessJa" time="0.118"/>
  <testcase classname="testCasesSATMinProfilPublikationer.PublikationerAddNewINTEFackGranskadRedaktörerAntologi" name="RedaktörerAntologiKällaID" time="0.091"/>
  <testcase classname="testCasesSATMinProfilPublikationer.PublikationerAddNewINTEFackGranskadRedaktörerAntologi" name="RedaktörerAntologiFörlag" time="0.214"/>
  <testcase classname="testCasesSATMinProfilPublikationer.PublikationerAddNewINTEFackGranskadRedaktörerAntologi" name="RedaktörerAntologiISBN" time="0.106"/>
  <testcase classname="testCasesSATMinProfilPublikationer.PublikationerAddNewINTEFackGranskadRedaktörerAntologi" name="RedaktörerAntologiKällaFörPublikation" time="0.162"/>
  <testcase classname="testCasesSATMinProfilPublikationer.PublikationerAddNewINTEFackGranskadRedaktörerAntologi" name="RedaktörerAntologiOpenAccessDokumentVersion" time="0.125"/>
  <testcase classname="testCasesSATMinProfilPublikationer.PublikationerAddNewINTEFackGranskadRedaktörerAntologi" name="LoginAsUser" time="8.744"/>
  <testcase classname="testCasesSATMinProfilPublikationer.PublikationerAddNewINTEFackGranskadRedaktörerAntologi" name="RedaktörerAntologiTitel" time="0.759"/>
  <testcase classname="testCasesSATMinProfilPublikationer.PublikationerAddNewINTEFackGranskadRedaktörerAntologi" name="RedaktörerAntologiOpenAccessFormAvOA" time="0.121"/>
</testsuite> <!-- testCasesSATMinProfilPublikationer.PublikationerAddNewINTEFackGranskadRedaktörerAntologi -->
