<?xml version="1.0" encoding="UTF-8"?>
<!-- Generated by org.testng.reporters.JUnitReportReporter -->
<testsuite hostname="77DWHM2" failures="0" tests="12" name="testCasesMinProfilArbetsliv.ArbetslivAddNewAnställningar" time="20.271" errors="0" timestamp="26 juli 2018 14:19:25 GMT" skipped="0">
  <testcase classname="testCasesMinProfilArbetsliv.ArbetslivAddNewAnställningar" name="LoginAsUser" time="10.596"/>
  <testcase classname="testCasesMinProfilArbetsliv.ArbetslivAddNewAnställningar" name="SparaAnställning" time="0.221"/>
  <testcase classname="testCasesMinProfilArbetsliv.ArbetslivAddNewAnställningar" name="ÖvrigInformation" time="0.966"/>
  <testcase classname="testCasesMinProfilArbetsliv.ArbetslivAddNewAnställningar" name="AnställningDropDown" time="0.502"/>
  <testcase classname="testCasesMinProfilArbetsliv.ArbetslivAddNewAnställningar" name="AnställningensBörjanMonth" time="0.217"/>
  <testcase classname="testCasesMinProfilArbetsliv.ArbetslivAddNewAnställningar" name="AnställningensSlutMonth" time="0.221"/>
  <testcase classname="testCasesMinProfilArbetsliv.ArbetslivAddNewAnställningar" name="AddAnställning" time="0.202"/>
  <testcase classname="testCasesMinProfilArbetsliv.ArbetslivAddNewAnställningar" name="DelAvForskningIAnställningenBaseradPåHeltid" time="0.294"/>
  <testcase classname="testCasesMinProfilArbetsliv.ArbetslivAddNewAnställningar" name="AnställningensBörjanOchSlutYear" time="1.424"/>
  <testcase classname="testCasesMinProfilArbetsliv.ArbetslivAddNewAnställningar" name="AnställningsFormDropDown" time="0.175"/>
  <testcase classname="testCasesMinProfilArbetsliv.ArbetslivAddNewAnställningar" name="ClickArbetsliv" time="3.063"/>
  <testcase classname="testCasesMinProfilArbetsliv.ArbetslivAddNewAnställningar" name="SelectOrganization" time="2.390"/>
</testsuite> <!-- testCasesMinProfilArbetsliv.ArbetslivAddNewAnställningar -->
