<?xml version="1.0" encoding="UTF-8"?>
<!-- Generated by org.testng.reporters.JUnitReportReporter -->
<testsuite hostname="77DWHM2" failures="0" tests="15" name="testCasesSAT.GranskningAddNewPaymentInformationBankLocatedOutsideOfEurope" time="0.000" errors="0" timestamp="25 juli 2018 09:01:16 GMT" skipped="15">
  <testcase classname="testCasesSAT.GranskningAddNewPaymentInformationBankLocatedOutsideOfEurope" name="TIN" time="0.000">
    <skipped/>
  </testcase> <!-- TIN -->
  <testcase classname="testCasesSAT.GranskningAddNewPaymentInformationBankLocatedOutsideOfEurope" name="Kontoinnehavare" time="0.000">
    <skipped/>
  </testcase> <!-- Kontoinnehavare -->
  <testcase classname="testCasesSAT.GranskningAddNewPaymentInformationBankLocatedOutsideOfEurope" name="Bankkontonummer" time="0.000">
    <skipped/>
  </testcase> <!-- Bankkontonummer -->
  <testcase classname="testCasesSAT.GranskningAddNewPaymentInformationBankLocatedOutsideOfEurope" name="Spara" time="0.000">
    <skipped/>
  </testcase> <!-- Spara -->
  <testcase classname="testCasesSAT.GranskningAddNewPaymentInformationBankLocatedOutsideOfEurope" name="BankensPostnummer" time="0.000">
    <skipped/>
  </testcase> <!-- BankensPostnummer -->
  <testcase classname="testCasesSAT.GranskningAddNewPaymentInformationBankLocatedOutsideOfEurope" name="Betalningsinformation" time="0.000">
    <skipped/>
  </testcase> <!-- Betalningsinformation -->
  <testcase classname="testCasesSAT.GranskningAddNewPaymentInformationBankLocatedOutsideOfEurope" name="Bankadress" time="0.000">
    <skipped/>
  </testcase> <!-- Bankadress -->
  <testcase classname="testCasesSAT.GranskningAddNewPaymentInformationBankLocatedOutsideOfEurope" name="LoginAsUser" time="0.000">
    <skipped/>
  </testcase> <!-- LoginAsUser -->
  <testcase classname="testCasesSAT.GranskningAddNewPaymentInformationBankLocatedOutsideOfEurope" name="BankensPostadress" time="0.000">
    <skipped/>
  </testcase> <!-- BankensPostadress -->
  <testcase classname="testCasesSAT.GranskningAddNewPaymentInformationBankLocatedOutsideOfEurope" name="ClickGranskningsfliken" time="0.000">
    <skipped/>
  </testcase> <!-- ClickGranskningsfliken -->
  <testcase classname="testCasesSAT.GranskningAddNewPaymentInformationBankLocatedOutsideOfEurope" name="BankensNamn" time="0.000">
    <skipped/>
  </testcase> <!-- BankensNamn -->
  <testcase classname="testCasesSAT.GranskningAddNewPaymentInformationBankLocatedOutsideOfEurope" name="AcceptAlert" time="0.000">
    <skipped/>
  </testcase> <!-- AcceptAlert -->
  <testcase classname="testCasesSAT.GranskningAddNewPaymentInformationBankLocatedOutsideOfEurope" name="BankensLand" time="0.000">
    <skipped/>
  </testcase> <!-- BankensLand -->
  <testcase classname="testCasesSAT.GranskningAddNewPaymentInformationBankLocatedOutsideOfEurope" name="SWIFTBIC" time="0.000">
    <skipped/>
  </testcase> <!-- SWIFTBIC -->
  <testcase classname="testCasesSAT.GranskningAddNewPaymentInformationBankLocatedOutsideOfEurope" name="Bankkod" time="0.000">
    <skipped/>
  </testcase> <!-- Bankkod -->
</testsuite> <!-- testCasesSAT.GranskningAddNewPaymentInformationBankLocatedOutsideOfEurope -->
