<?xml version="1.0" encoding="UTF-8"?>
<!-- Generated by org.testng.reporters.JUnitReportReporter -->
<testsuite hostname="77DWHM2" failures="0" tests="10" name="testCasesSATGranskningBetalningsinformation.GranskningAddNewPaymentInformationBankLocatedInSwedenBankgiro" time="7.415" errors="0" timestamp="26 juli 2018 09:57:35 GMT" skipped="0">
  <testcase classname="testCasesSATGranskningBetalningsinformation.GranskningAddNewPaymentInformationBankLocatedInSwedenBankgiro" name="Skatteprocent" time="0.096"/>
  <testcase classname="testCasesSATGranskningBetalningsinformation.GranskningAddNewPaymentInformationBankLocatedInSwedenBankgiro" name="Betalningsinformation" time="0.584"/>
  <testcase classname="testCasesSATGranskningBetalningsinformation.GranskningAddNewPaymentInformationBankLocatedInSwedenBankgiro" name="BankensLand" time="0.107"/>
  <testcase classname="testCasesSATGranskningBetalningsinformation.GranskningAddNewPaymentInformationBankLocatedInSwedenBankgiro" name="ClickGranskningsfliken" time="0.515"/>
  <testcase classname="testCasesSATGranskningBetalningsinformation.GranskningAddNewPaymentInformationBankLocatedInSwedenBankgiro" name="Spara" time="0.101"/>
  <testcase classname="testCasesSATGranskningBetalningsinformation.GranskningAddNewPaymentInformationBankLocatedInSwedenBankgiro" name="LoginAsUser" time="4.873"/>
  <testcase classname="testCasesSATGranskningBetalningsinformation.GranskningAddNewPaymentInformationBankLocatedInSwedenBankgiro" name="TIN" time="0.136"/>
  <testcase classname="testCasesSATGranskningBetalningsinformation.GranskningAddNewPaymentInformationBankLocatedInSwedenBankgiro" name="AcceptAlert" time="0.651"/>
  <testcase classname="testCasesSATGranskningBetalningsinformation.GranskningAddNewPaymentInformationBankLocatedInSwedenBankgiro" name="Bankgiro" time="0.199"/>
  <testcase classname="testCasesSATGranskningBetalningsinformation.GranskningAddNewPaymentInformationBankLocatedInSwedenBankgiro" name="Betalningstyp" time="0.153"/>
</testsuite> <!-- testCasesSATGranskningBetalningsinformation.GranskningAddNewPaymentInformationBankLocatedInSwedenBankgiro -->
