<?xml version="1.0" encoding="UTF-8"?>
<!-- Generated by org.testng.reporters.JUnitReportReporter -->
<testsuite hostname="77DWHM2" failures="0" tests="26" name="testCasesSATMinProfilPublikationer.PublikationerAddNewFackGranskadBidragTillBok" time="21.730" errors="0" timestamp="26 juli 2018 14:19:25 GMT" skipped="0">
  <testcase classname="testCasesSATMinProfilPublikationer.PublikationerAddNewFackGranskadBidragTillBok" name="BidragTillEnBokUtgivareISBN" time="0.219"/>
  <testcase classname="testCasesSATMinProfilPublikationer.PublikationerAddNewFackGranskadBidragTillBok" name="ClickPublikationer" time="1.442"/>
  <testcase classname="testCasesSATMinProfilPublikationer.PublikationerAddNewFackGranskadBidragTillBok" name="BidragTillEnBokRedaktörNamn" time="1.894"/>
  <testcase classname="testCasesSATMinProfilPublikationer.PublikationerAddNewFackGranskadBidragTillBok" name="DropDownBidragTillEnBok" time="0.194"/>
  <testcase classname="testCasesSATMinProfilPublikationer.PublikationerAddNewFackGranskadBidragTillBok" name="LäggTillPublikationer" time="0.110"/>
  <testcase classname="testCasesSATMinProfilPublikationer.PublikationerAddNewFackGranskadBidragTillBok" name="BidragTillEnBokOpenAccessFormAvOA" time="0.110"/>
  <testcase classname="testCasesSATMinProfilPublikationer.PublikationerAddNewFackGranskadBidragTillBok" name="BidragTillEnBokOpenAccessDokumentVersion" time="0.133"/>
  <testcase classname="testCasesSATMinProfilPublikationer.PublikationerAddNewFackGranskadBidragTillBok" name="BidragTillEnBokUtgivareStatus" time="0.060"/>
  <testcase classname="testCasesSATMinProfilPublikationer.PublikationerAddNewFackGranskadBidragTillBok" name="BidragTillEnBokUtgivareFörlag" time="0.288"/>
  <testcase classname="testCasesSATMinProfilPublikationer.PublikationerAddNewFackGranskadBidragTillBok" name="BidragTillEnBokRedaktörKnapp" time="0.116"/>
  <testcase classname="testCasesSATMinProfilPublikationer.PublikationerAddNewFackGranskadBidragTillBok" name="BidragTillEnBokOpenAcessSammanfattning" time="0.713"/>
  <testcase classname="testCasesSATMinProfilPublikationer.PublikationerAddNewFackGranskadBidragTillBok" name="BidragTillEnBokUtgivareFörstaSidnummer" time="0.172"/>
  <testcase classname="testCasesSATMinProfilPublikationer.PublikationerAddNewFackGranskadBidragTillBok" name="BidragTillEnBokTitel" time="0.744"/>
  <testcase classname="testCasesSATMinProfilPublikationer.PublikationerAddNewFackGranskadBidragTillBok" name="BidragTillEnBokFörfattareFörnamn" time="0.540"/>
  <testcase classname="testCasesSATMinProfilPublikationer.PublikationerAddNewFackGranskadBidragTillBok" name="BidragTillEnBokUtgivareKällaID" time="0.189"/>
  <testcase classname="testCasesSATMinProfilPublikationer.PublikationerAddNewFackGranskadBidragTillBok" name="BidragTillEnBokUtgivareSistaSidnummer" time="0.168"/>
  <testcase classname="testCasesSATMinProfilPublikationer.PublikationerAddNewFackGranskadBidragTillBok" name="BidragTillEnBokVarTextenPubliceradIOpenAcessJa" time="0.126"/>
  <testcase classname="testCasesSATMinProfilPublikationer.PublikationerAddNewFackGranskadBidragTillBok" name="BidragTillEnBokUtgivareKällaFörPublikation" time="0.100"/>
  <testcase classname="testCasesSATMinProfilPublikationer.PublikationerAddNewFackGranskadBidragTillBok" name="LoginAsUser" time="10.494"/>
  <testcase classname="testCasesSATMinProfilPublikationer.PublikationerAddNewFackGranskadBidragTillBok" name="BidragTillEnBokSpara" time="1.286"/>
  <testcase classname="testCasesSATMinProfilPublikationer.PublikationerAddNewFackGranskadBidragTillBok" name="BidragTillEnBokFörfattareKnapp" time="0.131"/>
  <testcase classname="testCasesSATMinProfilPublikationer.PublikationerAddNewFackGranskadBidragTillBok" name="BidragTillEnBokUtgivareFörlagsplats" time="0.356"/>
  <testcase classname="testCasesSATMinProfilPublikationer.PublikationerAddNewFackGranskadBidragTillBok" name="VäljPublikationsTyp" time="0.809"/>
  <testcase classname="testCasesSATMinProfilPublikationer.PublikationerAddNewFackGranskadBidragTillBok" name="BidragTillEnBokOpenAccessLänkExternLänkFörPublicering" time="0.827"/>
  <testcase classname="testCasesSATMinProfilPublikationer.PublikationerAddNewFackGranskadBidragTillBok" name="BidragTillEnBokUtgivareDOI" time="0.208"/>
  <testcase classname="testCasesSATMinProfilPublikationer.PublikationerAddNewFackGranskadBidragTillBok" name="BidragTillEnBokFörfattareEfternamn" time="0.301"/>
</testsuite> <!-- testCasesSATMinProfilPublikationer.PublikationerAddNewFackGranskadBidragTillBok -->
