<?xml version="1.0" encoding="UTF-8"?>
<!-- Generated by org.testng.reporters.JUnitReportReporter -->
<testsuite hostname="77DWHM2" failures="0" tests="9" name="testCasesMinProfilArbetsliv.ArbetslivAddNewPostdoktorvistelser" time="14.808" errors="0" timestamp="31 juli 2018 14:21:01 GMT" skipped="0">
  <testcase classname="testCasesMinProfilArbetsliv.ArbetslivAddNewPostdoktorvistelser" name="SparaPostdoktorvistelser" time="0.130"/>
  <testcase classname="testCasesMinProfilArbetsliv.ArbetslivAddNewPostdoktorvistelser" name="PeriodStartMonth" time="0.179"/>
  <testcase classname="testCasesMinProfilArbetsliv.ArbetslivAddNewPostdoktorvistelser" name="LoginAsUser3" time="9.544"/>
  <testcase classname="testCasesMinProfilArbetsliv.ArbetslivAddNewPostdoktorvistelser" name="PeriodStartOchSlutYear" time="1.246"/>
  <testcase classname="testCasesMinProfilArbetsliv.ArbetslivAddNewPostdoktorvistelser" name="SelectOrganization" time="2.112"/>
  <testcase classname="testCasesMinProfilArbetsliv.ArbetslivAddNewPostdoktorvistelser" name="PeriodEndMonth" time="0.209"/>
  <testcase classname="testCasesMinProfilArbetsliv.ArbetslivAddNewPostdoktorvistelser" name="ClickArbetsliv" time="0.639"/>
  <testcase classname="testCasesMinProfilArbetsliv.ArbetslivAddNewPostdoktorvistelser" name="Ã„mneDropDown" time="0.651"/>
  <testcase classname="testCasesMinProfilArbetsliv.ArbetslivAddNewPostdoktorvistelser" name="AddPostdoktorvistelser" time="0.098"/>
</testsuite> <!-- testCasesMinProfilArbetsliv.ArbetslivAddNewPostdoktorvistelser -->
