<?xml version="1.0" encoding="UTF-8"?>
<!-- Generated by org.testng.reporters.JUnitReportReporter -->
<testsuite hostname="77DWHM2" failures="0" tests="20" name="testCasesSATButtonCheck.ButtonCheckLoggedInAsAdmin" time="107.732" errors="0" timestamp="31 juli 2018 14:21:01 GMT" skipped="0">
  <testcase classname="testCasesSATButtonCheck.ButtonCheckLoggedInAsAdmin" name="ClickFormulärButton" time="0.688"/>
  <testcase classname="testCasesSATButtonCheck.ButtonCheckLoggedInAsAdmin" name="ClickBeredningsgrupperButton" time="2.137"/>
  <testcase classname="testCasesSATButtonCheck.ButtonCheckLoggedInAsAdmin" name="FormulärForte" time="6.034"/>
  <testcase classname="testCasesSATButtonCheck.ButtonCheckLoggedInAsAdmin" name="FormulärFormas" time="6.524"/>
  <testcase classname="testCasesSATButtonCheck.ButtonCheckLoggedInAsAdmin" name="FormulärEPN" time="6.757"/>
  <testcase classname="testCasesSATButtonCheck.ButtonCheckLoggedInAsAdmin" name="LoginAsAdminUser" time="0.864"/>
  <testcase classname="testCasesSATButtonCheck.ButtonCheckLoggedInAsAdmin" name="FinansiärForte" time="7.759"/>
  <testcase classname="testCasesSATButtonCheck.ButtonCheckLoggedInAsAdmin" name="FormulärSkolfi" time="5.878"/>
  <testcase classname="testCasesSATButtonCheck.ButtonCheckLoggedInAsAdmin" name="FinansiärSkolfi" time="7.517"/>
  <testcase classname="testCasesSATButtonCheck.ButtonCheckLoggedInAsAdmin" name="FinansiärFormas" time="7.958"/>
  <testcase classname="testCasesSATButtonCheck.ButtonCheckLoggedInAsAdmin" name="FormulärKarolinskaInstitutet" time="6.089"/>
  <testcase classname="testCasesSATButtonCheck.ButtonCheckLoggedInAsAdmin" name="FinansiärEPN" time="8.509"/>
  <testcase classname="testCasesSATButtonCheck.ButtonCheckLoggedInAsAdmin" name="ClickFinansiärButton" time="0.516"/>
  <testcase classname="testCasesSATButtonCheck.ButtonCheckLoggedInAsAdmin" name="ClickPortaladministrationButton" time="8.315"/>
  <testcase classname="testCasesSATButtonCheck.ButtonCheckLoggedInAsAdmin" name="Logout" time="0.479"/>
  <testcase classname="testCasesSATButtonCheck.ButtonCheckLoggedInAsAdmin" name="FinansiärKarolinskaInstitutet" time="8.881"/>
  <testcase classname="testCasesSATButtonCheck.ButtonCheckLoggedInAsAdmin" name="FormulärVetenskapsrådet" time="6.544"/>
  <testcase classname="testCasesSATButtonCheck.ButtonCheckLoggedInAsAdmin" name="FinansiärVetenskapsrådet" time="8.500"/>
  <testcase classname="testCasesSATButtonCheck.ButtonCheckLoggedInAsAdmin" name="ClickMyProfileButton" time="1.619"/>
  <testcase classname="testCasesSATButtonCheck.ButtonCheckLoggedInAsAdmin" name="ClickIntressentregisterButton" time="6.164"/>
</testsuite> <!-- testCasesSATButtonCheck.ButtonCheckLoggedInAsAdmin -->
