<?xml version="1.0" encoding="UTF-8"?>
<!-- Generated by org.testng.reporters.JUnitReportReporter -->
<testsuite hostname="77DWHM2" failures="0" tests="26" name="testCasesSAT.ArbetslivAddNewPublikationer" time="19.225" errors="0" timestamp="18 juli 2018 15:02:26 GMT" skipped="0">
  <testcase classname="testCasesSAT.ArbetslivAddNewPublikationer" name="BidragTillEnBokOpenAcessSammanfattning" time="0.297"/>
  <testcase classname="testCasesSAT.ArbetslivAddNewPublikationer" name="BidragTillEnBokSpara" time="0.807"/>
  <testcase classname="testCasesSAT.ArbetslivAddNewPublikationer" name="BidragTillEnBokTitel" time="0.722"/>
  <testcase classname="testCasesSAT.ArbetslivAddNewPublikationer" name="BidragTillEnBokRedaktörNamn" time="0.701"/>
  <testcase classname="testCasesSAT.ArbetslivAddNewPublikationer" name="BidragTillEnBokUtgivareSistaSidnummer" time="0.083"/>
  <testcase classname="testCasesSAT.ArbetslivAddNewPublikationer" name="BidragTillEnBokUtgivareFörlagsplats" time="0.187"/>
  <testcase classname="testCasesSAT.ArbetslivAddNewPublikationer" name="BidragTillEnBokOpenAccessLänkExternLänkFörPublicering" time="0.697"/>
  <testcase classname="testCasesSAT.ArbetslivAddNewPublikationer" name="LäggTillPublikationer" time="0.108"/>
  <testcase classname="testCasesSAT.ArbetslivAddNewPublikationer" name="BidragTillEnBokOpenAccessDokumentVersion" time="0.123"/>
  <testcase classname="testCasesSAT.ArbetslivAddNewPublikationer" name="BidragTillEnBokFörfattareEfternamn" time="0.201"/>
  <testcase classname="testCasesSAT.ArbetslivAddNewPublikationer" name="BidragTillEnBokUtgivareStatus" time="0.118"/>
  <testcase classname="testCasesSAT.ArbetslivAddNewPublikationer" name="BidragTillEnBokOpenAccessFormAvOA" time="0.139"/>
  <testcase classname="testCasesSAT.ArbetslivAddNewPublikationer" name="BidragTillEnBokRedaktörKnapp" time="0.214"/>
  <testcase classname="testCasesSAT.ArbetslivAddNewPublikationer" name="BidragTillEnBokUtgivareKällaID" time="0.114"/>
  <testcase classname="testCasesSAT.ArbetslivAddNewPublikationer" name="BidragTillEnBokFörfattareKnapp" time="0.093"/>
  <testcase classname="testCasesSAT.ArbetslivAddNewPublikationer" name="BidragTillEnBokUtgivareKällaFörPublikation" time="0.139"/>
  <testcase classname="testCasesSAT.ArbetslivAddNewPublikationer" name="BidragTillEnBokUtgivareFörlag" time="0.181"/>
  <testcase classname="testCasesSAT.ArbetslivAddNewPublikationer" name="BidragTillEnBokUtgivareFörstaSidnummer" time="0.074"/>
  <testcase classname="testCasesSAT.ArbetslivAddNewPublikationer" name="DropDownBidragTillEnBok" time="0.200"/>
  <testcase classname="testCasesSAT.ArbetslivAddNewPublikationer" name="BidragTillEnBokUtgivareDOI" time="0.158"/>
  <testcase classname="testCasesSAT.ArbetslivAddNewPublikationer" name="BidragTillEnBokVarTextenPubliceradIOpenAcessJa" time="0.132"/>
  <testcase classname="testCasesSAT.ArbetslivAddNewPublikationer" name="BidragTillEnBokUtgivareISBN" time="0.153"/>
  <testcase classname="testCasesSAT.ArbetslivAddNewPublikationer" name="VäljPublikationsTyp" time="0.778"/>
  <testcase classname="testCasesSAT.ArbetslivAddNewPublikationer" name="BidragTillEnBokFörfattareFörnamn" time="0.140"/>
  <testcase classname="testCasesSAT.ArbetslivAddNewPublikationer" name="LoginAsUser" time="11.881"/>
  <testcase classname="testCasesSAT.ArbetslivAddNewPublikationer" name="ClickPublikationer" time="0.785"/>
</testsuite> <!-- testCasesSAT.ArbetslivAddNewPublikationer -->
