<?xml version="1.0" encoding="UTF-8"?>
<!-- Generated by org.testng.reporters.JUnitReportReporter -->
<testsuite hostname="77DWHM2" failures="0" tests="14" name="testCasesSATMinProfilUtbildning.UtbildningForskarUtbildningAddLicentiatexamen" time="15.761" errors="0" timestamp="26 juli 2018 14:19:25 GMT" skipped="0">
  <testcase classname="testCasesSATMinProfilUtbildning.UtbildningForskarUtbildningAddLicentiatexamen" name="ClickUtbildning" time="1.054"/>
  <testcase classname="testCasesSATMinProfilUtbildning.UtbildningForskarUtbildningAddLicentiatexamen" name="SparaForskarutbildningKnapp" time="0.259"/>
  <testcase classname="testCasesSATMinProfilUtbildning.UtbildningForskarUtbildningAddLicentiatexamen" name="TypAvForskarUtbildningSelectSubjects" time="0.812"/>
  <testcase classname="testCasesSATMinProfilUtbildning.UtbildningForskarUtbildningAddLicentiatexamen" name="ISSNISBNNummer" time="0.370"/>
  <testcase classname="testCasesSATMinProfilUtbildning.UtbildningForskarUtbildningAddLicentiatexamen" name="ClickForskarUtbildning" time="0.110"/>
  <testcase classname="testCasesSATMinProfilUtbildning.UtbildningForskarUtbildningAddLicentiatexamen" name="FörnamnHandledare" time="0.208"/>
  <testcase classname="testCasesSATMinProfilUtbildning.UtbildningForskarUtbildningAddLicentiatexamen" name="WriteAvhandlingensTitelOrginalSpråk" time="0.186"/>
  <testcase classname="testCasesSATMinProfilUtbildning.UtbildningForskarUtbildningAddLicentiatexamen" name="WriteAvhandlingensTitelEngelska" time="0.305"/>
  <testcase classname="testCasesSATMinProfilUtbildning.UtbildningForskarUtbildningAddLicentiatexamen" name="AddForskarUtbildning" time="0.081"/>
  <testcase classname="testCasesSATMinProfilUtbildning.UtbildningForskarUtbildningAddLicentiatexamen" name="SelectOrganization" time="1.916"/>
  <testcase classname="testCasesSATMinProfilUtbildning.UtbildningForskarUtbildningAddLicentiatexamen" name="Examensdatum" time="0.902"/>
  <testcase classname="testCasesSATMinProfilUtbildning.UtbildningForskarUtbildningAddLicentiatexamen" name="EfternamnHandledare" time="0.245"/>
  <testcase classname="testCasesSATMinProfilUtbildning.UtbildningForskarUtbildningAddLicentiatexamen" name="LoginAsUser" time="8.974"/>
  <testcase classname="testCasesSATMinProfilUtbildning.UtbildningForskarUtbildningAddLicentiatexamen" name="TypAvForskarUtbildningAddLicentiatexamen" time="0.339"/>
</testsuite> <!-- testCasesSATMinProfilUtbildning.UtbildningForskarUtbildningAddLicentiatexamen -->
