<?xml version="1.0" encoding="UTF-8"?>
<!-- Generated by org.testng.reporters.JUnitReportReporter -->
<testsuite hostname="77DWHM2" failures="0" tests="14" name="testCasesSATButtonCheck.ButtonCheckLoggedInAsUser" time="36.593" errors="0" timestamp="26 juli 2018 14:19:25 GMT" skipped="0">
  <testcase classname="testCasesSATButtonCheck.ButtonCheckLoggedInAsUser" name="LoginAsNormalUser" time="2.815"/>
  <testcase classname="testCasesSATButtonCheck.ButtonCheckLoggedInAsUser" name="ClickPersonuppgifterButton" time="0.641"/>
  <testcase classname="testCasesSATButtonCheck.ButtonCheckLoggedInAsUser" name="ClickGranskning" time="2.331"/>
  <testcase classname="testCasesSATButtonCheck.ButtonCheckLoggedInAsUser" name="ClickOrganisationsKonto" time="15.266"/>
  <testcase classname="testCasesSATButtonCheck.ButtonCheckLoggedInAsUser" name="ClickAnsökningarOchBidrag" time="5.006"/>
  <testcase classname="testCasesSATButtonCheck.ButtonCheckLoggedInAsUser" name="ClickArbetslivButton" time="1.315"/>
  <testcase classname="testCasesSATButtonCheck.ButtonCheckLoggedInAsUser" name="ClickOrganisationsUppgifter" time="2.955"/>
  <testcase classname="testCasesSATButtonCheck.ButtonCheckLoggedInAsUser" name="ClickUtbildningButton" time="0.917"/>
  <testcase classname="testCasesSATButtonCheck.ButtonCheckLoggedInAsUser" name="ClickMeriterOchUtmärkelserButton" time="1.262"/>
  <testcase classname="testCasesSATButtonCheck.ButtonCheckLoggedInAsUser" name="ClickStartButton" time="1.985"/>
  <testcase classname="testCasesSATButtonCheck.ButtonCheckLoggedInAsUser" name="Logout" time="0.576"/>
  <testcase classname="testCasesSATButtonCheck.ButtonCheckLoggedInAsUser" name="ClickGranskarkompetensIfVisible" time="0.017"/>
  <testcase classname="testCasesSATButtonCheck.ButtonCheckLoggedInAsUser" name="ClickPublikationerButton" time="0.751"/>
  <testcase classname="testCasesSATButtonCheck.ButtonCheckLoggedInAsUser" name="ClickImmaterialrättButton" time="0.756"/>
</testsuite> <!-- testCasesSATButtonCheck.ButtonCheckLoggedInAsUser -->
