<?xml version="1.0" encoding="UTF-8"?>
<!-- Generated by org.testng.reporters.JUnitReportReporter -->
<testsuite hostname="77DWHM2" failures="0" tests="24" name="testCasesSAT.ArbetslivAddNewINTEFackGranskadRecensionArtikel" time="14.864" errors="0" timestamp="19 juli 2018 15:38:47 GMT" skipped="0">
  <testcase classname="testCasesSAT.ArbetslivAddNewINTEFackGranskadRecensionArtikel" name="RecensionArtikelVarTextenPubliceradIOpenAcessJa" time="0.108"/>
  <testcase classname="testCasesSAT.ArbetslivAddNewINTEFackGranskadRecensionArtikel" name="RecensionArtikelTitel" time="0.209"/>
  <testcase classname="testCasesSAT.ArbetslivAddNewINTEFackGranskadRecensionArtikel" name="RecensionArtikelFörfattareEfternamn" time="0.122"/>
  <testcase classname="testCasesSAT.ArbetslivAddNewINTEFackGranskadRecensionArtikel" name="RecensionArtikelSpara" time="0.789"/>
  <testcase classname="testCasesSAT.ArbetslivAddNewINTEFackGranskadRecensionArtikel" name="RecensionArtikelKällaFörPublikation" time="0.188"/>
  <testcase classname="testCasesSAT.ArbetslivAddNewINTEFackGranskadRecensionArtikel" name="RecensionArtikelFörfattareFörnamn" time="0.102"/>
  <testcase classname="testCasesSAT.ArbetslivAddNewINTEFackGranskadRecensionArtikel" name="LäggTillPublikationer" time="0.117"/>
  <testcase classname="testCasesSAT.ArbetslivAddNewINTEFackGranskadRecensionArtikel" name="RecensionArtikelOpenAccessFormAvOA" time="0.150"/>
  <testcase classname="testCasesSAT.ArbetslivAddNewINTEFackGranskadRecensionArtikel" name="RecensionArtikelDOI" time="0.131"/>
  <testcase classname="testCasesSAT.ArbetslivAddNewINTEFackGranskadRecensionArtikel" name="RecensionArtikelNamnPåTidskrift" time="0.157"/>
  <testcase classname="testCasesSAT.ArbetslivAddNewINTEFackGranskadRecensionArtikel" name="RecensionArtikelKällaID" time="0.077"/>
  <testcase classname="testCasesSAT.ArbetslivAddNewINTEFackGranskadRecensionArtikel" name="LoginAsUser" time="9.014"/>
  <testcase classname="testCasesSAT.ArbetslivAddNewINTEFackGranskadRecensionArtikel" name="ClickPublikationer" time="0.896"/>
  <testcase classname="testCasesSAT.ArbetslivAddNewINTEFackGranskadRecensionArtikel" name="RecensionArtikelUtfärdandenummer" time="0.082"/>
  <testcase classname="testCasesSAT.ArbetslivAddNewINTEFackGranskadRecensionArtikel" name="RecensionArtikelFörstaSidnummer" time="0.065"/>
  <testcase classname="testCasesSAT.ArbetslivAddNewINTEFackGranskadRecensionArtikel" name="RecensionArtikelOpenAcessSammanfattning" time="0.273"/>
  <testcase classname="testCasesSAT.ArbetslivAddNewINTEFackGranskadRecensionArtikel" name="RecensionArtikelOpenAccessDokumentVersion" time="0.165"/>
  <testcase classname="testCasesSAT.ArbetslivAddNewINTEFackGranskadRecensionArtikel" name="DropDownRecensionArtikel" time="0.230"/>
  <testcase classname="testCasesSAT.ArbetslivAddNewINTEFackGranskadRecensionArtikel" name="RecensionArtikelLänkExternLänkFörPublicering" time="0.743"/>
  <testcase classname="testCasesSAT.ArbetslivAddNewINTEFackGranskadRecensionArtikel" name="RecensionArtikelVolym" time="0.077"/>
  <testcase classname="testCasesSAT.ArbetslivAddNewINTEFackGranskadRecensionArtikel" name="RecensionArtikelSistaSidnummer" time="0.098"/>
  <testcase classname="testCasesSAT.ArbetslivAddNewINTEFackGranskadRecensionArtikel" name="RecensionArtikelFörfattareKnapp" time="0.133"/>
  <testcase classname="testCasesSAT.ArbetslivAddNewINTEFackGranskadRecensionArtikel" name="RecensionArtikelStatus" time="0.069"/>
  <testcase classname="testCasesSAT.ArbetslivAddNewINTEFackGranskadRecensionArtikel" name="VäljPublikationsTyp" time="0.869"/>
</testsuite> <!-- testCasesSAT.ArbetslivAddNewINTEFackGranskadRecensionArtikel -->
