<?xml version="1.0" encoding="UTF-8"?>
<!-- Generated by org.testng.reporters.JUnitReportReporter -->
<testsuite hostname="77DWHM2" failures="0" tests="14" name="testCasesSAT.ForskarUtbildningAddDoktorsExamen" time="12.008" errors="0" timestamp="19 juli 2018 13:18:47 GMT" skipped="0">
  <testcase classname="testCasesSAT.ForskarUtbildningAddDoktorsExamen" name="ISSNISBNNummer" time="0.113"/>
  <testcase classname="testCasesSAT.ForskarUtbildningAddDoktorsExamen" name="TypAvForskarUtbildningAddDoktorsexamen" time="0.245"/>
  <testcase classname="testCasesSAT.ForskarUtbildningAddDoktorsExamen" name="WriteAvhandlingensTitelEngelska" time="0.184"/>
  <testcase classname="testCasesSAT.ForskarUtbildningAddDoktorsExamen" name="ClickUtbildning" time="0.568"/>
  <testcase classname="testCasesSAT.ForskarUtbildningAddDoktorsExamen" name="FörnamnHandledare" time="0.078"/>
  <testcase classname="testCasesSAT.ForskarUtbildningAddDoktorsExamen" name="Examensdatum" time="0.439"/>
  <testcase classname="testCasesSAT.ForskarUtbildningAddDoktorsExamen" name="WriteAvhandlingensTitelOrginalSpråk" time="0.175"/>
  <testcase classname="testCasesSAT.ForskarUtbildningAddDoktorsExamen" name="TypAvForskarUtbildningSelectSubjects" time="0.519"/>
  <testcase classname="testCasesSAT.ForskarUtbildningAddDoktorsExamen" name="SelectOrganization" time="1.924"/>
  <testcase classname="testCasesSAT.ForskarUtbildningAddDoktorsExamen" name="LoginAsUser" time="7.370"/>
  <testcase classname="testCasesSAT.ForskarUtbildningAddDoktorsExamen" name="ClickForskarUtbildning" time="0.071"/>
  <testcase classname="testCasesSAT.ForskarUtbildningAddDoktorsExamen" name="SparaForskarutbildningKnapp" time="0.139"/>
  <testcase classname="testCasesSAT.ForskarUtbildningAddDoktorsExamen" name="AddForskarUtbildning" time="0.081"/>
  <testcase classname="testCasesSAT.ForskarUtbildningAddDoktorsExamen" name="EfternamnHandledare" time="0.102"/>
</testsuite> <!-- testCasesSAT.ForskarUtbildningAddDoktorsExamen -->
