<?xml version="1.0" encoding="UTF-8"?>
<!-- Generated by org.testng.reporters.JUnitReportReporter -->
<testsuite hostname="77DWHM2" failures="0" tests="21" name="testCasesSATMinProfilPublikationer.PublikationerAddNewFackGranskadRedaktörerAntologi" time="11.918" errors="0" timestamp="26 juli 2018 09:57:35 GMT" skipped="0">
  <testcase classname="testCasesSATMinProfilPublikationer.PublikationerAddNewFackGranskadRedaktörerAntologi" name="RedaktörerAntologiSpara" time="1.171"/>
  <testcase classname="testCasesSATMinProfilPublikationer.PublikationerAddNewFackGranskadRedaktörerAntologi" name="VäljPublikationsTyp" time="0.806"/>
  <testcase classname="testCasesSATMinProfilPublikationer.PublikationerAddNewFackGranskadRedaktörerAntologi" name="DropDownRedaktörerAntologi" time="0.246"/>
  <testcase classname="testCasesSATMinProfilPublikationer.PublikationerAddNewFackGranskadRedaktörerAntologi" name="RedaktörerAntologiDOI" time="0.094"/>
  <testcase classname="testCasesSATMinProfilPublikationer.PublikationerAddNewFackGranskadRedaktörerAntologi" name="LoginAsUser" time="4.788"/>
  <testcase classname="testCasesSATMinProfilPublikationer.PublikationerAddNewFackGranskadRedaktörerAntologi" name="RedaktörerAntologiTitel" time="0.730"/>
  <testcase classname="testCasesSATMinProfilPublikationer.PublikationerAddNewFackGranskadRedaktörerAntologi" name="ClickPublikationer" time="1.490"/>
  <testcase classname="testCasesSATMinProfilPublikationer.PublikationerAddNewFackGranskadRedaktörerAntologi" name="RedaktörerAntologiOpenAccessLänkExternLänkFörPublicering" time="0.726"/>
  <testcase classname="testCasesSATMinProfilPublikationer.PublikationerAddNewFackGranskadRedaktörerAntologi" name="RedaktörerAntologiISBN" time="0.107"/>
  <testcase classname="testCasesSATMinProfilPublikationer.PublikationerAddNewFackGranskadRedaktörerAntologi" name="RedaktörerAntologiStatus" time="0.069"/>
  <testcase classname="testCasesSATMinProfilPublikationer.PublikationerAddNewFackGranskadRedaktörerAntologi" name="RedaktörerAntologiKällaID" time="0.076"/>
  <testcase classname="testCasesSATMinProfilPublikationer.PublikationerAddNewFackGranskadRedaktörerAntologi" name="RedaktörerAntologiKällaFörPublikation" time="0.115"/>
  <testcase classname="testCasesSATMinProfilPublikationer.PublikationerAddNewFackGranskadRedaktörerAntologi" name="RedaktörerAntologiFörlag" time="0.203"/>
  <testcase classname="testCasesSATMinProfilPublikationer.PublikationerAddNewFackGranskadRedaktörerAntologi" name="RedaktörerAntologiOpenAccessFormAvOA" time="0.174"/>
  <testcase classname="testCasesSATMinProfilPublikationer.PublikationerAddNewFackGranskadRedaktörerAntologi" name="RedaktörerAntologiOpenAccessDokumentVersion" time="0.107"/>
  <testcase classname="testCasesSATMinProfilPublikationer.PublikationerAddNewFackGranskadRedaktörerAntologi" name="RedaktörerAntologiFörlagsplats" time="0.174"/>
  <testcase classname="testCasesSATMinProfilPublikationer.PublikationerAddNewFackGranskadRedaktörerAntologi" name="RedaktörerAntologiVarTextenPubliceradIOpenAcessJa" time="0.119"/>
  <testcase classname="testCasesSATMinProfilPublikationer.PublikationerAddNewFackGranskadRedaktörerAntologi" name="RedaktörerAntologiOpenAcessSammanfattning" time="0.314"/>
  <testcase classname="testCasesSATMinProfilPublikationer.PublikationerAddNewFackGranskadRedaktörerAntologi" name="LäggTillPublikationer" time="0.113"/>
  <testcase classname="testCasesSATMinProfilPublikationer.PublikationerAddNewFackGranskadRedaktörerAntologi" name="RedaktörerAntologiRedaktörNamn" time="0.201"/>
  <testcase classname="testCasesSATMinProfilPublikationer.PublikationerAddNewFackGranskadRedaktörerAntologi" name="RedaktörerAntologiRedaktörKnapp" time="0.095"/>
</testsuite> <!-- testCasesSATMinProfilPublikationer.PublikationerAddNewFackGranskadRedaktörerAntologi -->
