<?xml version="1.0" encoding="UTF-8"?>
<!-- Generated by org.testng.reporters.JUnitReportReporter -->
<testsuite hostname="77DWHM2" failures="0" tests="21" name="testCasesSAT.ArbetslivAddNewFackGranskadProceedings" time="0.000" errors="0" timestamp="25 juli 2018 09:01:16 GMT" skipped="21">
  <testcase classname="testCasesSAT.ArbetslivAddNewFackGranskadProceedings" name="ProceedingsFörlagsplats" time="0.000">
    <skipped/>
  </testcase> <!-- ProceedingsFörlagsplats -->
  <testcase classname="testCasesSAT.ArbetslivAddNewFackGranskadProceedings" name="LäggTillPublikationer" time="0.000">
    <skipped/>
  </testcase> <!-- LäggTillPublikationer -->
  <testcase classname="testCasesSAT.ArbetslivAddNewFackGranskadProceedings" name="ProceedingsFörlag" time="0.000">
    <skipped/>
  </testcase> <!-- ProceedingsFörlag -->
  <testcase classname="testCasesSAT.ArbetslivAddNewFackGranskadProceedings" name="ProceedingsFörfattareFörnamn" time="0.000">
    <skipped/>
  </testcase> <!-- ProceedingsFörfattareFörnamn -->
  <testcase classname="testCasesSAT.ArbetslivAddNewFackGranskadProceedings" name="LoginAsUser" time="0.000">
    <skipped/>
  </testcase> <!-- LoginAsUser -->
  <testcase classname="testCasesSAT.ArbetslivAddNewFackGranskadProceedings" name="ProceedingsVarTextenPubliceradIOpenAcessJa" time="0.000">
    <skipped/>
  </testcase> <!-- ProceedingsVarTextenPubliceradIOpenAcessJa -->
  <testcase classname="testCasesSAT.ArbetslivAddNewFackGranskadProceedings" name="VäljPublikationsTyp" time="0.000">
    <skipped/>
  </testcase> <!-- VäljPublikationsTyp -->
  <testcase classname="testCasesSAT.ArbetslivAddNewFackGranskadProceedings" name="ProceedingsOpenAccessFormAvOA" time="0.000">
    <skipped/>
  </testcase> <!-- ProceedingsOpenAccessFormAvOA -->
  <testcase classname="testCasesSAT.ArbetslivAddNewFackGranskadProceedings" name="ProceedingsKällaFörPublikation" time="0.000">
    <skipped/>
  </testcase> <!-- ProceedingsKällaFörPublikation -->
  <testcase classname="testCasesSAT.ArbetslivAddNewFackGranskadProceedings" name="ProceedingsDOI" time="0.000">
    <skipped/>
  </testcase> <!-- ProceedingsDOI -->
  <testcase classname="testCasesSAT.ArbetslivAddNewFackGranskadProceedings" name="ProceedingsStatus" time="0.000">
    <skipped/>
  </testcase> <!-- ProceedingsStatus -->
  <testcase classname="testCasesSAT.ArbetslivAddNewFackGranskadProceedings" name="ProceedingsOpenAccessLänkExternLänkFörPublicering" time="0.000">
    <skipped/>
  </testcase> <!-- ProceedingsOpenAccessLänkExternLänkFörPublicering -->
  <testcase classname="testCasesSAT.ArbetslivAddNewFackGranskadProceedings" name="ProceedingsTitel" time="0.000">
    <skipped/>
  </testcase> <!-- ProceedingsTitel -->
  <testcase classname="testCasesSAT.ArbetslivAddNewFackGranskadProceedings" name="ClickPublikationer" time="0.000">
    <skipped/>
  </testcase> <!-- ClickPublikationer -->
  <testcase classname="testCasesSAT.ArbetslivAddNewFackGranskadProceedings" name="ProceedingsFörfattareEfternamn" time="0.000">
    <skipped/>
  </testcase> <!-- ProceedingsFörfattareEfternamn -->
  <testcase classname="testCasesSAT.ArbetslivAddNewFackGranskadProceedings" name="ProceedingsOpenAcessSammanfattning" time="0.000">
    <skipped/>
  </testcase> <!-- ProceedingsOpenAcessSammanfattning -->
  <testcase classname="testCasesSAT.ArbetslivAddNewFackGranskadProceedings" name="ProceedingsOpenAccessDokumentVersion" time="0.000">
    <skipped/>
  </testcase> <!-- ProceedingsOpenAccessDokumentVersion -->
  <testcase classname="testCasesSAT.ArbetslivAddNewFackGranskadProceedings" name="ProceedingsKällaID" time="0.000">
    <skipped/>
  </testcase> <!-- ProceedingsKällaID -->
  <testcase classname="testCasesSAT.ArbetslivAddNewFackGranskadProceedings" name="ProceedingsFörfattareKnapp" time="0.000">
    <skipped/>
  </testcase> <!-- ProceedingsFörfattareKnapp -->
  <testcase classname="testCasesSAT.ArbetslivAddNewFackGranskadProceedings" name="ProceedingsSpara" time="0.000">
    <skipped/>
  </testcase> <!-- ProceedingsSpara -->
  <testcase classname="testCasesSAT.ArbetslivAddNewFackGranskadProceedings" name="DropDownProceedings" time="0.000">
    <skipped/>
  </testcase> <!-- DropDownProceedings -->
</testsuite> <!-- testCasesSAT.ArbetslivAddNewFackGranskadProceedings -->
