<?xml version="1.0" encoding="UTF-8"?>
<!-- Generated by org.testng.reporters.JUnitReportReporter -->
<testsuite hostname="77DWHM2" failures="0" tests="24" name="testCasesSAT.ArbetslivAddNewFackGranskadRecensionArtikel" time="0.000" errors="0" timestamp="25 juli 2018 09:01:16 GMT" skipped="24">
  <testcase classname="testCasesSAT.ArbetslivAddNewFackGranskadRecensionArtikel" name="RecensionArtikelFörstaSidnummer" time="0.000">
    <skipped/>
  </testcase> <!-- RecensionArtikelFörstaSidnummer -->
  <testcase classname="testCasesSAT.ArbetslivAddNewFackGranskadRecensionArtikel" name="LäggTillPublikationer" time="0.000">
    <skipped/>
  </testcase> <!-- LäggTillPublikationer -->
  <testcase classname="testCasesSAT.ArbetslivAddNewFackGranskadRecensionArtikel" name="RecensionArtikelTitel" time="0.000">
    <skipped/>
  </testcase> <!-- RecensionArtikelTitel -->
  <testcase classname="testCasesSAT.ArbetslivAddNewFackGranskadRecensionArtikel" name="LoginAsUser" time="0.000">
    <skipped/>
  </testcase> <!-- LoginAsUser -->
  <testcase classname="testCasesSAT.ArbetslivAddNewFackGranskadRecensionArtikel" name="RecensionArtikelLänkExternLänkFörPublicering" time="0.000">
    <skipped/>
  </testcase> <!-- RecensionArtikelLänkExternLänkFörPublicering -->
  <testcase classname="testCasesSAT.ArbetslivAddNewFackGranskadRecensionArtikel" name="RecensionArtikelKällaID" time="0.000">
    <skipped/>
  </testcase> <!-- RecensionArtikelKällaID -->
  <testcase classname="testCasesSAT.ArbetslivAddNewFackGranskadRecensionArtikel" name="VäljPublikationsTyp" time="0.000">
    <skipped/>
  </testcase> <!-- VäljPublikationsTyp -->
  <testcase classname="testCasesSAT.ArbetslivAddNewFackGranskadRecensionArtikel" name="RecensionArtikelFörfattareEfternamn" time="0.000">
    <skipped/>
  </testcase> <!-- RecensionArtikelFörfattareEfternamn -->
  <testcase classname="testCasesSAT.ArbetslivAddNewFackGranskadRecensionArtikel" name="RecensionArtikelSistaSidnummer" time="0.000">
    <skipped/>
  </testcase> <!-- RecensionArtikelSistaSidnummer -->
  <testcase classname="testCasesSAT.ArbetslivAddNewFackGranskadRecensionArtikel" name="DropDownRecensionArtikel" time="0.000">
    <skipped/>
  </testcase> <!-- DropDownRecensionArtikel -->
  <testcase classname="testCasesSAT.ArbetslivAddNewFackGranskadRecensionArtikel" name="RecensionArtikelNamnPåTidskrift" time="0.000">
    <skipped/>
  </testcase> <!-- RecensionArtikelNamnPåTidskrift -->
  <testcase classname="testCasesSAT.ArbetslivAddNewFackGranskadRecensionArtikel" name="RecensionArtikelStatus" time="0.000">
    <skipped/>
  </testcase> <!-- RecensionArtikelStatus -->
  <testcase classname="testCasesSAT.ArbetslivAddNewFackGranskadRecensionArtikel" name="RecensionArtikelKällaFörPublikation" time="0.000">
    <skipped/>
  </testcase> <!-- RecensionArtikelKällaFörPublikation -->
  <testcase classname="testCasesSAT.ArbetslivAddNewFackGranskadRecensionArtikel" name="RecensionArtikelOpenAccessDokumentVersion" time="0.000">
    <skipped/>
  </testcase> <!-- RecensionArtikelOpenAccessDokumentVersion -->
  <testcase classname="testCasesSAT.ArbetslivAddNewFackGranskadRecensionArtikel" name="RecensionArtikelUtfärdandenummer" time="0.000">
    <skipped/>
  </testcase> <!-- RecensionArtikelUtfärdandenummer -->
  <testcase classname="testCasesSAT.ArbetslivAddNewFackGranskadRecensionArtikel" name="RecensionArtikelVolym" time="0.000">
    <skipped/>
  </testcase> <!-- RecensionArtikelVolym -->
  <testcase classname="testCasesSAT.ArbetslivAddNewFackGranskadRecensionArtikel" name="RecensionArtikelDOI" time="0.000">
    <skipped/>
  </testcase> <!-- RecensionArtikelDOI -->
  <testcase classname="testCasesSAT.ArbetslivAddNewFackGranskadRecensionArtikel" name="RecensionArtikelSpara" time="0.000">
    <skipped/>
  </testcase> <!-- RecensionArtikelSpara -->
  <testcase classname="testCasesSAT.ArbetslivAddNewFackGranskadRecensionArtikel" name="RecensionArtikelFörfattareKnapp" time="0.000">
    <skipped/>
  </testcase> <!-- RecensionArtikelFörfattareKnapp -->
  <testcase classname="testCasesSAT.ArbetslivAddNewFackGranskadRecensionArtikel" name="RecensionArtikelOpenAcessSammanfattning" time="0.000">
    <skipped/>
  </testcase> <!-- RecensionArtikelOpenAcessSammanfattning -->
  <testcase classname="testCasesSAT.ArbetslivAddNewFackGranskadRecensionArtikel" name="ClickPublikationer" time="0.000">
    <skipped/>
  </testcase> <!-- ClickPublikationer -->
  <testcase classname="testCasesSAT.ArbetslivAddNewFackGranskadRecensionArtikel" name="RecensionArtikelFörfattareFörnamn" time="0.000">
    <skipped/>
  </testcase> <!-- RecensionArtikelFörfattareFörnamn -->
  <testcase classname="testCasesSAT.ArbetslivAddNewFackGranskadRecensionArtikel" name="RecensionArtikelVarTextenPubliceradIOpenAcessJa" time="0.000">
    <skipped/>
  </testcase> <!-- RecensionArtikelVarTextenPubliceradIOpenAcessJa -->
  <testcase classname="testCasesSAT.ArbetslivAddNewFackGranskadRecensionArtikel" name="RecensionArtikelOpenAccessFormAvOA" time="0.000">
    <skipped/>
  </testcase> <!-- RecensionArtikelOpenAccessFormAvOA -->
</testsuite> <!-- testCasesSAT.ArbetslivAddNewFackGranskadRecensionArtikel -->
