<?xml version="1.0" encoding="UTF-8"?>
<!-- Generated by org.testng.reporters.JUnitReportReporter -->
<testsuite hostname="77DWHM2" failures="0" tests="4" name="testCasesSAT.GranskningAddNewPaymentInformationBankLocatedInSweden" time="13.243" errors="0" timestamp="23 juli 2018 12:01:25 GMT" skipped="0">
  <testcase classname="testCasesSAT.GranskningAddNewPaymentInformationBankLocatedInSweden" name="LoginAsUser" time="12.036"/>
  <testcase classname="testCasesSAT.GranskningAddNewPaymentInformationBankLocatedInSweden" name="ClickGranskningsfliken" time="0.505"/>
  <testcase classname="testCasesSAT.GranskningAddNewPaymentInformationBankLocatedInSweden" name="BankensLand" time="0.106"/>
  <testcase classname="testCasesSAT.GranskningAddNewPaymentInformationBankLocatedInSweden" name="Betalningsinformation" time="0.596"/>
</testsuite> <!-- testCasesSAT.GranskningAddNewPaymentInformationBankLocatedInSweden -->
