<?xml version="1.0" encoding="UTF-8"?>
<!-- Generated by org.testng.reporters.JUnitReportReporter -->
<testsuite hostname="BSTTF72" failures="0" tests="12" name="testCasesMinProfilArbetsliv.ArbetslivAddNewAnställningar" time="23.228" errors="0" timestamp="30 juli 2018 10:33:52 GMT" skipped="0">
  <testcase classname="testCasesMinProfilArbetsliv.ArbetslivAddNewAnställningar" name="SelectOrganization" time="2.382"/>
  <testcase classname="testCasesMinProfilArbetsliv.ArbetslivAddNewAnställningar" name="LoginAsUser" time="11.181"/>
  <testcase classname="testCasesMinProfilArbetsliv.ArbetslivAddNewAnställningar" name="SparaAnställning" time="0.194"/>
  <testcase classname="testCasesMinProfilArbetsliv.ArbetslivAddNewAnställningar" name="AnställningsFormDropDown" time="0.216"/>
  <testcase classname="testCasesMinProfilArbetsliv.ArbetslivAddNewAnställningar" name="AddAnställning" time="0.142"/>
  <testcase classname="testCasesMinProfilArbetsliv.ArbetslivAddNewAnställningar" name="ÖvrigInformation" time="0.788"/>
  <testcase classname="testCasesMinProfilArbetsliv.ArbetslivAddNewAnställningar" name="ClickArbetsliv" time="3.228"/>
  <testcase classname="testCasesMinProfilArbetsliv.ArbetslivAddNewAnställningar" name="AnställningensBörjanMonth" time="0.281"/>
  <testcase classname="testCasesMinProfilArbetsliv.ArbetslivAddNewAnställningar" name="AnställningensBörjanOchSlutYear" time="3.947"/>
  <testcase classname="testCasesMinProfilArbetsliv.ArbetslivAddNewAnställningar" name="AnställningDropDown" time="0.377"/>
  <testcase classname="testCasesMinProfilArbetsliv.ArbetslivAddNewAnställningar" name="AnställningensSlutMonth" time="0.214"/>
  <testcase classname="testCasesMinProfilArbetsliv.ArbetslivAddNewAnställningar" name="DelAvForskningIAnställningenBaseradPåHeltid" time="0.278"/>
</testsuite> <!-- testCasesMinProfilArbetsliv.ArbetslivAddNewAnställningar -->
