<?xml version="1.0" encoding="UTF-8"?>
<!-- Generated by org.testng.reporters.JUnitReportReporter -->
<testsuite hostname="77DWHM2" failures="0" tests="1" name="TestcasesSAT.VisaHurDeFunkar" time="5.930" errors="0" timestamp="20 juni 2018 12:33:11 GMT" skipped="0">
  <testcase classname="TestcasesSAT.VisaHurDeFunkar" name="f" time="5.930"/>
</testsuite> <!-- TestcasesSAT.VisaHurDeFunkar -->
