<?xml version="1.0" encoding="UTF-8"?>
<!-- Generated by org.testng.reporters.JUnitReportReporter -->
<testsuite hostname="77DWHM2" failures="0" tests="14" name="testCasesSATButtonCheck.ButtonCheckLoggedInAsUser" time="34.772" errors="0" timestamp="26 juli 2018 10:46:44 GMT" skipped="0">
  <testcase classname="testCasesSATButtonCheck.ButtonCheckLoggedInAsUser" name="ClickImmaterialrättButton" time="0.730"/>
  <testcase classname="testCasesSATButtonCheck.ButtonCheckLoggedInAsUser" name="ClickAnsökningarOchBidrag" time="5.320"/>
  <testcase classname="testCasesSATButtonCheck.ButtonCheckLoggedInAsUser" name="ClickMeriterOchUtmärkelserButton" time="1.112"/>
  <testcase classname="testCasesSATButtonCheck.ButtonCheckLoggedInAsUser" name="ClickOrganisationsUppgifter" time="2.715"/>
  <testcase classname="testCasesSATButtonCheck.ButtonCheckLoggedInAsUser" name="ClickUtbildningButton" time="0.923"/>
  <testcase classname="testCasesSATButtonCheck.ButtonCheckLoggedInAsUser" name="ClickGranskning" time="2.142"/>
  <testcase classname="testCasesSATButtonCheck.ButtonCheckLoggedInAsUser" name="ClickStartButton" time="2.133"/>
  <testcase classname="testCasesSATButtonCheck.ButtonCheckLoggedInAsUser" name="Logout" time="0.480"/>
  <testcase classname="testCasesSATButtonCheck.ButtonCheckLoggedInAsUser" name="ClickOrganisationsKonto" time="14.206"/>
  <testcase classname="testCasesSATButtonCheck.ButtonCheckLoggedInAsUser" name="ClickGranskarkompetensIfVisible" time="0.029"/>
  <testcase classname="testCasesSATButtonCheck.ButtonCheckLoggedInAsUser" name="LoginAsNormalUser" time="2.699"/>
  <testcase classname="testCasesSATButtonCheck.ButtonCheckLoggedInAsUser" name="ClickPersonuppgifterButton" time="0.600"/>
  <testcase classname="testCasesSATButtonCheck.ButtonCheckLoggedInAsUser" name="ClickArbetslivButton" time="0.964"/>
  <testcase classname="testCasesSATButtonCheck.ButtonCheckLoggedInAsUser" name="ClickPublikationerButton" time="0.719"/>
</testsuite> <!-- testCasesSATButtonCheck.ButtonCheckLoggedInAsUser -->
