<?xml version="1.0" encoding="UTF-8"?>
<!-- Generated by org.testng.reporters.JUnitReportReporter -->
<testsuite hostname="77DWHM2" failures="0" tests="12" name="testCasesSAT.UtbildningAddUtbildningPåGrundOchAvanceradNivå" time="0.000" errors="0" timestamp="25 juli 2018 09:01:16 GMT" skipped="12">
  <testcase classname="testCasesSAT.UtbildningAddUtbildningPåGrundOchAvanceradNivå" name="ClickUtbildningPåGrundOchAvanceradNivå" time="0.000">
    <skipped/>
  </testcase> <!-- ClickUtbildningPåGrundOchAvanceradNivå -->
  <testcase classname="testCasesSAT.UtbildningAddUtbildningPåGrundOchAvanceradNivå" name="ClickUtbildning" time="0.000">
    <skipped/>
  </testcase> <!-- ClickUtbildning -->
  <testcase classname="testCasesSAT.UtbildningAddUtbildningPåGrundOchAvanceradNivå" name="LoginAsUser" time="0.000">
    <skipped/>
  </testcase> <!-- LoginAsUser -->
  <testcase classname="testCasesSAT.UtbildningAddUtbildningPåGrundOchAvanceradNivå" name="ÅrFörExamen" time="0.000">
    <skipped/>
  </testcase> <!-- ÅrFörExamen -->
  <testcase classname="testCasesSAT.UtbildningAddUtbildningPåGrundOchAvanceradNivå" name="OmrådeBeskrivning" time="0.000">
    <skipped/>
  </testcase> <!-- OmrådeBeskrivning -->
  <testcase classname="testCasesSAT.UtbildningAddUtbildningPåGrundOchAvanceradNivå" name="SpecialistkompetensÅr" time="0.000">
    <skipped/>
  </testcase> <!-- SpecialistkompetensÅr -->
  <testcase classname="testCasesSAT.UtbildningAddUtbildningPåGrundOchAvanceradNivå" name="UtbildningPåGrundOchAvanceradNivåAdd" time="0.000">
    <skipped/>
  </testcase> <!-- UtbildningPåGrundOchAvanceradNivåAdd -->
  <testcase classname="testCasesSAT.UtbildningAddUtbildningPåGrundOchAvanceradNivå" name="Examen" time="0.000">
    <skipped/>
  </testcase> <!-- Examen -->
  <testcase classname="testCasesSAT.UtbildningAddUtbildningPåGrundOchAvanceradNivå" name="Specialistkompetens" time="0.000">
    <skipped/>
  </testcase> <!-- Specialistkompetens -->
  <testcase classname="testCasesSAT.UtbildningAddUtbildningPåGrundOchAvanceradNivå" name="ExamensinriktningSelectSubjects" time="0.000">
    <skipped/>
  </testcase> <!-- ExamensinriktningSelectSubjects -->
  <testcase classname="testCasesSAT.UtbildningAddUtbildningPåGrundOchAvanceradNivå" name="SelectOrganization" time="0.000">
    <skipped/>
  </testcase> <!-- SelectOrganization -->
  <testcase classname="testCasesSAT.UtbildningAddUtbildningPåGrundOchAvanceradNivå" name="Spara" time="0.000">
    <skipped/>
  </testcase> <!-- Spara -->
</testsuite> <!-- testCasesSAT.UtbildningAddUtbildningPåGrundOchAvanceradNivå -->
