<?xml version="1.0" encoding="UTF-8"?>
<!-- Generated by org.testng.reporters.JUnitReportReporter -->
<testsuite hostname="77DWHM2" failures="0" tests="14" name="testCasesSATMinProfilUtbildning.UtbildningForskarUtbildningAddDoktorsExamen" time="16.065" errors="0" timestamp="26 juli 2018 14:19:25 GMT" skipped="0">
  <testcase classname="testCasesSATMinProfilUtbildning.UtbildningForskarUtbildningAddDoktorsExamen" name="ISSNISBNNummer" time="0.148"/>
  <testcase classname="testCasesSATMinProfilUtbildning.UtbildningForskarUtbildningAddDoktorsExamen" name="LoginAsUser" time="9.370"/>
  <testcase classname="testCasesSATMinProfilUtbildning.UtbildningForskarUtbildningAddDoktorsExamen" name="SelectOrganization" time="2.150"/>
  <testcase classname="testCasesSATMinProfilUtbildning.UtbildningForskarUtbildningAddDoktorsExamen" name="ClickUtbildning" time="0.964"/>
  <testcase classname="testCasesSATMinProfilUtbildning.UtbildningForskarUtbildningAddDoktorsExamen" name="TypAvForskarUtbildningAddDoktorsexamen" time="0.504"/>
  <testcase classname="testCasesSATMinProfilUtbildning.UtbildningForskarUtbildningAddDoktorsExamen" name="ClickForskarUtbildning" time="0.110"/>
  <testcase classname="testCasesSATMinProfilUtbildning.UtbildningForskarUtbildningAddDoktorsExamen" name="WriteAvhandlingensTitelEngelska" time="0.255"/>
  <testcase classname="testCasesSATMinProfilUtbildning.UtbildningForskarUtbildningAddDoktorsExamen" name="WriteAvhandlingensTitelOrginalSpråk" time="0.267"/>
  <testcase classname="testCasesSATMinProfilUtbildning.UtbildningForskarUtbildningAddDoktorsExamen" name="AddForskarUtbildning" time="0.103"/>
  <testcase classname="testCasesSATMinProfilUtbildning.UtbildningForskarUtbildningAddDoktorsExamen" name="TypAvForskarUtbildningSelectSubjects" time="1.098"/>
  <testcase classname="testCasesSATMinProfilUtbildning.UtbildningForskarUtbildningAddDoktorsExamen" name="Examensdatum" time="0.598"/>
  <testcase classname="testCasesSATMinProfilUtbildning.UtbildningForskarUtbildningAddDoktorsExamen" name="EfternamnHandledare" time="0.190"/>
  <testcase classname="testCasesSATMinProfilUtbildning.UtbildningForskarUtbildningAddDoktorsExamen" name="FörnamnHandledare" time="0.102"/>
  <testcase classname="testCasesSATMinProfilUtbildning.UtbildningForskarUtbildningAddDoktorsExamen" name="SparaForskarutbildningKnapp" time="0.206"/>
</testsuite> <!-- testCasesSATMinProfilUtbildning.UtbildningForskarUtbildningAddDoktorsExamen -->
