<?xml version="1.0" encoding="UTF-8"?>
<!-- Generated by org.testng.reporters.JUnitReportReporter -->
<testsuite hostname="77DWHM2" failures="0" tests="21" name="testCasesSATMinProfilPublikationer.PublikationerAddNewFackGranskadRedaktörerAntologi" time="16.441" errors="0" timestamp="31 juli 2018 14:21:01 GMT" skipped="0">
  <testcase classname="testCasesSATMinProfilPublikationer.PublikationerAddNewFackGranskadRedaktörerAntologi" name="RedaktörerAntologiSpara" time="1.425"/>
  <testcase classname="testCasesSATMinProfilPublikationer.PublikationerAddNewFackGranskadRedaktörerAntologi" name="VäljPublikationsTyp" time="0.815"/>
  <testcase classname="testCasesSATMinProfilPublikationer.PublikationerAddNewFackGranskadRedaktörerAntologi" name="RedaktörerAntologiStatus" time="0.077"/>
  <testcase classname="testCasesSATMinProfilPublikationer.PublikationerAddNewFackGranskadRedaktörerAntologi" name="RedaktörerAntologiKällaID" time="0.095"/>
  <testcase classname="testCasesSATMinProfilPublikationer.PublikationerAddNewFackGranskadRedaktörerAntologi" name="RedaktörerAntologiFörlag" time="0.220"/>
  <testcase classname="testCasesSATMinProfilPublikationer.PublikationerAddNewFackGranskadRedaktörerAntologi" name="RedaktörerAntologiOpenAccessDokumentVersion" time="0.141"/>
  <testcase classname="testCasesSATMinProfilPublikationer.PublikationerAddNewFackGranskadRedaktörerAntologi" name="RedaktörerAntologiFörlagsplats" time="0.156"/>
  <testcase classname="testCasesSATMinProfilPublikationer.PublikationerAddNewFackGranskadRedaktörerAntologi" name="ClickPublikationer" time="1.432"/>
  <testcase classname="testCasesSATMinProfilPublikationer.PublikationerAddNewFackGranskadRedaktörerAntologi" name="RedaktörerAntologiRedaktörKnapp" time="0.103"/>
  <testcase classname="testCasesSATMinProfilPublikationer.PublikationerAddNewFackGranskadRedaktörerAntologi" name="RedaktörerAntologiRedaktörNamn" time="0.230"/>
  <testcase classname="testCasesSATMinProfilPublikationer.PublikationerAddNewFackGranskadRedaktörerAntologi" name="RedaktörerAntologiTitel" time="0.784"/>
  <testcase classname="testCasesSATMinProfilPublikationer.PublikationerAddNewFackGranskadRedaktörerAntologi" name="RedaktörerAntologiOpenAcessSammanfattning" time="0.301"/>
  <testcase classname="testCasesSATMinProfilPublikationer.PublikationerAddNewFackGranskadRedaktörerAntologi" name="RedaktörerAntologiDOI" time="0.098"/>
  <testcase classname="testCasesSATMinProfilPublikationer.PublikationerAddNewFackGranskadRedaktörerAntologi" name="RedaktörerAntologiKällaFörPublikation" time="0.137"/>
  <testcase classname="testCasesSATMinProfilPublikationer.PublikationerAddNewFackGranskadRedaktörerAntologi" name="LäggTillPublikationer" time="0.112"/>
  <testcase classname="testCasesSATMinProfilPublikationer.PublikationerAddNewFackGranskadRedaktörerAntologi" name="DropDownRedaktörerAntologi" time="0.326"/>
  <testcase classname="testCasesSATMinProfilPublikationer.PublikationerAddNewFackGranskadRedaktörerAntologi" name="RedaktörerAntologiOpenAccessFormAvOA" time="0.121"/>
  <testcase classname="testCasesSATMinProfilPublikationer.PublikationerAddNewFackGranskadRedaktörerAntologi" name="RedaktörerAntologiOpenAccessLänkExternLänkFörPublicering" time="0.706"/>
  <testcase classname="testCasesSATMinProfilPublikationer.PublikationerAddNewFackGranskadRedaktörerAntologi" name="RedaktörerAntologiVarTextenPubliceradIOpenAcessJa" time="0.117"/>
  <testcase classname="testCasesSATMinProfilPublikationer.PublikationerAddNewFackGranskadRedaktörerAntologi" name="LoginAsUser" time="8.941"/>
  <testcase classname="testCasesSATMinProfilPublikationer.PublikationerAddNewFackGranskadRedaktörerAntologi" name="RedaktörerAntologiISBN" time="0.104"/>
</testsuite> <!-- testCasesSATMinProfilPublikationer.PublikationerAddNewFackGranskadRedaktörerAntologi -->
