<?xml version="1.0" encoding="UTF-8"?>
<!-- Generated by org.testng.reporters.JUnitReportReporter -->
<testsuite hostname="77DWHM2" failures="0" tests="24" name="testCasesSATMinProfilPublikationer.PublikationerAddNewFackGranskadKonferensbidrag" time="18.994" errors="0" timestamp="31 juli 2018 14:21:01 GMT" skipped="0">
  <testcase classname="testCasesSATMinProfilPublikationer.PublikationerAddNewFackGranskadKonferensbidrag" name="KonferensbidragTitel" time="0.377"/>
  <testcase classname="testCasesSATMinProfilPublikationer.PublikationerAddNewFackGranskadKonferensbidrag" name="KonferensbidragFörstaSidnummer" time="0.173"/>
  <testcase classname="testCasesSATMinProfilPublikationer.PublikationerAddNewFackGranskadKonferensbidrag" name="KonferensbidragKällaFörPublikation" time="0.146"/>
  <testcase classname="testCasesSATMinProfilPublikationer.PublikationerAddNewFackGranskadKonferensbidrag" name="KonferensbidragDOI" time="0.202"/>
  <testcase classname="testCasesSATMinProfilPublikationer.PublikationerAddNewFackGranskadKonferensbidrag" name="KonferensbidragFörfattareEfternamn" time="0.284"/>
  <testcase classname="testCasesSATMinProfilPublikationer.PublikationerAddNewFackGranskadKonferensbidrag" name="KonferensbidragSpara" time="1.572"/>
  <testcase classname="testCasesSATMinProfilPublikationer.PublikationerAddNewFackGranskadKonferensbidrag" name="KonferensbidragOpenAccessFormAvOA" time="0.142"/>
  <testcase classname="testCasesSATMinProfilPublikationer.PublikationerAddNewFackGranskadKonferensbidrag" name="LoginAsUser" time="9.746"/>
  <testcase classname="testCasesSATMinProfilPublikationer.PublikationerAddNewFackGranskadKonferensbidrag" name="KonferensbidragKällaID" time="0.219"/>
  <testcase classname="testCasesSATMinProfilPublikationer.PublikationerAddNewFackGranskadKonferensbidrag" name="KonferensbidragStatus" time="0.071"/>
  <testcase classname="testCasesSATMinProfilPublikationer.PublikationerAddNewFackGranskadKonferensbidrag" name="KonferensbidragFörfattareFörnamn" time="0.252"/>
  <testcase classname="testCasesSATMinProfilPublikationer.PublikationerAddNewFackGranskadKonferensbidrag" name="KonferensbidragVolym" time="0.225"/>
  <testcase classname="testCasesSATMinProfilPublikationer.PublikationerAddNewFackGranskadKonferensbidrag" name="KonferensbidragSistaSidnummer" time="0.186"/>
  <testcase classname="testCasesSATMinProfilPublikationer.PublikationerAddNewFackGranskadKonferensbidrag" name="KonferensbidragVarTextenPubliceradIOpenAcessJa" time="0.126"/>
  <testcase classname="testCasesSATMinProfilPublikationer.PublikationerAddNewFackGranskadKonferensbidrag" name="VäljPublikationsTyp" time="0.813"/>
  <testcase classname="testCasesSATMinProfilPublikationer.PublikationerAddNewFackGranskadKonferensbidrag" name="KonferensbidragOpenAccessLänkExternLänkFörPublicering" time="0.962"/>
  <testcase classname="testCasesSATMinProfilPublikationer.PublikationerAddNewFackGranskadKonferensbidrag" name="KonferensbidragOpenAccessDokumentVersion" time="0.118"/>
  <testcase classname="testCasesSATMinProfilPublikationer.PublikationerAddNewFackGranskadKonferensbidrag" name="KonferensbidragOpenAcessSammanfattning" time="0.643"/>
  <testcase classname="testCasesSATMinProfilPublikationer.PublikationerAddNewFackGranskadKonferensbidrag" name="KonferensbidragUtfärdandenummer" time="0.215"/>
  <testcase classname="testCasesSATMinProfilPublikationer.PublikationerAddNewFackGranskadKonferensbidrag" name="DropDownKonferensbidrag" time="0.302"/>
  <testcase classname="testCasesSATMinProfilPublikationer.PublikationerAddNewFackGranskadKonferensbidrag" name="KonferensbidragFörfattareKnapp" time="0.136"/>
  <testcase classname="testCasesSATMinProfilPublikationer.PublikationerAddNewFackGranskadKonferensbidrag" name="LäggTillPublikationer" time="0.114"/>
  <testcase classname="testCasesSATMinProfilPublikationer.PublikationerAddNewFackGranskadKonferensbidrag" name="ClickPublikationer" time="1.636"/>
  <testcase classname="testCasesSATMinProfilPublikationer.PublikationerAddNewFackGranskadKonferensbidrag" name="KonferensbidragNamnPåTidskrift" time="0.334"/>
</testsuite> <!-- testCasesSATMinProfilPublikationer.PublikationerAddNewFackGranskadKonferensbidrag -->
