<?xml version="1.0" encoding="UTF-8"?>
<!-- Generated by org.testng.reporters.JUnitReportReporter -->
<testsuite hostname="77DWHM2" failures="0" tests="7" name="testCasesMinProfilArbetsliv.ArbetslivAddNewUppeHålliForskningen" time="13.861" errors="0" timestamp="26 juli 2018 14:19:25 GMT" skipped="0">
  <testcase classname="testCasesMinProfilArbetsliv.ArbetslivAddNewUppeHålliForskningen" name="Beskrivning" time="0.153"/>
  <testcase classname="testCasesMinProfilArbetsliv.ArbetslivAddNewUppeHålliForskningen" name="StartDatum" time="0.467"/>
  <testcase classname="testCasesMinProfilArbetsliv.ArbetslivAddNewUppeHålliForskningen" name="ClickArbetsliv" time="3.318"/>
  <testcase classname="testCasesMinProfilArbetsliv.ArbetslivAddNewUppeHålliForskningen" name="LoginAsUser2" time="9.262"/>
  <testcase classname="testCasesMinProfilArbetsliv.ArbetslivAddNewUppeHålliForskningen" name="SparaVal" time="0.203"/>
  <testcase classname="testCasesMinProfilArbetsliv.ArbetslivAddNewUppeHålliForskningen" name="SlutDatum" time="0.256"/>
  <testcase classname="testCasesMinProfilArbetsliv.ArbetslivAddNewUppeHålliForskningen" name="UppehållIForskningenLäggTill" time="0.202"/>
</testsuite> <!-- testCasesMinProfilArbetsliv.ArbetslivAddNewUppeHålliForskningen -->
