<?xml version="1.0" encoding="UTF-8"?>
<!-- Generated by org.testng.reporters.JUnitReportReporter -->
<testsuite hostname="77DWHM2" failures="0" tests="21" name="testCasesSAT.ArbetslivAddNewFackGranskadBok" time="14.444" errors="0" timestamp="19 juli 2018 15:38:47 GMT" skipped="0">
  <testcase classname="testCasesSAT.ArbetslivAddNewFackGranskadBok" name="BokSpara" time="0.822"/>
  <testcase classname="testCasesSAT.ArbetslivAddNewFackGranskadBok" name="ClickPublikationer" time="0.926"/>
  <testcase classname="testCasesSAT.ArbetslivAddNewFackGranskadBok" name="BokUtgivareFörlag" time="0.140"/>
  <testcase classname="testCasesSAT.ArbetslivAddNewFackGranskadBok" name="DropDownBok" time="0.209"/>
  <testcase classname="testCasesSAT.ArbetslivAddNewFackGranskadBok" name="BokOpenAcessSammanfattning" time="0.376"/>
  <testcase classname="testCasesSAT.ArbetslivAddNewFackGranskadBok" name="BokUtgivareISBN" time="0.117"/>
  <testcase classname="testCasesSAT.ArbetslivAddNewFackGranskadBok" name="BokFörfattareKnapp" time="0.126"/>
  <testcase classname="testCasesSAT.ArbetslivAddNewFackGranskadBok" name="BokUtgivareKällaID" time="0.086"/>
  <testcase classname="testCasesSAT.ArbetslivAddNewFackGranskadBok" name="BokTitel" time="0.206"/>
  <testcase classname="testCasesSAT.ArbetslivAddNewFackGranskadBok" name="BokUtgivareKällaFörPublikation" time="0.181"/>
  <testcase classname="testCasesSAT.ArbetslivAddNewFackGranskadBok" name="BokFörfattareFörnamn" time="0.101"/>
  <testcase classname="testCasesSAT.ArbetslivAddNewFackGranskadBok" name="BokUtgivareDOI" time="0.142"/>
  <testcase classname="testCasesSAT.ArbetslivAddNewFackGranskadBok" name="LäggTillPublikationer" time="0.079"/>
  <testcase classname="testCasesSAT.ArbetslivAddNewFackGranskadBok" name="BokOpenAccessLänkExternLänkFörPublicering" time="0.696"/>
  <testcase classname="testCasesSAT.ArbetslivAddNewFackGranskadBok" name="LoginAsUser" time="8.701"/>
  <testcase classname="testCasesSAT.ArbetslivAddNewFackGranskadBok" name="BokFörfattareEfternamn" time="0.139"/>
  <testcase classname="testCasesSAT.ArbetslivAddNewFackGranskadBok" name="VäljPublikationsTyp" time="0.889"/>
  <testcase classname="testCasesSAT.ArbetslivAddNewFackGranskadBok" name="BokOpenAccessDokumentVersion" time="0.113"/>
  <testcase classname="testCasesSAT.ArbetslivAddNewFackGranskadBok" name="BokUtgivareFörlagsplats" time="0.166"/>
  <testcase classname="testCasesSAT.ArbetslivAddNewFackGranskadBok" name="BokOpenAccessFormAvOA" time="0.130"/>
  <testcase classname="testCasesSAT.ArbetslivAddNewFackGranskadBok" name="BokVarTextenPubliceradIOpenAcessJa" time="0.099"/>
</testsuite> <!-- testCasesSAT.ArbetslivAddNewFackGranskadBok -->
