<?xml version="1.0" encoding="UTF-8"?>
<!-- Generated by org.testng.reporters.JUnitReportReporter -->
<testsuite hostname="77DWHM2" failures="0" tests="10" name="testCasesMinProfilArbetsliv.ArbetslivAddNewForskarutbyten" time="14.918" errors="0" timestamp="30 juli 2018 13:14:19 GMT" skipped="0">
  <testcase classname="testCasesMinProfilArbetsliv.ArbetslivAddNewForskarutbyten" name="Typ" time="0.205"/>
  <testcase classname="testCasesMinProfilArbetsliv.ArbetslivAddNewForskarutbyten" name="PeriodStartOchSlutYear" time="1.890"/>
  <testcase classname="testCasesMinProfilArbetsliv.ArbetslivAddNewForskarutbyten" name="PeriodStartMonth" time="0.225"/>
  <testcase classname="testCasesMinProfilArbetsliv.ArbetslivAddNewForskarutbyten" name="Ã„mne" time="0.702"/>
  <testcase classname="testCasesMinProfilArbetsliv.ArbetslivAddNewForskarutbyten" name="LoginAsUser4" time="8.723"/>
  <testcase classname="testCasesMinProfilArbetsliv.ArbetslivAddNewForskarutbyten" name="SelectOrganization" time="2.155"/>
  <testcase classname="testCasesMinProfilArbetsliv.ArbetslivAddNewForskarutbyten" name="SparaForskarUbyte" time="0.134"/>
  <testcase classname="testCasesMinProfilArbetsliv.ArbetslivAddNewForskarutbyten" name="AddForskarUbyten" time="0.102"/>
  <testcase classname="testCasesMinProfilArbetsliv.ArbetslivAddNewForskarutbyten" name="PeriodEndMonth" time="0.180"/>
  <testcase classname="testCasesMinProfilArbetsliv.ArbetslivAddNewForskarutbyten" name="ClickArbetsliv" time="0.602"/>
</testsuite> <!-- testCasesMinProfilArbetsliv.ArbetslivAddNewForskarutbyten -->
