<?xml version="1.0" encoding="UTF-8"?>
<!-- Generated by org.testng.reporters.JUnitReportReporter -->
<testsuite hostname="77DWHM2" failures="0" tests="12" name="testCasesSATMinProfilUtbildning.UtbildningAddUtbildningPåGrundOchAvanceradNivå" time="15.611" errors="0" timestamp="31 juli 2018 14:21:01 GMT" skipped="0">
  <testcase classname="testCasesSATMinProfilUtbildning.UtbildningAddUtbildningPåGrundOchAvanceradNivå" name="OmrådeBeskrivning" time="0.174"/>
  <testcase classname="testCasesSATMinProfilUtbildning.UtbildningAddUtbildningPåGrundOchAvanceradNivå" name="ÅrFörExamen" time="0.793"/>
  <testcase classname="testCasesSATMinProfilUtbildning.UtbildningAddUtbildningPåGrundOchAvanceradNivå" name="Spara" time="0.215"/>
  <testcase classname="testCasesSATMinProfilUtbildning.UtbildningAddUtbildningPåGrundOchAvanceradNivå" name="LoginAsUser" time="8.871"/>
  <testcase classname="testCasesSATMinProfilUtbildning.UtbildningAddUtbildningPåGrundOchAvanceradNivå" name="ClickUtbildningPåGrundOchAvanceradNivå" time="0.102"/>
  <testcase classname="testCasesSATMinProfilUtbildning.UtbildningAddUtbildningPåGrundOchAvanceradNivå" name="Examen" time="0.155"/>
  <testcase classname="testCasesSATMinProfilUtbildning.UtbildningAddUtbildningPåGrundOchAvanceradNivå" name="ClickUtbildning" time="0.979"/>
  <testcase classname="testCasesSATMinProfilUtbildning.UtbildningAddUtbildningPåGrundOchAvanceradNivå" name="SelectOrganization" time="2.272"/>
  <testcase classname="testCasesSATMinProfilUtbildning.UtbildningAddUtbildningPåGrundOchAvanceradNivå" name="ExamensinriktningSelectSubjects" time="0.670"/>
  <testcase classname="testCasesSATMinProfilUtbildning.UtbildningAddUtbildningPåGrundOchAvanceradNivå" name="SpecialistkompetensÅr" time="1.150"/>
  <testcase classname="testCasesSATMinProfilUtbildning.UtbildningAddUtbildningPåGrundOchAvanceradNivå" name="Specialistkompetens" time="0.134"/>
  <testcase classname="testCasesSATMinProfilUtbildning.UtbildningAddUtbildningPåGrundOchAvanceradNivå" name="UtbildningPåGrundOchAvanceradNivåAdd" time="0.096"/>
</testsuite> <!-- testCasesSATMinProfilUtbildning.UtbildningAddUtbildningPåGrundOchAvanceradNivå -->
