<?xml version="1.0" encoding="UTF-8"?>
<!-- Generated by org.testng.reporters.JUnitReportReporter -->
<testsuite hostname="77DWHM2" failures="0" tests="26" name="testCasesSATMinProfilPublikationer.PublikationerAddNewFackGranskadBidragTillBok" time="20.365" errors="0" timestamp="31 juli 2018 14:21:01 GMT" skipped="0">
  <testcase classname="testCasesSATMinProfilPublikationer.PublikationerAddNewFackGranskadBidragTillBok" name="VäljPublikationsTyp" time="0.843"/>
  <testcase classname="testCasesSATMinProfilPublikationer.PublikationerAddNewFackGranskadBidragTillBok" name="BidragTillEnBokOpenAcessSammanfattning" time="0.550"/>
  <testcase classname="testCasesSATMinProfilPublikationer.PublikationerAddNewFackGranskadBidragTillBok" name="BidragTillEnBokUtgivareISBN" time="0.224"/>
  <testcase classname="testCasesSATMinProfilPublikationer.PublikationerAddNewFackGranskadBidragTillBok" name="BidragTillEnBokRedaktörKnapp" time="0.121"/>
  <testcase classname="testCasesSATMinProfilPublikationer.PublikationerAddNewFackGranskadBidragTillBok" name="LäggTillPublikationer" time="0.098"/>
  <testcase classname="testCasesSATMinProfilPublikationer.PublikationerAddNewFackGranskadBidragTillBok" name="BidragTillEnBokOpenAccessDokumentVersion" time="0.131"/>
  <testcase classname="testCasesSATMinProfilPublikationer.PublikationerAddNewFackGranskadBidragTillBok" name="BidragTillEnBokUtgivareSistaSidnummer" time="0.170"/>
  <testcase classname="testCasesSATMinProfilPublikationer.PublikationerAddNewFackGranskadBidragTillBok" name="BidragTillEnBokFörfattareEfternamn" time="0.330"/>
  <testcase classname="testCasesSATMinProfilPublikationer.PublikationerAddNewFackGranskadBidragTillBok" name="BidragTillEnBokUtgivareDOI" time="0.245"/>
  <testcase classname="testCasesSATMinProfilPublikationer.PublikationerAddNewFackGranskadBidragTillBok" name="BidragTillEnBokFörfattareFörnamn" time="0.557"/>
  <testcase classname="testCasesSATMinProfilPublikationer.PublikationerAddNewFackGranskadBidragTillBok" name="BidragTillEnBokSpara" time="1.434"/>
  <testcase classname="testCasesSATMinProfilPublikationer.PublikationerAddNewFackGranskadBidragTillBok" name="BidragTillEnBokUtgivareKällaID" time="0.200"/>
  <testcase classname="testCasesSATMinProfilPublikationer.PublikationerAddNewFackGranskadBidragTillBok" name="BidragTillEnBokFörfattareKnapp" time="0.110"/>
  <testcase classname="testCasesSATMinProfilPublikationer.PublikationerAddNewFackGranskadBidragTillBok" name="BidragTillEnBokVarTextenPubliceradIOpenAcessJa" time="0.109"/>
  <testcase classname="testCasesSATMinProfilPublikationer.PublikationerAddNewFackGranskadBidragTillBok" name="LoginAsUser" time="8.624"/>
  <testcase classname="testCasesSATMinProfilPublikationer.PublikationerAddNewFackGranskadBidragTillBok" name="BidragTillEnBokTitel" time="0.771"/>
  <testcase classname="testCasesSATMinProfilPublikationer.PublikationerAddNewFackGranskadBidragTillBok" name="BidragTillEnBokUtgivareFörlag" time="0.309"/>
  <testcase classname="testCasesSATMinProfilPublikationer.PublikationerAddNewFackGranskadBidragTillBok" name="DropDownBidragTillEnBok" time="0.196"/>
  <testcase classname="testCasesSATMinProfilPublikationer.PublikationerAddNewFackGranskadBidragTillBok" name="BidragTillEnBokRedaktörNamn" time="1.941"/>
  <testcase classname="testCasesSATMinProfilPublikationer.PublikationerAddNewFackGranskadBidragTillBok" name="BidragTillEnBokUtgivareFörstaSidnummer" time="0.144"/>
  <testcase classname="testCasesSATMinProfilPublikationer.PublikationerAddNewFackGranskadBidragTillBok" name="BidragTillEnBokOpenAccessLänkExternLänkFörPublicering" time="0.881"/>
  <testcase classname="testCasesSATMinProfilPublikationer.PublikationerAddNewFackGranskadBidragTillBok" name="BidragTillEnBokUtgivareStatus" time="0.064"/>
  <testcase classname="testCasesSATMinProfilPublikationer.PublikationerAddNewFackGranskadBidragTillBok" name="BidragTillEnBokUtgivareKällaFörPublikation" time="0.190"/>
  <testcase classname="testCasesSATMinProfilPublikationer.PublikationerAddNewFackGranskadBidragTillBok" name="ClickPublikationer" time="1.618"/>
  <testcase classname="testCasesSATMinProfilPublikationer.PublikationerAddNewFackGranskadBidragTillBok" name="BidragTillEnBokUtgivareFörlagsplats" time="0.393"/>
  <testcase classname="testCasesSATMinProfilPublikationer.PublikationerAddNewFackGranskadBidragTillBok" name="BidragTillEnBokOpenAccessFormAvOA" time="0.112"/>
</testsuite> <!-- testCasesSATMinProfilPublikationer.PublikationerAddNewFackGranskadBidragTillBok -->
