<?xml version="1.0" encoding="UTF-8"?>
<!-- Generated by org.testng.reporters.JUnitReportReporter -->
<testsuite hostname="77DWHM2" failures="0" tests="2" name="testCasesSATÖvrigt.LoginAsInvalidUser" time="0.000" errors="0" timestamp="25 juli 2018 15:37:49 GMT" skipped="2">
  <testcase classname="testCasesSATÖvrigt.LoginAsInvalidUser" name="CheckThatLogginInWithFalseInfoNotPossible" time="0.000">
    <skipped/>
  </testcase> <!-- CheckThatLogginInWithFalseInfoNotPossible -->
  <testcase classname="testCasesSATÖvrigt.LoginAsInvalidUser" name="InputUserWithInvalidInfo" time="0.000">
    <skipped/>
  </testcase> <!-- InputUserWithInvalidInfo -->
</testsuite> <!-- testCasesSATÖvrigt.LoginAsInvalidUser -->
