<?xml version="1.0" encoding="UTF-8"?>
<!-- Generated by org.testng.reporters.JUnitReportReporter -->
<testsuite hostname="BSTTF72" failures="0" tests="2" name="Utility.RemoveArbetsliv" time="26.337" errors="0" timestamp="30 juli 2018 12:44:23 GMT" skipped="0">
  <testcase classname="Utility.RemoveArbetsliv" name="f" time="13.509"/>
  <testcase classname="Utility.RemoveArbetsliv" name="f2" time="12.828"/>
</testsuite> <!-- Utility.RemoveArbetsliv -->
