<?xml version="1.0" encoding="UTF-8"?>
<!-- Generated by org.testng.reporters.JUnitReportReporter -->
<testsuite hostname="77DWHM2" failures="0" tests="1" name="testCasesSAT.NewTest" time="6.819" errors="0" timestamp="05 juli 2018 11:33:53 GMT" skipped="0">
  <testcase classname="testCasesSAT.NewTest" name="f" time="6.819"/>
</testsuite> <!-- testCasesSAT.NewTest -->
