<?xml version="1.0" encoding="UTF-8"?>
<!-- Generated by org.testng.reporters.JUnitReportReporter -->
<testsuite hostname="77DWHM2" failures="0" tests="12" name="testCasesMinProfilArbetsliv.ArbetslivAddNewAnställningar" time="14.913" errors="0" timestamp="31 juli 2018 14:21:01 GMT" skipped="0">
  <testcase classname="testCasesMinProfilArbetsliv.ArbetslivAddNewAnställningar" name="DelAvForskningIAnställningenBaseradPåHeltid" time="0.260"/>
  <testcase classname="testCasesMinProfilArbetsliv.ArbetslivAddNewAnställningar" name="AnställningensBörjanOchSlutYear" time="0.624"/>
  <testcase classname="testCasesMinProfilArbetsliv.ArbetslivAddNewAnställningar" name="ClickArbetsliv" time="0.620"/>
  <testcase classname="testCasesMinProfilArbetsliv.ArbetslivAddNewAnställningar" name="AnställningensSlutMonth" time="0.181"/>
  <testcase classname="testCasesMinProfilArbetsliv.ArbetslivAddNewAnställningar" name="LoginAsUser" time="9.263"/>
  <testcase classname="testCasesMinProfilArbetsliv.ArbetslivAddNewAnställningar" name="AnställningDropDown" time="0.314"/>
  <testcase classname="testCasesMinProfilArbetsliv.ArbetslivAddNewAnställningar" name="AnställningensBörjanMonth" time="0.260"/>
  <testcase classname="testCasesMinProfilArbetsliv.ArbetslivAddNewAnställningar" name="ÖvrigInformation" time="0.620"/>
  <testcase classname="testCasesMinProfilArbetsliv.ArbetslivAddNewAnställningar" name="AddAnställning" time="0.103"/>
  <testcase classname="testCasesMinProfilArbetsliv.ArbetslivAddNewAnställningar" name="SparaAnställning" time="0.140"/>
  <testcase classname="testCasesMinProfilArbetsliv.ArbetslivAddNewAnställningar" name="SelectOrganization" time="2.216"/>
  <testcase classname="testCasesMinProfilArbetsliv.ArbetslivAddNewAnställningar" name="AnställningsFormDropDown" time="0.312"/>
</testsuite> <!-- testCasesMinProfilArbetsliv.ArbetslivAddNewAnställningar -->
