<?xml version="1.0" encoding="UTF-8"?>
<!-- Generated by org.testng.reporters.JUnitReportReporter -->
<testsuite hostname="77DWHM2" failures="0" tests="6" name="testCasesSAT.AddEducation" time="14.059" errors="0" timestamp="05 juli 2018 15:17:05 GMT" skipped="0">
  <testcase classname="testCasesSAT.AddEducation" name="AddForskarUtbildning" time="0.088"/>
  <testcase classname="testCasesSAT.AddEducation" name="TypAvForskarUtbildningAddLicentiatexamen" time="0.889"/>
  <testcase classname="testCasesSAT.AddEducation" name="ClickForskarUtbildning" time="0.088"/>
  <testcase classname="testCasesSAT.AddEducation" name="LoginAsUser" time="12.006"/>
  <testcase classname="testCasesSAT.AddEducation" name="ClickUtbildning" time="0.762"/>
  <testcase classname="testCasesSAT.AddEducation" name="SelectOrganization" time="0.226"/>
</testsuite> <!-- testCasesSAT.AddEducation -->
