<?xml version="1.0" encoding="UTF-8"?>
<!-- Generated by org.testng.reporters.JUnitReportReporter -->
<testsuite hostname="77DWHM2" failures="0" tests="9" name="testCasesSATMinProfilMeriterOchUtmärkelser.MeriterOchUtmärkelserAddNewPriserOchUtmärkelser" time="14.403" errors="0" timestamp="26 juli 2018 14:19:25 GMT" skipped="0">
  <testcase classname="testCasesSATMinProfilMeriterOchUtmärkelser.MeriterOchUtmärkelserAddNewPriserOchUtmärkelser" name="Beskrivning" time="0.220"/>
  <testcase classname="testCasesSATMinProfilMeriterOchUtmärkelser.MeriterOchUtmärkelserAddNewPriserOchUtmärkelser" name="Utfärdare" time="0.198"/>
  <testcase classname="testCasesSATMinProfilMeriterOchUtmärkelser.MeriterOchUtmärkelserAddNewPriserOchUtmärkelser" name="Land" time="1.002"/>
  <testcase classname="testCasesSATMinProfilMeriterOchUtmärkelser.MeriterOchUtmärkelserAddNewPriserOchUtmärkelser" name="ClickMeriterOchUtmärkelser" time="2.128"/>
  <testcase classname="testCasesSATMinProfilMeriterOchUtmärkelser.MeriterOchUtmärkelserAddNewPriserOchUtmärkelser" name="LäggTill" time="0.152"/>
  <testcase classname="testCasesSATMinProfilMeriterOchUtmärkelser.MeriterOchUtmärkelserAddNewPriserOchUtmärkelser" name="LoginAsUser" time="9.607"/>
  <testcase classname="testCasesSATMinProfilMeriterOchUtmärkelser.MeriterOchUtmärkelserAddNewPriserOchUtmärkelser" name="År" time="0.768"/>
  <testcase classname="testCasesSATMinProfilMeriterOchUtmärkelser.MeriterOchUtmärkelserAddNewPriserOchUtmärkelser" name="Spara" time="0.162"/>
  <testcase classname="testCasesSATMinProfilMeriterOchUtmärkelser.MeriterOchUtmärkelserAddNewPriserOchUtmärkelser" name="NamnPåPriset" time="0.166"/>
</testsuite> <!-- testCasesSATMinProfilMeriterOchUtmärkelser.MeriterOchUtmärkelserAddNewPriserOchUtmärkelser -->
