<?xml version="1.0" encoding="UTF-8"?>
<!-- Generated by org.testng.reporters.JUnitReportReporter -->
<testsuite hostname="77DWHM2" failures="0" tests="22" name="testCasesSATMinProfilPublikationer.PublikationerAddNewINTEFackGranskadÖvrigLitteratur" time="18.979" errors="0" timestamp="26 juli 2018 14:19:25 GMT" skipped="0">
  <testcase classname="testCasesSATMinProfilPublikationer.PublikationerAddNewINTEFackGranskadÖvrigLitteratur" name="ÖvrigLitteraturSpara" time="1.375"/>
  <testcase classname="testCasesSATMinProfilPublikationer.PublikationerAddNewINTEFackGranskadÖvrigLitteratur" name="ÖvrigLitteraturDOI" time="0.190"/>
  <testcase classname="testCasesSATMinProfilPublikationer.PublikationerAddNewINTEFackGranskadÖvrigLitteratur" name="ÖvrigLitteraturFörfattareKnapp" time="0.134"/>
  <testcase classname="testCasesSATMinProfilPublikationer.PublikationerAddNewINTEFackGranskadÖvrigLitteratur" name="ÖvrigLitteraturOpenAccessFormAvOA" time="0.247"/>
  <testcase classname="testCasesSATMinProfilPublikationer.PublikationerAddNewINTEFackGranskadÖvrigLitteratur" name="ÖvrigLitteraturFörfattareFörnamn" time="0.202"/>
  <testcase classname="testCasesSATMinProfilPublikationer.PublikationerAddNewINTEFackGranskadÖvrigLitteratur" name="ÖvrigLitteraturTitel" time="0.811"/>
  <testcase classname="testCasesSATMinProfilPublikationer.PublikationerAddNewINTEFackGranskadÖvrigLitteratur" name="ÖvrigLitteraturKällaID" time="0.317"/>
  <testcase classname="testCasesSATMinProfilPublikationer.PublikationerAddNewINTEFackGranskadÖvrigLitteratur" name="ÖvrigLitteraturFörfattareEfternamn" time="0.257"/>
  <testcase classname="testCasesSATMinProfilPublikationer.PublikationerAddNewINTEFackGranskadÖvrigLitteratur" name="ÖvrigLitteraturISBN" time="0.201"/>
  <testcase classname="testCasesSATMinProfilPublikationer.PublikationerAddNewINTEFackGranskadÖvrigLitteratur" name="ÖvrigLitteraturKällaFörPublikation" time="0.204"/>
  <testcase classname="testCasesSATMinProfilPublikationer.PublikationerAddNewINTEFackGranskadÖvrigLitteratur" name="DropDownÖvrigLitteratur" time="0.242"/>
  <testcase classname="testCasesSATMinProfilPublikationer.PublikationerAddNewINTEFackGranskadÖvrigLitteratur" name="LäggTillPublikationer" time="0.117"/>
  <testcase classname="testCasesSATMinProfilPublikationer.PublikationerAddNewINTEFackGranskadÖvrigLitteratur" name="ÖvrigLitteraturFörlag" time="0.228"/>
  <testcase classname="testCasesSATMinProfilPublikationer.PublikationerAddNewINTEFackGranskadÖvrigLitteratur" name="ÖvrigLitteraturOpenAccessLänkExternLänkFörPublicering" time="0.754"/>
  <testcase classname="testCasesSATMinProfilPublikationer.PublikationerAddNewINTEFackGranskadÖvrigLitteratur" name="ClickPublikationer" time="1.502"/>
  <testcase classname="testCasesSATMinProfilPublikationer.PublikationerAddNewINTEFackGranskadÖvrigLitteratur" name="ÖvrigLitteraturStatus" time="0.167"/>
  <testcase classname="testCasesSATMinProfilPublikationer.PublikationerAddNewINTEFackGranskadÖvrigLitteratur" name="ÖvrigLitteraturOpenAccessDokumentVersion" time="0.290"/>
  <testcase classname="testCasesSATMinProfilPublikationer.PublikationerAddNewINTEFackGranskadÖvrigLitteratur" name="ÖvrigLitteraturVarTextenPubliceradIOpenAcessJa" time="0.230"/>
  <testcase classname="testCasesSATMinProfilPublikationer.PublikationerAddNewINTEFackGranskadÖvrigLitteratur" name="VäljPublikationsTyp" time="0.802"/>
  <testcase classname="testCasesSATMinProfilPublikationer.PublikationerAddNewINTEFackGranskadÖvrigLitteratur" name="ÖvrigLitteraturFörlagsplats" time="0.201"/>
  <testcase classname="testCasesSATMinProfilPublikationer.PublikationerAddNewINTEFackGranskadÖvrigLitteratur" name="ÖvrigLitteraturOpenAcessSammanfattning" time="0.835"/>
  <testcase classname="testCasesSATMinProfilPublikationer.PublikationerAddNewINTEFackGranskadÖvrigLitteratur" name="LoginAsUser" time="9.673"/>
</testsuite> <!-- testCasesSATMinProfilPublikationer.PublikationerAddNewINTEFackGranskadÖvrigLitteratur -->
