<?xml version="1.0" encoding="UTF-8"?>
<!-- Generated by org.testng.reporters.JUnitReportReporter -->
<testsuite hostname="77DWHM2" failures="0" tests="24" name="testCasesSATMinProfilPublikationer.PublikationerAddNewFackGranskadOriginellaBidragTillVetenskapligaTidskriften" time="17.637" errors="0" timestamp="31 juli 2018 14:21:01 GMT" skipped="0">
  <testcase classname="testCasesSATMinProfilPublikationer.PublikationerAddNewFackGranskadOriginellaBidragTillVetenskapligaTidskriften" name="OriginellaBidragTillVetenskapligaTidskriftenOpenAccessFormAvOA" time="0.108"/>
  <testcase classname="testCasesSATMinProfilPublikationer.PublikationerAddNewFackGranskadOriginellaBidragTillVetenskapligaTidskriften" name="OriginellaBidragTillVetenskapligaTidskriftenKällaID" time="0.224"/>
  <testcase classname="testCasesSATMinProfilPublikationer.PublikationerAddNewFackGranskadOriginellaBidragTillVetenskapligaTidskriften" name="OriginellaBidragTillVetenskapligaTidskriftenFörfattareEfternamn" time="0.378"/>
  <testcase classname="testCasesSATMinProfilPublikationer.PublikationerAddNewFackGranskadOriginellaBidragTillVetenskapligaTidskriften" name="DropDownOriginellaBidragTillVetenskapligaTidskriften" time="0.364"/>
  <testcase classname="testCasesSATMinProfilPublikationer.PublikationerAddNewFackGranskadOriginellaBidragTillVetenskapligaTidskriften" name="LoginAsUser" time="8.781"/>
  <testcase classname="testCasesSATMinProfilPublikationer.PublikationerAddNewFackGranskadOriginellaBidragTillVetenskapligaTidskriften" name="OriginellaBidragTillVetenskapligaTidskriftenUtfärdandenummer" time="0.212"/>
  <testcase classname="testCasesSATMinProfilPublikationer.PublikationerAddNewFackGranskadOriginellaBidragTillVetenskapligaTidskriften" name="LäggTillPublikationer" time="0.116"/>
  <testcase classname="testCasesSATMinProfilPublikationer.PublikationerAddNewFackGranskadOriginellaBidragTillVetenskapligaTidskriften" name="OriginellaBidragTillVetenskapligaTidskriftenOpenAcessSammanfattning" time="0.504"/>
  <testcase classname="testCasesSATMinProfilPublikationer.PublikationerAddNewFackGranskadOriginellaBidragTillVetenskapligaTidskriften" name="OriginellaBidragTillVetenskapligaTidskriftenTitel" time="0.395"/>
  <testcase classname="testCasesSATMinProfilPublikationer.PublikationerAddNewFackGranskadOriginellaBidragTillVetenskapligaTidskriften" name="OriginellaBidragTillVetenskapligaTidskriftenFörstaSidnummer" time="0.188"/>
  <testcase classname="testCasesSATMinProfilPublikationer.PublikationerAddNewFackGranskadOriginellaBidragTillVetenskapligaTidskriften" name="OriginellaBidragTillVetenskapligaTidskriftenStatus" time="0.069"/>
  <testcase classname="testCasesSATMinProfilPublikationer.PublikationerAddNewFackGranskadOriginellaBidragTillVetenskapligaTidskriften" name="OriginellaBidragTillVetenskapligaTidskriftenVarTextenPubliceradIOpenAcessJa" time="0.119"/>
  <testcase classname="testCasesSATMinProfilPublikationer.PublikationerAddNewFackGranskadOriginellaBidragTillVetenskapligaTidskriften" name="OriginellaBidragTillVetenskapligaTidskriftenSistaSidnummer" time="0.211"/>
  <testcase classname="testCasesSATMinProfilPublikationer.PublikationerAddNewFackGranskadOriginellaBidragTillVetenskapligaTidskriften" name="OriginellaBidragTillVetenskapligaTidskriftenOpenAccessDokumentVersion" time="0.115"/>
  <testcase classname="testCasesSATMinProfilPublikationer.PublikationerAddNewFackGranskadOriginellaBidragTillVetenskapligaTidskriften" name="VäljPublikationsTyp" time="0.808"/>
  <testcase classname="testCasesSATMinProfilPublikationer.PublikationerAddNewFackGranskadOriginellaBidragTillVetenskapligaTidskriften" name="OriginellaBidragTillVetenskapligaTidskriftenOpenAccessLänkExternLänkFörPublicering" time="0.822"/>
  <testcase classname="testCasesSATMinProfilPublikationer.PublikationerAddNewFackGranskadOriginellaBidragTillVetenskapligaTidskriften" name="OriginellaBidragTillVetenskapligaTidskriftenNamnPåTidskrift" time="0.286"/>
  <testcase classname="testCasesSATMinProfilPublikationer.PublikationerAddNewFackGranskadOriginellaBidragTillVetenskapligaTidskriften" name="OriginellaBidragTillVetenskapligaTidskriftenFörfattareKnapp" time="0.204"/>
  <testcase classname="testCasesSATMinProfilPublikationer.PublikationerAddNewFackGranskadOriginellaBidragTillVetenskapligaTidskriften" name="OriginellaBidragTillVetenskapligaTidskriftenSpara" time="1.451"/>
  <testcase classname="testCasesSATMinProfilPublikationer.PublikationerAddNewFackGranskadOriginellaBidragTillVetenskapligaTidskriften" name="OriginellaBidragTillVetenskapligaTidskriftenKällaFörPublikation" time="0.113"/>
  <testcase classname="testCasesSATMinProfilPublikationer.PublikationerAddNewFackGranskadOriginellaBidragTillVetenskapligaTidskriften" name="OriginellaBidragTillVetenskapligaTidskriftenDOI" time="0.207"/>
  <testcase classname="testCasesSATMinProfilPublikationer.PublikationerAddNewFackGranskadOriginellaBidragTillVetenskapligaTidskriften" name="OriginellaBidragTillVetenskapligaTidskriftenVolym" time="0.163"/>
  <testcase classname="testCasesSATMinProfilPublikationer.PublikationerAddNewFackGranskadOriginellaBidragTillVetenskapligaTidskriften" name="ClickPublikationer" time="1.528"/>
  <testcase classname="testCasesSATMinProfilPublikationer.PublikationerAddNewFackGranskadOriginellaBidragTillVetenskapligaTidskriften" name="OriginellaBidragTillVetenskapligaTidskriftenFörfattareFörnamn" time="0.271"/>
</testsuite> <!-- testCasesSATMinProfilPublikationer.PublikationerAddNewFackGranskadOriginellaBidragTillVetenskapligaTidskriften -->
