<?xml version="1.0" encoding="UTF-8"?>
<!-- Generated by org.testng.reporters.JUnitReportReporter -->
<testsuite hostname="77DWHM2" failures="0" tests="19" name="testCasesSAT.GranskarkompetensKID" time="0.000" errors="0" timestamp="25 juli 2018 09:01:16 GMT" skipped="19">
  <testcase classname="testCasesSAT.GranskarkompetensKID" name="Nyckelord2" time="0.000">
    <skipped/>
  </testcase> <!-- Nyckelord2 -->
  <testcase classname="testCasesSAT.GranskarkompetensKID" name="Nyckelord5" time="0.000">
    <skipped/>
  </testcase> <!-- Nyckelord5 -->
  <testcase classname="testCasesSAT.GranskarkompetensKID" name="Forskningsområde2" time="0.000">
    <skipped/>
  </testcase> <!-- Forskningsområde2 -->
  <testcase classname="testCasesSAT.GranskarkompetensKID" name="Metod3" time="0.000">
    <skipped/>
  </testcase> <!-- Metod3 -->
  <testcase classname="testCasesSAT.GranskarkompetensKID" name="Forskningsområde3" time="0.000">
    <skipped/>
  </testcase> <!-- Forskningsområde3 -->
  <testcase classname="testCasesSAT.GranskarkompetensKID" name="ConfirmSave" time="0.000">
    <skipped/>
  </testcase> <!-- ConfirmSave -->
  <testcase classname="testCasesSAT.GranskarkompetensKID" name="Forskningsområde1" time="0.000">
    <skipped/>
  </testcase> <!-- Forskningsområde1 -->
  <testcase classname="testCasesSAT.GranskarkompetensKID" name="Metod1" time="0.000">
    <skipped/>
  </testcase> <!-- Metod1 -->
  <testcase classname="testCasesSAT.GranskarkompetensKID" name="Forskningsområde5" time="0.000">
    <skipped/>
  </testcase> <!-- Forskningsområde5 -->
  <testcase classname="testCasesSAT.GranskarkompetensKID" name="Nyckelord3" time="0.000">
    <skipped/>
  </testcase> <!-- Nyckelord3 -->
  <testcase classname="testCasesSAT.GranskarkompetensKID" name="Metod2" time="0.000">
    <skipped/>
  </testcase> <!-- Metod2 -->
  <testcase classname="testCasesSAT.GranskarkompetensKID" name="Spara" time="0.000">
    <skipped/>
  </testcase> <!-- Spara -->
  <testcase classname="testCasesSAT.GranskarkompetensKID" name="Nyckelord4" time="0.000">
    <skipped/>
  </testcase> <!-- Nyckelord4 -->
  <testcase classname="testCasesSAT.GranskarkompetensKID" name="ClickGranskarkompetens" time="0.000">
    <skipped/>
  </testcase> <!-- ClickGranskarkompetens -->
  <testcase classname="testCasesSAT.GranskarkompetensKID" name="LoginAsUser" time="0.000">
    <skipped/>
  </testcase> <!-- LoginAsUser -->
  <testcase classname="testCasesSAT.GranskarkompetensKID" name="Metod4" time="0.000">
    <skipped/>
  </testcase> <!-- Metod4 -->
  <testcase classname="testCasesSAT.GranskarkompetensKID" name="Nyckelord1" time="0.000">
    <skipped/>
  </testcase> <!-- Nyckelord1 -->
  <testcase classname="testCasesSAT.GranskarkompetensKID" name="Metod5" time="0.000">
    <skipped/>
  </testcase> <!-- Metod5 -->
  <testcase classname="testCasesSAT.GranskarkompetensKID" name="Forskningsområde4" time="0.000">
    <skipped/>
  </testcase> <!-- Forskningsområde4 -->
</testsuite> <!-- testCasesSAT.GranskarkompetensKID -->
