<?xml version="1.0" encoding="UTF-8"?>
<!-- Generated by org.testng.reporters.JUnitReportReporter -->
<testsuite hostname="77DWHM2" failures="0" tests="22" name="testCasesSAT.ArbetslivAddNewFackGranskadÖvrigLitteratur" time="15.624" errors="0" timestamp="19 juli 2018 15:38:48 GMT" skipped="0">
  <testcase classname="testCasesSAT.ArbetslivAddNewFackGranskadÖvrigLitteratur" name="DropDownÖvrigLitteratur" time="0.225"/>
  <testcase classname="testCasesSAT.ArbetslivAddNewFackGranskadÖvrigLitteratur" name="ÖvrigLitteraturFörlagsplats" time="0.127"/>
  <testcase classname="testCasesSAT.ArbetslivAddNewFackGranskadÖvrigLitteratur" name="ÖvrigLitteraturFörlag" time="0.151"/>
  <testcase classname="testCasesSAT.ArbetslivAddNewFackGranskadÖvrigLitteratur" name="ÖvrigLitteraturKällaID" time="0.092"/>
  <testcase classname="testCasesSAT.ArbetslivAddNewFackGranskadÖvrigLitteratur" name="LoginAsUser" time="9.482"/>
  <testcase classname="testCasesSAT.ArbetslivAddNewFackGranskadÖvrigLitteratur" name="ÖvrigLitteraturOpenAccessDokumentVersion" time="0.120"/>
  <testcase classname="testCasesSAT.ArbetslivAddNewFackGranskadÖvrigLitteratur" name="ÖvrigLitteraturSpara" time="0.860"/>
  <testcase classname="testCasesSAT.ArbetslivAddNewFackGranskadÖvrigLitteratur" name="ÖvrigLitteraturFörfattareKnapp" time="0.086"/>
  <testcase classname="testCasesSAT.ArbetslivAddNewFackGranskadÖvrigLitteratur" name="LäggTillPublikationer" time="0.102"/>
  <testcase classname="testCasesSAT.ArbetslivAddNewFackGranskadÖvrigLitteratur" name="ÖvrigLitteraturVarTextenPubliceradIOpenAcessJa" time="0.140"/>
  <testcase classname="testCasesSAT.ArbetslivAddNewFackGranskadÖvrigLitteratur" name="VäljPublikationsTyp" time="0.843"/>
  <testcase classname="testCasesSAT.ArbetslivAddNewFackGranskadÖvrigLitteratur" name="ÖvrigLitteraturISBN" time="0.084"/>
  <testcase classname="testCasesSAT.ArbetslivAddNewFackGranskadÖvrigLitteratur" name="ClickPublikationer" time="0.817"/>
  <testcase classname="testCasesSAT.ArbetslivAddNewFackGranskadÖvrigLitteratur" name="ÖvrigLitteraturOpenAcessSammanfattning" time="0.266"/>
  <testcase classname="testCasesSAT.ArbetslivAddNewFackGranskadÖvrigLitteratur" name="ÖvrigLitteraturTitel" time="0.757"/>
  <testcase classname="testCasesSAT.ArbetslivAddNewFackGranskadÖvrigLitteratur" name="ÖvrigLitteraturFörfattareEfternamn" time="0.168"/>
  <testcase classname="testCasesSAT.ArbetslivAddNewFackGranskadÖvrigLitteratur" name="ÖvrigLitteraturOpenAccessFormAvOA" time="0.114"/>
  <testcase classname="testCasesSAT.ArbetslivAddNewFackGranskadÖvrigLitteratur" name="ÖvrigLitteraturKällaFörPublikation" time="0.099"/>
  <testcase classname="testCasesSAT.ArbetslivAddNewFackGranskadÖvrigLitteratur" name="ÖvrigLitteraturStatus" time="0.070"/>
  <testcase classname="testCasesSAT.ArbetslivAddNewFackGranskadÖvrigLitteratur" name="ÖvrigLitteraturDOI" time="0.082"/>
  <testcase classname="testCasesSAT.ArbetslivAddNewFackGranskadÖvrigLitteratur" name="ÖvrigLitteraturFörfattareFörnamn" time="0.181"/>
  <testcase classname="testCasesSAT.ArbetslivAddNewFackGranskadÖvrigLitteratur" name="ÖvrigLitteraturOpenAccessLänkExternLänkFörPublicering" time="0.758"/>
</testsuite> <!-- testCasesSAT.ArbetslivAddNewFackGranskadÖvrigLitteratur -->
