<?xml version="1.0" encoding="UTF-8"?>
<!-- Generated by org.testng.reporters.JUnitReportReporter -->
<testsuite hostname="77DWHM2" failures="0" tests="21" name="testCasesSATMinProfilPublikationer.PublikationerAddNewINTEFackGranskadBok" time="19.341" errors="0" timestamp="26 juli 2018 14:19:25 GMT" skipped="0">
  <testcase classname="testCasesSATMinProfilPublikationer.PublikationerAddNewINTEFackGranskadBok" name="BokTitel" time="0.279"/>
  <testcase classname="testCasesSATMinProfilPublikationer.PublikationerAddNewINTEFackGranskadBok" name="BokUtgivareFörlag" time="0.227"/>
  <testcase classname="testCasesSATMinProfilPublikationer.PublikationerAddNewINTEFackGranskadBok" name="BokUtgivareFörlagsplats" time="0.667"/>
  <testcase classname="testCasesSATMinProfilPublikationer.PublikationerAddNewINTEFackGranskadBok" name="BokUtgivareKällaFörPublikation" time="0.223"/>
  <testcase classname="testCasesSATMinProfilPublikationer.PublikationerAddNewINTEFackGranskadBok" name="BokFörfattareEfternamn" time="0.348"/>
  <testcase classname="testCasesSATMinProfilPublikationer.PublikationerAddNewINTEFackGranskadBok" name="BokUtgivareKällaID" time="0.164"/>
  <testcase classname="testCasesSATMinProfilPublikationer.PublikationerAddNewINTEFackGranskadBok" name="BokOpenAccessLänkExternLänkFörPublicering" time="0.708"/>
  <testcase classname="testCasesSATMinProfilPublikationer.PublikationerAddNewINTEFackGranskadBok" name="LoginAsUser" time="10.135"/>
  <testcase classname="testCasesSATMinProfilPublikationer.PublikationerAddNewINTEFackGranskadBok" name="LäggTillPublikationer" time="0.119"/>
  <testcase classname="testCasesSATMinProfilPublikationer.PublikationerAddNewINTEFackGranskadBok" name="BokFörfattareKnapp" time="0.200"/>
  <testcase classname="testCasesSATMinProfilPublikationer.PublikationerAddNewINTEFackGranskadBok" name="BokVarTextenPubliceradIOpenAcessJa" time="0.193"/>
  <testcase classname="testCasesSATMinProfilPublikationer.PublikationerAddNewINTEFackGranskadBok" name="BokOpenAcessSammanfattning" time="0.619"/>
  <testcase classname="testCasesSATMinProfilPublikationer.PublikationerAddNewINTEFackGranskadBok" name="BokOpenAccessFormAvOA" time="0.175"/>
  <testcase classname="testCasesSATMinProfilPublikationer.PublikationerAddNewINTEFackGranskadBok" name="BokOpenAccessDokumentVersion" time="0.179"/>
  <testcase classname="testCasesSATMinProfilPublikationer.PublikationerAddNewINTEFackGranskadBok" name="BokUtgivareDOI" time="0.198"/>
  <testcase classname="testCasesSATMinProfilPublikationer.PublikationerAddNewINTEFackGranskadBok" name="ClickPublikationer" time="1.778"/>
  <testcase classname="testCasesSATMinProfilPublikationer.PublikationerAddNewINTEFackGranskadBok" name="BokUtgivareISBN" time="0.270"/>
  <testcase classname="testCasesSATMinProfilPublikationer.PublikationerAddNewINTEFackGranskadBok" name="DropDownBok" time="0.212"/>
  <testcase classname="testCasesSATMinProfilPublikationer.PublikationerAddNewINTEFackGranskadBok" name="VäljPublikationsTyp" time="0.879"/>
  <testcase classname="testCasesSATMinProfilPublikationer.PublikationerAddNewINTEFackGranskadBok" name="BokSpara" time="1.622"/>
  <testcase classname="testCasesSATMinProfilPublikationer.PublikationerAddNewINTEFackGranskadBok" name="BokFörfattareFörnamn" time="0.146"/>
</testsuite> <!-- testCasesSATMinProfilPublikationer.PublikationerAddNewINTEFackGranskadBok -->
