<?xml version="1.0" encoding="UTF-8"?>
<!-- Generated by org.testng.reporters.JUnitReportReporter -->
<testsuite hostname="77DWHM2" failures="0" tests="24" name="testCasesSATMinProfilPublikationer.PublikationerAddNewFackGranskadKonferensbidrag" time="12.930" errors="0" timestamp="26 juli 2018 09:57:35 GMT" skipped="0">
  <testcase classname="testCasesSATMinProfilPublikationer.PublikationerAddNewFackGranskadKonferensbidrag" name="KonferensbidragFörstaSidnummer" time="0.148"/>
  <testcase classname="testCasesSATMinProfilPublikationer.PublikationerAddNewFackGranskadKonferensbidrag" name="KonferensbidragOpenAccessDokumentVersion" time="0.106"/>
  <testcase classname="testCasesSATMinProfilPublikationer.PublikationerAddNewFackGranskadKonferensbidrag" name="KonferensbidragVarTextenPubliceradIOpenAcessJa" time="0.153"/>
  <testcase classname="testCasesSATMinProfilPublikationer.PublikationerAddNewFackGranskadKonferensbidrag" name="KonferensbidragOpenAccessLänkExternLänkFörPublicering" time="0.866"/>
  <testcase classname="testCasesSATMinProfilPublikationer.PublikationerAddNewFackGranskadKonferensbidrag" name="KonferensbidragOpenAcessSammanfattning" time="0.541"/>
  <testcase classname="testCasesSATMinProfilPublikationer.PublikationerAddNewFackGranskadKonferensbidrag" name="KonferensbidragFörfattareFörnamn" time="0.281"/>
  <testcase classname="testCasesSATMinProfilPublikationer.PublikationerAddNewFackGranskadKonferensbidrag" name="KonferensbidragSistaSidnummer" time="0.163"/>
  <testcase classname="testCasesSATMinProfilPublikationer.PublikationerAddNewFackGranskadKonferensbidrag" name="DropDownKonferensbidrag" time="0.212"/>
  <testcase classname="testCasesSATMinProfilPublikationer.PublikationerAddNewFackGranskadKonferensbidrag" name="ClickPublikationer" time="1.330"/>
  <testcase classname="testCasesSATMinProfilPublikationer.PublikationerAddNewFackGranskadKonferensbidrag" name="VäljPublikationsTyp" time="0.768"/>
  <testcase classname="testCasesSATMinProfilPublikationer.PublikationerAddNewFackGranskadKonferensbidrag" name="LoginAsUser" time="4.963"/>
  <testcase classname="testCasesSATMinProfilPublikationer.PublikationerAddNewFackGranskadKonferensbidrag" name="KonferensbidragSpara" time="1.117"/>
  <testcase classname="testCasesSATMinProfilPublikationer.PublikationerAddNewFackGranskadKonferensbidrag" name="KonferensbidragVolym" time="0.157"/>
  <testcase classname="testCasesSATMinProfilPublikationer.PublikationerAddNewFackGranskadKonferensbidrag" name="KonferensbidragTitel" time="0.396"/>
  <testcase classname="testCasesSATMinProfilPublikationer.PublikationerAddNewFackGranskadKonferensbidrag" name="KonferensbidragKällaID" time="0.219"/>
  <testcase classname="testCasesSATMinProfilPublikationer.PublikationerAddNewFackGranskadKonferensbidrag" name="KonferensbidragOpenAccessFormAvOA" time="0.102"/>
  <testcase classname="testCasesSATMinProfilPublikationer.PublikationerAddNewFackGranskadKonferensbidrag" name="KonferensbidragDOI" time="0.171"/>
  <testcase classname="testCasesSATMinProfilPublikationer.PublikationerAddNewFackGranskadKonferensbidrag" name="KonferensbidragKällaFörPublikation" time="0.118"/>
  <testcase classname="testCasesSATMinProfilPublikationer.PublikationerAddNewFackGranskadKonferensbidrag" name="LäggTillPublikationer" time="0.105"/>
  <testcase classname="testCasesSATMinProfilPublikationer.PublikationerAddNewFackGranskadKonferensbidrag" name="KonferensbidragUtfärdandenummer" time="0.183"/>
  <testcase classname="testCasesSATMinProfilPublikationer.PublikationerAddNewFackGranskadKonferensbidrag" name="KonferensbidragStatus" time="0.065"/>
  <testcase classname="testCasesSATMinProfilPublikationer.PublikationerAddNewFackGranskadKonferensbidrag" name="KonferensbidragNamnPåTidskrift" time="0.358"/>
  <testcase classname="testCasesSATMinProfilPublikationer.PublikationerAddNewFackGranskadKonferensbidrag" name="KonferensbidragFörfattareEfternamn" time="0.270"/>
  <testcase classname="testCasesSATMinProfilPublikationer.PublikationerAddNewFackGranskadKonferensbidrag" name="KonferensbidragFörfattareKnapp" time="0.138"/>
</testsuite> <!-- testCasesSATMinProfilPublikationer.PublikationerAddNewFackGranskadKonferensbidrag -->
