<?xml version="1.0" encoding="UTF-8"?>
<!-- Generated by org.testng.reporters.JUnitReportReporter -->
<testsuite hostname="77DWHM2" failures="0" tests="1" name="TestcasesSAT.FunkarFF" time="4.608" errors="0" timestamp="27 juni 2018 12:15:52 GMT" skipped="0">
  <testcase classname="TestcasesSAT.FunkarFF" name="f" time="4.608"/>
</testsuite> <!-- TestcasesSAT.FunkarFF -->
