<?xml version="1.0" encoding="UTF-8"?>
<!-- Generated by org.testng.reporters.JUnitReportReporter -->
<testsuite hostname="77DWHM2" failures="0" tests="14" name="testCasesSAT.ForskarUtbildningAddLicentiatexamen" time="12.304" errors="0" timestamp="19 juli 2018 13:18:48 GMT" skipped="0">
  <testcase classname="testCasesSAT.ForskarUtbildningAddLicentiatexamen" name="SparaForskarutbildningKnapp" time="0.137"/>
  <testcase classname="testCasesSAT.ForskarUtbildningAddLicentiatexamen" name="SelectOrganization" time="1.971"/>
  <testcase classname="testCasesSAT.ForskarUtbildningAddLicentiatexamen" name="TypAvForskarUtbildningAddLicentiatexamen" time="0.266"/>
  <testcase classname="testCasesSAT.ForskarUtbildningAddLicentiatexamen" name="WriteAvhandlingensTitelEngelska" time="0.183"/>
  <testcase classname="testCasesSAT.ForskarUtbildningAddLicentiatexamen" name="AddForskarUtbildning" time="0.098"/>
  <testcase classname="testCasesSAT.ForskarUtbildningAddLicentiatexamen" name="TypAvForskarUtbildningSelectSubjects" time="0.563"/>
  <testcase classname="testCasesSAT.ForskarUtbildningAddLicentiatexamen" name="WriteAvhandlingensTitelOrginalSpråk" time="0.169"/>
  <testcase classname="testCasesSAT.ForskarUtbildningAddLicentiatexamen" name="EfternamnHandledare" time="0.113"/>
  <testcase classname="testCasesSAT.ForskarUtbildningAddLicentiatexamen" name="ClickUtbildning" time="0.604"/>
  <testcase classname="testCasesSAT.ForskarUtbildningAddLicentiatexamen" name="ClickForskarUtbildning" time="0.099"/>
  <testcase classname="testCasesSAT.ForskarUtbildningAddLicentiatexamen" name="ISSNISBNNummer" time="0.114"/>
  <testcase classname="testCasesSAT.ForskarUtbildningAddLicentiatexamen" name="FörnamnHandledare" time="0.083"/>
  <testcase classname="testCasesSAT.ForskarUtbildningAddLicentiatexamen" name="LoginAsUser" time="7.465"/>
  <testcase classname="testCasesSAT.ForskarUtbildningAddLicentiatexamen" name="Examensdatum" time="0.439"/>
</testsuite> <!-- testCasesSAT.ForskarUtbildningAddLicentiatexamen -->
