<?xml version="1.0" encoding="UTF-8"?>
<!-- Generated by org.testng.reporters.JUnitReportReporter -->
<testsuite hostname="77DWHM2" failures="0" tests="21" name="testCasesSAT.ArbetslivAddNewINTEFackGranskadRedaktörerAntologi" time="14.231" errors="0" timestamp="19 juli 2018 15:38:48 GMT" skipped="0">
  <testcase classname="testCasesSAT.ArbetslivAddNewINTEFackGranskadRedaktörerAntologi" name="RedaktörerAntologiKällaID" time="0.077"/>
  <testcase classname="testCasesSAT.ArbetslivAddNewINTEFackGranskadRedaktörerAntologi" name="RedaktörerAntologiTitel" time="0.795"/>
  <testcase classname="testCasesSAT.ArbetslivAddNewINTEFackGranskadRedaktörerAntologi" name="LäggTillPublikationer" time="0.079"/>
  <testcase classname="testCasesSAT.ArbetslivAddNewINTEFackGranskadRedaktörerAntologi" name="ClickPublikationer" time="1.012"/>
  <testcase classname="testCasesSAT.ArbetslivAddNewINTEFackGranskadRedaktörerAntologi" name="RedaktörerAntologiOpenAccessFormAvOA" time="0.122"/>
  <testcase classname="testCasesSAT.ArbetslivAddNewINTEFackGranskadRedaktörerAntologi" name="RedaktörerAntologiRedaktörKnapp" time="0.080"/>
  <testcase classname="testCasesSAT.ArbetslivAddNewINTEFackGranskadRedaktörerAntologi" name="RedaktörerAntologiDOI" time="0.082"/>
  <testcase classname="testCasesSAT.ArbetslivAddNewINTEFackGranskadRedaktörerAntologi" name="VäljPublikationsTyp" time="0.905"/>
  <testcase classname="testCasesSAT.ArbetslivAddNewINTEFackGranskadRedaktörerAntologi" name="RedaktörerAntologiFörlagsplats" time="0.175"/>
  <testcase classname="testCasesSAT.ArbetslivAddNewINTEFackGranskadRedaktörerAntologi" name="RedaktörerAntologiVarTextenPubliceradIOpenAcessJa" time="0.094"/>
  <testcase classname="testCasesSAT.ArbetslivAddNewINTEFackGranskadRedaktörerAntologi" name="DropDownRedaktörerAntologi" time="0.255"/>
  <testcase classname="testCasesSAT.ArbetslivAddNewINTEFackGranskadRedaktörerAntologi" name="RedaktörerAntologiOpenAccessLänkExternLänkFörPublicering" time="0.724"/>
  <testcase classname="testCasesSAT.ArbetslivAddNewINTEFackGranskadRedaktörerAntologi" name="RedaktörerAntologiStatus" time="0.099"/>
  <testcase classname="testCasesSAT.ArbetslivAddNewINTEFackGranskadRedaktörerAntologi" name="RedaktörerAntologiSpara" time="0.868"/>
  <testcase classname="testCasesSAT.ArbetslivAddNewINTEFackGranskadRedaktörerAntologi" name="RedaktörerAntologiRedaktörNamn" time="0.169"/>
  <testcase classname="testCasesSAT.ArbetslivAddNewINTEFackGranskadRedaktörerAntologi" name="RedaktörerAntologiKällaFörPublikation" time="0.122"/>
  <testcase classname="testCasesSAT.ArbetslivAddNewINTEFackGranskadRedaktörerAntologi" name="RedaktörerAntologiISBN" time="0.085"/>
  <testcase classname="testCasesSAT.ArbetslivAddNewINTEFackGranskadRedaktörerAntologi" name="RedaktörerAntologiOpenAccessDokumentVersion" time="0.133"/>
  <testcase classname="testCasesSAT.ArbetslivAddNewINTEFackGranskadRedaktörerAntologi" name="LoginAsUser" time="7.895"/>
  <testcase classname="testCasesSAT.ArbetslivAddNewINTEFackGranskadRedaktörerAntologi" name="RedaktörerAntologiFörlag" time="0.190"/>
  <testcase classname="testCasesSAT.ArbetslivAddNewINTEFackGranskadRedaktörerAntologi" name="RedaktörerAntologiOpenAcessSammanfattning" time="0.270"/>
</testsuite> <!-- testCasesSAT.ArbetslivAddNewINTEFackGranskadRedaktörerAntologi -->
