<?xml version="1.0" encoding="UTF-8"?>
<!-- Generated by org.testng.reporters.JUnitReportReporter -->
<testsuite hostname="77DWHM2" failures="0" tests="14" name="testCasesSAT.UtbildningForskarUtbildningAddLicentiatexamen" time="12.086" errors="0" timestamp="19 juli 2018 15:38:47 GMT" skipped="0">
  <testcase classname="testCasesSAT.UtbildningForskarUtbildningAddLicentiatexamen" name="TypAvForskarUtbildningAddLicentiatexamen" time="0.273"/>
  <testcase classname="testCasesSAT.UtbildningForskarUtbildningAddLicentiatexamen" name="ISSNISBNNummer" time="0.111"/>
  <testcase classname="testCasesSAT.UtbildningForskarUtbildningAddLicentiatexamen" name="WriteAvhandlingensTitelEngelska" time="0.189"/>
  <testcase classname="testCasesSAT.UtbildningForskarUtbildningAddLicentiatexamen" name="WriteAvhandlingensTitelOrginalSpråk" time="0.166"/>
  <testcase classname="testCasesSAT.UtbildningForskarUtbildningAddLicentiatexamen" name="ClickUtbildning" time="0.631"/>
  <testcase classname="testCasesSAT.UtbildningForskarUtbildningAddLicentiatexamen" name="TypAvForskarUtbildningSelectSubjects" time="0.550"/>
  <testcase classname="testCasesSAT.UtbildningForskarUtbildningAddLicentiatexamen" name="Examensdatum" time="0.448"/>
  <testcase classname="testCasesSAT.UtbildningForskarUtbildningAddLicentiatexamen" name="SparaForskarutbildningKnapp" time="0.130"/>
  <testcase classname="testCasesSAT.UtbildningForskarUtbildningAddLicentiatexamen" name="EfternamnHandledare" time="0.099"/>
  <testcase classname="testCasesSAT.UtbildningForskarUtbildningAddLicentiatexamen" name="LoginAsUser" time="7.201"/>
  <testcase classname="testCasesSAT.UtbildningForskarUtbildningAddLicentiatexamen" name="SelectOrganization" time="2.044"/>
  <testcase classname="testCasesSAT.UtbildningForskarUtbildningAddLicentiatexamen" name="FörnamnHandledare" time="0.077"/>
  <testcase classname="testCasesSAT.UtbildningForskarUtbildningAddLicentiatexamen" name="AddForskarUtbildning" time="0.070"/>
  <testcase classname="testCasesSAT.UtbildningForskarUtbildningAddLicentiatexamen" name="ClickForskarUtbildning" time="0.097"/>
</testsuite> <!-- testCasesSAT.UtbildningForskarUtbildningAddLicentiatexamen -->
