<?xml version="1.0" encoding="UTF-8"?>
<!-- Generated by org.testng.reporters.JUnitReportReporter -->
<testsuite hostname="77DWHM2" failures="0" tests="10" name="testCasesSAT.ArbetslivAddNewForskarutbyten" time="12.577" errors="0" timestamp="19 juli 2018 15:38:47 GMT" skipped="0">
  <testcase classname="testCasesSAT.ArbetslivAddNewForskarutbyten" name="PeriodStartMonth" time="0.183"/>
  <testcase classname="testCasesSAT.ArbetslivAddNewForskarutbyten" name="AddForskarUbyten" time="0.112"/>
  <testcase classname="testCasesSAT.ArbetslivAddNewForskarutbyten" name="SelectOrganization" time="2.086"/>
  <testcase classname="testCasesSAT.ArbetslivAddNewForskarutbyten" name="LoginAsUser" time="8.176"/>
  <testcase classname="testCasesSAT.ArbetslivAddNewForskarutbyten" name="SparaForskarUbyte" time="0.101"/>
  <testcase classname="testCasesSAT.ArbetslivAddNewForskarutbyten" name="Typ" time="0.136"/>
  <testcase classname="testCasesSAT.ArbetslivAddNewForskarutbyten" name="PeriodEndMonth" time="0.181"/>
  <testcase classname="testCasesSAT.ArbetslivAddNewForskarutbyten" name="PeriodStartOchSlutYear" time="0.305"/>
  <testcase classname="testCasesSAT.ArbetslivAddNewForskarutbyten" name="ClickArbetsliv" time="0.727"/>
  <testcase classname="testCasesSAT.ArbetslivAddNewForskarutbyten" name="Ã„mne" time="0.570"/>
</testsuite> <!-- testCasesSAT.ArbetslivAddNewForskarutbyten -->
