<?xml version="1.0" encoding="UTF-8"?>
<!-- Generated by org.testng.reporters.JUnitReportReporter -->
<testsuite hostname="77DWHM2" failures="0" tests="2" name="testCasesSATÖvrigt.LoginAsValidUser" time="4.728" errors="0" timestamp="31 juli 2018 14:21:01 GMT" skipped="0">
  <testcase classname="testCasesSATÖvrigt.LoginAsValidUser" name="LoginAsUser" time="4.715"/>
  <testcase classname="testCasesSATÖvrigt.LoginAsValidUser" name="CheckIfLogOutButtonIsPresentVerifyLoginSuccess" time="0.013"/>
</testsuite> <!-- testCasesSATÖvrigt.LoginAsValidUser -->
