<?xml version="1.0" encoding="UTF-8"?>
<!-- Generated by org.testng.reporters.JUnitReportReporter -->
<testsuite hostname="77DWHM2" failures="0" tests="22" name="testCasesSAT.ArbetslivAddNewFackGranskadÖvrigLitteratur" time="0.002" errors="0" timestamp="25 juli 2018 09:01:16 GMT" skipped="22">
  <testcase classname="testCasesSAT.ArbetslivAddNewFackGranskadÖvrigLitteratur" name="ÖvrigLitteraturOpenAccessLänkExternLänkFörPublicering" time="0.000">
    <skipped/>
  </testcase> <!-- ÖvrigLitteraturOpenAccessLänkExternLänkFörPublicering -->
  <testcase classname="testCasesSAT.ArbetslivAddNewFackGranskadÖvrigLitteratur" name="ÖvrigLitteraturFörfattareFörnamn" time="0.000">
    <skipped/>
  </testcase> <!-- ÖvrigLitteraturFörfattareFörnamn -->
  <testcase classname="testCasesSAT.ArbetslivAddNewFackGranskadÖvrigLitteratur" name="LäggTillPublikationer" time="0.000">
    <skipped/>
  </testcase> <!-- LäggTillPublikationer -->
  <testcase classname="testCasesSAT.ArbetslivAddNewFackGranskadÖvrigLitteratur" name="ÖvrigLitteraturStatus" time="0.000">
    <skipped/>
  </testcase> <!-- ÖvrigLitteraturStatus -->
  <testcase classname="testCasesSAT.ArbetslivAddNewFackGranskadÖvrigLitteratur" name="ÖvrigLitteraturOpenAcessSammanfattning" time="0.000">
    <skipped/>
  </testcase> <!-- ÖvrigLitteraturOpenAcessSammanfattning -->
  <testcase classname="testCasesSAT.ArbetslivAddNewFackGranskadÖvrigLitteratur" name="ÖvrigLitteraturOpenAccessFormAvOA" time="0.000">
    <skipped/>
  </testcase> <!-- ÖvrigLitteraturOpenAccessFormAvOA -->
  <testcase classname="testCasesSAT.ArbetslivAddNewFackGranskadÖvrigLitteratur" name="ÖvrigLitteraturISBN" time="0.000">
    <skipped/>
  </testcase> <!-- ÖvrigLitteraturISBN -->
  <testcase classname="testCasesSAT.ArbetslivAddNewFackGranskadÖvrigLitteratur" name="ÖvrigLitteraturOpenAccessDokumentVersion" time="0.000">
    <skipped/>
  </testcase> <!-- ÖvrigLitteraturOpenAccessDokumentVersion -->
  <testcase classname="testCasesSAT.ArbetslivAddNewFackGranskadÖvrigLitteratur" name="ClickPublikationer" time="0.000">
    <skipped/>
  </testcase> <!-- ClickPublikationer -->
  <testcase classname="testCasesSAT.ArbetslivAddNewFackGranskadÖvrigLitteratur" name="ÖvrigLitteraturFörfattareKnapp" time="0.000">
    <skipped/>
  </testcase> <!-- ÖvrigLitteraturFörfattareKnapp -->
  <testcase classname="testCasesSAT.ArbetslivAddNewFackGranskadÖvrigLitteratur" name="VäljPublikationsTyp" time="0.000">
    <skipped/>
  </testcase> <!-- VäljPublikationsTyp -->
  <testcase classname="testCasesSAT.ArbetslivAddNewFackGranskadÖvrigLitteratur" name="ÖvrigLitteraturKällaID" time="0.000">
    <skipped/>
  </testcase> <!-- ÖvrigLitteraturKällaID -->
  <testcase classname="testCasesSAT.ArbetslivAddNewFackGranskadÖvrigLitteratur" name="LoginAsUser" time="0.000">
    <skipped/>
  </testcase> <!-- LoginAsUser -->
  <testcase classname="testCasesSAT.ArbetslivAddNewFackGranskadÖvrigLitteratur" name="ÖvrigLitteraturVarTextenPubliceradIOpenAcessJa" time="0.000">
    <skipped/>
  </testcase> <!-- ÖvrigLitteraturVarTextenPubliceradIOpenAcessJa -->
  <testcase classname="testCasesSAT.ArbetslivAddNewFackGranskadÖvrigLitteratur" name="ÖvrigLitteraturDOI" time="0.000">
    <skipped/>
  </testcase> <!-- ÖvrigLitteraturDOI -->
  <testcase classname="testCasesSAT.ArbetslivAddNewFackGranskadÖvrigLitteratur" name="DropDownÖvrigLitteratur" time="0.000">
    <skipped/>
  </testcase> <!-- DropDownÖvrigLitteratur -->
  <testcase classname="testCasesSAT.ArbetslivAddNewFackGranskadÖvrigLitteratur" name="ÖvrigLitteraturFörfattareEfternamn" time="0.000">
    <skipped/>
  </testcase> <!-- ÖvrigLitteraturFörfattareEfternamn -->
  <testcase classname="testCasesSAT.ArbetslivAddNewFackGranskadÖvrigLitteratur" name="ÖvrigLitteraturKällaFörPublikation" time="0.000">
    <skipped/>
  </testcase> <!-- ÖvrigLitteraturKällaFörPublikation -->
  <testcase classname="testCasesSAT.ArbetslivAddNewFackGranskadÖvrigLitteratur" name="ÖvrigLitteraturFörlag" time="0.000">
    <skipped/>
  </testcase> <!-- ÖvrigLitteraturFörlag -->
  <testcase classname="testCasesSAT.ArbetslivAddNewFackGranskadÖvrigLitteratur" name="ÖvrigLitteraturTitel" time="0.001">
    <skipped/>
  </testcase> <!-- ÖvrigLitteraturTitel -->
  <testcase classname="testCasesSAT.ArbetslivAddNewFackGranskadÖvrigLitteratur" name="ÖvrigLitteraturFörlagsplats" time="0.001">
    <skipped/>
  </testcase> <!-- ÖvrigLitteraturFörlagsplats -->
  <testcase classname="testCasesSAT.ArbetslivAddNewFackGranskadÖvrigLitteratur" name="ÖvrigLitteraturSpara" time="0.000">
    <skipped/>
  </testcase> <!-- ÖvrigLitteraturSpara -->
</testsuite> <!-- testCasesSAT.ArbetslivAddNewFackGranskadÖvrigLitteratur -->
