<?xml version="1.0" encoding="UTF-8"?>
<!-- Generated by org.testng.reporters.JUnitReportReporter -->
<testsuite hostname="77DWHM2" failures="0" tests="8" name="testCasesChromeSAT.ButtonCheckLoggedInAsAdmin" time="28.334" errors="0" timestamp="27 juni 2018 13:36:33 GMT" skipped="0">
  <testcase classname="testCasesChromeSAT.ButtonCheckLoggedInAsAdmin" name="ClickIntressentregisterButton" time="7.848"/>
  <testcase classname="testCasesChromeSAT.ButtonCheckLoggedInAsAdmin" name="LoginAsAdminUser" time="11.318"/>
  <testcase classname="testCasesChromeSAT.ButtonCheckLoggedInAsAdmin" name="ClickFinansiärButton" time="0.831"/>
  <testcase classname="testCasesChromeSAT.ButtonCheckLoggedInAsAdmin" name="ClickFormulärButton" time="0.750"/>
  <testcase classname="testCasesChromeSAT.ButtonCheckLoggedInAsAdmin" name="Logout" time="0.649"/>
  <testcase classname="testCasesChromeSAT.ButtonCheckLoggedInAsAdmin" name="ClickMyProfileButton" time="3.551"/>
  <testcase classname="testCasesChromeSAT.ButtonCheckLoggedInAsAdmin" name="ClickBeredningsgrupperButton" time="2.762"/>
  <testcase classname="testCasesChromeSAT.ButtonCheckLoggedInAsAdmin" name="ClickPortaladministrationButton" time="0.625"/>
</testsuite> <!-- testCasesChromeSAT.ButtonCheckLoggedInAsAdmin -->
