<?xml version="1.0" encoding="UTF-8"?>
<!-- Generated by org.testng.reporters.JUnitReportReporter -->
<testsuite hostname="77DWHM2" failures="0" tests="6" name="testCasesSAT.AddEducationINTEKLAR" time="14.945" errors="0" timestamp="06 juli 2018 07:03:47 GMT" skipped="0">
  <testcase classname="testCasesSAT.AddEducationINTEKLAR" name="ClickUtbildning" time="1.023"/>
  <testcase classname="testCasesSAT.AddEducationINTEKLAR" name="TypAvForskarUtbildningAddLicentiatexamen" time="0.882"/>
  <testcase classname="testCasesSAT.AddEducationINTEKLAR" name="SelectOrganization" time="0.477"/>
  <testcase classname="testCasesSAT.AddEducationINTEKLAR" name="ClickForskarUtbildning" time="0.098"/>
  <testcase classname="testCasesSAT.AddEducationINTEKLAR" name="LoginAsUser" time="12.374"/>
  <testcase classname="testCasesSAT.AddEducationINTEKLAR" name="AddForskarUtbildning" time="0.091"/>
</testsuite> <!-- testCasesSAT.AddEducationINTEKLAR -->
