<?xml version="1.0" encoding="UTF-8"?>
<!-- Generated by org.testng.reporters.JUnitReportReporter -->
<testsuite hostname="77DWHM2" failures="0" tests="10" name="testCasesSATGranskningBetalningsinformation.GranskningAddNewPaymentInformationBankLocatedInSwedenBankgiro" time="7.833" errors="0" timestamp="26 juli 2018 14:19:25 GMT" skipped="0">
  <testcase classname="testCasesSATGranskningBetalningsinformation.GranskningAddNewPaymentInformationBankLocatedInSwedenBankgiro" name="ClickGranskningsfliken" time="0.577"/>
  <testcase classname="testCasesSATGranskningBetalningsinformation.GranskningAddNewPaymentInformationBankLocatedInSwedenBankgiro" name="BankensLand" time="0.095"/>
  <testcase classname="testCasesSATGranskningBetalningsinformation.GranskningAddNewPaymentInformationBankLocatedInSwedenBankgiro" name="Betalningstyp" time="0.163"/>
  <testcase classname="testCasesSATGranskningBetalningsinformation.GranskningAddNewPaymentInformationBankLocatedInSwedenBankgiro" name="AcceptAlert" time="0.663"/>
  <testcase classname="testCasesSATGranskningBetalningsinformation.GranskningAddNewPaymentInformationBankLocatedInSwedenBankgiro" name="TIN" time="0.134"/>
  <testcase classname="testCasesSATGranskningBetalningsinformation.GranskningAddNewPaymentInformationBankLocatedInSwedenBankgiro" name="Spara" time="0.119"/>
  <testcase classname="testCasesSATGranskningBetalningsinformation.GranskningAddNewPaymentInformationBankLocatedInSwedenBankgiro" name="LoginAsUser" time="5.049"/>
  <testcase classname="testCasesSATGranskningBetalningsinformation.GranskningAddNewPaymentInformationBankLocatedInSwedenBankgiro" name="Betalningsinformation" time="0.684"/>
  <testcase classname="testCasesSATGranskningBetalningsinformation.GranskningAddNewPaymentInformationBankLocatedInSwedenBankgiro" name="Skatteprocent" time="0.109"/>
  <testcase classname="testCasesSATGranskningBetalningsinformation.GranskningAddNewPaymentInformationBankLocatedInSwedenBankgiro" name="Bankgiro" time="0.240"/>
</testsuite> <!-- testCasesSATGranskningBetalningsinformation.GranskningAddNewPaymentInformationBankLocatedInSwedenBankgiro -->
