<?xml version="1.0" encoding="UTF-8"?>
<!-- Generated by org.testng.reporters.JUnitReportReporter -->
<testsuite hostname="77DWHM2" failures="0" tests="9" name="testCasesMinProfilArbetsliv.ArbetslivAddNewPostdoktorvistelser" time="15.274" errors="0" timestamp="26 juli 2018 09:57:35 GMT" skipped="0">
  <testcase classname="testCasesMinProfilArbetsliv.ArbetslivAddNewPostdoktorvistelser" name="PeriodStartOchSlutYear" time="0.497"/>
  <testcase classname="testCasesMinProfilArbetsliv.ArbetslivAddNewPostdoktorvistelser" name="SparaPostdoktorvistelser" time="0.207"/>
  <testcase classname="testCasesMinProfilArbetsliv.ArbetslivAddNewPostdoktorvistelser" name="AddPostdoktorvistelser" time="0.145"/>
  <testcase classname="testCasesMinProfilArbetsliv.ArbetslivAddNewPostdoktorvistelser" name="ClickArbetsliv" time="2.596"/>
  <testcase classname="testCasesMinProfilArbetsliv.ArbetslivAddNewPostdoktorvistelser" name="PeriodStartMonth" time="0.173"/>
  <testcase classname="testCasesMinProfilArbetsliv.ArbetslivAddNewPostdoktorvistelser" name="Ã„mneDropDown" time="0.497"/>
  <testcase classname="testCasesMinProfilArbetsliv.ArbetslivAddNewPostdoktorvistelser" name="LoginAsUser3" time="8.914"/>
  <testcase classname="testCasesMinProfilArbetsliv.ArbetslivAddNewPostdoktorvistelser" name="PeriodEndMonth" time="0.162"/>
  <testcase classname="testCasesMinProfilArbetsliv.ArbetslivAddNewPostdoktorvistelser" name="SelectOrganization" time="2.083"/>
</testsuite> <!-- testCasesMinProfilArbetsliv.ArbetslivAddNewPostdoktorvistelser -->
