<?xml version="1.0" encoding="UTF-8"?>
<!-- Generated by org.testng.reporters.JUnitReportReporter -->
<testsuite hostname="77DWHM2" failures="0" tests="12" name="testCasesSAT.ArbetslivAddNewAnställningar" time="12.838" errors="0" timestamp="19 juli 2018 15:38:48 GMT" skipped="0">
  <testcase classname="testCasesSAT.ArbetslivAddNewAnställningar" name="AnställningDropDown" time="0.288"/>
  <testcase classname="testCasesSAT.ArbetslivAddNewAnställningar" name="ClickArbetsliv" time="0.744"/>
  <testcase classname="testCasesSAT.ArbetslivAddNewAnställningar" name="ÖvrigInformation" time="0.250"/>
  <testcase classname="testCasesSAT.ArbetslivAddNewAnställningar" name="AnställningsFormDropDown" time="0.144"/>
  <testcase classname="testCasesSAT.ArbetslivAddNewAnställningar" name="AnställningensSlutMonth" time="0.184"/>
  <testcase classname="testCasesSAT.ArbetslivAddNewAnställningar" name="AnställningensBörjanOchSlutYear" time="0.988"/>
  <testcase classname="testCasesSAT.ArbetslivAddNewAnställningar" name="DelAvForskningIAnställningenBaseradPåHeltid" time="0.098"/>
  <testcase classname="testCasesSAT.ArbetslivAddNewAnställningar" name="SelectOrganization" time="2.059"/>
  <testcase classname="testCasesSAT.ArbetslivAddNewAnställningar" name="LoginAsUser" time="7.714"/>
  <testcase classname="testCasesSAT.ArbetslivAddNewAnställningar" name="AnställningensBörjanMonth" time="0.174"/>
  <testcase classname="testCasesSAT.ArbetslivAddNewAnställningar" name="AddAnställning" time="0.089"/>
  <testcase classname="testCasesSAT.ArbetslivAddNewAnställningar" name="SparaAnställning" time="0.106"/>
</testsuite> <!-- testCasesSAT.ArbetslivAddNewAnställningar -->
