<?xml version="1.0" encoding="UTF-8"?>
<!-- Generated by org.testng.reporters.JUnitReportReporter -->
<testsuite hostname="77DWHM2" failures="0" tests="1" name="driverAndCommands.XcelFile" time="0.459" errors="0" timestamp="11 juli 2018 13:00:30 GMT" skipped="0">
  <testcase classname="driverAndCommands.XcelFile" name="f" time="0.459"/>
</testsuite> <!-- driverAndCommands.XcelFile -->
