<?xml version="1.0" encoding="UTF-8"?>
<!-- Generated by org.testng.reporters.JUnitReportReporter -->
<testsuite hostname="77DWHM2" failures="0" tests="26" name="testCasesSATMinProfilPublikationer.PublikationerAddNewINTEFackGranskadBidragTillBok" time="12.936" errors="0" timestamp="26 juli 2018 09:57:35 GMT" skipped="0">
  <testcase classname="testCasesSATMinProfilPublikationer.PublikationerAddNewINTEFackGranskadBidragTillBok" name="BidragTillEnBokFörfattareKnapp" time="0.090"/>
  <testcase classname="testCasesSATMinProfilPublikationer.PublikationerAddNewINTEFackGranskadBidragTillBok" name="DropDownBidragTillEnBok" time="0.202"/>
  <testcase classname="testCasesSATMinProfilPublikationer.PublikationerAddNewINTEFackGranskadBidragTillBok" name="BidragTillEnBokFörfattareFörnamn" time="0.136"/>
  <testcase classname="testCasesSATMinProfilPublikationer.PublikationerAddNewINTEFackGranskadBidragTillBok" name="BidragTillEnBokOpenAccessLänkExternLänkFörPublicering" time="0.692"/>
  <testcase classname="testCasesSATMinProfilPublikationer.PublikationerAddNewINTEFackGranskadBidragTillBok" name="ClickPublikationer" time="1.193"/>
  <testcase classname="testCasesSATMinProfilPublikationer.PublikationerAddNewINTEFackGranskadBidragTillBok" name="BidragTillEnBokOpenAccessDokumentVersion" time="0.113"/>
  <testcase classname="testCasesSATMinProfilPublikationer.PublikationerAddNewINTEFackGranskadBidragTillBok" name="VäljPublikationsTyp" time="0.790"/>
  <testcase classname="testCasesSATMinProfilPublikationer.PublikationerAddNewINTEFackGranskadBidragTillBok" name="BidragTillEnBokUtgivareFörlagsplats" time="0.163"/>
  <testcase classname="testCasesSATMinProfilPublikationer.PublikationerAddNewINTEFackGranskadBidragTillBok" name="BidragTillEnBokTitel" time="0.721"/>
  <testcase classname="testCasesSATMinProfilPublikationer.PublikationerAddNewINTEFackGranskadBidragTillBok" name="LoginAsUser" time="4.562"/>
  <testcase classname="testCasesSATMinProfilPublikationer.PublikationerAddNewINTEFackGranskadBidragTillBok" name="BidragTillEnBokUtgivareDOI" time="0.129"/>
  <testcase classname="testCasesSATMinProfilPublikationer.PublikationerAddNewINTEFackGranskadBidragTillBok" name="BidragTillEnBokUtgivareSistaSidnummer" time="0.103"/>
  <testcase classname="testCasesSATMinProfilPublikationer.PublikationerAddNewINTEFackGranskadBidragTillBok" name="BidragTillEnBokUtgivareStatus" time="0.070"/>
  <testcase classname="testCasesSATMinProfilPublikationer.PublikationerAddNewINTEFackGranskadBidragTillBok" name="BidragTillEnBokOpenAccessFormAvOA" time="0.131"/>
  <testcase classname="testCasesSATMinProfilPublikationer.PublikationerAddNewINTEFackGranskadBidragTillBok" name="BidragTillEnBokSpara" time="1.164"/>
  <testcase classname="testCasesSATMinProfilPublikationer.PublikationerAddNewINTEFackGranskadBidragTillBok" name="BidragTillEnBokUtgivareFörstaSidnummer" time="0.074"/>
  <testcase classname="testCasesSATMinProfilPublikationer.PublikationerAddNewINTEFackGranskadBidragTillBok" name="BidragTillEnBokUtgivareISBN" time="0.197"/>
  <testcase classname="testCasesSATMinProfilPublikationer.PublikationerAddNewINTEFackGranskadBidragTillBok" name="BidragTillEnBokRedaktörNamn" time="1.176"/>
  <testcase classname="testCasesSATMinProfilPublikationer.PublikationerAddNewINTEFackGranskadBidragTillBok" name="BidragTillEnBokRedaktörKnapp" time="0.213"/>
  <testcase classname="testCasesSATMinProfilPublikationer.PublikationerAddNewINTEFackGranskadBidragTillBok" name="BidragTillEnBokVarTextenPubliceradIOpenAcessJa" time="0.103"/>
  <testcase classname="testCasesSATMinProfilPublikationer.PublikationerAddNewINTEFackGranskadBidragTillBok" name="BidragTillEnBokUtgivareKällaID" time="0.097"/>
  <testcase classname="testCasesSATMinProfilPublikationer.PublikationerAddNewINTEFackGranskadBidragTillBok" name="BidragTillEnBokUtgivareFörlag" time="0.123"/>
  <testcase classname="testCasesSATMinProfilPublikationer.PublikationerAddNewINTEFackGranskadBidragTillBok" name="BidragTillEnBokOpenAcessSammanfattning" time="0.300"/>
  <testcase classname="testCasesSATMinProfilPublikationer.PublikationerAddNewINTEFackGranskadBidragTillBok" name="BidragTillEnBokFörfattareEfternamn" time="0.167"/>
  <testcase classname="testCasesSATMinProfilPublikationer.PublikationerAddNewINTEFackGranskadBidragTillBok" name="LäggTillPublikationer" time="0.098"/>
  <testcase classname="testCasesSATMinProfilPublikationer.PublikationerAddNewINTEFackGranskadBidragTillBok" name="BidragTillEnBokUtgivareKällaFörPublikation" time="0.129"/>
</testsuite> <!-- testCasesSATMinProfilPublikationer.PublikationerAddNewINTEFackGranskadBidragTillBok -->
