<?xml version="1.0" encoding="UTF-8"?>
<!-- Generated by org.testng.reporters.JUnitReportReporter -->
<testsuite hostname="77DWHM2" failures="0" tests="14" name="testCasesSAT.UtbildningForskarUtbildningAddLicentiatexamen" time="0.000" errors="0" timestamp="25 juli 2018 09:01:16 GMT" skipped="14">
  <testcase classname="testCasesSAT.UtbildningForskarUtbildningAddLicentiatexamen" name="Examensdatum" time="0.000">
    <skipped/>
  </testcase> <!-- Examensdatum -->
  <testcase classname="testCasesSAT.UtbildningForskarUtbildningAddLicentiatexamen" name="AddForskarUtbildning" time="0.000">
    <skipped/>
  </testcase> <!-- AddForskarUtbildning -->
  <testcase classname="testCasesSAT.UtbildningForskarUtbildningAddLicentiatexamen" name="FörnamnHandledare" time="0.000">
    <skipped/>
  </testcase> <!-- FörnamnHandledare -->
  <testcase classname="testCasesSAT.UtbildningForskarUtbildningAddLicentiatexamen" name="TypAvForskarUtbildningAddLicentiatexamen" time="0.000">
    <skipped/>
  </testcase> <!-- TypAvForskarUtbildningAddLicentiatexamen -->
  <testcase classname="testCasesSAT.UtbildningForskarUtbildningAddLicentiatexamen" name="WriteAvhandlingensTitelOrginalSpråk" time="0.000">
    <skipped/>
  </testcase> <!-- WriteAvhandlingensTitelOrginalSpråk -->
  <testcase classname="testCasesSAT.UtbildningForskarUtbildningAddLicentiatexamen" name="LoginAsUser" time="0.000">
    <skipped/>
  </testcase> <!-- LoginAsUser -->
  <testcase classname="testCasesSAT.UtbildningForskarUtbildningAddLicentiatexamen" name="SelectOrganization" time="0.000">
    <skipped/>
  </testcase> <!-- SelectOrganization -->
  <testcase classname="testCasesSAT.UtbildningForskarUtbildningAddLicentiatexamen" name="ClickForskarUtbildning" time="0.000">
    <skipped/>
  </testcase> <!-- ClickForskarUtbildning -->
  <testcase classname="testCasesSAT.UtbildningForskarUtbildningAddLicentiatexamen" name="ISSNISBNNummer" time="0.000">
    <skipped/>
  </testcase> <!-- ISSNISBNNummer -->
  <testcase classname="testCasesSAT.UtbildningForskarUtbildningAddLicentiatexamen" name="WriteAvhandlingensTitelEngelska" time="0.000">
    <skipped/>
  </testcase> <!-- WriteAvhandlingensTitelEngelska -->
  <testcase classname="testCasesSAT.UtbildningForskarUtbildningAddLicentiatexamen" name="TypAvForskarUtbildningSelectSubjects" time="0.000">
    <skipped/>
  </testcase> <!-- TypAvForskarUtbildningSelectSubjects -->
  <testcase classname="testCasesSAT.UtbildningForskarUtbildningAddLicentiatexamen" name="EfternamnHandledare" time="0.000">
    <skipped/>
  </testcase> <!-- EfternamnHandledare -->
  <testcase classname="testCasesSAT.UtbildningForskarUtbildningAddLicentiatexamen" name="SparaForskarutbildningKnapp" time="0.000">
    <skipped/>
  </testcase> <!-- SparaForskarutbildningKnapp -->
  <testcase classname="testCasesSAT.UtbildningForskarUtbildningAddLicentiatexamen" name="ClickUtbildning" time="0.000">
    <skipped/>
  </testcase> <!-- ClickUtbildning -->
</testsuite> <!-- testCasesSAT.UtbildningForskarUtbildningAddLicentiatexamen -->
