<?xml version="1.0" encoding="UTF-8"?>
<!-- Generated by org.testng.reporters.JUnitReportReporter -->
<testsuite hostname="BSTTF72" failures="0" tests="14" name="testCasesSATMinProfilUtbildning.UtbildningForskarUtbildningAddLicentiatexamen" time="15.132" errors="0" timestamp="27 juli 2018 07:41:42 GMT" skipped="0">
  <testcase classname="testCasesSATMinProfilUtbildning.UtbildningForskarUtbildningAddLicentiatexamen" name="WriteAvhandlingensTitelOrginalSpråk" time="0.213"/>
  <testcase classname="testCasesSATMinProfilUtbildning.UtbildningForskarUtbildningAddLicentiatexamen" name="ISSNISBNNummer" time="0.173"/>
  <testcase classname="testCasesSATMinProfilUtbildning.UtbildningForskarUtbildningAddLicentiatexamen" name="LoginAsUser" time="6.687"/>
  <testcase classname="testCasesSATMinProfilUtbildning.UtbildningForskarUtbildningAddLicentiatexamen" name="ClickForskarUtbildning" time="0.145"/>
  <testcase classname="testCasesSATMinProfilUtbildning.UtbildningForskarUtbildningAddLicentiatexamen" name="AddForskarUtbildning" time="0.123"/>
  <testcase classname="testCasesSATMinProfilUtbildning.UtbildningForskarUtbildningAddLicentiatexamen" name="Examensdatum" time="1.724"/>
  <testcase classname="testCasesSATMinProfilUtbildning.UtbildningForskarUtbildningAddLicentiatexamen" name="TypAvForskarUtbildningSelectSubjects" time="0.981"/>
  <testcase classname="testCasesSATMinProfilUtbildning.UtbildningForskarUtbildningAddLicentiatexamen" name="WriteAvhandlingensTitelEngelska" time="0.304"/>
  <testcase classname="testCasesSATMinProfilUtbildning.UtbildningForskarUtbildningAddLicentiatexamen" name="ClickUtbildning" time="1.383"/>
  <testcase classname="testCasesSATMinProfilUtbildning.UtbildningForskarUtbildningAddLicentiatexamen" name="SelectOrganization" time="2.195"/>
  <testcase classname="testCasesSATMinProfilUtbildning.UtbildningForskarUtbildningAddLicentiatexamen" name="TypAvForskarUtbildningAddLicentiatexamen" time="0.564"/>
  <testcase classname="testCasesSATMinProfilUtbildning.UtbildningForskarUtbildningAddLicentiatexamen" name="EfternamnHandledare" time="0.208"/>
  <testcase classname="testCasesSATMinProfilUtbildning.UtbildningForskarUtbildningAddLicentiatexamen" name="FörnamnHandledare" time="0.109"/>
  <testcase classname="testCasesSATMinProfilUtbildning.UtbildningForskarUtbildningAddLicentiatexamen" name="SparaForskarutbildningKnapp" time="0.323"/>
</testsuite> <!-- testCasesSATMinProfilUtbildning.UtbildningForskarUtbildningAddLicentiatexamen -->
