<?xml version="1.0" encoding="UTF-8"?>
<!-- Generated by org.testng.reporters.JUnitReportReporter -->
<testsuite hostname="77DWHM2" failures="0" tests="21" name="testCasesSAT.ArbetslivAddNewFackGranskadProceedings" time="14.582" errors="0" timestamp="19 juli 2018 15:38:47 GMT" skipped="0">
  <testcase classname="testCasesSAT.ArbetslivAddNewFackGranskadProceedings" name="ProceedingsOpenAccessFormAvOA" time="0.113"/>
  <testcase classname="testCasesSAT.ArbetslivAddNewFackGranskadProceedings" name="ProceedingsTitel" time="0.219"/>
  <testcase classname="testCasesSAT.ArbetslivAddNewFackGranskadProceedings" name="ProceedingsOpenAccessDokumentVersion" time="0.117"/>
  <testcase classname="testCasesSAT.ArbetslivAddNewFackGranskadProceedings" name="ProceedingsOpenAcessSammanfattning" time="0.382"/>
  <testcase classname="testCasesSAT.ArbetslivAddNewFackGranskadProceedings" name="ClickPublikationer" time="1.400"/>
  <testcase classname="testCasesSAT.ArbetslivAddNewFackGranskadProceedings" name="VäljPublikationsTyp" time="0.845"/>
  <testcase classname="testCasesSAT.ArbetslivAddNewFackGranskadProceedings" name="DropDownProceedings" time="0.226"/>
  <testcase classname="testCasesSAT.ArbetslivAddNewFackGranskadProceedings" name="ProceedingsDOI" time="0.109"/>
  <testcase classname="testCasesSAT.ArbetslivAddNewFackGranskadProceedings" name="ProceedingsFörlag" time="0.154"/>
  <testcase classname="testCasesSAT.ArbetslivAddNewFackGranskadProceedings" name="ProceedingsFörfattareKnapp" time="0.131"/>
  <testcase classname="testCasesSAT.ArbetslivAddNewFackGranskadProceedings" name="ProceedingsSpara" time="0.808"/>
  <testcase classname="testCasesSAT.ArbetslivAddNewFackGranskadProceedings" name="LäggTillPublikationer" time="0.083"/>
  <testcase classname="testCasesSAT.ArbetslivAddNewFackGranskadProceedings" name="ProceedingsOpenAccessLänkExternLänkFörPublicering" time="0.746"/>
  <testcase classname="testCasesSAT.ArbetslivAddNewFackGranskadProceedings" name="ProceedingsFörfattareEfternamn" time="0.116"/>
  <testcase classname="testCasesSAT.ArbetslivAddNewFackGranskadProceedings" name="ProceedingsFörlagsplats" time="0.138"/>
  <testcase classname="testCasesSAT.ArbetslivAddNewFackGranskadProceedings" name="ProceedingsFörfattareFörnamn" time="0.107"/>
  <testcase classname="testCasesSAT.ArbetslivAddNewFackGranskadProceedings" name="ProceedingsKällaFörPublikation" time="0.147"/>
  <testcase classname="testCasesSAT.ArbetslivAddNewFackGranskadProceedings" name="ProceedingsKällaID" time="0.098"/>
  <testcase classname="testCasesSAT.ArbetslivAddNewFackGranskadProceedings" name="ProceedingsVarTextenPubliceradIOpenAcessJa" time="0.095"/>
  <testcase classname="testCasesSAT.ArbetslivAddNewFackGranskadProceedings" name="ProceedingsStatus" time="0.104"/>
  <testcase classname="testCasesSAT.ArbetslivAddNewFackGranskadProceedings" name="LoginAsUser" time="8.444"/>
</testsuite> <!-- testCasesSAT.ArbetslivAddNewFackGranskadProceedings -->
