<?xml version="1.0" encoding="UTF-8"?>
<!-- Generated by org.testng.reporters.JUnitReportReporter -->
<testsuite hostname="77DWHM2" failures="0" tests="1" name="testCasesSAT.Excel" time="0.025" errors="1" timestamp="11 juli 2018 12:58:15 GMT" skipped="0">
  <testcase classname="testCasesSAT.Excel" name="f" time="0.025">
    <error type="java.lang.StackOverflowError">
      <![CDATA[java.lang.StackOverflowError
at testCasesSAT.Excel.f(Excel.java:14)
at testCasesSAT.Excel.f(Excel.java:14)
at testCasesSAT.Excel.f(Excel.java:14)
at testCasesSAT.Excel.f(Excel.java:14)
at testCasesSAT.Excel.f(Excel.java:14)
at testCasesSAT.Excel.f(Excel.java:14)
at testCasesSAT.Excel.f(Excel.java:14)
at testCasesSAT.Excel.f(Excel.java:14)
at testCasesSAT.Excel.f(Excel.java:14)
at testCasesSAT.Excel.f(Excel.java:14)
at testCasesSAT.Excel.f(Excel.java:14)
at testCasesSAT.Excel.f(Excel.java:14)
at testCasesSAT.Excel.f(Excel.java:14)
at testCasesSAT.Excel.f(Excel.java:14)
at testCasesSAT.Excel.f(Excel.java:14)
at testCasesSAT.Excel.f(Excel.java:14)
at testCasesSAT.Excel.f(Excel.java:14)
at testCasesSAT.Excel.f(Excel.java:14)
at testCasesSAT.Excel.f(Excel.java:14)
at testCasesSAT.Excel.f(Excel.java:14)
at testCasesSAT.Excel.f(Excel.java:14)
at testCasesSAT.Excel.f(Excel.java:14)
at testCasesSAT.Excel.f(Excel.java:14)
at testCasesSAT.Excel.f(Excel.java:14)
at testCasesSAT.Excel.f(Excel.java:14)
at testCasesSAT.Excel.f(Excel.java:14)
at testCasesSAT.Excel.f(Excel.java:14)
at testCasesSAT.Excel.f(Excel.java:14)
at testCasesSAT.Excel.f(Excel.java:14)
at testCasesSAT.Excel.f(Excel.java:14)
at testCasesSAT.Excel.f(Excel.java:14)
at testCasesSAT.Excel.f(Excel.java:14)
at testCasesSAT.Excel.f(Excel.java:14)
at testCasesSAT.Excel.f(Excel.java:14)
at testCasesSAT.Excel.f(Excel.java:14)
at testCasesSAT.Excel.f(Excel.java:14)
at testCasesSAT.Excel.f(Excel.java:14)
at testCasesSAT.Excel.f(Excel.java:14)
at testCasesSAT.Excel.f(Excel.java:14)
at testCasesSAT.Excel.f(Excel.java:14)
at testCasesSAT.Excel.f(Excel.java:14)
at testCasesSAT.Excel.f(Excel.java:14)
at testCasesSAT.Excel.f(Excel.java:14)
at testCasesSAT.Excel.f(Excel.java:14)
at testCasesSAT.Excel.f(Excel.java:14)
at testCasesSAT.Excel.f(Excel.java:14)
at testCasesSAT.Excel.f(Excel.java:14)
at testCasesSAT.Excel.f(Excel.java:14)
at testCasesSAT.Excel.f(Excel.java:14)
at testCasesSAT.Excel.f(Excel.java:14)
at testCasesSAT.Excel.f(Excel.java:14)
at testCasesSAT.Excel.f(Excel.java:14)
at testCasesSAT.Excel.f(Excel.java:14)
at testCasesSAT.Excel.f(Excel.java:14)
at testCasesSAT.Excel.f(Excel.java:14)
at testCasesSAT.Excel.f(Excel.java:14)
at testCasesSAT.Excel.f(Excel.java:14)
at testCasesSAT.Excel.f(Excel.java:14)
at testCasesSAT.Excel.f(Excel.java:14)
at testCasesSAT.Excel.f(Excel.java:14)
at testCasesSAT.Excel.f(Excel.java:14)
at testCasesSAT.Excel.f(Excel.java:14)
at testCasesSAT.Excel.f(Excel.java:14)
at testCasesSAT.Excel.f(Excel.java:14)
at testCasesSAT.Excel.f(Excel.java:14)
at testCasesSAT.Excel.f(Excel.java:14)
at testCasesSAT.Excel.f(Excel.java:14)
at testCasesSAT.Excel.f(Excel.java:14)
at testCasesSAT.Excel.f(Excel.java:14)
at testCasesSAT.Excel.f(Excel.java:14)
at testCasesSAT.Excel.f(Excel.java:14)
at testCasesSAT.Excel.f(Excel.java:14)
at testCasesSAT.Excel.f(Excel.java:14)
at testCasesSAT.Excel.f(Excel.java:14)
at testCasesSAT.Excel.f(Excel.java:14)
at testCasesSAT.Excel.f(Excel.java:14)
at testCasesSAT.Excel.f(Excel.java:14)
at testCasesSAT.Excel.f(Excel.java:14)
at testCasesSAT.Excel.f(Excel.java:14)
at testCasesSAT.Excel.f(Excel.java:14)
at testCasesSAT.Excel.f(Excel.java:14)
at testCasesSAT.Excel.f(Excel.java:14)
at testCasesSAT.Excel.f(Excel.java:14)
at testCasesSAT.Excel.f(Excel.java:14)
at testCasesSAT.Excel.f(Excel.java:14)
at testCasesSAT.Excel.f(Excel.java:14)
at testCasesSAT.Excel.f(Excel.java:14)
at testCasesSAT.Excel.f(Excel.java:14)
at testCasesSAT.Excel.f(Excel.java:14)
at testCasesSAT.Excel.f(Excel.java:14)
at testCasesSAT.Excel.f(Excel.java:14)
at testCasesSAT.Excel.f(Excel.java:14)
at testCasesSAT.Excel.f(Excel.java:14)
at testCasesSAT.Excel.f(Excel.java:14)
at testCasesSAT.Excel.f(Excel.java:14)
at testCasesSAT.Excel.f(Excel.java:14)
at testCasesSAT.Excel.f(Excel.java:14)
at testCasesSAT.Excel.f(Excel.java:14)
at testCasesSAT.Excel.f(Excel.java:14)
at testCasesSAT.Excel.f(Excel.java:14)
at testCasesSAT.Excel.f(Excel.java:14)
at testCasesSAT.Excel.f(Excel.java:14)
at testCasesSAT.Excel.f(Excel.java:14)
at testCasesSAT.Excel.f(Excel.java:14)
at testCasesSAT.Excel.f(Excel.java:14)
at testCasesSAT.Excel.f(Excel.java:14)
at testCasesSAT.Excel.f(Excel.java:14)
at testCasesSAT.Excel.f(Excel.java:14)
at testCasesSAT.Excel.f(Excel.java:14)
at testCasesSAT.Excel.f(Excel.java:14)
at testCasesSAT.Excel.f(Excel.java:14)
at testCasesSAT.Excel.f(Excel.java:14)
at testCasesSAT.Excel.f(Excel.java:14)
at testCasesSAT.Excel.f(Excel.java:14)
at testCasesSAT.Excel.f(Excel.java:14)
at testCasesSAT.Excel.f(Excel.java:14)
at testCasesSAT.Excel.f(Excel.java:14)
at testCasesSAT.Excel.f(Excel.java:14)
at testCasesSAT.Excel.f(Excel.java:14)
at testCasesSAT.Excel.f(Excel.java:14)
at testCasesSAT.Excel.f(Excel.java:14)
at testCasesSAT.Excel.f(Excel.java:14)
at testCasesSAT.Excel.f(Excel.java:14)
at testCasesSAT.Excel.f(Excel.java:14)
at testCasesSAT.Excel.f(Excel.java:14)
at testCasesSAT.Excel.f(Excel.java:14)
at testCasesSAT.Excel.f(Excel.java:14)
at testCasesSAT.Excel.f(Excel.java:14)
at testCasesSAT.Excel.f(Excel.java:14)
at testCasesSAT.Excel.f(Excel.java:14)
at testCasesSAT.Excel.f(Excel.java:14)
at testCasesSAT.Excel.f(Excel.java:14)
at testCasesSAT.Excel.f(Excel.java:14)
at testCasesSAT.Excel.f(Excel.java:14)
at testCasesSAT.Excel.f(Excel.java:14)
at testCasesSAT.Excel.f(Excel.java:14)
at testCasesSAT.Excel.f(Excel.java:14)
at testCasesSAT.Excel.f(Excel.java:14)
at testCasesSAT.Excel.f(Excel.java:14)
at testCasesSAT.Excel.f(Excel.java:14)
at testCasesSAT.Excel.f(Excel.java:14)
at testCasesSAT.Excel.f(Excel.java:14)
at testCasesSAT.Excel.f(Excel.java:14)
at testCasesSAT.Excel.f(Excel.java:14)
at testCasesSAT.Excel.f(Excel.java:14)
at testCasesSAT.Excel.f(Excel.java:14)
at testCasesSAT.Excel.f(Excel.java:14)
at testCasesSAT.Excel.f(Excel.java:14)
at testCasesSAT.Excel.f(Excel.java:14)
at testCasesSAT.Excel.f(Excel.java:14)
at testCasesSAT.Excel.f(Excel.java:14)
at testCasesSAT.Excel.f(Excel.java:14)
at testCasesSAT.Excel.f(Excel.java:14)
at testCasesSAT.Excel.f(Excel.java:14)
at testCasesSAT.Excel.f(Excel.java:14)
at testCasesSAT.Excel.f(Excel.java:14)
at testCasesSAT.Excel.f(Excel.java:14)
at testCasesSAT.Excel.f(Excel.java:14)
at testCasesSAT.Excel.f(Excel.java:14)
at testCasesSAT.Excel.f(Excel.java:14)
at testCasesSAT.Excel.f(Excel.java:14)
at testCasesSAT.Excel.f(Excel.java:14)
at testCasesSAT.Excel.f(Excel.java:14)
at testCasesSAT.Excel.f(Excel.java:14)
at testCasesSAT.Excel.f(Excel.java:14)
at testCasesSAT.Excel.f(Excel.java:14)
at testCasesSAT.Excel.f(Excel.java:14)
at testCasesSAT.Excel.f(Excel.java:14)
at testCasesSAT.Excel.f(Excel.java:14)
at testCasesSAT.Excel.f(Excel.java:14)
at testCasesSAT.Excel.f(Excel.java:14)
at testCasesSAT.Excel.f(Excel.java:14)
at testCasesSAT.Excel.f(Excel.java:14)
at testCasesSAT.Excel.f(Excel.java:14)
at testCasesSAT.Excel.f(Excel.java:14)
at testCasesSAT.Excel.f(Excel.java:14)
at testCasesSAT.Excel.f(Excel.java:14)
at testCasesSAT.Excel.f(Excel.java:14)
at testCasesSAT.Excel.f(Excel.java:14)
at testCasesSAT.Excel.f(Excel.java:14)
at testCasesSAT.Excel.f(Excel.java:14)
at testCasesSAT.Excel.f(Excel.java:14)
at testCasesSAT.Excel.f(Excel.java:14)
at testCasesSAT.Excel.f(Excel.java:14)
at testCasesSAT.Excel.f(Excel.java:14)
at testCasesSAT.Excel.f(Excel.java:14)
at testCasesSAT.Excel.f(Excel.java:14)
at testCasesSAT.Excel.f(Excel.java:14)
at testCasesSAT.Excel.f(Excel.java:14)
at testCasesSAT.Excel.f(Excel.java:14)
at testCasesSAT.Excel.f(Excel.java:14)
at testCasesSAT.Excel.f(Excel.java:14)
at testCasesSAT.Excel.f(Excel.java:14)
at testCasesSAT.Excel.f(Excel.java:14)
at testCasesSAT.Excel.f(Excel.java:14)
at testCasesSAT.Excel.f(Excel.java:14)
at testCasesSAT.Excel.f(Excel.java:14)
at testCasesSAT.Excel.f(Excel.java:14)
at testCasesSAT.Excel.f(Excel.java:14)
at testCasesSAT.Excel.f(Excel.java:14)
at testCasesSAT.Excel.f(Excel.java:14)
at testCasesSAT.Excel.f(Excel.java:14)
at testCasesSAT.Excel.f(Excel.java:14)
at testCasesSAT.Excel.f(Excel.java:14)
at testCasesSAT.Excel.f(Excel.java:14)
at testCasesSAT.Excel.f(Excel.java:14)
at testCasesSAT.Excel.f(Excel.java:14)
at testCasesSAT.Excel.f(Excel.java:14)
at testCasesSAT.Excel.f(Excel.java:14)
at testCasesSAT.Excel.f(Excel.java:14)
at testCasesSAT.Excel.f(Excel.java:14)
at testCasesSAT.Excel.f(Excel.java:14)
at testCasesSAT.Excel.f(Excel.java:14)
at testCasesSAT.Excel.f(Excel.java:14)
at testCasesSAT.Excel.f(Excel.java:14)
at testCasesSAT.Excel.f(Excel.java:14)
at testCasesSAT.Excel.f(Excel.java:14)
at testCasesSAT.Excel.f(Excel.java:14)
at testCasesSAT.Excel.f(Excel.java:14)
at testCasesSAT.Excel.f(Excel.java:14)
at testCasesSAT.Excel.f(Excel.java:14)
at testCasesSAT.Excel.f(Excel.java:14)
at testCasesSAT.Excel.f(Excel.java:14)
at testCasesSAT.Excel.f(Excel.java:14)
at testCasesSAT.Excel.f(Excel.java:14)
at testCasesSAT.Excel.f(Excel.java:14)
at testCasesSAT.Excel.f(Excel.java:14)
at testCasesSAT.Excel.f(Excel.java:14)
at testCasesSAT.Excel.f(Excel.java:14)
at testCasesSAT.Excel.f(Excel.java:14)
at testCasesSAT.Excel.f(Excel.java:14)
at testCasesSAT.Excel.f(Excel.java:14)
at testCasesSAT.Excel.f(Excel.java:14)
at testCasesSAT.Excel.f(Excel.java:14)
at testCasesSAT.Excel.f(Excel.java:14)
at testCasesSAT.Excel.f(Excel.java:14)
at testCasesSAT.Excel.f(Excel.java:14)
at testCasesSAT.Excel.f(Excel.java:14)
at testCasesSAT.Excel.f(Excel.java:14)
at testCasesSAT.Excel.f(Excel.java:14)
at testCasesSAT.Excel.f(Excel.java:14)
at testCasesSAT.Excel.f(Excel.java:14)
at testCasesSAT.Excel.f(Excel.java:14)
at testCasesSAT.Excel.f(Excel.java:14)
at testCasesSAT.Excel.f(Excel.java:14)
at testCasesSAT.Excel.f(Excel.java:14)
at testCasesSAT.Excel.f(Excel.java:14)
at testCasesSAT.Excel.f(Excel.java:14)
at testCasesSAT.Excel.f(Excel.java:14)
at testCasesSAT.Excel.f(Excel.java:14)
at testCasesSAT.Excel.f(Excel.java:14)
at testCasesSAT.Excel.f(Excel.java:14)
at testCasesSAT.Excel.f(Excel.java:14)
at testCasesSAT.Excel.f(Excel.java:14)
at testCasesSAT.Excel.f(Excel.java:14)
at testCasesSAT.Excel.f(Excel.java:14)
at testCasesSAT.Excel.f(Excel.java:14)
at testCasesSAT.Excel.f(Excel.java:14)
at testCasesSAT.Excel.f(Excel.java:14)
at testCasesSAT.Excel.f(Excel.java:14)
at testCasesSAT.Excel.f(Excel.java:14)
at testCasesSAT.Excel.f(Excel.java:14)
at testCasesSAT.Excel.f(Excel.java:14)
at testCasesSAT.Excel.f(Excel.java:14)
at testCasesSAT.Excel.f(Excel.java:14)
at testCasesSAT.Excel.f(Excel.java:14)
at testCasesSAT.Excel.f(Excel.java:14)
at testCasesSAT.Excel.f(Excel.java:14)
at testCasesSAT.Excel.f(Excel.java:14)
at testCasesSAT.Excel.f(Excel.java:14)
at testCasesSAT.Excel.f(Excel.java:14)
at testCasesSAT.Excel.f(Excel.java:14)
at testCasesSAT.Excel.f(Excel.java:14)
at testCasesSAT.Excel.f(Excel.java:14)
at testCasesSAT.Excel.f(Excel.java:14)
at testCasesSAT.Excel.f(Excel.java:14)
at testCasesSAT.Excel.f(Excel.java:14)
at testCasesSAT.Excel.f(Excel.java:14)
at testCasesSAT.Excel.f(Excel.java:14)
at testCasesSAT.Excel.f(Excel.java:14)
at testCasesSAT.Excel.f(Excel.java:14)
at testCasesSAT.Excel.f(Excel.java:14)
at testCasesSAT.Excel.f(Excel.java:14)
at testCasesSAT.Excel.f(Excel.java:14)
at testCasesSAT.Excel.f(Excel.java:14)
at testCasesSAT.Excel.f(Excel.java:14)
at testCasesSAT.Excel.f(Excel.java:14)
at testCasesSAT.Excel.f(Excel.java:14)
at testCasesSAT.Excel.f(Excel.java:14)
at testCasesSAT.Excel.f(Excel.java:14)
at testCasesSAT.Excel.f(Excel.java:14)
at testCasesSAT.Excel.f(Excel.java:14)
at testCasesSAT.Excel.f(Excel.java:14)
at testCasesSAT.Excel.f(Excel.java:14)
at testCasesSAT.Excel.f(Excel.java:14)
at testCasesSAT.Excel.f(Excel.java:14)
at testCasesSAT.Excel.f(Excel.java:14)
at testCasesSAT.Excel.f(Excel.java:14)
at testCasesSAT.Excel.f(Excel.java:14)
at testCasesSAT.Excel.f(Excel.java:14)
at testCasesSAT.Excel.f(Excel.java:14)
at testCasesSAT.Excel.f(Excel.java:14)
at testCasesSAT.Excel.f(Excel.java:14)
at testCasesSAT.Excel.f(Excel.java:14)
at testCasesSAT.Excel.f(Excel.java:14)
at testCasesSAT.Excel.f(Excel.java:14)
at testCasesSAT.Excel.f(Excel.java:14)
at testCasesSAT.Excel.f(Excel.java:14)
at testCasesSAT.Excel.f(Excel.java:14)
at testCasesSAT.Excel.f(Excel.java:14)
at testCasesSAT.Excel.f(Excel.java:14)
at testCasesSAT.Excel.f(Excel.java:14)
at testCasesSAT.Excel.f(Excel.java:14)
at testCasesSAT.Excel.f(Excel.java:14)
at testCasesSAT.Excel.f(Excel.java:14)
at testCasesSAT.Excel.f(Excel.java:14)
at testCasesSAT.Excel.f(Excel.java:14)
at testCasesSAT.Excel.f(Excel.java:14)
at testCasesSAT.Excel.f(Excel.java:14)
at testCasesSAT.Excel.f(Excel.java:14)
at testCasesSAT.Excel.f(Excel.java:14)
at testCasesSAT.Excel.f(Excel.java:14)
at testCasesSAT.Excel.f(Excel.java:14)
at testCasesSAT.Excel.f(Excel.java:14)
at testCasesSAT.Excel.f(Excel.java:14)
at testCasesSAT.Excel.f(Excel.java:14)
at testCasesSAT.Excel.f(Excel.java:14)
at testCasesSAT.Excel.f(Excel.java:14)
at testCasesSAT.Excel.f(Excel.java:14)
at testCasesSAT.Excel.f(Excel.java:14)
at testCasesSAT.Excel.f(Excel.java:14)
at testCasesSAT.Excel.f(Excel.java:14)
at testCasesSAT.Excel.f(Excel.java:14)
at testCasesSAT.Excel.f(Excel.java:14)
at testCasesSAT.Excel.f(Excel.java:14)
at testCasesSAT.Excel.f(Excel.java:14)
at testCasesSAT.Excel.f(Excel.java:14)
at testCasesSAT.Excel.f(Excel.java:14)
at testCasesSAT.Excel.f(Excel.java:14)
at testCasesSAT.Excel.f(Excel.java:14)
at testCasesSAT.Excel.f(Excel.java:14)
at testCasesSAT.Excel.f(Excel.java:14)
at testCasesSAT.Excel.f(Excel.java:14)
at testCasesSAT.Excel.f(Excel.java:14)
at testCasesSAT.Excel.f(Excel.java:14)
at testCasesSAT.Excel.f(Excel.java:14)
at testCasesSAT.Excel.f(Excel.java:14)
at testCasesSAT.Excel.f(Excel.java:14)
at testCasesSAT.Excel.f(Excel.java:14)
at testCasesSAT.Excel.f(Excel.java:14)
at testCasesSAT.Excel.f(Excel.java:14)
at testCasesSAT.Excel.f(Excel.java:14)
at testCasesSAT.Excel.f(Excel.java:14)
at testCasesSAT.Excel.f(Excel.java:14)
at testCasesSAT.Excel.f(Excel.java:14)
at testCasesSAT.Excel.f(Excel.java:14)
at testCasesSAT.Excel.f(Excel.java:14)
at testCasesSAT.Excel.f(Excel.java:14)
at testCasesSAT.Excel.f(Excel.java:14)
at testCasesSAT.Excel.f(Excel.java:14)
at testCasesSAT.Excel.f(Excel.java:14)
at testCasesSAT.Excel.f(Excel.java:14)
at testCasesSAT.Excel.f(Excel.java:14)
at testCasesSAT.Excel.f(Excel.java:14)
at testCasesSAT.Excel.f(Excel.java:14)
at testCasesSAT.Excel.f(Excel.java:14)
at testCasesSAT.Excel.f(Excel.java:14)
at testCasesSAT.Excel.f(Excel.java:14)
at testCasesSAT.Excel.f(Excel.java:14)
at testCasesSAT.Excel.f(Excel.java:14)
at testCasesSAT.Excel.f(Excel.java:14)
at testCasesSAT.Excel.f(Excel.java:14)
at testCasesSAT.Excel.f(Excel.java:14)
at testCasesSAT.Excel.f(Excel.java:14)
at testCasesSAT.Excel.f(Excel.java:14)
at testCasesSAT.Excel.f(Excel.java:14)
at testCasesSAT.Excel.f(Excel.java:14)
at testCasesSAT.Excel.f(Excel.java:14)
at testCasesSAT.Excel.f(Excel.java:14)
at testCasesSAT.Excel.f(Excel.java:14)
at testCasesSAT.Excel.f(Excel.java:14)
at testCasesSAT.Excel.f(Excel.java:14)
at testCasesSAT.Excel.f(Excel.java:14)
at testCasesSAT.Excel.f(Excel.java:14)
at testCasesSAT.Excel.f(Excel.java:14)
at testCasesSAT.Excel.f(Excel.java:14)
at testCasesSAT.Excel.f(Excel.java:14)
at testCasesSAT.Excel.f(Excel.java:14)
at testCasesSAT.Excel.f(Excel.java:14)
at testCasesSAT.Excel.f(Excel.java:14)
at testCasesSAT.Excel.f(Excel.java:14)
at testCasesSAT.Excel.f(Excel.java:14)
at testCasesSAT.Excel.f(Excel.java:14)
at testCasesSAT.Excel.f(Excel.java:14)
at testCasesSAT.Excel.f(Excel.java:14)
at testCasesSAT.Excel.f(Excel.java:14)
at testCasesSAT.Excel.f(Excel.java:14)
at testCasesSAT.Excel.f(Excel.java:14)
at testCasesSAT.Excel.f(Excel.java:14)
at testCasesSAT.Excel.f(Excel.java:14)
at testCasesSAT.Excel.f(Excel.java:14)
at testCasesSAT.Excel.f(Excel.java:14)
at testCasesSAT.Excel.f(Excel.java:14)
at testCasesSAT.Excel.f(Excel.java:14)
at testCasesSAT.Excel.f(Excel.java:14)
at testCasesSAT.Excel.f(Excel.java:14)
at testCasesSAT.Excel.f(Excel.java:14)
at testCasesSAT.Excel.f(Excel.java:14)
at testCasesSAT.Excel.f(Excel.java:14)
at testCasesSAT.Excel.f(Excel.java:14)
at testCasesSAT.Excel.f(Excel.java:14)
at testCasesSAT.Excel.f(Excel.java:14)
at testCasesSAT.Excel.f(Excel.java:14)
at testCasesSAT.Excel.f(Excel.java:14)
at testCasesSAT.Excel.f(Excel.java:14)
at testCasesSAT.Excel.f(Excel.java:14)
at testCasesSAT.Excel.f(Excel.java:14)
at testCasesSAT.Excel.f(Excel.java:14)
at testCasesSAT.Excel.f(Excel.java:14)
at testCasesSAT.Excel.f(Excel.java:14)
at testCasesSAT.Excel.f(Excel.java:14)
at testCasesSAT.Excel.f(Excel.java:14)
at testCasesSAT.Excel.f(Excel.java:14)
at testCasesSAT.Excel.f(Excel.java:14)
at testCasesSAT.Excel.f(Excel.java:14)
at testCasesSAT.Excel.f(Excel.java:14)
at testCasesSAT.Excel.f(Excel.java:14)
at testCasesSAT.Excel.f(Excel.java:14)
at testCasesSAT.Excel.f(Excel.java:14)
at testCasesSAT.Excel.f(Excel.java:14)
at testCasesSAT.Excel.f(Excel.java:14)
at testCasesSAT.Excel.f(Excel.java:14)
at testCasesSAT.Excel.f(Excel.java:14)
at testCasesSAT.Excel.f(Excel.java:14)
at testCasesSAT.Excel.f(Excel.java:14)
at testCasesSAT.Excel.f(Excel.java:14)
at testCasesSAT.Excel.f(Excel.java:14)
at testCasesSAT.Excel.f(Excel.java:14)
at testCasesSAT.Excel.f(Excel.java:14)
at testCasesSAT.Excel.f(Excel.java:14)
at testCasesSAT.Excel.f(Excel.java:14)
at testCasesSAT.Excel.f(Excel.java:14)
at testCasesSAT.Excel.f(Excel.java:14)
at testCasesSAT.Excel.f(Excel.java:14)
at testCasesSAT.Excel.f(Excel.java:14)
at testCasesSAT.Excel.f(Excel.java:14)
at testCasesSAT.Excel.f(Excel.java:14)
at testCasesSAT.Excel.f(Excel.java:14)
at testCasesSAT.Excel.f(Excel.java:14)
at testCasesSAT.Excel.f(Excel.java:14)
at testCasesSAT.Excel.f(Excel.java:14)
at testCasesSAT.Excel.f(Excel.java:14)
at testCasesSAT.Excel.f(Excel.java:14)
at testCasesSAT.Excel.f(Excel.java:14)
at testCasesSAT.Excel.f(Excel.java:14)
at testCasesSAT.Excel.f(Excel.java:14)
at testCasesSAT.Excel.f(Excel.java:14)
at testCasesSAT.Excel.f(Excel.java:14)
at testCasesSAT.Excel.f(Excel.java:14)
at testCasesSAT.Excel.f(Excel.java:14)
at testCasesSAT.Excel.f(Excel.java:14)
at testCasesSAT.Excel.f(Excel.java:14)
at testCasesSAT.Excel.f(Excel.java:14)
at testCasesSAT.Excel.f(Excel.java:14)
at testCasesSAT.Excel.f(Excel.java:14)
at testCasesSAT.Excel.f(Excel.java:14)
at testCasesSAT.Excel.f(Excel.java:14)
at testCasesSAT.Excel.f(Excel.java:14)
at testCasesSAT.Excel.f(Excel.java:14)
at testCasesSAT.Excel.f(Excel.java:14)
at testCasesSAT.Excel.f(Excel.java:14)
at testCasesSAT.Excel.f(Excel.java:14)
at testCasesSAT.Excel.f(Excel.java:14)
at testCasesSAT.Excel.f(Excel.java:14)
at testCasesSAT.Excel.f(Excel.java:14)
at testCasesSAT.Excel.f(Excel.java:14)
at testCasesSAT.Excel.f(Excel.java:14)
at testCasesSAT.Excel.f(Excel.java:14)
at testCasesSAT.Excel.f(Excel.java:14)
at testCasesSAT.Excel.f(Excel.java:14)
at testCasesSAT.Excel.f(Excel.java:14)
at testCasesSAT.Excel.f(Excel.java:14)
at testCasesSAT.Excel.f(Excel.java:14)
at testCasesSAT.Excel.f(Excel.java:14)
at testCasesSAT.Excel.f(Excel.java:14)
at testCasesSAT.Excel.f(Excel.java:14)
at testCasesSAT.Excel.f(Excel.java:14)
at testCasesSAT.Excel.f(Excel.java:14)
at testCasesSAT.Excel.f(Excel.java:14)
at testCasesSAT.Excel.f(Excel.java:14)
at testCasesSAT.Excel.f(Excel.java:14)
at testCasesSAT.Excel.f(Excel.java:14)
at testCasesSAT.Excel.f(Excel.java:14)
at testCasesSAT.Excel.f(Excel.java:14)
at testCasesSAT.Excel.f(Excel.java:14)
at testCasesSAT.Excel.f(Excel.java:14)
at testCasesSAT.Excel.f(Excel.java:14)
at testCasesSAT.Excel.f(Excel.java:14)
at testCasesSAT.Excel.f(Excel.java:14)
at testCasesSAT.Excel.f(Excel.java:14)
at testCasesSAT.Excel.f(Excel.java:14)
at testCasesSAT.Excel.f(Excel.java:14)
at testCasesSAT.Excel.f(Excel.java:14)
at testCasesSAT.Excel.f(Excel.java:14)
at testCasesSAT.Excel.f(Excel.java:14)
at testCasesSAT.Excel.f(Excel.java:14)
at testCasesSAT.Excel.f(Excel.java:14)
at testCasesSAT.Excel.f(Excel.java:14)
at testCasesSAT.Excel.f(Excel.java:14)
at testCasesSAT.Excel.f(Excel.java:14)
at testCasesSAT.Excel.f(Excel.java:14)
at testCasesSAT.Excel.f(Excel.java:14)
at testCasesSAT.Excel.f(Excel.java:14)
at testCasesSAT.Excel.f(Excel.java:14)
at testCasesSAT.Excel.f(Excel.java:14)
at testCasesSAT.Excel.f(Excel.java:14)
at testCasesSAT.Excel.f(Excel.java:14)
at testCasesSAT.Excel.f(Excel.java:14)
at testCasesSAT.Excel.f(Excel.java:14)
at testCasesSAT.Excel.f(Excel.java:14)
at testCasesSAT.Excel.f(Excel.java:14)
at testCasesSAT.Excel.f(Excel.java:14)
at testCasesSAT.Excel.f(Excel.java:14)
at testCasesSAT.Excel.f(Excel.java:14)
at testCasesSAT.Excel.f(Excel.java:14)
at testCasesSAT.Excel.f(Excel.java:14)
at testCasesSAT.Excel.f(Excel.java:14)
at testCasesSAT.Excel.f(Excel.java:14)
at testCasesSAT.Excel.f(Excel.java:14)
at testCasesSAT.Excel.f(Excel.java:14)
at testCasesSAT.Excel.f(Excel.java:14)
at testCasesSAT.Excel.f(Excel.java:14)
at testCasesSAT.Excel.f(Excel.java:14)
at testCasesSAT.Excel.f(Excel.java:14)
at testCasesSAT.Excel.f(Excel.java:14)
at testCasesSAT.Excel.f(Excel.java:14)
at testCasesSAT.Excel.f(Excel.java:14)
at testCasesSAT.Excel.f(Excel.java:14)
at testCasesSAT.Excel.f(Excel.java:14)
at testCasesSAT.Excel.f(Excel.java:14)
at testCasesSAT.Excel.f(Excel.java:14)
at testCasesSAT.Excel.f(Excel.java:14)
at testCasesSAT.Excel.f(Excel.java:14)
at testCasesSAT.Excel.f(Excel.java:14)
at testCasesSAT.Excel.f(Excel.java:14)
at testCasesSAT.Excel.f(Excel.java:14)
at testCasesSAT.Excel.f(Excel.java:14)
at testCasesSAT.Excel.f(Excel.java:14)
at testCasesSAT.Excel.f(Excel.java:14)
at testCasesSAT.Excel.f(Excel.java:14)
at testCasesSAT.Excel.f(Excel.java:14)
at testCasesSAT.Excel.f(Excel.java:14)
at testCasesSAT.Excel.f(Excel.java:14)
at testCasesSAT.Excel.f(Excel.java:14)
at testCasesSAT.Excel.f(Excel.java:14)
at testCasesSAT.Excel.f(Excel.java:14)
at testCasesSAT.Excel.f(Excel.java:14)
at testCasesSAT.Excel.f(Excel.java:14)
at testCasesSAT.Excel.f(Excel.java:14)
at testCasesSAT.Excel.f(Excel.java:14)
at testCasesSAT.Excel.f(Excel.java:14)
at testCasesSAT.Excel.f(Excel.java:14)
at testCasesSAT.Excel.f(Excel.java:14)
at testCasesSAT.Excel.f(Excel.java:14)
at testCasesSAT.Excel.f(Excel.java:14)
at testCasesSAT.Excel.f(Excel.java:14)
at testCasesSAT.Excel.f(Excel.java:14)
at testCasesSAT.Excel.f(Excel.java:14)
at testCasesSAT.Excel.f(Excel.java:14)
at testCasesSAT.Excel.f(Excel.java:14)
at testCasesSAT.Excel.f(Excel.java:14)
at testCasesSAT.Excel.f(Excel.java:14)
at testCasesSAT.Excel.f(Excel.java:14)
at testCasesSAT.Excel.f(Excel.java:14)
at testCasesSAT.Excel.f(Excel.java:14)
at testCasesSAT.Excel.f(Excel.java:14)
at testCasesSAT.Excel.f(Excel.java:14)
at testCasesSAT.Excel.f(Excel.java:14)
at testCasesSAT.Excel.f(Excel.java:14)
at testCasesSAT.Excel.f(Excel.java:14)
at testCasesSAT.Excel.f(Excel.java:14)
at testCasesSAT.Excel.f(Excel.java:14)
at testCasesSAT.Excel.f(Excel.java:14)
at testCasesSAT.Excel.f(Excel.java:14)
at testCasesSAT.Excel.f(Excel.java:14)
at testCasesSAT.Excel.f(Excel.java:14)
at testCasesSAT.Excel.f(Excel.java:14)
at testCasesSAT.Excel.f(Excel.java:14)
at testCasesSAT.Excel.f(Excel.java:14)
at testCasesSAT.Excel.f(Excel.java:14)
at testCasesSAT.Excel.f(Excel.java:14)
at testCasesSAT.Excel.f(Excel.java:14)
at testCasesSAT.Excel.f(Excel.java:14)
at testCasesSAT.Excel.f(Excel.java:14)
at testCasesSAT.Excel.f(Excel.java:14)
at testCasesSAT.Excel.f(Excel.java:14)
at testCasesSAT.Excel.f(Excel.java:14)
at testCasesSAT.Excel.f(Excel.java:14)
at testCasesSAT.Excel.f(Excel.java:14)
at testCasesSAT.Excel.f(Excel.java:14)
at testCasesSAT.Excel.f(Excel.java:14)
at testCasesSAT.Excel.f(Excel.java:14)
at testCasesSAT.Excel.f(Excel.java:14)
at testCasesSAT.Excel.f(Excel.java:14)
at testCasesSAT.Excel.f(Excel.java:14)
at testCasesSAT.Excel.f(Excel.java:14)
at testCasesSAT.Excel.f(Excel.java:14)
at testCasesSAT.Excel.f(Excel.java:14)
at testCasesSAT.Excel.f(Excel.java:14)
at testCasesSAT.Excel.f(Excel.java:14)
at testCasesSAT.Excel.f(Excel.java:14)
at testCasesSAT.Excel.f(Excel.java:14)
at testCasesSAT.Excel.f(Excel.java:14)
at testCasesSAT.Excel.f(Excel.java:14)
at testCasesSAT.Excel.f(Excel.java:14)
at testCasesSAT.Excel.f(Excel.java:14)
at testCasesSAT.Excel.f(Excel.java:14)
at testCasesSAT.Excel.f(Excel.java:14)
at testCasesSAT.Excel.f(Excel.java:14)
at testCasesSAT.Excel.f(Excel.java:14)
at testCasesSAT.Excel.f(Excel.java:14)
at testCasesSAT.Excel.f(Excel.java:14)
at testCasesSAT.Excel.f(Excel.java:14)
at testCasesSAT.Excel.f(Excel.java:14)
at testCasesSAT.Excel.f(Excel.java:14)
at testCasesSAT.Excel.f(Excel.java:14)
at testCasesSAT.Excel.f(Excel.java:14)
at testCasesSAT.Excel.f(Excel.java:14)
at testCasesSAT.Excel.f(Excel.java:14)
at testCasesSAT.Excel.f(Excel.java:14)
at testCasesSAT.Excel.f(Excel.java:14)
at testCasesSAT.Excel.f(Excel.java:14)
at testCasesSAT.Excel.f(Excel.java:14)
at testCasesSAT.Excel.f(Excel.java:14)
at testCasesSAT.Excel.f(Excel.java:14)
at testCasesSAT.Excel.f(Excel.java:14)
at testCasesSAT.Excel.f(Excel.java:14)
at testCasesSAT.Excel.f(Excel.java:14)
at testCasesSAT.Excel.f(Excel.java:14)
at testCasesSAT.Excel.f(Excel.java:14)
at testCasesSAT.Excel.f(Excel.java:14)
at testCasesSAT.Excel.f(Excel.java:14)
at testCasesSAT.Excel.f(Excel.java:14)
at testCasesSAT.Excel.f(Excel.java:14)
at testCasesSAT.Excel.f(Excel.java:14)
at testCasesSAT.Excel.f(Excel.java:14)
at testCasesSAT.Excel.f(Excel.java:14)
at testCasesSAT.Excel.f(Excel.java:14)
at testCasesSAT.Excel.f(Excel.java:14)
at testCasesSAT.Excel.f(Excel.java:14)
at testCasesSAT.Excel.f(Excel.java:14)
at testCasesSAT.Excel.f(Excel.java:14)
at testCasesSAT.Excel.f(Excel.java:14)
at testCasesSAT.Excel.f(Excel.java:14)
at testCasesSAT.Excel.f(Excel.java:14)
at testCasesSAT.Excel.f(Excel.java:14)
at testCasesSAT.Excel.f(Excel.java:14)
at testCasesSAT.Excel.f(Excel.java:14)
at testCasesSAT.Excel.f(Excel.java:14)
at testCasesSAT.Excel.f(Excel.java:14)
at testCasesSAT.Excel.f(Excel.java:14)
at testCasesSAT.Excel.f(Excel.java:14)
at testCasesSAT.Excel.f(Excel.java:14)
at testCasesSAT.Excel.f(Excel.java:14)
at testCasesSAT.Excel.f(Excel.java:14)
at testCasesSAT.Excel.f(Excel.java:14)
at testCasesSAT.Excel.f(Excel.java:14)
at testCasesSAT.Excel.f(Excel.java:14)
at testCasesSAT.Excel.f(Excel.java:14)
at testCasesSAT.Excel.f(Excel.java:14)
at testCasesSAT.Excel.f(Excel.java:14)
at testCasesSAT.Excel.f(Excel.java:14)
at testCasesSAT.Excel.f(Excel.java:14)
at testCasesSAT.Excel.f(Excel.java:14)
at testCasesSAT.Excel.f(Excel.java:14)
at testCasesSAT.Excel.f(Excel.java:14)
at testCasesSAT.Excel.f(Excel.java:14)
at testCasesSAT.Excel.f(Excel.java:14)
at testCasesSAT.Excel.f(Excel.java:14)
at testCasesSAT.Excel.f(Excel.java:14)
at testCasesSAT.Excel.f(Excel.java:14)
at testCasesSAT.Excel.f(Excel.java:14)
at testCasesSAT.Excel.f(Excel.java:14)
at testCasesSAT.Excel.f(Excel.java:14)
at testCasesSAT.Excel.f(Excel.java:14)
at testCasesSAT.Excel.f(Excel.java:14)
at testCasesSAT.Excel.f(Excel.java:14)
at testCasesSAT.Excel.f(Excel.java:14)
at testCasesSAT.Excel.f(Excel.java:14)
at testCasesSAT.Excel.f(Excel.java:14)
at testCasesSAT.Excel.f(Excel.java:14)
at testCasesSAT.Excel.f(Excel.java:14)
at testCasesSAT.Excel.f(Excel.java:14)
at testCasesSAT.Excel.f(Excel.java:14)
at testCasesSAT.Excel.f(Excel.java:14)
at testCasesSAT.Excel.f(Excel.java:14)
at testCasesSAT.Excel.f(Excel.java:14)
at testCasesSAT.Excel.f(Excel.java:14)
at testCasesSAT.Excel.f(Excel.java:14)
at testCasesSAT.Excel.f(Excel.java:14)
at testCasesSAT.Excel.f(Excel.java:14)
at testCasesSAT.Excel.f(Excel.java:14)
at testCasesSAT.Excel.f(Excel.java:14)
at testCasesSAT.Excel.f(Excel.java:14)
at testCasesSAT.Excel.f(Excel.java:14)
at testCasesSAT.Excel.f(Excel.java:14)
at testCasesSAT.Excel.f(Excel.java:14)
at testCasesSAT.Excel.f(Excel.java:14)
at testCasesSAT.Excel.f(Excel.java:14)
at testCasesSAT.Excel.f(Excel.java:14)
at testCasesSAT.Excel.f(Excel.java:14)
at testCasesSAT.Excel.f(Excel.java:14)
at testCasesSAT.Excel.f(Excel.java:14)
at testCasesSAT.Excel.f(Excel.java:14)
at testCasesSAT.Excel.f(Excel.java:14)
at testCasesSAT.Excel.f(Excel.java:14)
at testCasesSAT.Excel.f(Excel.java:14)
at testCasesSAT.Excel.f(Excel.java:14)
at testCasesSAT.Excel.f(Excel.java:14)
at testCasesSAT.Excel.f(Excel.java:14)
at testCasesSAT.Excel.f(Excel.java:14)
at testCasesSAT.Excel.f(Excel.java:14)
at testCasesSAT.Excel.f(Excel.java:14)
at testCasesSAT.Excel.f(Excel.java:14)
at testCasesSAT.Excel.f(Excel.java:14)
at testCasesSAT.Excel.f(Excel.java:14)
at testCasesSAT.Excel.f(Excel.java:14)
at testCasesSAT.Excel.f(Excel.java:14)
at testCasesSAT.Excel.f(Excel.java:14)
at testCasesSAT.Excel.f(Excel.java:14)
at testCasesSAT.Excel.f(Excel.java:14)
at testCasesSAT.Excel.f(Excel.java:14)
at testCasesSAT.Excel.f(Excel.java:14)
at testCasesSAT.Excel.f(Excel.java:14)
at testCasesSAT.Excel.f(Excel.java:14)
at testCasesSAT.Excel.f(Excel.java:14)
at testCasesSAT.Excel.f(Excel.java:14)
at testCasesSAT.Excel.f(Excel.java:14)
at testCasesSAT.Excel.f(Excel.java:14)
at testCasesSAT.Excel.f(Excel.java:14)
at testCasesSAT.Excel.f(Excel.java:14)
at testCasesSAT.Excel.f(Excel.java:14)
at testCasesSAT.Excel.f(Excel.java:14)
at testCasesSAT.Excel.f(Excel.java:14)
at testCasesSAT.Excel.f(Excel.java:14)
at testCasesSAT.Excel.f(Excel.java:14)
at testCasesSAT.Excel.f(Excel.java:14)
at testCasesSAT.Excel.f(Excel.java:14)
at testCasesSAT.Excel.f(Excel.java:14)
at testCasesSAT.Excel.f(Excel.java:14)
at testCasesSAT.Excel.f(Excel.java:14)
at testCasesSAT.Excel.f(Excel.java:14)
at testCasesSAT.Excel.f(Excel.java:14)
at testCasesSAT.Excel.f(Excel.java:14)
at testCasesSAT.Excel.f(Excel.java:14)
at testCasesSAT.Excel.f(Excel.java:14)
at testCasesSAT.Excel.f(Excel.java:14)
at testCasesSAT.Excel.f(Excel.java:14)
at testCasesSAT.Excel.f(Excel.java:14)
at testCasesSAT.Excel.f(Excel.java:14)
at testCasesSAT.Excel.f(Excel.java:14)
at testCasesSAT.Excel.f(Excel.java:14)
at testCasesSAT.Excel.f(Excel.java:14)
at testCasesSAT.Excel.f(Excel.java:14)
at testCasesSAT.Excel.f(Excel.java:14)
at testCasesSAT.Excel.f(Excel.java:14)
at testCasesSAT.Excel.f(Excel.java:14)
at testCasesSAT.Excel.f(Excel.java:14)
at testCasesSAT.Excel.f(Excel.java:14)
at testCasesSAT.Excel.f(Excel.java:14)
at testCasesSAT.Excel.f(Excel.java:14)
at testCasesSAT.Excel.f(Excel.java:14)
at testCasesSAT.Excel.f(Excel.java:14)
at testCasesSAT.Excel.f(Excel.java:14)
at testCasesSAT.Excel.f(Excel.java:14)
at testCasesSAT.Excel.f(Excel.java:14)
at testCasesSAT.Excel.f(Excel.java:14)
at testCasesSAT.Excel.f(Excel.java:14)
at testCasesSAT.Excel.f(Excel.java:14)
at testCasesSAT.Excel.f(Excel.java:14)
at testCasesSAT.Excel.f(Excel.java:14)
at testCasesSAT.Excel.f(Excel.java:14)
at testCasesSAT.Excel.f(Excel.java:14)
at testCasesSAT.Excel.f(Excel.java:14)
at testCasesSAT.Excel.f(Excel.java:14)
at testCasesSAT.Excel.f(Excel.java:14)
at testCasesSAT.Excel.f(Excel.java:14)
at testCasesSAT.Excel.f(Excel.java:14)
at testCasesSAT.Excel.f(Excel.java:14)
at testCasesSAT.Excel.f(Excel.java:14)
at testCasesSAT.Excel.f(Excel.java:14)
at testCasesSAT.Excel.f(Excel.java:14)
at testCasesSAT.Excel.f(Excel.java:14)
at testCasesSAT.Excel.f(Excel.java:14)
at testCasesSAT.Excel.f(Excel.java:14)
at testCasesSAT.Excel.f(Excel.java:14)
at testCasesSAT.Excel.f(Excel.java:14)
at testCasesSAT.Excel.f(Excel.java:14)
at testCasesSAT.Excel.f(Excel.java:14)
at testCasesSAT.Excel.f(Excel.java:14)
at testCasesSAT.Excel.f(Excel.java:14)
at testCasesSAT.Excel.f(Excel.java:14)
at testCasesSAT.Excel.f(Excel.java:14)
at testCasesSAT.Excel.f(Excel.java:14)
at testCasesSAT.Excel.f(Excel.java:14)
at testCasesSAT.Excel.f(Excel.java:14)
at testCasesSAT.Excel.f(Excel.java:14)
at testCasesSAT.Excel.f(Excel.java:14)
at testCasesSAT.Excel.f(Excel.java:14)
at testCasesSAT.Excel.f(Excel.java:14)
at testCasesSAT.Excel.f(Excel.java:14)
at testCasesSAT.Excel.f(Excel.java:14)
at testCasesSAT.Excel.f(Excel.java:14)
at testCasesSAT.Excel.f(Excel.java:14)
at testCasesSAT.Excel.f(Excel.java:14)
at testCasesSAT.Excel.f(Excel.java:14)
at testCasesSAT.Excel.f(Excel.java:14)
at testCasesSAT.Excel.f(Excel.java:14)
at testCasesSAT.Excel.f(Excel.java:14)
at testCasesSAT.Excel.f(Excel.java:14)
at testCasesSAT.Excel.f(Excel.java:14)
at testCasesSAT.Excel.f(Excel.java:14)
at testCasesSAT.Excel.f(Excel.java:14)
at testCasesSAT.Excel.f(Excel.java:14)
at testCasesSAT.Excel.f(Excel.java:14)
at testCasesSAT.Excel.f(Excel.java:14)
at testCasesSAT.Excel.f(Excel.java:14)
at testCasesSAT.Excel.f(Excel.java:14)
at testCasesSAT.Excel.f(Excel.java:14)
at testCasesSAT.Excel.f(Excel.java:14)
at testCasesSAT.Excel.f(Excel.java:14)
at testCasesSAT.Excel.f(Excel.java:14)
at testCasesSAT.Excel.f(Excel.java:14)
at testCasesSAT.Excel.f(Excel.java:14)
at testCasesSAT.Excel.f(Excel.java:14)
at testCasesSAT.Excel.f(Excel.java:14)
at testCasesSAT.Excel.f(Excel.java:14)
at testCasesSAT.Excel.f(Excel.java:14)
at testCasesSAT.Excel.f(Excel.java:14)
at testCasesSAT.Excel.f(Excel.java:14)
at testCasesSAT.Excel.f(Excel.java:14)
at testCasesSAT.Excel.f(Excel.java:14)
at testCasesSAT.Excel.f(Excel.java:14)
at testCasesSAT.Excel.f(Excel.java:14)
at testCasesSAT.Excel.f(Excel.java:14)
at testCasesSAT.Excel.f(Excel.java:14)
at testCasesSAT.Excel.f(Excel.java:14)
at testCasesSAT.Excel.f(Excel.java:14)
at testCasesSAT.Excel.f(Excel.java:14)
at testCasesSAT.Excel.f(Excel.java:14)
at testCasesSAT.Excel.f(Excel.java:14)
at testCasesSAT.Excel.f(Excel.java:14)
at testCasesSAT.Excel.f(Excel.java:14)
at testCasesSAT.Excel.f(Excel.java:14)
at testCasesSAT.Excel.f(Excel.java:14)
at testCasesSAT.Excel.f(Excel.java:14)
at testCasesSAT.Excel.f(Excel.java:14)
at testCasesSAT.Excel.f(Excel.java:14)
at testCasesSAT.Excel.f(Excel.java:14)
at testCasesSAT.Excel.f(Excel.java:14)
at testCasesSAT.Excel.f(Excel.java:14)
at testCasesSAT.Excel.f(Excel.java:14)
at testCasesSAT.Excel.f(Excel.java:14)
at testCasesSAT.Excel.f(Excel.java:14)
at testCasesSAT.Excel.f(Excel.java:14)
at testCasesSAT.Excel.f(Excel.java:14)
at testCasesSAT.Excel.f(Excel.java:14)
at testCasesSAT.Excel.f(Excel.java:14)
at testCasesSAT.Excel.f(Excel.java:14)
at testCasesSAT.Excel.f(Excel.java:14)
at testCasesSAT.Excel.f(Excel.java:14)
at testCasesSAT.Excel.f(Excel.java:14)
at testCasesSAT.Excel.f(Excel.java:14)
at testCasesSAT.Excel.f(Excel.java:14)
at testCasesSAT.Excel.f(Excel.java:14)
at testCasesSAT.Excel.f(Excel.java:14)
at testCasesSAT.Excel.f(Excel.java:14)
at testCasesSAT.Excel.f(Excel.java:14)
at testCasesSAT.Excel.f(Excel.java:14)
at testCasesSAT.Excel.f(Excel.java:14)
at testCasesSAT.Excel.f(Excel.java:14)
at testCasesSAT.Excel.f(Excel.java:14)
at testCasesSAT.Excel.f(Excel.java:14)
at testCasesSAT.Excel.f(Excel.java:14)
at testCasesSAT.Excel.f(Excel.java:14)
at testCasesSAT.Excel.f(Excel.java:14)
at testCasesSAT.Excel.f(Excel.java:14)
at testCasesSAT.Excel.f(Excel.java:14)
at testCasesSAT.Excel.f(Excel.java:14)
at testCasesSAT.Excel.f(Excel.java:14)
at testCasesSAT.Excel.f(Excel.java:14)
at testCasesSAT.Excel.f(Excel.java:14)
at testCasesSAT.Excel.f(Excel.java:14)
at testCasesSAT.Excel.f(Excel.java:14)
at testCasesSAT.Excel.f(Excel.java:14)
at testCasesSAT.Excel.f(Excel.java:14)
at testCasesSAT.Excel.f(Excel.java:14)
at testCasesSAT.Excel.f(Excel.java:14)
at testCasesSAT.Excel.f(Excel.java:14)
at testCasesSAT.Excel.f(Excel.java:14)
at testCasesSAT.Excel.f(Excel.java:14)
at testCasesSAT.Excel.f(Excel.java:14)
at testCasesSAT.Excel.f(Excel.java:14)
at testCasesSAT.Excel.f(Excel.java:14)
at testCasesSAT.Excel.f(Excel.java:14)
at testCasesSAT.Excel.f(Excel.java:14)
at testCasesSAT.Excel.f(Excel.java:14)
at testCasesSAT.Excel.f(Excel.java:14)
at testCasesSAT.Excel.f(Excel.java:14)
at testCasesSAT.Excel.f(Excel.java:14)
at testCasesSAT.Excel.f(Excel.java:14)
at testCasesSAT.Excel.f(Excel.java:14)
at testCasesSAT.Excel.f(Excel.java:14)
at testCasesSAT.Excel.f(Excel.java:14)
at testCasesSAT.Excel.f(Excel.java:14)
at testCasesSAT.Excel.f(Excel.java:14)
at testCasesSAT.Excel.f(Excel.java:14)
at testCasesSAT.Excel.f(Excel.java:14)
at testCasesSAT.Excel.f(Excel.java:14)
at testCasesSAT.Excel.f(Excel.java:14)
at testCasesSAT.Excel.f(Excel.java:14)
at testCasesSAT.Excel.f(Excel.java:14)
at testCasesSAT.Excel.f(Excel.java:14)
at testCasesSAT.Excel.f(Excel.java:14)
at testCasesSAT.Excel.f(Excel.java:14)
at testCasesSAT.Excel.f(Excel.java:14)
at testCasesSAT.Excel.f(Excel.java:14)
at testCasesSAT.Excel.f(Excel.java:14)
at testCasesSAT.Excel.f(Excel.java:14)
at testCasesSAT.Excel.f(Excel.java:14)
at testCasesSAT.Excel.f(Excel.java:14)
at testCasesSAT.Excel.f(Excel.java:14)
at testCasesSAT.Excel.f(Excel.java:14)
at testCasesSAT.Excel.f(Excel.java:14)
at testCasesSAT.Excel.f(Excel.java:14)
at testCasesSAT.Excel.f(Excel.java:14)
at testCasesSAT.Excel.f(Excel.java:14)
at testCasesSAT.Excel.f(Excel.java:14)
at testCasesSAT.Excel.f(Excel.java:14)
at testCasesSAT.Excel.f(Excel.java:14)
at testCasesSAT.Excel.f(Excel.java:14)
at testCasesSAT.Excel.f(Excel.java:14)
at testCasesSAT.Excel.f(Excel.java:14)
at testCasesSAT.Excel.f(Excel.java:14)
at testCasesSAT.Excel.f(Excel.java:14)
at testCasesSAT.Excel.f(Excel.java:14)
at testCasesSAT.Excel.f(Excel.java:14)
at testCasesSAT.Excel.f(Excel.java:14)
at testCasesSAT.Excel.f(Excel.java:14)
at testCasesSAT.Excel.f(Excel.java:14)
at testCasesSAT.Excel.f(Excel.java:14)
at testCasesSAT.Excel.f(Excel.java:14)
at testCasesSAT.Excel.f(Excel.java:14)
at testCasesSAT.Excel.f(Excel.java:14)
at testCasesSAT.Excel.f(Excel.java:14)
at testCasesSAT.Excel.f(Excel.java:14)
at testCasesSAT.Excel.f(Excel.java:14)
at testCasesSAT.Excel.f(Excel.java:14)
at testCasesSAT.Excel.f(Excel.java:14)
at testCasesSAT.Excel.f(Excel.java:14)
at testCasesSAT.Excel.f(Excel.java:14)
at testCasesSAT.Excel.f(Excel.java:14)
at testCasesSAT.Excel.f(Excel.java:14)
at testCasesSAT.Excel.f(Excel.java:14)
at testCasesSAT.Excel.f(Excel.java:14)
at testCasesSAT.Excel.f(Excel.java:14)
at testCasesSAT.Excel.f(Excel.java:14)
at testCasesSAT.Excel.f(Excel.java:14)
at testCasesSAT.Excel.f(Excel.java:14)
at testCasesSAT.Excel.f(Excel.java:14)
at testCasesSAT.Excel.f(Excel.java:14)
at testCasesSAT.Excel.f(Excel.java:14)
at testCasesSAT.Excel.f(Excel.java:14)
at testCasesSAT.Excel.f(Excel.java:14)
at testCasesSAT.Excel.f(Excel.java:14)
at testCasesSAT.Excel.f(Excel.java:14)
at testCasesSAT.Excel.f(Excel.java:14)
at testCasesSAT.Excel.f(Excel.java:14)
at testCasesSAT.Excel.f(Excel.java:14)
at testCasesSAT.Excel.f(Excel.java:14)
at testCasesSAT.Excel.f(Excel.java:14)
at testCasesSAT.Excel.f(Excel.java:14)
at testCasesSAT.Excel.f(Excel.java:14)
at testCasesSAT.Excel.f(Excel.java:14)
at testCasesSAT.Excel.f(Excel.java:14)
at testCasesSAT.Excel.f(Excel.java:14)
at testCasesSAT.Excel.f(Excel.java:14)
at testCasesSAT.Excel.f(Excel.java:14)
at testCasesSAT.Excel.f(Excel.java:14)
at testCasesSAT.Excel.f(Excel.java:14)
at testCasesSAT.Excel.f(Excel.java:14)
at testCasesSAT.Excel.f(Excel.java:14)
at testCasesSAT.Excel.f(Excel.java:14)
at testCasesSAT.Excel.f(Excel.java:14)
at testCasesSAT.Excel.f(Excel.java:14)
at testCasesSAT.Excel.f(Excel.java:14)
at testCasesSAT.Excel.f(Excel.java:14)
at testCasesSAT.Excel.f(Excel.java:14)
at testCasesSAT.Excel.f(Excel.java:14)
at testCasesSAT.Excel.f(Excel.java:14)
at testCasesSAT.Excel.f(Excel.java:14)
at testCasesSAT.Excel.f(Excel.java:14)
at testCasesSAT.Excel.f(Excel.java:14)
at testCasesSAT.Excel.f(Excel.java:14)
at testCasesSAT.Excel.f(Excel.java:14)
at testCasesSAT.Excel.f(Excel.java:14)
at testCasesSAT.Excel.f(Excel.java:14)
at testCasesSAT.Excel.f(Excel.java:14)
at testCasesSAT.Excel.f(Excel.java:14)
at testCasesSAT.Excel.f(Excel.java:14)
at testCasesSAT.Excel.f(Excel.java:14)
at testCasesSAT.Excel.f(Excel.java:14)
at testCasesSAT.Excel.f(Excel.java:14)
at testCasesSAT.Excel.f(Excel.java:14)
at testCasesSAT.Excel.f(Excel.java:14)
at testCasesSAT.Excel.f(Excel.java:14)
at testCasesSAT.Excel.f(Excel.java:14)
at testCasesSAT.Excel.f(Excel.java:14)
at testCasesSAT.Excel.f(Excel.java:14)
at testCasesSAT.Excel.f(Excel.java:14)
at testCasesSAT.Excel.f(Excel.java:14)
at testCasesSAT.Excel.f(Excel.java:14)
at testCasesSAT.Excel.f(Excel.java:14)
at testCasesSAT.Excel.f(Excel.java:14)
]]>
    </error>
  </testcase> <!-- f -->
</testsuite> <!-- testCasesSAT.Excel -->
