<?xml version="1.0" encoding="UTF-8"?>
<!-- Generated by org.testng.reporters.JUnitReportReporter -->
<testsuite hostname="77DWHM2" failures="0" tests="21" name="testCasesSAT.ArbetslivAddNewFackGranskadBok" time="12.471" errors="0" timestamp="25 juli 2018 10:44:47 GMT" skipped="0">
  <testcase classname="testCasesSAT.ArbetslivAddNewFackGranskadBok" name="BokSpara" time="1.182"/>
  <testcase classname="testCasesSAT.ArbetslivAddNewFackGranskadBok" name="BokOpenAccessDokumentVersion" time="0.153"/>
  <testcase classname="testCasesSAT.ArbetslivAddNewFackGranskadBok" name="DropDownBok" time="0.197"/>
  <testcase classname="testCasesSAT.ArbetslivAddNewFackGranskadBok" name="BokOpenAccessFormAvOA" time="0.112"/>
  <testcase classname="testCasesSAT.ArbetslivAddNewFackGranskadBok" name="LäggTillPublikationer" time="0.085"/>
  <testcase classname="testCasesSAT.ArbetslivAddNewFackGranskadBok" name="BokFörfattareKnapp" time="0.129"/>
  <testcase classname="testCasesSAT.ArbetslivAddNewFackGranskadBok" name="BokUtgivareFörlag" time="0.411"/>
  <testcase classname="testCasesSAT.ArbetslivAddNewFackGranskadBok" name="BokOpenAccessLänkExternLänkFörPublicering" time="0.928"/>
  <testcase classname="testCasesSAT.ArbetslivAddNewFackGranskadBok" name="BokFörfattareEfternamn" time="0.286"/>
  <testcase classname="testCasesSAT.ArbetslivAddNewFackGranskadBok" name="BokUtgivareKällaFörPublikation" time="0.114"/>
  <testcase classname="testCasesSAT.ArbetslivAddNewFackGranskadBok" name="BokOpenAcessSammanfattning" time="0.616"/>
  <testcase classname="testCasesSAT.ArbetslivAddNewFackGranskadBok" name="VäljPublikationsTyp" time="0.752"/>
  <testcase classname="testCasesSAT.ArbetslivAddNewFackGranskadBok" name="LoginAsUser" time="4.372"/>
  <testcase classname="testCasesSAT.ArbetslivAddNewFackGranskadBok" name="BokUtgivareDOI" time="0.225"/>
  <testcase classname="testCasesSAT.ArbetslivAddNewFackGranskadBok" name="BokUtgivareISBN" time="0.301"/>
  <testcase classname="testCasesSAT.ArbetslivAddNewFackGranskadBok" name="BokVarTextenPubliceradIOpenAcessJa" time="0.124"/>
  <testcase classname="testCasesSAT.ArbetslivAddNewFackGranskadBok" name="BokTitel" time="0.360"/>
  <testcase classname="testCasesSAT.ArbetslivAddNewFackGranskadBok" name="BokUtgivareFörlagsplats" time="0.403"/>
  <testcase classname="testCasesSAT.ArbetslivAddNewFackGranskadBok" name="BokUtgivareKällaID" time="0.192"/>
  <testcase classname="testCasesSAT.ArbetslivAddNewFackGranskadBok" name="ClickPublikationer" time="1.298"/>
  <testcase classname="testCasesSAT.ArbetslivAddNewFackGranskadBok" name="BokFörfattareFörnamn" time="0.231"/>
</testsuite> <!-- testCasesSAT.ArbetslivAddNewFackGranskadBok -->
