<?xml version="1.0" encoding="UTF-8"?>
<!-- Generated by org.testng.reporters.JUnitReportReporter -->
<testsuite hostname="77DWHM2" failures="0" tests="7" name="testCasesMinProfilArbetsliv.ArbetslivAddNewUppeHålliForskningen" time="11.048" errors="0" timestamp="31 juli 2018 14:21:01 GMT" skipped="0">
  <testcase classname="testCasesMinProfilArbetsliv.ArbetslivAddNewUppeHålliForskningen" name="SparaVal" time="0.137"/>
  <testcase classname="testCasesMinProfilArbetsliv.ArbetslivAddNewUppeHålliForskningen" name="StartDatum" time="0.322"/>
  <testcase classname="testCasesMinProfilArbetsliv.ArbetslivAddNewUppeHålliForskningen" name="UppehållIForskningenLäggTill" time="0.116"/>
  <testcase classname="testCasesMinProfilArbetsliv.ArbetslivAddNewUppeHålliForskningen" name="LoginAsUser2" time="9.522"/>
  <testcase classname="testCasesMinProfilArbetsliv.ArbetslivAddNewUppeHålliForskningen" name="SlutDatum" time="0.172"/>
  <testcase classname="testCasesMinProfilArbetsliv.ArbetslivAddNewUppeHålliForskningen" name="ClickArbetsliv" time="0.648"/>
  <testcase classname="testCasesMinProfilArbetsliv.ArbetslivAddNewUppeHålliForskningen" name="Beskrivning" time="0.131"/>
</testsuite> <!-- testCasesMinProfilArbetsliv.ArbetslivAddNewUppeHålliForskningen -->
