<?xml version="1.0" encoding="UTF-8"?>
<!-- Generated by org.testng.reporters.JUnitReportReporter -->
<testsuite hostname="77DWHM2" failures="0" tests="2" name="testCasesChromeSAT.LoginAsInvalidUser" time="10.753" errors="0" timestamp="27 juni 2018 13:36:33 GMT" skipped="0">
  <testcase classname="testCasesChromeSAT.LoginAsInvalidUser" name="InputUserWithInvalidInfo" time="10.672"/>
  <testcase classname="testCasesChromeSAT.LoginAsInvalidUser" name="CheckThatNotPossibleLoggingInWithFalseInformation" time="0.081"/>
</testsuite> <!-- testCasesChromeSAT.LoginAsInvalidUser -->
