<?xml version="1.0" encoding="UTF-8"?>
<!-- Generated by org.testng.reporters.JUnitReportReporter -->
<testsuite hostname="77DWHM2" failures="0" tests="14" name="testCasesSATMinProfilUtbildning.UtbildningForskarUtbildningAddDoktorsExamen" time="0.001" errors="0" timestamp="25 juli 2018 15:37:49 GMT" skipped="14">
  <testcase classname="testCasesSATMinProfilUtbildning.UtbildningForskarUtbildningAddDoktorsExamen" name="SelectOrganization" time="0.000">
    <skipped/>
  </testcase> <!-- SelectOrganization -->
  <testcase classname="testCasesSATMinProfilUtbildning.UtbildningForskarUtbildningAddDoktorsExamen" name="TypAvForskarUtbildningSelectSubjects" time="0.000">
    <skipped/>
  </testcase> <!-- TypAvForskarUtbildningSelectSubjects -->
  <testcase classname="testCasesSATMinProfilUtbildning.UtbildningForskarUtbildningAddDoktorsExamen" name="ISSNISBNNummer" time="0.000">
    <skipped/>
  </testcase> <!-- ISSNISBNNummer -->
  <testcase classname="testCasesSATMinProfilUtbildning.UtbildningForskarUtbildningAddDoktorsExamen" name="AddForskarUtbildning" time="0.000">
    <skipped/>
  </testcase> <!-- AddForskarUtbildning -->
  <testcase classname="testCasesSATMinProfilUtbildning.UtbildningForskarUtbildningAddDoktorsExamen" name="ClickUtbildning" time="0.000">
    <skipped/>
  </testcase> <!-- ClickUtbildning -->
  <testcase classname="testCasesSATMinProfilUtbildning.UtbildningForskarUtbildningAddDoktorsExamen" name="Examensdatum" time="0.000">
    <skipped/>
  </testcase> <!-- Examensdatum -->
  <testcase classname="testCasesSATMinProfilUtbildning.UtbildningForskarUtbildningAddDoktorsExamen" name="LoginAsUser" time="0.000">
    <skipped/>
  </testcase> <!-- LoginAsUser -->
  <testcase classname="testCasesSATMinProfilUtbildning.UtbildningForskarUtbildningAddDoktorsExamen" name="WriteAvhandlingensTitelOrginalSpråk" time="0.000">
    <skipped/>
  </testcase> <!-- WriteAvhandlingensTitelOrginalSpråk -->
  <testcase classname="testCasesSATMinProfilUtbildning.UtbildningForskarUtbildningAddDoktorsExamen" name="WriteAvhandlingensTitelEngelska" time="0.001">
    <skipped/>
  </testcase> <!-- WriteAvhandlingensTitelEngelska -->
  <testcase classname="testCasesSATMinProfilUtbildning.UtbildningForskarUtbildningAddDoktorsExamen" name="TypAvForskarUtbildningAddDoktorsexamen" time="0.000">
    <skipped/>
  </testcase> <!-- TypAvForskarUtbildningAddDoktorsexamen -->
  <testcase classname="testCasesSATMinProfilUtbildning.UtbildningForskarUtbildningAddDoktorsExamen" name="EfternamnHandledare" time="0.000">
    <skipped/>
  </testcase> <!-- EfternamnHandledare -->
  <testcase classname="testCasesSATMinProfilUtbildning.UtbildningForskarUtbildningAddDoktorsExamen" name="ClickForskarUtbildning" time="0.000">
    <skipped/>
  </testcase> <!-- ClickForskarUtbildning -->
  <testcase classname="testCasesSATMinProfilUtbildning.UtbildningForskarUtbildningAddDoktorsExamen" name="FörnamnHandledare" time="0.000">
    <skipped/>
  </testcase> <!-- FörnamnHandledare -->
  <testcase classname="testCasesSATMinProfilUtbildning.UtbildningForskarUtbildningAddDoktorsExamen" name="SparaForskarutbildningKnapp" time="0.000">
    <skipped/>
  </testcase> <!-- SparaForskarutbildningKnapp -->
</testsuite> <!-- testCasesSATMinProfilUtbildning.UtbildningForskarUtbildningAddDoktorsExamen -->
