<?xml version="1.0" encoding="UTF-8"?>
<!-- Generated by org.testng.reporters.JUnitReportReporter -->
<testsuite hostname="77DWHM2" failures="0" tests="21" name="testCasesSAT.ArbetslivAddNewINTEFackGranskadBok" time="0.001" errors="0" timestamp="25 juli 2018 09:01:16 GMT" skipped="21">
  <testcase classname="testCasesSAT.ArbetslivAddNewINTEFackGranskadBok" name="BokFörfattareKnapp" time="0.000">
    <skipped/>
  </testcase> <!-- BokFörfattareKnapp -->
  <testcase classname="testCasesSAT.ArbetslivAddNewINTEFackGranskadBok" name="BokUtgivareFörlag" time="0.000">
    <skipped/>
  </testcase> <!-- BokUtgivareFörlag -->
  <testcase classname="testCasesSAT.ArbetslivAddNewINTEFackGranskadBok" name="DropDownBok" time="0.000">
    <skipped/>
  </testcase> <!-- DropDownBok -->
  <testcase classname="testCasesSAT.ArbetslivAddNewINTEFackGranskadBok" name="VäljPublikationsTyp" time="0.000">
    <skipped/>
  </testcase> <!-- VäljPublikationsTyp -->
  <testcase classname="testCasesSAT.ArbetslivAddNewINTEFackGranskadBok" name="LoginAsUser" time="0.000">
    <skipped/>
  </testcase> <!-- LoginAsUser -->
  <testcase classname="testCasesSAT.ArbetslivAddNewINTEFackGranskadBok" name="BokOpenAccessFormAvOA" time="0.000">
    <skipped/>
  </testcase> <!-- BokOpenAccessFormAvOA -->
  <testcase classname="testCasesSAT.ArbetslivAddNewINTEFackGranskadBok" name="BokOpenAccessLänkExternLänkFörPublicering" time="0.000">
    <skipped/>
  </testcase> <!-- BokOpenAccessLänkExternLänkFörPublicering -->
  <testcase classname="testCasesSAT.ArbetslivAddNewINTEFackGranskadBok" name="BokUtgivareKällaID" time="0.000">
    <skipped/>
  </testcase> <!-- BokUtgivareKällaID -->
  <testcase classname="testCasesSAT.ArbetslivAddNewINTEFackGranskadBok" name="BokUtgivareDOI" time="0.000">
    <skipped/>
  </testcase> <!-- BokUtgivareDOI -->
  <testcase classname="testCasesSAT.ArbetslivAddNewINTEFackGranskadBok" name="BokFörfattareFörnamn" time="0.000">
    <skipped/>
  </testcase> <!-- BokFörfattareFörnamn -->
  <testcase classname="testCasesSAT.ArbetslivAddNewINTEFackGranskadBok" name="BokTitel" time="0.000">
    <skipped/>
  </testcase> <!-- BokTitel -->
  <testcase classname="testCasesSAT.ArbetslivAddNewINTEFackGranskadBok" name="BokVarTextenPubliceradIOpenAcessJa" time="0.000">
    <skipped/>
  </testcase> <!-- BokVarTextenPubliceradIOpenAcessJa -->
  <testcase classname="testCasesSAT.ArbetslivAddNewINTEFackGranskadBok" name="LäggTillPublikationer" time="0.000">
    <skipped/>
  </testcase> <!-- LäggTillPublikationer -->
  <testcase classname="testCasesSAT.ArbetslivAddNewINTEFackGranskadBok" name="BokSpara" time="0.000">
    <skipped/>
  </testcase> <!-- BokSpara -->
  <testcase classname="testCasesSAT.ArbetslivAddNewINTEFackGranskadBok" name="BokFörfattareEfternamn" time="0.000">
    <skipped/>
  </testcase> <!-- BokFörfattareEfternamn -->
  <testcase classname="testCasesSAT.ArbetslivAddNewINTEFackGranskadBok" name="BokOpenAcessSammanfattning" time="0.000">
    <skipped/>
  </testcase> <!-- BokOpenAcessSammanfattning -->
  <testcase classname="testCasesSAT.ArbetslivAddNewINTEFackGranskadBok" name="BokUtgivareKällaFörPublikation" time="0.000">
    <skipped/>
  </testcase> <!-- BokUtgivareKällaFörPublikation -->
  <testcase classname="testCasesSAT.ArbetslivAddNewINTEFackGranskadBok" name="BokUtgivareISBN" time="0.000">
    <skipped/>
  </testcase> <!-- BokUtgivareISBN -->
  <testcase classname="testCasesSAT.ArbetslivAddNewINTEFackGranskadBok" name="BokOpenAccessDokumentVersion" time="0.001">
    <skipped/>
  </testcase> <!-- BokOpenAccessDokumentVersion -->
  <testcase classname="testCasesSAT.ArbetslivAddNewINTEFackGranskadBok" name="ClickPublikationer" time="0.000">
    <skipped/>
  </testcase> <!-- ClickPublikationer -->
  <testcase classname="testCasesSAT.ArbetslivAddNewINTEFackGranskadBok" name="BokUtgivareFörlagsplats" time="0.000">
    <skipped/>
  </testcase> <!-- BokUtgivareFörlagsplats -->
</testsuite> <!-- testCasesSAT.ArbetslivAddNewINTEFackGranskadBok -->
