<?xml version="1.0" encoding="UTF-8"?>
<!-- Generated by org.testng.reporters.JUnitReportReporter -->
<testsuite hostname="77DWHM2" failures="0" tests="26" name="testCasesSATMinProfilPublikationer.PublikationerAddNewFackGranskadBidragTillBok" time="20.012" errors="0" timestamp="27 juli 2018 14:19:49 GMT" skipped="0">
  <testcase classname="testCasesSATMinProfilPublikationer.PublikationerAddNewFackGranskadBidragTillBok" name="BidragTillEnBokTitel" time="0.743"/>
  <testcase classname="testCasesSATMinProfilPublikationer.PublikationerAddNewFackGranskadBidragTillBok" name="BidragTillEnBokRedaktörKnapp" time="0.108"/>
  <testcase classname="testCasesSATMinProfilPublikationer.PublikationerAddNewFackGranskadBidragTillBok" name="BidragTillEnBokUtgivareSistaSidnummer" time="0.192"/>
  <testcase classname="testCasesSATMinProfilPublikationer.PublikationerAddNewFackGranskadBidragTillBok" name="BidragTillEnBokUtgivareDOI" time="0.231"/>
  <testcase classname="testCasesSATMinProfilPublikationer.PublikationerAddNewFackGranskadBidragTillBok" name="BidragTillEnBokUtgivareStatus" time="0.063"/>
  <testcase classname="testCasesSATMinProfilPublikationer.PublikationerAddNewFackGranskadBidragTillBok" name="BidragTillEnBokOpenAcessSammanfattning" time="0.597"/>
  <testcase classname="testCasesSATMinProfilPublikationer.PublikationerAddNewFackGranskadBidragTillBok" name="BidragTillEnBokUtgivareFörlag" time="0.283"/>
  <testcase classname="testCasesSATMinProfilPublikationer.PublikationerAddNewFackGranskadBidragTillBok" name="BidragTillEnBokUtgivareFörlagsplats" time="0.348"/>
  <testcase classname="testCasesSATMinProfilPublikationer.PublikationerAddNewFackGranskadBidragTillBok" name="BidragTillEnBokUtgivareKällaFörPublikation" time="0.107"/>
  <testcase classname="testCasesSATMinProfilPublikationer.PublikationerAddNewFackGranskadBidragTillBok" name="BidragTillEnBokUtgivareFörstaSidnummer" time="0.156"/>
  <testcase classname="testCasesSATMinProfilPublikationer.PublikationerAddNewFackGranskadBidragTillBok" name="BidragTillEnBokOpenAccessLänkExternLänkFörPublicering" time="0.837"/>
  <testcase classname="testCasesSATMinProfilPublikationer.PublikationerAddNewFackGranskadBidragTillBok" name="ClickPublikationer" time="1.288"/>
  <testcase classname="testCasesSATMinProfilPublikationer.PublikationerAddNewFackGranskadBidragTillBok" name="BidragTillEnBokSpara" time="1.220"/>
  <testcase classname="testCasesSATMinProfilPublikationer.PublikationerAddNewFackGranskadBidragTillBok" name="LoginAsUser" time="9.098"/>
  <testcase classname="testCasesSATMinProfilPublikationer.PublikationerAddNewFackGranskadBidragTillBok" name="BidragTillEnBokFörfattareEfternamn" time="0.306"/>
  <testcase classname="testCasesSATMinProfilPublikationer.PublikationerAddNewFackGranskadBidragTillBok" name="VäljPublikationsTyp" time="0.774"/>
  <testcase classname="testCasesSATMinProfilPublikationer.PublikationerAddNewFackGranskadBidragTillBok" name="BidragTillEnBokUtgivareKällaID" time="0.215"/>
  <testcase classname="testCasesSATMinProfilPublikationer.PublikationerAddNewFackGranskadBidragTillBok" name="BidragTillEnBokRedaktörNamn" time="1.977"/>
  <testcase classname="testCasesSATMinProfilPublikationer.PublikationerAddNewFackGranskadBidragTillBok" name="BidragTillEnBokOpenAccessFormAvOA" time="0.114"/>
  <testcase classname="testCasesSATMinProfilPublikationer.PublikationerAddNewFackGranskadBidragTillBok" name="BidragTillEnBokFörfattareFörnamn" time="0.492"/>
  <testcase classname="testCasesSATMinProfilPublikationer.PublikationerAddNewFackGranskadBidragTillBok" name="BidragTillEnBokVarTextenPubliceradIOpenAcessJa" time="0.115"/>
  <testcase classname="testCasesSATMinProfilPublikationer.PublikationerAddNewFackGranskadBidragTillBok" name="BidragTillEnBokOpenAccessDokumentVersion" time="0.136"/>
  <testcase classname="testCasesSATMinProfilPublikationer.PublikationerAddNewFackGranskadBidragTillBok" name="BidragTillEnBokFörfattareKnapp" time="0.101"/>
  <testcase classname="testCasesSATMinProfilPublikationer.PublikationerAddNewFackGranskadBidragTillBok" name="DropDownBidragTillEnBok" time="0.203"/>
  <testcase classname="testCasesSATMinProfilPublikationer.PublikationerAddNewFackGranskadBidragTillBok" name="BidragTillEnBokUtgivareISBN" time="0.214"/>
  <testcase classname="testCasesSATMinProfilPublikationer.PublikationerAddNewFackGranskadBidragTillBok" name="LäggTillPublikationer" time="0.094"/>
</testsuite> <!-- testCasesSATMinProfilPublikationer.PublikationerAddNewFackGranskadBidragTillBok -->
