<?xml version="1.0" encoding="UTF-8"?>
<!-- Generated by org.testng.reporters.JUnitReportReporter -->
<testsuite hostname="77DWHM2" failures="0" tests="1" name="Utility.HjalpPeter" time="10.600" errors="0" timestamp="17 juli 2018 11:07:23 GMT" skipped="0">
  <testcase classname="Utility.HjalpPeter" name="f" time="10.600"/>
</testsuite> <!-- Utility.HjalpPeter -->
