<?xml version="1.0" encoding="UTF-8"?>
<!-- Generated by org.testng.reporters.JUnitReportReporter -->
<testsuite hostname="77DWHM2" failures="0" tests="24" name="testCasesSATMinProfilPublikationer.PublikationerAddNewFackGranskadRecensionArtikel" time="0.002" errors="0" timestamp="25 juli 2018 15:37:48 GMT" skipped="24">
  <testcase classname="testCasesSATMinProfilPublikationer.PublikationerAddNewFackGranskadRecensionArtikel" name="LäggTillPublikationer" time="0.000">
    <skipped/>
  </testcase> <!-- LäggTillPublikationer -->
  <testcase classname="testCasesSATMinProfilPublikationer.PublikationerAddNewFackGranskadRecensionArtikel" name="RecensionArtikelNamnPåTidskrift" time="0.000">
    <skipped/>
  </testcase> <!-- RecensionArtikelNamnPåTidskrift -->
  <testcase classname="testCasesSATMinProfilPublikationer.PublikationerAddNewFackGranskadRecensionArtikel" name="RecensionArtikelOpenAccessDokumentVersion" time="0.000">
    <skipped/>
  </testcase> <!-- RecensionArtikelOpenAccessDokumentVersion -->
  <testcase classname="testCasesSATMinProfilPublikationer.PublikationerAddNewFackGranskadRecensionArtikel" name="ClickPublikationer" time="0.000">
    <skipped/>
  </testcase> <!-- ClickPublikationer -->
  <testcase classname="testCasesSATMinProfilPublikationer.PublikationerAddNewFackGranskadRecensionArtikel" name="LoginAsUser" time="0.000">
    <skipped/>
  </testcase> <!-- LoginAsUser -->
  <testcase classname="testCasesSATMinProfilPublikationer.PublikationerAddNewFackGranskadRecensionArtikel" name="RecensionArtikelStatus" time="0.000">
    <skipped/>
  </testcase> <!-- RecensionArtikelStatus -->
  <testcase classname="testCasesSATMinProfilPublikationer.PublikationerAddNewFackGranskadRecensionArtikel" name="VäljPublikationsTyp" time="0.000">
    <skipped/>
  </testcase> <!-- VäljPublikationsTyp -->
  <testcase classname="testCasesSATMinProfilPublikationer.PublikationerAddNewFackGranskadRecensionArtikel" name="RecensionArtikelFörstaSidnummer" time="0.000">
    <skipped/>
  </testcase> <!-- RecensionArtikelFörstaSidnummer -->
  <testcase classname="testCasesSATMinProfilPublikationer.PublikationerAddNewFackGranskadRecensionArtikel" name="RecensionArtikelSpara" time="0.000">
    <skipped/>
  </testcase> <!-- RecensionArtikelSpara -->
  <testcase classname="testCasesSATMinProfilPublikationer.PublikationerAddNewFackGranskadRecensionArtikel" name="RecensionArtikelLänkExternLänkFörPublicering" time="0.001">
    <skipped/>
  </testcase> <!-- RecensionArtikelLänkExternLänkFörPublicering -->
  <testcase classname="testCasesSATMinProfilPublikationer.PublikationerAddNewFackGranskadRecensionArtikel" name="RecensionArtikelVarTextenPubliceradIOpenAcessJa" time="0.000">
    <skipped/>
  </testcase> <!-- RecensionArtikelVarTextenPubliceradIOpenAcessJa -->
  <testcase classname="testCasesSATMinProfilPublikationer.PublikationerAddNewFackGranskadRecensionArtikel" name="RecensionArtikelKällaFörPublikation" time="0.001">
    <skipped/>
  </testcase> <!-- RecensionArtikelKällaFörPublikation -->
  <testcase classname="testCasesSATMinProfilPublikationer.PublikationerAddNewFackGranskadRecensionArtikel" name="DropDownRecensionArtikel" time="0.000">
    <skipped/>
  </testcase> <!-- DropDownRecensionArtikel -->
  <testcase classname="testCasesSATMinProfilPublikationer.PublikationerAddNewFackGranskadRecensionArtikel" name="RecensionArtikelOpenAccessFormAvOA" time="0.000">
    <skipped/>
  </testcase> <!-- RecensionArtikelOpenAccessFormAvOA -->
  <testcase classname="testCasesSATMinProfilPublikationer.PublikationerAddNewFackGranskadRecensionArtikel" name="RecensionArtikelVolym" time="0.000">
    <skipped/>
  </testcase> <!-- RecensionArtikelVolym -->
  <testcase classname="testCasesSATMinProfilPublikationer.PublikationerAddNewFackGranskadRecensionArtikel" name="RecensionArtikelOpenAcessSammanfattning" time="0.000">
    <skipped/>
  </testcase> <!-- RecensionArtikelOpenAcessSammanfattning -->
  <testcase classname="testCasesSATMinProfilPublikationer.PublikationerAddNewFackGranskadRecensionArtikel" name="RecensionArtikelUtfärdandenummer" time="0.000">
    <skipped/>
  </testcase> <!-- RecensionArtikelUtfärdandenummer -->
  <testcase classname="testCasesSATMinProfilPublikationer.PublikationerAddNewFackGranskadRecensionArtikel" name="RecensionArtikelSistaSidnummer" time="0.000">
    <skipped/>
  </testcase> <!-- RecensionArtikelSistaSidnummer -->
  <testcase classname="testCasesSATMinProfilPublikationer.PublikationerAddNewFackGranskadRecensionArtikel" name="RecensionArtikelTitel" time="0.000">
    <skipped/>
  </testcase> <!-- RecensionArtikelTitel -->
  <testcase classname="testCasesSATMinProfilPublikationer.PublikationerAddNewFackGranskadRecensionArtikel" name="RecensionArtikelFörfattareEfternamn" time="0.000">
    <skipped/>
  </testcase> <!-- RecensionArtikelFörfattareEfternamn -->
  <testcase classname="testCasesSATMinProfilPublikationer.PublikationerAddNewFackGranskadRecensionArtikel" name="RecensionArtikelFörfattareFörnamn" time="0.000">
    <skipped/>
  </testcase> <!-- RecensionArtikelFörfattareFörnamn -->
  <testcase classname="testCasesSATMinProfilPublikationer.PublikationerAddNewFackGranskadRecensionArtikel" name="RecensionArtikelDOI" time="0.000">
    <skipped/>
  </testcase> <!-- RecensionArtikelDOI -->
  <testcase classname="testCasesSATMinProfilPublikationer.PublikationerAddNewFackGranskadRecensionArtikel" name="RecensionArtikelFörfattareKnapp" time="0.000">
    <skipped/>
  </testcase> <!-- RecensionArtikelFörfattareKnapp -->
  <testcase classname="testCasesSATMinProfilPublikationer.PublikationerAddNewFackGranskadRecensionArtikel" name="RecensionArtikelKällaID" time="0.000">
    <skipped/>
  </testcase> <!-- RecensionArtikelKällaID -->
</testsuite> <!-- testCasesSATMinProfilPublikationer.PublikationerAddNewFackGranskadRecensionArtikel -->
