<?xml version="1.0" encoding="UTF-8"?>
<!-- Generated by org.testng.reporters.JUnitReportReporter -->
<testsuite hostname="77DWHM2" failures="0" tests="12" name="testCasesSAT.ArbetslivAddAnställningar" time="15.463" errors="0" timestamp="18 juli 2018 10:02:45 GMT" skipped="0">
  <testcase classname="testCasesSAT.ArbetslivAddAnställningar" name="ÖvrigInformation" time="0.288"/>
  <testcase classname="testCasesSAT.ArbetslivAddAnställningar" name="SelectOrganization" time="1.900"/>
  <testcase classname="testCasesSAT.ArbetslivAddAnställningar" name="AnställningensBörjanOchSlutYear" time="0.611"/>
  <testcase classname="testCasesSAT.ArbetslivAddAnställningar" name="AnställningsFormDropDown" time="0.140"/>
  <testcase classname="testCasesSAT.ArbetslivAddAnställningar" name="AnställningensSlutMonth" time="0.183"/>
  <testcase classname="testCasesSAT.ArbetslivAddAnställningar" name="SparaAnställning" time="0.145"/>
  <testcase classname="testCasesSAT.ArbetslivAddAnställningar" name="AddAnställning" time="0.081"/>
  <testcase classname="testCasesSAT.ArbetslivAddAnställningar" name="LoginAsUser" time="10.614"/>
  <testcase classname="testCasesSAT.ArbetslivAddAnställningar" name="AnställningensBörjanMonth" time="0.199"/>
  <testcase classname="testCasesSAT.ArbetslivAddAnställningar" name="DelAvForskningIAnställningenBaseradPåHeltid" time="0.083"/>
  <testcase classname="testCasesSAT.ArbetslivAddAnställningar" name="ClickArbetsliv" time="0.932"/>
  <testcase classname="testCasesSAT.ArbetslivAddAnställningar" name="AnställningDropDown" time="0.287"/>
</testsuite> <!-- testCasesSAT.ArbetslivAddAnställningar -->
