<?xml version="1.0" encoding="UTF-8"?>
<!-- Generated by org.testng.reporters.JUnitReportReporter -->
<testsuite hostname="77DWHM2" failures="0" tests="24" name="testCasesSAT.ArbetslivAddNewFackGranskadKonferensbidrag" time="14.055" errors="0" timestamp="19 juli 2018 15:39:54 GMT" skipped="0">
  <testcase classname="testCasesSAT.ArbetslivAddNewFackGranskadKonferensbidrag" name="KonferensbidragVolym" time="0.080"/>
  <testcase classname="testCasesSAT.ArbetslivAddNewFackGranskadKonferensbidrag" name="KonferensbidragOpenAcessSammanfattning" time="0.295"/>
  <testcase classname="testCasesSAT.ArbetslivAddNewFackGranskadKonferensbidrag" name="KonferensbidragFörfattareFörnamn" time="0.115"/>
  <testcase classname="testCasesSAT.ArbetslivAddNewFackGranskadKonferensbidrag" name="VäljPublikationsTyp" time="0.867"/>
  <testcase classname="testCasesSAT.ArbetslivAddNewFackGranskadKonferensbidrag" name="KonferensbidragFörfattareEfternamn" time="0.117"/>
  <testcase classname="testCasesSAT.ArbetslivAddNewFackGranskadKonferensbidrag" name="KonferensbidragDOI" time="0.161"/>
  <testcase classname="testCasesSAT.ArbetslivAddNewFackGranskadKonferensbidrag" name="KonferensbidragStatus" time="0.074"/>
  <testcase classname="testCasesSAT.ArbetslivAddNewFackGranskadKonferensbidrag" name="KonferensbidragOpenAccessFormAvOA" time="0.135"/>
  <testcase classname="testCasesSAT.ArbetslivAddNewFackGranskadKonferensbidrag" name="KonferensbidragVarTextenPubliceradIOpenAcessJa" time="0.118"/>
  <testcase classname="testCasesSAT.ArbetslivAddNewFackGranskadKonferensbidrag" name="KonferensbidragKällaFörPublikation" time="0.100"/>
  <testcase classname="testCasesSAT.ArbetslivAddNewFackGranskadKonferensbidrag" name="KonferensbidragSpara" time="0.843"/>
  <testcase classname="testCasesSAT.ArbetslivAddNewFackGranskadKonferensbidrag" name="KonferensbidragOpenAccessLänkExternLänkFörPublicering" time="0.746"/>
  <testcase classname="testCasesSAT.ArbetslivAddNewFackGranskadKonferensbidrag" name="LoginAsUser" time="8.197"/>
  <testcase classname="testCasesSAT.ArbetslivAddNewFackGranskadKonferensbidrag" name="KonferensbidragTitel" time="0.210"/>
  <testcase classname="testCasesSAT.ArbetslivAddNewFackGranskadKonferensbidrag" name="KonferensbidragKällaID" time="0.082"/>
  <testcase classname="testCasesSAT.ArbetslivAddNewFackGranskadKonferensbidrag" name="KonferensbidragFörstaSidnummer" time="0.091"/>
  <testcase classname="testCasesSAT.ArbetslivAddNewFackGranskadKonferensbidrag" name="LäggTillPublikationer" time="0.084"/>
  <testcase classname="testCasesSAT.ArbetslivAddNewFackGranskadKonferensbidrag" name="KonferensbidragFörfattareKnapp" time="0.129"/>
  <testcase classname="testCasesSAT.ArbetslivAddNewFackGranskadKonferensbidrag" name="KonferensbidragNamnPåTidskrift" time="0.165"/>
  <testcase classname="testCasesSAT.ArbetslivAddNewFackGranskadKonferensbidrag" name="KonferensbidragUtfärdandenummer" time="0.091"/>
  <testcase classname="testCasesSAT.ArbetslivAddNewFackGranskadKonferensbidrag" name="KonferensbidragSistaSidnummer" time="0.084"/>
  <testcase classname="testCasesSAT.ArbetslivAddNewFackGranskadKonferensbidrag" name="DropDownKonferensbidrag" time="0.225"/>
  <testcase classname="testCasesSAT.ArbetslivAddNewFackGranskadKonferensbidrag" name="KonferensbidragOpenAccessDokumentVersion" time="0.134"/>
  <testcase classname="testCasesSAT.ArbetslivAddNewFackGranskadKonferensbidrag" name="ClickPublikationer" time="0.912"/>
</testsuite> <!-- testCasesSAT.ArbetslivAddNewFackGranskadKonferensbidrag -->
