<?xml version="1.0" encoding="UTF-8"?>
<!-- Generated by org.testng.reporters.JUnitReportReporter -->
<testsuite hostname="77DWHM2" failures="0" tests="2" name="testCasesSAT.LoginAsValidUser" time="0.000" errors="0" timestamp="29 juni 2018 09:27:40 GMT" skipped="2">
  <testcase classname="testCasesSAT.LoginAsValidUser" name="CheckIfLogOutButtonIsPresentVerifyLoginSuccess" time="0.000">
    <skipped/>
  </testcase> <!-- CheckIfLogOutButtonIsPresentVerifyLoginSuccess -->
  <testcase classname="testCasesSAT.LoginAsValidUser" name="LoginAsUser" time="0.000">
    <skipped/>
  </testcase> <!-- LoginAsUser -->
</testsuite> <!-- testCasesSAT.LoginAsValidUser -->
