<?xml version="1.0" encoding="UTF-8"?>
<!-- Generated by org.testng.reporters.JUnitReportReporter -->
<testsuite hostname="77DWHM2" failures="0" tests="24" name="testCasesSAT.ArbetslivAddNewFackGranskadRecensionArtikel" time="13.920" errors="0" timestamp="19 juli 2018 15:38:48 GMT" skipped="0">
  <testcase classname="testCasesSAT.ArbetslivAddNewFackGranskadRecensionArtikel" name="DropDownRecensionArtikel" time="0.233"/>
  <testcase classname="testCasesSAT.ArbetslivAddNewFackGranskadRecensionArtikel" name="RecensionArtikelSistaSidnummer" time="0.079"/>
  <testcase classname="testCasesSAT.ArbetslivAddNewFackGranskadRecensionArtikel" name="RecensionArtikelStatus" time="0.089"/>
  <testcase classname="testCasesSAT.ArbetslivAddNewFackGranskadRecensionArtikel" name="RecensionArtikelKällaID" time="0.092"/>
  <testcase classname="testCasesSAT.ArbetslivAddNewFackGranskadRecensionArtikel" name="RecensionArtikelOpenAccessDokumentVersion" time="0.112"/>
  <testcase classname="testCasesSAT.ArbetslivAddNewFackGranskadRecensionArtikel" name="RecensionArtikelLänkExternLänkFörPublicering" time="0.687"/>
  <testcase classname="testCasesSAT.ArbetslivAddNewFackGranskadRecensionArtikel" name="RecensionArtikelSpara" time="0.819"/>
  <testcase classname="testCasesSAT.ArbetslivAddNewFackGranskadRecensionArtikel" name="RecensionArtikelUtfärdandenummer" time="0.070"/>
  <testcase classname="testCasesSAT.ArbetslivAddNewFackGranskadRecensionArtikel" name="RecensionArtikelKällaFörPublikation" time="0.116"/>
  <testcase classname="testCasesSAT.ArbetslivAddNewFackGranskadRecensionArtikel" name="RecensionArtikelVarTextenPubliceradIOpenAcessJa" time="0.109"/>
  <testcase classname="testCasesSAT.ArbetslivAddNewFackGranskadRecensionArtikel" name="RecensionArtikelTitel" time="0.205"/>
  <testcase classname="testCasesSAT.ArbetslivAddNewFackGranskadRecensionArtikel" name="RecensionArtikelOpenAccessFormAvOA" time="0.145"/>
  <testcase classname="testCasesSAT.ArbetslivAddNewFackGranskadRecensionArtikel" name="RecensionArtikelFörfattareEfternamn" time="0.136"/>
  <testcase classname="testCasesSAT.ArbetslivAddNewFackGranskadRecensionArtikel" name="RecensionArtikelOpenAcessSammanfattning" time="0.308"/>
  <testcase classname="testCasesSAT.ArbetslivAddNewFackGranskadRecensionArtikel" name="RecensionArtikelFörfattareFörnamn" time="0.112"/>
  <testcase classname="testCasesSAT.ArbetslivAddNewFackGranskadRecensionArtikel" name="VäljPublikationsTyp" time="0.842"/>
  <testcase classname="testCasesSAT.ArbetslivAddNewFackGranskadRecensionArtikel" name="RecensionArtikelFörfattareKnapp" time="0.128"/>
  <testcase classname="testCasesSAT.ArbetslivAddNewFackGranskadRecensionArtikel" name="RecensionArtikelDOI" time="0.117"/>
  <testcase classname="testCasesSAT.ArbetslivAddNewFackGranskadRecensionArtikel" name="LäggTillPublikationer" time="0.085"/>
  <testcase classname="testCasesSAT.ArbetslivAddNewFackGranskadRecensionArtikel" name="RecensionArtikelVolym" time="0.075"/>
  <testcase classname="testCasesSAT.ArbetslivAddNewFackGranskadRecensionArtikel" name="ClickPublikationer" time="0.957"/>
  <testcase classname="testCasesSAT.ArbetslivAddNewFackGranskadRecensionArtikel" name="RecensionArtikelNamnPåTidskrift" time="0.120"/>
  <testcase classname="testCasesSAT.ArbetslivAddNewFackGranskadRecensionArtikel" name="LoginAsUser" time="8.228"/>
  <testcase classname="testCasesSAT.ArbetslivAddNewFackGranskadRecensionArtikel" name="RecensionArtikelFörstaSidnummer" time="0.056"/>
</testsuite> <!-- testCasesSAT.ArbetslivAddNewFackGranskadRecensionArtikel -->
