<?xml version="1.0" encoding="UTF-8"?>
<!-- Generated by org.testng.reporters.JUnitReportReporter -->
<testsuite hostname="77DWHM2" failures="0" tests="1" name="Utility.FindID" time="17.259" errors="0" timestamp="25 juli 2018 09:25:12 GMT" skipped="0">
  <testcase classname="Utility.FindID" name="f" time="17.259"/>
</testsuite> <!-- Utility.FindID -->
