<?xml version="1.0" encoding="UTF-8"?>
<!-- Generated by org.testng.reporters.JUnitReportReporter -->
<testsuite hostname="77DWHM2" failures="0" tests="10" name="testCasesMinProfilArbetsliv.ArbetslivAddNewForskarutbyten" time="0.001" errors="0" timestamp="25 juli 2018 15:37:48 GMT" skipped="10">
  <testcase classname="testCasesMinProfilArbetsliv.ArbetslivAddNewForskarutbyten" name="PeriodStartOchSlutYear" time="0.000">
    <skipped/>
  </testcase> <!-- PeriodStartOchSlutYear -->
  <testcase classname="testCasesMinProfilArbetsliv.ArbetslivAddNewForskarutbyten" name="PeriodEndMonth" time="0.000">
    <skipped/>
  </testcase> <!-- PeriodEndMonth -->
  <testcase classname="testCasesMinProfilArbetsliv.ArbetslivAddNewForskarutbyten" name="ClickArbetsliv" time="0.000">
    <skipped/>
  </testcase> <!-- ClickArbetsliv -->
  <testcase classname="testCasesMinProfilArbetsliv.ArbetslivAddNewForskarutbyten" name="Ämne" time="0.000">
    <skipped/>
  </testcase> <!-- Ämne -->
  <testcase classname="testCasesMinProfilArbetsliv.ArbetslivAddNewForskarutbyten" name="PeriodStartMonth" time="0.000">
    <skipped/>
  </testcase> <!-- PeriodStartMonth -->
  <testcase classname="testCasesMinProfilArbetsliv.ArbetslivAddNewForskarutbyten" name="AddForskarUbyten" time="0.000">
    <skipped/>
  </testcase> <!-- AddForskarUbyten -->
  <testcase classname="testCasesMinProfilArbetsliv.ArbetslivAddNewForskarutbyten" name="Typ" time="0.000">
    <skipped/>
  </testcase> <!-- Typ -->
  <testcase classname="testCasesMinProfilArbetsliv.ArbetslivAddNewForskarutbyten" name="SparaForskarUbyte" time="0.000">
    <skipped/>
  </testcase> <!-- SparaForskarUbyte -->
  <testcase classname="testCasesMinProfilArbetsliv.ArbetslivAddNewForskarutbyten" name="SelectOrganization" time="0.001">
    <skipped/>
  </testcase> <!-- SelectOrganization -->
  <testcase classname="testCasesMinProfilArbetsliv.ArbetslivAddNewForskarutbyten" name="LoginAsUser4" time="0.000">
    <skipped/>
  </testcase> <!-- LoginAsUser4 -->
</testsuite> <!-- testCasesMinProfilArbetsliv.ArbetslivAddNewForskarutbyten -->
