<?xml version="1.0" encoding="UTF-8"?>
<!-- Generated by org.testng.reporters.JUnitReportReporter -->
<testsuite hostname="77DWHM2" failures="0" tests="16" name="testCasesSAT.ButtonCheckLoggedInAsAdmin" time="36.628" errors="0" timestamp="05 juli 2018 15:27:32 GMT" skipped="0">
  <testcase classname="testCasesSAT.ButtonCheckLoggedInAsAdmin" name="ClickIntressentregisterButton" time="9.439"/>
  <testcase classname="testCasesSAT.ButtonCheckLoggedInAsAdmin" name="ClickPortaladministrationButton" time="0.461"/>
  <testcase classname="testCasesSAT.ButtonCheckLoggedInAsAdmin" name="ClickMyProfileButton" time="2.650"/>
  <testcase classname="testCasesSAT.ButtonCheckLoggedInAsAdmin" name="ClickIntressentregisterButton" time="6.119"/>
  <testcase classname="testCasesSAT.ButtonCheckLoggedInAsAdmin" name="ClickMyProfileButton" time="1.460"/>
  <testcase classname="testCasesSAT.ButtonCheckLoggedInAsAdmin" name="ClickFinansi채rButton" time="1.010"/>
  <testcase classname="testCasesSAT.ButtonCheckLoggedInAsAdmin" name="ClickFinansi채rButton" time="0.488"/>
  <testcase classname="testCasesSAT.ButtonCheckLoggedInAsAdmin" name="ClickFormul채rButton" time="0.814"/>
  <testcase classname="testCasesSAT.ButtonCheckLoggedInAsAdmin" name="ClickBeredningsgrupperButton" time="3.114"/>
  <testcase classname="testCasesSAT.ButtonCheckLoggedInAsAdmin" name="ClickPortaladministrationButton" time="0.855"/>
  <testcase classname="testCasesSAT.ButtonCheckLoggedInAsAdmin" name="ClickBeredningsgrupperButton" time="2.030"/>
  <testcase classname="testCasesSAT.ButtonCheckLoggedInAsAdmin" name="LoginAsAdminUser" time="3.261"/>
  <testcase classname="testCasesSAT.ButtonCheckLoggedInAsAdmin" name="Logout" time="0.453"/>
  <testcase classname="testCasesSAT.ButtonCheckLoggedInAsAdmin" name="LoginAsAdminUser" time="3.081"/>
  <testcase classname="testCasesSAT.ButtonCheckLoggedInAsAdmin" name="Logout" time="0.873"/>
  <testcase classname="testCasesSAT.ButtonCheckLoggedInAsAdmin" name="ClickFormul채rButton" time="0.520"/>
</testsuite> <!-- testCasesSAT.ButtonCheckLoggedInAsAdmin -->
