<?xml version="1.0" encoding="UTF-8"?>
<!-- Generated by org.testng.reporters.JUnitReportReporter -->
<testsuite hostname="77DWHM2" failures="0" tests="7" name="testCasesSAT.MeriterOchUtmärkelserAddNewDocentur" time="12.952" errors="0" timestamp="19 juli 2018 15:38:48 GMT" skipped="0">
  <testcase classname="testCasesSAT.MeriterOchUtmärkelserAddNewDocentur" name="SelectOrganization" time="2.046"/>
  <testcase classname="testCasesSAT.MeriterOchUtmärkelserAddNewDocentur" name="LäggTillDocentur" time="0.099"/>
  <testcase classname="testCasesSAT.MeriterOchUtmärkelserAddNewDocentur" name="ClickMeriterOchUtmärkelser" time="1.533"/>
  <testcase classname="testCasesSAT.MeriterOchUtmärkelserAddNewDocentur" name="År" time="0.676"/>
  <testcase classname="testCasesSAT.MeriterOchUtmärkelserAddNewDocentur" name="LoginAsUser" time="8.097"/>
  <testcase classname="testCasesSAT.MeriterOchUtmärkelserAddNewDocentur" name="SparaDocentur" time="0.090"/>
  <testcase classname="testCasesSAT.MeriterOchUtmärkelserAddNewDocentur" name="Ämne" time="0.411"/>
</testsuite> <!-- testCasesSAT.MeriterOchUtmärkelserAddNewDocentur -->
