<?xml version="1.0" encoding="UTF-8"?>
<!-- Generated by org.testng.reporters.JUnitReportReporter -->
<testsuite hostname="77DWHM2" failures="0" tests="12" name="testCasesMinProfilArbetsliv.ArbetslivAddNewAnställningar" time="16.986" errors="0" timestamp="26 juli 2018 09:57:35 GMT" skipped="0">
  <testcase classname="testCasesMinProfilArbetsliv.ArbetslivAddNewAnställningar" name="AnställningensSlutMonth" time="0.238"/>
  <testcase classname="testCasesMinProfilArbetsliv.ArbetslivAddNewAnställningar" name="LoginAsUser" time="9.475"/>
  <testcase classname="testCasesMinProfilArbetsliv.ArbetslivAddNewAnställningar" name="SparaAnställning" time="0.134"/>
  <testcase classname="testCasesMinProfilArbetsliv.ArbetslivAddNewAnställningar" name="AnställningensBörjanMonth" time="0.163"/>
  <testcase classname="testCasesMinProfilArbetsliv.ArbetslivAddNewAnställningar" name="DelAvForskningIAnställningenBaseradPåHeltid" time="0.235"/>
  <testcase classname="testCasesMinProfilArbetsliv.ArbetslivAddNewAnställningar" name="AddAnställning" time="0.113"/>
  <testcase classname="testCasesMinProfilArbetsliv.ArbetslivAddNewAnställningar" name="ÖvrigInformation" time="0.737"/>
  <testcase classname="testCasesMinProfilArbetsliv.ArbetslivAddNewAnställningar" name="AnställningsFormDropDown" time="0.159"/>
  <testcase classname="testCasesMinProfilArbetsliv.ArbetslivAddNewAnställningar" name="ClickArbetsliv" time="2.413"/>
  <testcase classname="testCasesMinProfilArbetsliv.ArbetslivAddNewAnställningar" name="AnställningDropDown" time="0.351"/>
  <testcase classname="testCasesMinProfilArbetsliv.ArbetslivAddNewAnställningar" name="AnställningensBörjanOchSlutYear" time="0.528"/>
  <testcase classname="testCasesMinProfilArbetsliv.ArbetslivAddNewAnställningar" name="SelectOrganization" time="2.440"/>
</testsuite> <!-- testCasesMinProfilArbetsliv.ArbetslivAddNewAnställningar -->
