<?xml version="1.0" encoding="UTF-8"?>
<!-- Generated by org.testng.reporters.JUnitReportReporter -->
<testsuite hostname="77DWHM2" failures="0" tests="21" name="testCasesSATMinProfilPublikationer.PublikationerAddNewFackGranskadBok" time="0.000" errors="0" timestamp="25 juli 2018 15:37:49 GMT" skipped="21">
  <testcase classname="testCasesSATMinProfilPublikationer.PublikationerAddNewFackGranskadBok" name="BokOpenAccessFormAvOA" time="0.000">
    <skipped/>
  </testcase> <!-- BokOpenAccessFormAvOA -->
  <testcase classname="testCasesSATMinProfilPublikationer.PublikationerAddNewFackGranskadBok" name="DropDownBok" time="0.000">
    <skipped/>
  </testcase> <!-- DropDownBok -->
  <testcase classname="testCasesSATMinProfilPublikationer.PublikationerAddNewFackGranskadBok" name="BokUtgivareDOI" time="0.000">
    <skipped/>
  </testcase> <!-- BokUtgivareDOI -->
  <testcase classname="testCasesSATMinProfilPublikationer.PublikationerAddNewFackGranskadBok" name="BokTitel" time="0.000">
    <skipped/>
  </testcase> <!-- BokTitel -->
  <testcase classname="testCasesSATMinProfilPublikationer.PublikationerAddNewFackGranskadBok" name="BokFörfattareKnapp" time="0.000">
    <skipped/>
  </testcase> <!-- BokFörfattareKnapp -->
  <testcase classname="testCasesSATMinProfilPublikationer.PublikationerAddNewFackGranskadBok" name="BokUtgivareKällaFörPublikation" time="0.000">
    <skipped/>
  </testcase> <!-- BokUtgivareKällaFörPublikation -->
  <testcase classname="testCasesSATMinProfilPublikationer.PublikationerAddNewFackGranskadBok" name="BokSpara" time="0.000">
    <skipped/>
  </testcase> <!-- BokSpara -->
  <testcase classname="testCasesSATMinProfilPublikationer.PublikationerAddNewFackGranskadBok" name="LäggTillPublikationer" time="0.000">
    <skipped/>
  </testcase> <!-- LäggTillPublikationer -->
  <testcase classname="testCasesSATMinProfilPublikationer.PublikationerAddNewFackGranskadBok" name="BokUtgivareKällaID" time="0.000">
    <skipped/>
  </testcase> <!-- BokUtgivareKällaID -->
  <testcase classname="testCasesSATMinProfilPublikationer.PublikationerAddNewFackGranskadBok" name="BokVarTextenPubliceradIOpenAcessJa" time="0.000">
    <skipped/>
  </testcase> <!-- BokVarTextenPubliceradIOpenAcessJa -->
  <testcase classname="testCasesSATMinProfilPublikationer.PublikationerAddNewFackGranskadBok" name="BokUtgivareFörlag" time="0.000">
    <skipped/>
  </testcase> <!-- BokUtgivareFörlag -->
  <testcase classname="testCasesSATMinProfilPublikationer.PublikationerAddNewFackGranskadBok" name="LoginAsUser" time="0.000">
    <skipped/>
  </testcase> <!-- LoginAsUser -->
  <testcase classname="testCasesSATMinProfilPublikationer.PublikationerAddNewFackGranskadBok" name="BokUtgivareFörlagsplats" time="0.000">
    <skipped/>
  </testcase> <!-- BokUtgivareFörlagsplats -->
  <testcase classname="testCasesSATMinProfilPublikationer.PublikationerAddNewFackGranskadBok" name="BokOpenAccessLänkExternLänkFörPublicering" time="0.000">
    <skipped/>
  </testcase> <!-- BokOpenAccessLänkExternLänkFörPublicering -->
  <testcase classname="testCasesSATMinProfilPublikationer.PublikationerAddNewFackGranskadBok" name="BokOpenAcessSammanfattning" time="0.000">
    <skipped/>
  </testcase> <!-- BokOpenAcessSammanfattning -->
  <testcase classname="testCasesSATMinProfilPublikationer.PublikationerAddNewFackGranskadBok" name="VäljPublikationsTyp" time="0.000">
    <skipped/>
  </testcase> <!-- VäljPublikationsTyp -->
  <testcase classname="testCasesSATMinProfilPublikationer.PublikationerAddNewFackGranskadBok" name="BokFörfattareFörnamn" time="0.000">
    <skipped/>
  </testcase> <!-- BokFörfattareFörnamn -->
  <testcase classname="testCasesSATMinProfilPublikationer.PublikationerAddNewFackGranskadBok" name="BokOpenAccessDokumentVersion" time="0.000">
    <skipped/>
  </testcase> <!-- BokOpenAccessDokumentVersion -->
  <testcase classname="testCasesSATMinProfilPublikationer.PublikationerAddNewFackGranskadBok" name="ClickPublikationer" time="0.000">
    <skipped/>
  </testcase> <!-- ClickPublikationer -->
  <testcase classname="testCasesSATMinProfilPublikationer.PublikationerAddNewFackGranskadBok" name="BokFörfattareEfternamn" time="0.000">
    <skipped/>
  </testcase> <!-- BokFörfattareEfternamn -->
  <testcase classname="testCasesSATMinProfilPublikationer.PublikationerAddNewFackGranskadBok" name="BokUtgivareISBN" time="0.000">
    <skipped/>
  </testcase> <!-- BokUtgivareISBN -->
</testsuite> <!-- testCasesSATMinProfilPublikationer.PublikationerAddNewFackGranskadBok -->
