<?xml version="1.0" encoding="UTF-8"?>
<!-- Generated by org.testng.reporters.JUnitReportReporter -->
<testsuite hostname="77DWHM2" failures="0" tests="2" name="testCasesChromeSAT.LoginAsValidUser" time="12.093" errors="0" timestamp="27 juni 2018 13:36:33 GMT" skipped="0">
  <testcase classname="testCasesChromeSAT.LoginAsValidUser" name="LoginAsUser" time="12.077"/>
  <testcase classname="testCasesChromeSAT.LoginAsValidUser" name="CheckIfLogOutButtonIsPresentVerifyLoginSuccess" time="0.016"/>
</testsuite> <!-- testCasesChromeSAT.LoginAsValidUser -->
