<?xml version="1.0" encoding="UTF-8"?>
<!-- Generated by org.testng.reporters.JUnitReportReporter -->
<testsuite hostname="77DWHM2" failures="0" tests="22" name="testCasesSATMinProfilPublikationer.PublikationerAddNewINTEFackGranskadÖvrigLitteratur" time="11.911" errors="0" timestamp="26 juli 2018 09:57:35 GMT" skipped="0">
  <testcase classname="testCasesSATMinProfilPublikationer.PublikationerAddNewINTEFackGranskadÖvrigLitteratur" name="ÖvrigLitteraturOpenAccessFormAvOA" time="0.119"/>
  <testcase classname="testCasesSATMinProfilPublikationer.PublikationerAddNewINTEFackGranskadÖvrigLitteratur" name="ÖvrigLitteraturFörlag" time="0.233"/>
  <testcase classname="testCasesSATMinProfilPublikationer.PublikationerAddNewINTEFackGranskadÖvrigLitteratur" name="ÖvrigLitteraturOpenAcessSammanfattning" time="0.337"/>
  <testcase classname="testCasesSATMinProfilPublikationer.PublikationerAddNewINTEFackGranskadÖvrigLitteratur" name="ÖvrigLitteraturFörfattareKnapp" time="0.115"/>
  <testcase classname="testCasesSATMinProfilPublikationer.PublikationerAddNewINTEFackGranskadÖvrigLitteratur" name="ÖvrigLitteraturISBN" time="0.097"/>
  <testcase classname="testCasesSATMinProfilPublikationer.PublikationerAddNewINTEFackGranskadÖvrigLitteratur" name="ÖvrigLitteraturFörfattareFörnamn" time="0.124"/>
  <testcase classname="testCasesSATMinProfilPublikationer.PublikationerAddNewINTEFackGranskadÖvrigLitteratur" name="ÖvrigLitteraturStatus" time="0.061"/>
  <testcase classname="testCasesSATMinProfilPublikationer.PublikationerAddNewINTEFackGranskadÖvrigLitteratur" name="ÖvrigLitteraturOpenAccessLänkExternLänkFörPublicering" time="0.688"/>
  <testcase classname="testCasesSATMinProfilPublikationer.PublikationerAddNewINTEFackGranskadÖvrigLitteratur" name="ÖvrigLitteraturSpara" time="1.172"/>
  <testcase classname="testCasesSATMinProfilPublikationer.PublikationerAddNewINTEFackGranskadÖvrigLitteratur" name="ÖvrigLitteraturDOI" time="0.092"/>
  <testcase classname="testCasesSATMinProfilPublikationer.PublikationerAddNewINTEFackGranskadÖvrigLitteratur" name="ÖvrigLitteraturKällaFörPublikation" time="0.081"/>
  <testcase classname="testCasesSATMinProfilPublikationer.PublikationerAddNewINTEFackGranskadÖvrigLitteratur" name="ÖvrigLitteraturTitel" time="0.708"/>
  <testcase classname="testCasesSATMinProfilPublikationer.PublikationerAddNewINTEFackGranskadÖvrigLitteratur" name="ÖvrigLitteraturFörfattareEfternamn" time="0.183"/>
  <testcase classname="testCasesSATMinProfilPublikationer.PublikationerAddNewINTEFackGranskadÖvrigLitteratur" name="ClickPublikationer" time="1.304"/>
  <testcase classname="testCasesSATMinProfilPublikationer.PublikationerAddNewINTEFackGranskadÖvrigLitteratur" name="ÖvrigLitteraturFörlagsplats" time="0.181"/>
  <testcase classname="testCasesSATMinProfilPublikationer.PublikationerAddNewINTEFackGranskadÖvrigLitteratur" name="ÖvrigLitteraturVarTextenPubliceradIOpenAcessJa" time="0.138"/>
  <testcase classname="testCasesSATMinProfilPublikationer.PublikationerAddNewINTEFackGranskadÖvrigLitteratur" name="DropDownÖvrigLitteratur" time="0.230"/>
  <testcase classname="testCasesSATMinProfilPublikationer.PublikationerAddNewINTEFackGranskadÖvrigLitteratur" name="ÖvrigLitteraturOpenAccessDokumentVersion" time="0.128"/>
  <testcase classname="testCasesSATMinProfilPublikationer.PublikationerAddNewINTEFackGranskadÖvrigLitteratur" name="LäggTillPublikationer" time="0.084"/>
  <testcase classname="testCasesSATMinProfilPublikationer.PublikationerAddNewINTEFackGranskadÖvrigLitteratur" name="VäljPublikationsTyp" time="0.761"/>
  <testcase classname="testCasesSATMinProfilPublikationer.PublikationerAddNewINTEFackGranskadÖvrigLitteratur" name="LoginAsUser" time="4.989"/>
  <testcase classname="testCasesSATMinProfilPublikationer.PublikationerAddNewINTEFackGranskadÖvrigLitteratur" name="ÖvrigLitteraturKällaID" time="0.086"/>
</testsuite> <!-- testCasesSATMinProfilPublikationer.PublikationerAddNewINTEFackGranskadÖvrigLitteratur -->
