<?xml version="1.0" encoding="UTF-8"?>
<!-- Generated by org.testng.reporters.JUnitReportReporter -->
<testsuite hostname="77DWHM2" failures="0" tests="12" name="testCasesSAT.ArbetslivAddNewAnställningar" time="14.498" errors="0" timestamp="25 juli 2018 10:44:47 GMT" skipped="0">
  <testcase classname="testCasesSAT.ArbetslivAddNewAnställningar" name="DelAvForskningIAnställningenBaseradPåHeltid" time="0.246"/>
  <testcase classname="testCasesSAT.ArbetslivAddNewAnställningar" name="LoginAsUser" time="7.957"/>
  <testcase classname="testCasesSAT.ArbetslivAddNewAnställningar" name="AnställningsFormDropDown" time="0.143"/>
  <testcase classname="testCasesSAT.ArbetslivAddNewAnställningar" name="AnställningensBörjanOchSlutYear" time="1.064"/>
  <testcase classname="testCasesSAT.ArbetslivAddNewAnställningar" name="ClickArbetsliv" time="1.559"/>
  <testcase classname="testCasesSAT.ArbetslivAddNewAnställningar" name="ÖvrigInformation" time="0.569"/>
  <testcase classname="testCasesSAT.ArbetslivAddNewAnställningar" name="SelectOrganization" time="1.988"/>
  <testcase classname="testCasesSAT.ArbetslivAddNewAnställningar" name="SparaAnställning" time="0.212"/>
  <testcase classname="testCasesSAT.ArbetslivAddNewAnställningar" name="AddAnställning" time="0.088"/>
  <testcase classname="testCasesSAT.ArbetslivAddNewAnställningar" name="AnställningensBörjanMonth" time="0.179"/>
  <testcase classname="testCasesSAT.ArbetslivAddNewAnställningar" name="AnställningensSlutMonth" time="0.203"/>
  <testcase classname="testCasesSAT.ArbetslivAddNewAnställningar" name="AnställningDropDown" time="0.290"/>
</testsuite> <!-- testCasesSAT.ArbetslivAddNewAnställningar -->
