<?xml version="1.0" encoding="UTF-8"?>
<!-- Generated by org.testng.reporters.JUnitReportReporter -->
<testsuite hostname="77DWHM2" failures="0" tests="1" name="testCasesSAT.TwoBrow" time="1.270" errors="0" timestamp="29 juni 2018 08:12:06 GMT" skipped="0">
  <testcase classname="testCasesSAT.TwoBrow" name="LoginAsNormalUser" time="1.270"/>
</testsuite> <!-- testCasesSAT.TwoBrow -->
