<?xml version="1.0" encoding="UTF-8"?>
<!-- Generated by org.testng.reporters.JUnitReportReporter -->
<testsuite hostname="77DWHM2" failures="0" tests="2" name="testCasesSATÖvrigt.LoginAsInvalidUser" time="0.032" errors="0" timestamp="31 juli 2018 14:21:01 GMT" skipped="0">
  <testcase classname="testCasesSATÖvrigt.LoginAsInvalidUser" name="CheckThatLogginInWithFalseInfoNotPossible" time="0.031"/>
  <testcase classname="testCasesSATÖvrigt.LoginAsInvalidUser" name="InputUserWithInvalidInfo" time="0.001"/>
</testsuite> <!-- testCasesSATÖvrigt.LoginAsInvalidUser -->
