<?xml version="1.0" encoding="UTF-8"?>
<!-- Generated by org.testng.reporters.JUnitReportReporter -->
<testsuite hostname="77DWHM2" failures="0" tests="3" name="testCasesSAT.ArbetslivAddAlreadyExistingAnställningar" time="11.447" errors="0" timestamp="18 juli 2018 10:05:30 GMT" skipped="0">
  <testcase classname="testCasesSAT.ArbetslivAddAlreadyExistingAnställningar" name="ClickArbetsliv" time="0.899"/>
  <testcase classname="testCasesSAT.ArbetslivAddAlreadyExistingAnställningar" name="LoginAsUser" time="10.455"/>
  <testcase classname="testCasesSAT.ArbetslivAddAlreadyExistingAnställningar" name="AddAnställning" time="0.093"/>
</testsuite> <!-- testCasesSAT.ArbetslivAddAlreadyExistingAnställningar -->
