<?xml version="1.0" encoding="UTF-8"?>
<!-- Generated by org.testng.reporters.JUnitReportReporter -->
<testsuite hostname="77DWHM2" failures="0" tests="2" name="testCasesSATÖvrigt.LoginAsInvalidUser" time="0.019" errors="0" timestamp="26 juli 2018 14:19:25 GMT" skipped="0">
  <testcase classname="testCasesSATÖvrigt.LoginAsInvalidUser" name="CheckThatLogginInWithFalseInfoNotPossible" time="0.019"/>
  <testcase classname="testCasesSATÖvrigt.LoginAsInvalidUser" name="InputUserWithInvalidInfo" time="0.000"/>
</testsuite> <!-- testCasesSATÖvrigt.LoginAsInvalidUser -->
