<?xml version="1.0" encoding="UTF-8"?>
<!-- Generated by org.testng.reporters.JUnitReportReporter -->
<testsuite hostname="77DWHM2" failures="0" tests="13" name="testCasesSAT.MeriterOchUtmärkelserAddNewBidragErhållnaIKonkurrensEjSverige" time="25.929" errors="0" timestamp="20 juli 2018 09:40:19 GMT" skipped="0">
  <testcase classname="testCasesSAT.MeriterOchUtmärkelserAddNewBidragErhållnaIKonkurrensEjSverige" name="TotaltBelopKr" time="0.191"/>
  <testcase classname="testCasesSAT.MeriterOchUtmärkelserAddNewBidragErhållnaIKonkurrensEjSverige" name="IfSecondDFinansiärDropdownIsVisble" time="10.031"/>
  <testcase classname="testCasesSAT.MeriterOchUtmärkelserAddNewBidragErhållnaIKonkurrensEjSverige" name="Finansiär" time="0.378"/>
  <testcase classname="testCasesSAT.MeriterOchUtmärkelserAddNewBidragErhållnaIKonkurrensEjSverige" name="Spara" time="0.001"/>
  <testcase classname="testCasesSAT.MeriterOchUtmärkelserAddNewBidragErhållnaIKonkurrensEjSverige" name="StartårAndSlutÅr" time="2.285"/>
  <testcase classname="testCasesSAT.MeriterOchUtmärkelserAddNewBidragErhållnaIKonkurrensEjSverige" name="ClickMeriterOchUtmärkelser" time="1.737"/>
  <testcase classname="testCasesSAT.MeriterOchUtmärkelserAddNewBidragErhållnaIKonkurrensEjSverige" name="Projektledare" time="0.324"/>
  <testcase classname="testCasesSAT.MeriterOchUtmärkelserAddNewBidragErhållnaIKonkurrensEjSverige" name="DinRoll" time="0.148"/>
  <testcase classname="testCasesSAT.MeriterOchUtmärkelserAddNewBidragErhållnaIKonkurrensEjSverige" name="Land" time="1.068"/>
  <testcase classname="testCasesSAT.MeriterOchUtmärkelserAddNewBidragErhållnaIKonkurrensEjSverige" name="LoginAsUser" time="9.243"/>
  <testcase classname="testCasesSAT.MeriterOchUtmärkelserAddNewBidragErhållnaIKonkurrensEjSverige" name="Dnr" time="0.165"/>
  <testcase classname="testCasesSAT.MeriterOchUtmärkelserAddNewBidragErhållnaIKonkurrensEjSverige" name="Projekttitel" time="0.256"/>
  <testcase classname="testCasesSAT.MeriterOchUtmärkelserAddNewBidragErhållnaIKonkurrensEjSverige" name="LäggTill" time="0.102"/>
</testsuite> <!-- testCasesSAT.MeriterOchUtmärkelserAddNewBidragErhållnaIKonkurrensEjSverige -->
