<?xml version="1.0" encoding="UTF-8"?>
<!-- Generated by org.testng.reporters.JUnitReportReporter -->
<testsuite hostname="77DWHM2" failures="0" tests="7" name="testCasesSAT.MeriterOchUtmärkelserAddNewÖvrigaMeriter" time="26.554" errors="0" timestamp="23 juli 2018 07:24:50 GMT" skipped="0">
  <testcase classname="testCasesSAT.MeriterOchUtmärkelserAddNewÖvrigaMeriter" name="LoginAsUser" time="21.485"/>
  <testcase classname="testCasesSAT.MeriterOchUtmärkelserAddNewÖvrigaMeriter" name="LäggTill" time="0.119"/>
  <testcase classname="testCasesSAT.MeriterOchUtmärkelserAddNewÖvrigaMeriter" name="Spara" time="0.131"/>
  <testcase classname="testCasesSAT.MeriterOchUtmärkelserAddNewÖvrigaMeriter" name="Beskrivning" time="0.238"/>
  <testcase classname="testCasesSAT.MeriterOchUtmärkelserAddNewÖvrigaMeriter" name="ClickMeriterOchUtmärkelser" time="3.200"/>
  <testcase classname="testCasesSAT.MeriterOchUtmärkelserAddNewÖvrigaMeriter" name="TypAvMerit" time="0.133"/>
  <testcase classname="testCasesSAT.MeriterOchUtmärkelserAddNewÖvrigaMeriter" name="StartårAndSlutÅr" time="1.248"/>
</testsuite> <!-- testCasesSAT.MeriterOchUtmärkelserAddNewÖvrigaMeriter -->
