<?xml version="1.0" encoding="UTF-8"?>
<!-- Generated by org.testng.reporters.JUnitReportReporter -->
<testsuite hostname="77DWHM2" failures="0" tests="7" name="testCasesSAT.ArbetslivAddNewUppeHålliForskningen" time="0.000" errors="0" timestamp="25 juli 2018 09:01:16 GMT" skipped="7">
  <testcase classname="testCasesSAT.ArbetslivAddNewUppeHålliForskningen" name="ClickArbetsliv" time="0.000">
    <skipped/>
  </testcase> <!-- ClickArbetsliv -->
  <testcase classname="testCasesSAT.ArbetslivAddNewUppeHålliForskningen" name="Beskrivning" time="0.000">
    <skipped/>
  </testcase> <!-- Beskrivning -->
  <testcase classname="testCasesSAT.ArbetslivAddNewUppeHålliForskningen" name="LoginAsUser" time="0.000">
    <skipped/>
  </testcase> <!-- LoginAsUser -->
  <testcase classname="testCasesSAT.ArbetslivAddNewUppeHålliForskningen" name="SlutDatum" time="0.000">
    <skipped/>
  </testcase> <!-- SlutDatum -->
  <testcase classname="testCasesSAT.ArbetslivAddNewUppeHålliForskningen" name="StartDatum" time="0.000">
    <skipped/>
  </testcase> <!-- StartDatum -->
  <testcase classname="testCasesSAT.ArbetslivAddNewUppeHålliForskningen" name="UppehållIForskningenLäggTill" time="0.000">
    <skipped/>
  </testcase> <!-- UppehållIForskningenLäggTill -->
  <testcase classname="testCasesSAT.ArbetslivAddNewUppeHålliForskningen" name="SparaVal" time="0.000">
    <skipped/>
  </testcase> <!-- SparaVal -->
</testsuite> <!-- testCasesSAT.ArbetslivAddNewUppeHålliForskningen -->
