<?xml version="1.0" encoding="UTF-8"?>
<!-- Generated by org.testng.reporters.JUnitReportReporter -->
<testsuite hostname="77DWHM2" failures="0" tests="20" name="testCasesSAT.ButtonCheckLoggedInAsAdmin" time="0.001" errors="0" timestamp="25 juli 2018 09:01:16 GMT" skipped="20">
  <testcase classname="testCasesSAT.ButtonCheckLoggedInAsAdmin" name="ClickMyProfileButton" time="0.001">
    <skipped/>
  </testcase> <!-- ClickMyProfileButton -->
  <testcase classname="testCasesSAT.ButtonCheckLoggedInAsAdmin" name="FormulärFormas" time="0.000">
    <skipped/>
  </testcase> <!-- FormulärFormas -->
  <testcase classname="testCasesSAT.ButtonCheckLoggedInAsAdmin" name="ClickFormulärButton" time="0.000">
    <skipped/>
  </testcase> <!-- ClickFormulärButton -->
  <testcase classname="testCasesSAT.ButtonCheckLoggedInAsAdmin" name="ClickBeredningsgrupperButton" time="0.000">
    <skipped/>
  </testcase> <!-- ClickBeredningsgrupperButton -->
  <testcase classname="testCasesSAT.ButtonCheckLoggedInAsAdmin" name="FormulärKarolinskaInstitutet" time="0.000">
    <skipped/>
  </testcase> <!-- FormulärKarolinskaInstitutet -->
  <testcase classname="testCasesSAT.ButtonCheckLoggedInAsAdmin" name="FinansiärVetenskapsrådet" time="0.000">
    <skipped/>
  </testcase> <!-- FinansiärVetenskapsrådet -->
  <testcase classname="testCasesSAT.ButtonCheckLoggedInAsAdmin" name="FinansiärEPN" time="0.000">
    <skipped/>
  </testcase> <!-- FinansiärEPN -->
  <testcase classname="testCasesSAT.ButtonCheckLoggedInAsAdmin" name="FinansiärSkolfi" time="0.000">
    <skipped/>
  </testcase> <!-- FinansiärSkolfi -->
  <testcase classname="testCasesSAT.ButtonCheckLoggedInAsAdmin" name="FormulärForte" time="0.000">
    <skipped/>
  </testcase> <!-- FormulärForte -->
  <testcase classname="testCasesSAT.ButtonCheckLoggedInAsAdmin" name="LoginAsAdminUser" time="0.000">
    <skipped/>
  </testcase> <!-- LoginAsAdminUser -->
  <testcase classname="testCasesSAT.ButtonCheckLoggedInAsAdmin" name="FormulärSkolfi" time="0.000">
    <skipped/>
  </testcase> <!-- FormulärSkolfi -->
  <testcase classname="testCasesSAT.ButtonCheckLoggedInAsAdmin" name="FormulärEPN" time="0.000">
    <skipped/>
  </testcase> <!-- FormulärEPN -->
  <testcase classname="testCasesSAT.ButtonCheckLoggedInAsAdmin" name="FinansiärFormas" time="0.000">
    <skipped/>
  </testcase> <!-- FinansiärFormas -->
  <testcase classname="testCasesSAT.ButtonCheckLoggedInAsAdmin" name="FinansiärKarolinskaInstitutet" time="0.000">
    <skipped/>
  </testcase> <!-- FinansiärKarolinskaInstitutet -->
  <testcase classname="testCasesSAT.ButtonCheckLoggedInAsAdmin" name="ClickPortaladministrationButton" time="0.000">
    <skipped/>
  </testcase> <!-- ClickPortaladministrationButton -->
  <testcase classname="testCasesSAT.ButtonCheckLoggedInAsAdmin" name="FinansiärForte" time="0.000">
    <skipped/>
  </testcase> <!-- FinansiärForte -->
  <testcase classname="testCasesSAT.ButtonCheckLoggedInAsAdmin" name="ClickIntressentregisterButton" time="0.000">
    <skipped/>
  </testcase> <!-- ClickIntressentregisterButton -->
  <testcase classname="testCasesSAT.ButtonCheckLoggedInAsAdmin" name="Logout" time="0.000">
    <skipped/>
  </testcase> <!-- Logout -->
  <testcase classname="testCasesSAT.ButtonCheckLoggedInAsAdmin" name="ClickFinansiärButton" time="0.000">
    <skipped/>
  </testcase> <!-- ClickFinansiärButton -->
  <testcase classname="testCasesSAT.ButtonCheckLoggedInAsAdmin" name="FormulärVetenskapsrådet" time="0.000">
    <skipped/>
  </testcase> <!-- FormulärVetenskapsrådet -->
</testsuite> <!-- testCasesSAT.ButtonCheckLoggedInAsAdmin -->
