<?xml version="1.0" encoding="UTF-8"?>
<!-- Generated by org.testng.reporters.JUnitReportReporter -->
<testsuite hostname="BSTTF72" failures="0" tests="14" name="testCasesSATButtonCheck.ButtonCheckLoggedInAsUser" time="87.983" errors="0" timestamp="27 juli 2018 07:53:03 GMT" skipped="0">
  <testcase classname="testCasesSATButtonCheck.ButtonCheckLoggedInAsUser" name="ClickOrganisationsKonto" time="34.401"/>
  <testcase classname="testCasesSATButtonCheck.ButtonCheckLoggedInAsUser" name="ClickGranskning" time="7.235"/>
  <testcase classname="testCasesSATButtonCheck.ButtonCheckLoggedInAsUser" name="LoginAsNormalUser" time="5.537"/>
  <testcase classname="testCasesSATButtonCheck.ButtonCheckLoggedInAsUser" name="ClickUtbildningButton" time="2.156"/>
  <testcase classname="testCasesSATButtonCheck.ButtonCheckLoggedInAsUser" name="ClickOrganisationsUppgifter" time="7.757"/>
  <testcase classname="testCasesSATButtonCheck.ButtonCheckLoggedInAsUser" name="Logout" time="2.363"/>
  <testcase classname="testCasesSATButtonCheck.ButtonCheckLoggedInAsUser" name="ClickPersonuppgifterButton" time="1.765"/>
  <testcase classname="testCasesSATButtonCheck.ButtonCheckLoggedInAsUser" name="ClickImmaterialrättButton" time="1.728"/>
  <testcase classname="testCasesSATButtonCheck.ButtonCheckLoggedInAsUser" name="ClickPublikationerButton" time="1.894"/>
  <testcase classname="testCasesSATButtonCheck.ButtonCheckLoggedInAsUser" name="ClickAnsökningarOchBidrag" time="12.950"/>
  <testcase classname="testCasesSATButtonCheck.ButtonCheckLoggedInAsUser" name="ClickStartButton" time="4.838"/>
  <testcase classname="testCasesSATButtonCheck.ButtonCheckLoggedInAsUser" name="ClickArbetslivButton" time="2.570"/>
  <testcase classname="testCasesSATButtonCheck.ButtonCheckLoggedInAsUser" name="ClickGranskarkompetensIfVisible" time="0.104"/>
  <testcase classname="testCasesSATButtonCheck.ButtonCheckLoggedInAsUser" name="ClickMeriterOchUtmärkelserButton" time="2.685"/>
</testsuite> <!-- testCasesSATButtonCheck.ButtonCheckLoggedInAsUser -->
