<?xml version="1.0" encoding="UTF-8"?>
<!-- Generated by org.testng.reporters.JUnitReportReporter -->
<testsuite hostname="77DWHM2" failures="0" tests="24" name="testCasesSATMinProfilPublikationer.PublikationerAddNewFackGranskadRecensionArtikel" time="12.037" errors="0" timestamp="26 juli 2018 09:57:35 GMT" skipped="0">
  <testcase classname="testCasesSATMinProfilPublikationer.PublikationerAddNewFackGranskadRecensionArtikel" name="RecensionArtikelOpenAccessDokumentVersion" time="0.153"/>
  <testcase classname="testCasesSATMinProfilPublikationer.PublikationerAddNewFackGranskadRecensionArtikel" name="LäggTillPublikationer" time="0.117"/>
  <testcase classname="testCasesSATMinProfilPublikationer.PublikationerAddNewFackGranskadRecensionArtikel" name="RecensionArtikelDOI" time="0.094"/>
  <testcase classname="testCasesSATMinProfilPublikationer.PublikationerAddNewFackGranskadRecensionArtikel" name="DropDownRecensionArtikel" time="0.231"/>
  <testcase classname="testCasesSATMinProfilPublikationer.PublikationerAddNewFackGranskadRecensionArtikel" name="RecensionArtikelLänkExternLänkFörPublicering" time="0.710"/>
  <testcase classname="testCasesSATMinProfilPublikationer.PublikationerAddNewFackGranskadRecensionArtikel" name="ClickPublikationer" time="1.224"/>
  <testcase classname="testCasesSATMinProfilPublikationer.PublikationerAddNewFackGranskadRecensionArtikel" name="RecensionArtikelFörfattareKnapp" time="0.139"/>
  <testcase classname="testCasesSATMinProfilPublikationer.PublikationerAddNewFackGranskadRecensionArtikel" name="RecensionArtikelFörfattareEfternamn" time="0.165"/>
  <testcase classname="testCasesSATMinProfilPublikationer.PublikationerAddNewFackGranskadRecensionArtikel" name="RecensionArtikelStatus" time="0.067"/>
  <testcase classname="testCasesSATMinProfilPublikationer.PublikationerAddNewFackGranskadRecensionArtikel" name="RecensionArtikelTitel" time="0.271"/>
  <testcase classname="testCasesSATMinProfilPublikationer.PublikationerAddNewFackGranskadRecensionArtikel" name="RecensionArtikelFörstaSidnummer" time="0.117"/>
  <testcase classname="testCasesSATMinProfilPublikationer.PublikationerAddNewFackGranskadRecensionArtikel" name="RecensionArtikelKällaFörPublikation" time="0.128"/>
  <testcase classname="testCasesSATMinProfilPublikationer.PublikationerAddNewFackGranskadRecensionArtikel" name="RecensionArtikelUtfärdandenummer" time="0.101"/>
  <testcase classname="testCasesSATMinProfilPublikationer.PublikationerAddNewFackGranskadRecensionArtikel" name="RecensionArtikelOpenAcessSammanfattning" time="0.428"/>
  <testcase classname="testCasesSATMinProfilPublikationer.PublikationerAddNewFackGranskadRecensionArtikel" name="LoginAsUser" time="5.081"/>
  <testcase classname="testCasesSATMinProfilPublikationer.PublikationerAddNewFackGranskadRecensionArtikel" name="RecensionArtikelOpenAccessFormAvOA" time="0.167"/>
  <testcase classname="testCasesSATMinProfilPublikationer.PublikationerAddNewFackGranskadRecensionArtikel" name="RecensionArtikelFörfattareFörnamn" time="0.134"/>
  <testcase classname="testCasesSATMinProfilPublikationer.PublikationerAddNewFackGranskadRecensionArtikel" name="RecensionArtikelVarTextenPubliceradIOpenAcessJa" time="0.107"/>
  <testcase classname="testCasesSATMinProfilPublikationer.PublikationerAddNewFackGranskadRecensionArtikel" name="RecensionArtikelVolym" time="0.079"/>
  <testcase classname="testCasesSATMinProfilPublikationer.PublikationerAddNewFackGranskadRecensionArtikel" name="RecensionArtikelNamnPåTidskrift" time="0.216"/>
  <testcase classname="testCasesSATMinProfilPublikationer.PublikationerAddNewFackGranskadRecensionArtikel" name="RecensionArtikelKällaID" time="0.081"/>
  <testcase classname="testCasesSATMinProfilPublikationer.PublikationerAddNewFackGranskadRecensionArtikel" name="VäljPublikationsTyp" time="0.759"/>
  <testcase classname="testCasesSATMinProfilPublikationer.PublikationerAddNewFackGranskadRecensionArtikel" name="RecensionArtikelSpara" time="1.320"/>
  <testcase classname="testCasesSATMinProfilPublikationer.PublikationerAddNewFackGranskadRecensionArtikel" name="RecensionArtikelSistaSidnummer" time="0.148"/>
</testsuite> <!-- testCasesSATMinProfilPublikationer.PublikationerAddNewFackGranskadRecensionArtikel -->
