<?xml version="1.0" encoding="UTF-8"?>
<!-- Generated by org.testng.reporters.JUnitReportReporter -->
<<<<<<< HEAD
<testsuite hostname="BSTTF72" failures="0" tests="14" name="testCasesSATButtonCheck.ButtonCheckLoggedInAsUser" time="87.983" errors="0" timestamp="27 juli 2018 07:53:03 GMT" skipped="0">
  <testcase classname="testCasesSATButtonCheck.ButtonCheckLoggedInAsUser" name="ClickOrganisationsKonto" time="34.401"/>
  <testcase classname="testCasesSATButtonCheck.ButtonCheckLoggedInAsUser" name="ClickGranskning" time="7.235"/>
  <testcase classname="testCasesSATButtonCheck.ButtonCheckLoggedInAsUser" name="LoginAsNormalUser" time="5.537"/>
  <testcase classname="testCasesSATButtonCheck.ButtonCheckLoggedInAsUser" name="ClickUtbildningButton" time="2.156"/>
  <testcase classname="testCasesSATButtonCheck.ButtonCheckLoggedInAsUser" name="ClickOrganisationsUppgifter" time="7.757"/>
  <testcase classname="testCasesSATButtonCheck.ButtonCheckLoggedInAsUser" name="Logout" time="2.363"/>
  <testcase classname="testCasesSATButtonCheck.ButtonCheckLoggedInAsUser" name="ClickPersonuppgifterButton" time="1.765"/>
  <testcase classname="testCasesSATButtonCheck.ButtonCheckLoggedInAsUser" name="ClickImmaterialrättButton" time="1.728"/>
  <testcase classname="testCasesSATButtonCheck.ButtonCheckLoggedInAsUser" name="ClickPublikationerButton" time="1.894"/>
  <testcase classname="testCasesSATButtonCheck.ButtonCheckLoggedInAsUser" name="ClickAnsökningarOchBidrag" time="12.950"/>
  <testcase classname="testCasesSATButtonCheck.ButtonCheckLoggedInAsUser" name="ClickStartButton" time="4.838"/>
  <testcase classname="testCasesSATButtonCheck.ButtonCheckLoggedInAsUser" name="ClickArbetslivButton" time="2.570"/>
  <testcase classname="testCasesSATButtonCheck.ButtonCheckLoggedInAsUser" name="ClickGranskarkompetensIfVisible" time="0.104"/>
  <testcase classname="testCasesSATButtonCheck.ButtonCheckLoggedInAsUser" name="ClickMeriterOchUtmärkelserButton" time="2.685"/>
=======
<testsuite hostname="77DWHM2" failures="0" tests="14" name="testCasesSATButtonCheck.ButtonCheckLoggedInAsUser" time="36.593" errors="0" timestamp="26 juli 2018 14:19:25 GMT" skipped="0">
  <testcase classname="testCasesSATButtonCheck.ButtonCheckLoggedInAsUser" name="LoginAsNormalUser" time="2.815"/>
  <testcase classname="testCasesSATButtonCheck.ButtonCheckLoggedInAsUser" name="ClickPersonuppgifterButton" time="0.641"/>
  <testcase classname="testCasesSATButtonCheck.ButtonCheckLoggedInAsUser" name="ClickGranskning" time="2.331"/>
  <testcase classname="testCasesSATButtonCheck.ButtonCheckLoggedInAsUser" name="ClickOrganisationsKonto" time="15.266"/>
  <testcase classname="testCasesSATButtonCheck.ButtonCheckLoggedInAsUser" name="ClickAnsökningarOchBidrag" time="5.006"/>
  <testcase classname="testCasesSATButtonCheck.ButtonCheckLoggedInAsUser" name="ClickArbetslivButton" time="1.315"/>
  <testcase classname="testCasesSATButtonCheck.ButtonCheckLoggedInAsUser" name="ClickOrganisationsUppgifter" time="2.955"/>
  <testcase classname="testCasesSATButtonCheck.ButtonCheckLoggedInAsUser" name="ClickUtbildningButton" time="0.917"/>
  <testcase classname="testCasesSATButtonCheck.ButtonCheckLoggedInAsUser" name="ClickMeriterOchUtmärkelserButton" time="1.262"/>
  <testcase classname="testCasesSATButtonCheck.ButtonCheckLoggedInAsUser" name="ClickStartButton" time="1.985"/>
  <testcase classname="testCasesSATButtonCheck.ButtonCheckLoggedInAsUser" name="Logout" time="0.576"/>
  <testcase classname="testCasesSATButtonCheck.ButtonCheckLoggedInAsUser" name="ClickGranskarkompetensIfVisible" time="0.017"/>
  <testcase classname="testCasesSATButtonCheck.ButtonCheckLoggedInAsUser" name="ClickPublikationerButton" time="0.751"/>
  <testcase classname="testCasesSATButtonCheck.ButtonCheckLoggedInAsUser" name="ClickImmaterialrättButton" time="0.756"/>
>>>>>>> branch 'master' of https://github.com/KristoferKlarin/SeleniumProject.git
</testsuite> <!-- testCasesSATButtonCheck.ButtonCheckLoggedInAsUser -->
