<?xml version="1.0" encoding="UTF-8"?>
<!-- Generated by org.testng.reporters.JUnitReportReporter -->
<testsuite hostname="77DWHM2" failures="0" tests="9" name="testCasesSAT.MeriterOchUtmärkelserAddNewHandleddaPersonerEnskildPerson" time="0.000" errors="0" timestamp="25 juli 2018 09:01:16 GMT" skipped="9">
  <testcase classname="testCasesSAT.MeriterOchUtmärkelserAddNewHandleddaPersonerEnskildPerson" name="LäggTillHandleddaPersonerEnskildPersonRollSpara" time="0.000">
    <skipped/>
  </testcase> <!-- LäggTillHandleddaPersonerEnskildPersonRollSpara -->
  <testcase classname="testCasesSAT.MeriterOchUtmärkelserAddNewHandleddaPersonerEnskildPerson" name="LäggTillHandleddaPersonerEnskildPersonEfternamn" time="0.000">
    <skipped/>
  </testcase> <!-- LäggTillHandleddaPersonerEnskildPersonEfternamn -->
  <testcase classname="testCasesSAT.MeriterOchUtmärkelserAddNewHandleddaPersonerEnskildPerson" name="LäggTillHandleddaPersonerEnskildPerson" time="0.000">
    <skipped/>
  </testcase> <!-- LäggTillHandleddaPersonerEnskildPerson -->
  <testcase classname="testCasesSAT.MeriterOchUtmärkelserAddNewHandleddaPersonerEnskildPerson" name="ClickMeriterOchUtmärkelser" time="0.000">
    <skipped/>
  </testcase> <!-- ClickMeriterOchUtmärkelser -->
  <testcase classname="testCasesSAT.MeriterOchUtmärkelserAddNewHandleddaPersonerEnskildPerson" name="LäggTillHandleddaPersonerEnskildPersonSlutår" time="0.000">
    <skipped/>
  </testcase> <!-- LäggTillHandleddaPersonerEnskildPersonSlutår -->
  <testcase classname="testCasesSAT.MeriterOchUtmärkelserAddNewHandleddaPersonerEnskildPerson" name="LäggTillHandleddaPersonerEnskildPersonFörnamn" time="0.000">
    <skipped/>
  </testcase> <!-- LäggTillHandleddaPersonerEnskildPersonFörnamn -->
  <testcase classname="testCasesSAT.MeriterOchUtmärkelserAddNewHandleddaPersonerEnskildPerson" name="LoginAsUser" time="0.000">
    <skipped/>
  </testcase> <!-- LoginAsUser -->
  <testcase classname="testCasesSAT.MeriterOchUtmärkelserAddNewHandleddaPersonerEnskildPerson" name="LäggTillHandleddaPersonerEnskildPersonTypAvHandleddaPersoner" time="0.000">
    <skipped/>
  </testcase> <!-- LäggTillHandleddaPersonerEnskildPersonTypAvHandleddaPersoner -->
  <testcase classname="testCasesSAT.MeriterOchUtmärkelserAddNewHandleddaPersonerEnskildPerson" name="LäggTillHandleddaPersonerEnskildPersonRoll" time="0.000">
    <skipped/>
  </testcase> <!-- LäggTillHandleddaPersonerEnskildPersonRoll -->
</testsuite> <!-- testCasesSAT.MeriterOchUtmärkelserAddNewHandleddaPersonerEnskildPerson -->
