<?xml version="1.0" encoding="UTF-8"?>
<!-- Generated by org.testng.reporters.JUnitReportReporter -->
<testsuite hostname="77DWHM2" failures="0" tests="22" name="testCasesSATMinProfilPublikationer.PublikationerAddNewFackGranskadÖvrigLitteratur" time="16.490" errors="0" timestamp="26 juli 2018 14:20:58 GMT" skipped="0">
  <testcase classname="testCasesSATMinProfilPublikationer.PublikationerAddNewFackGranskadÖvrigLitteratur" name="ClickPublikationer" time="1.327"/>
  <testcase classname="testCasesSATMinProfilPublikationer.PublikationerAddNewFackGranskadÖvrigLitteratur" name="ÖvrigLitteraturFörfattareKnapp" time="0.088"/>
  <testcase classname="testCasesSATMinProfilPublikationer.PublikationerAddNewFackGranskadÖvrigLitteratur" name="ÖvrigLitteraturStatus" time="0.074"/>
  <testcase classname="testCasesSATMinProfilPublikationer.PublikationerAddNewFackGranskadÖvrigLitteratur" name="ÖvrigLitteraturFörfattareFörnamn" time="0.126"/>
  <testcase classname="testCasesSATMinProfilPublikationer.PublikationerAddNewFackGranskadÖvrigLitteratur" name="ÖvrigLitteraturFörlagsplats" time="0.180"/>
  <testcase classname="testCasesSATMinProfilPublikationer.PublikationerAddNewFackGranskadÖvrigLitteratur" name="ÖvrigLitteraturOpenAcessSammanfattning" time="0.333"/>
  <testcase classname="testCasesSATMinProfilPublikationer.PublikationerAddNewFackGranskadÖvrigLitteratur" name="ÖvrigLitteraturOpenAccessFormAvOA" time="0.127"/>
  <testcase classname="testCasesSATMinProfilPublikationer.PublikationerAddNewFackGranskadÖvrigLitteratur" name="ÖvrigLitteraturKällaID" time="0.132"/>
  <testcase classname="testCasesSATMinProfilPublikationer.PublikationerAddNewFackGranskadÖvrigLitteratur" name="ÖvrigLitteraturSpara" time="1.198"/>
  <testcase classname="testCasesSATMinProfilPublikationer.PublikationerAddNewFackGranskadÖvrigLitteratur" name="ÖvrigLitteraturTitel" time="0.724"/>
  <testcase classname="testCasesSATMinProfilPublikationer.PublikationerAddNewFackGranskadÖvrigLitteratur" name="LoginAsUser" time="9.275"/>
  <testcase classname="testCasesSATMinProfilPublikationer.PublikationerAddNewFackGranskadÖvrigLitteratur" name="ÖvrigLitteraturOpenAccessLänkExternLänkFörPublicering" time="0.692"/>
  <testcase classname="testCasesSATMinProfilPublikationer.PublikationerAddNewFackGranskadÖvrigLitteratur" name="ÖvrigLitteraturISBN" time="0.102"/>
  <testcase classname="testCasesSATMinProfilPublikationer.PublikationerAddNewFackGranskadÖvrigLitteratur" name="ÖvrigLitteraturFörfattareEfternamn" time="0.178"/>
  <testcase classname="testCasesSATMinProfilPublikationer.PublikationerAddNewFackGranskadÖvrigLitteratur" name="ÖvrigLitteraturVarTextenPubliceradIOpenAcessJa" time="0.122"/>
  <testcase classname="testCasesSATMinProfilPublikationer.PublikationerAddNewFackGranskadÖvrigLitteratur" name="VäljPublikationsTyp" time="0.829"/>
  <testcase classname="testCasesSATMinProfilPublikationer.PublikationerAddNewFackGranskadÖvrigLitteratur" name="ÖvrigLitteraturFörlag" time="0.228"/>
  <testcase classname="testCasesSATMinProfilPublikationer.PublikationerAddNewFackGranskadÖvrigLitteratur" name="ÖvrigLitteraturDOI" time="0.102"/>
  <testcase classname="testCasesSATMinProfilPublikationer.PublikationerAddNewFackGranskadÖvrigLitteratur" name="ÖvrigLitteraturOpenAccessDokumentVersion" time="0.140"/>
  <testcase classname="testCasesSATMinProfilPublikationer.PublikationerAddNewFackGranskadÖvrigLitteratur" name="ÖvrigLitteraturKällaFörPublikation" time="0.158"/>
  <testcase classname="testCasesSATMinProfilPublikationer.PublikationerAddNewFackGranskadÖvrigLitteratur" name="LäggTillPublikationer" time="0.102"/>
  <testcase classname="testCasesSATMinProfilPublikationer.PublikationerAddNewFackGranskadÖvrigLitteratur" name="DropDownÖvrigLitteratur" time="0.253"/>
</testsuite> <!-- testCasesSATMinProfilPublikationer.PublikationerAddNewFackGranskadÖvrigLitteratur -->
