<?xml version="1.0" encoding="UTF-8"?>
<!-- Generated by org.testng.reporters.JUnitReportReporter -->
<testsuite hostname="77DWHM2" failures="0" tests="22" name="testCasesSATMinProfilPublikationer.PublikationerAddNewINTEFackGranskadÖvrigLitteratur" time="16.469" errors="0" timestamp="31 juli 2018 14:21:01 GMT" skipped="0">
  <testcase classname="testCasesSATMinProfilPublikationer.PublikationerAddNewINTEFackGranskadÖvrigLitteratur" name="ÖvrigLitteraturStatus" time="0.069"/>
  <testcase classname="testCasesSATMinProfilPublikationer.PublikationerAddNewINTEFackGranskadÖvrigLitteratur" name="ÖvrigLitteraturFörlag" time="0.183"/>
  <testcase classname="testCasesSATMinProfilPublikationer.PublikationerAddNewINTEFackGranskadÖvrigLitteratur" name="ClickPublikationer" time="1.472"/>
  <testcase classname="testCasesSATMinProfilPublikationer.PublikationerAddNewINTEFackGranskadÖvrigLitteratur" name="ÖvrigLitteraturFörfattareFörnamn" time="0.193"/>
  <testcase classname="testCasesSATMinProfilPublikationer.PublikationerAddNewINTEFackGranskadÖvrigLitteratur" name="VäljPublikationsTyp" time="0.830"/>
  <testcase classname="testCasesSATMinProfilPublikationer.PublikationerAddNewINTEFackGranskadÖvrigLitteratur" name="ÖvrigLitteraturDOI" time="0.100"/>
  <testcase classname="testCasesSATMinProfilPublikationer.PublikationerAddNewINTEFackGranskadÖvrigLitteratur" name="ÖvrigLitteraturFörlagsplats" time="0.131"/>
  <testcase classname="testCasesSATMinProfilPublikationer.PublikationerAddNewINTEFackGranskadÖvrigLitteratur" name="ÖvrigLitteraturKällaFörPublikation" time="0.138"/>
  <testcase classname="testCasesSATMinProfilPublikationer.PublikationerAddNewINTEFackGranskadÖvrigLitteratur" name="ÖvrigLitteraturKällaID" time="0.084"/>
  <testcase classname="testCasesSATMinProfilPublikationer.PublikationerAddNewINTEFackGranskadÖvrigLitteratur" name="ÖvrigLitteraturFörfattareEfternamn" time="0.212"/>
  <testcase classname="testCasesSATMinProfilPublikationer.PublikationerAddNewINTEFackGranskadÖvrigLitteratur" name="ÖvrigLitteraturFörfattareKnapp" time="0.095"/>
  <testcase classname="testCasesSATMinProfilPublikationer.PublikationerAddNewINTEFackGranskadÖvrigLitteratur" name="ÖvrigLitteraturISBN" time="0.101"/>
  <testcase classname="testCasesSATMinProfilPublikationer.PublikationerAddNewINTEFackGranskadÖvrigLitteratur" name="ÖvrigLitteraturTitel" time="0.747"/>
  <testcase classname="testCasesSATMinProfilPublikationer.PublikationerAddNewINTEFackGranskadÖvrigLitteratur" name="LäggTillPublikationer" time="0.106"/>
  <testcase classname="testCasesSATMinProfilPublikationer.PublikationerAddNewINTEFackGranskadÖvrigLitteratur" name="ÖvrigLitteraturSpara" time="1.440"/>
  <testcase classname="testCasesSATMinProfilPublikationer.PublikationerAddNewINTEFackGranskadÖvrigLitteratur" name="LoginAsUser" time="8.813"/>
  <testcase classname="testCasesSATMinProfilPublikationer.PublikationerAddNewINTEFackGranskadÖvrigLitteratur" name="ÖvrigLitteraturOpenAccessFormAvOA" time="0.126"/>
  <testcase classname="testCasesSATMinProfilPublikationer.PublikationerAddNewINTEFackGranskadÖvrigLitteratur" name="ÖvrigLitteraturVarTextenPubliceradIOpenAcessJa" time="0.114"/>
  <testcase classname="testCasesSATMinProfilPublikationer.PublikationerAddNewINTEFackGranskadÖvrigLitteratur" name="DropDownÖvrigLitteratur" time="0.288"/>
  <testcase classname="testCasesSATMinProfilPublikationer.PublikationerAddNewINTEFackGranskadÖvrigLitteratur" name="ÖvrigLitteraturOpenAcessSammanfattning" time="0.344"/>
  <testcase classname="testCasesSATMinProfilPublikationer.PublikationerAddNewINTEFackGranskadÖvrigLitteratur" name="ÖvrigLitteraturOpenAccessDokumentVersion" time="0.130"/>
  <testcase classname="testCasesSATMinProfilPublikationer.PublikationerAddNewINTEFackGranskadÖvrigLitteratur" name="ÖvrigLitteraturOpenAccessLänkExternLänkFörPublicering" time="0.753"/>
</testsuite> <!-- testCasesSATMinProfilPublikationer.PublikationerAddNewINTEFackGranskadÖvrigLitteratur -->
