<?xml version="1.0" encoding="UTF-8"?>
<!-- Generated by org.testng.reporters.JUnitReportReporter -->
<testsuite hostname="77DWHM2" failures="0" tests="26" name="testCasesSAT.ArbetslivAddNewINTEFackGranskadBidragTillBok" time="0.000" errors="0" timestamp="25 juli 2018 09:01:16 GMT" skipped="26">
  <testcase classname="testCasesSAT.ArbetslivAddNewINTEFackGranskadBidragTillBok" name="BidragTillEnBokOpenAccessFormAvOA" time="0.000">
    <skipped/>
  </testcase> <!-- BidragTillEnBokOpenAccessFormAvOA -->
  <testcase classname="testCasesSAT.ArbetslivAddNewINTEFackGranskadBidragTillBok" name="BidragTillEnBokUtgivareDOI" time="0.000">
    <skipped/>
  </testcase> <!-- BidragTillEnBokUtgivareDOI -->
  <testcase classname="testCasesSAT.ArbetslivAddNewINTEFackGranskadBidragTillBok" name="BidragTillEnBokRedaktörNamn" time="0.000">
    <skipped/>
  </testcase> <!-- BidragTillEnBokRedaktörNamn -->
  <testcase classname="testCasesSAT.ArbetslivAddNewINTEFackGranskadBidragTillBok" name="BidragTillEnBokUtgivareISBN" time="0.000">
    <skipped/>
  </testcase> <!-- BidragTillEnBokUtgivareISBN -->
  <testcase classname="testCasesSAT.ArbetslivAddNewINTEFackGranskadBidragTillBok" name="BidragTillEnBokOpenAccessLänkExternLänkFörPublicering" time="0.000">
    <skipped/>
  </testcase> <!-- BidragTillEnBokOpenAccessLänkExternLänkFörPublicering -->
  <testcase classname="testCasesSAT.ArbetslivAddNewINTEFackGranskadBidragTillBok" name="BidragTillEnBokFörfattareEfternamn" time="0.000">
    <skipped/>
  </testcase> <!-- BidragTillEnBokFörfattareEfternamn -->
  <testcase classname="testCasesSAT.ArbetslivAddNewINTEFackGranskadBidragTillBok" name="BidragTillEnBokUtgivareKällaFörPublikation" time="0.000">
    <skipped/>
  </testcase> <!-- BidragTillEnBokUtgivareKällaFörPublikation -->
  <testcase classname="testCasesSAT.ArbetslivAddNewINTEFackGranskadBidragTillBok" name="BidragTillEnBokUtgivareSistaSidnummer" time="0.000">
    <skipped/>
  </testcase> <!-- BidragTillEnBokUtgivareSistaSidnummer -->
  <testcase classname="testCasesSAT.ArbetslivAddNewINTEFackGranskadBidragTillBok" name="BidragTillEnBokRedaktörKnapp" time="0.000">
    <skipped/>
  </testcase> <!-- BidragTillEnBokRedaktörKnapp -->
  <testcase classname="testCasesSAT.ArbetslivAddNewINTEFackGranskadBidragTillBok" name="BidragTillEnBokTitel" time="0.000">
    <skipped/>
  </testcase> <!-- BidragTillEnBokTitel -->
  <testcase classname="testCasesSAT.ArbetslivAddNewINTEFackGranskadBidragTillBok" name="ClickPublikationer" time="0.000">
    <skipped/>
  </testcase> <!-- ClickPublikationer -->
  <testcase classname="testCasesSAT.ArbetslivAddNewINTEFackGranskadBidragTillBok" name="BidragTillEnBokOpenAccessDokumentVersion" time="0.000">
    <skipped/>
  </testcase> <!-- BidragTillEnBokOpenAccessDokumentVersion -->
  <testcase classname="testCasesSAT.ArbetslivAddNewINTEFackGranskadBidragTillBok" name="BidragTillEnBokUtgivareFörlag" time="0.000">
    <skipped/>
  </testcase> <!-- BidragTillEnBokUtgivareFörlag -->
  <testcase classname="testCasesSAT.ArbetslivAddNewINTEFackGranskadBidragTillBok" name="DropDownBidragTillEnBok" time="0.000">
    <skipped/>
  </testcase> <!-- DropDownBidragTillEnBok -->
  <testcase classname="testCasesSAT.ArbetslivAddNewINTEFackGranskadBidragTillBok" name="BidragTillEnBokVarTextenPubliceradIOpenAcessJa" time="0.000">
    <skipped/>
  </testcase> <!-- BidragTillEnBokVarTextenPubliceradIOpenAcessJa -->
  <testcase classname="testCasesSAT.ArbetslivAddNewINTEFackGranskadBidragTillBok" name="VäljPublikationsTyp" time="0.000">
    <skipped/>
  </testcase> <!-- VäljPublikationsTyp -->
  <testcase classname="testCasesSAT.ArbetslivAddNewINTEFackGranskadBidragTillBok" name="BidragTillEnBokFörfattareKnapp" time="0.000">
    <skipped/>
  </testcase> <!-- BidragTillEnBokFörfattareKnapp -->
  <testcase classname="testCasesSAT.ArbetslivAddNewINTEFackGranskadBidragTillBok" name="BidragTillEnBokSpara" time="0.000">
    <skipped/>
  </testcase> <!-- BidragTillEnBokSpara -->
  <testcase classname="testCasesSAT.ArbetslivAddNewINTEFackGranskadBidragTillBok" name="BidragTillEnBokUtgivareStatus" time="0.000">
    <skipped/>
  </testcase> <!-- BidragTillEnBokUtgivareStatus -->
  <testcase classname="testCasesSAT.ArbetslivAddNewINTEFackGranskadBidragTillBok" name="BidragTillEnBokUtgivareFörlagsplats" time="0.000">
    <skipped/>
  </testcase> <!-- BidragTillEnBokUtgivareFörlagsplats -->
  <testcase classname="testCasesSAT.ArbetslivAddNewINTEFackGranskadBidragTillBok" name="BidragTillEnBokUtgivareKällaID" time="0.000">
    <skipped/>
  </testcase> <!-- BidragTillEnBokUtgivareKällaID -->
  <testcase classname="testCasesSAT.ArbetslivAddNewINTEFackGranskadBidragTillBok" name="BidragTillEnBokFörfattareFörnamn" time="0.000">
    <skipped/>
  </testcase> <!-- BidragTillEnBokFörfattareFörnamn -->
  <testcase classname="testCasesSAT.ArbetslivAddNewINTEFackGranskadBidragTillBok" name="BidragTillEnBokOpenAcessSammanfattning" time="0.000">
    <skipped/>
  </testcase> <!-- BidragTillEnBokOpenAcessSammanfattning -->
  <testcase classname="testCasesSAT.ArbetslivAddNewINTEFackGranskadBidragTillBok" name="LoginAsUser" time="0.000">
    <skipped/>
  </testcase> <!-- LoginAsUser -->
  <testcase classname="testCasesSAT.ArbetslivAddNewINTEFackGranskadBidragTillBok" name="LäggTillPublikationer" time="0.000">
    <skipped/>
  </testcase> <!-- LäggTillPublikationer -->
  <testcase classname="testCasesSAT.ArbetslivAddNewINTEFackGranskadBidragTillBok" name="BidragTillEnBokUtgivareFörstaSidnummer" time="0.000">
    <skipped/>
  </testcase> <!-- BidragTillEnBokUtgivareFörstaSidnummer -->
</testsuite> <!-- testCasesSAT.ArbetslivAddNewINTEFackGranskadBidragTillBok -->
