<?xml version="1.0" encoding="UTF-8"?>
<!-- Generated by org.testng.reporters.JUnitReportReporter -->
<testsuite hostname="77DWHM2" failures="0" tests="9" name="testCasesSAT.MeriterOchUtmärkelserAddNewPriserOchUtmärkelser" time="0.001" errors="0" timestamp="25 juli 2018 09:01:16 GMT" skipped="9">
  <testcase classname="testCasesSAT.MeriterOchUtmärkelserAddNewPriserOchUtmärkelser" name="NamnPåPriset" time="0.000">
    <skipped/>
  </testcase> <!-- NamnPåPriset -->
  <testcase classname="testCasesSAT.MeriterOchUtmärkelserAddNewPriserOchUtmärkelser" name="Beskrivning" time="0.000">
    <skipped/>
  </testcase> <!-- Beskrivning -->
  <testcase classname="testCasesSAT.MeriterOchUtmärkelserAddNewPriserOchUtmärkelser" name="Utfärdare" time="0.000">
    <skipped/>
  </testcase> <!-- Utfärdare -->
  <testcase classname="testCasesSAT.MeriterOchUtmärkelserAddNewPriserOchUtmärkelser" name="Spara" time="0.000">
    <skipped/>
  </testcase> <!-- Spara -->
  <testcase classname="testCasesSAT.MeriterOchUtmärkelserAddNewPriserOchUtmärkelser" name="År" time="0.000">
    <skipped/>
  </testcase> <!-- År -->
  <testcase classname="testCasesSAT.MeriterOchUtmärkelserAddNewPriserOchUtmärkelser" name="LoginAsUser" time="0.000">
    <skipped/>
  </testcase> <!-- LoginAsUser -->
  <testcase classname="testCasesSAT.MeriterOchUtmärkelserAddNewPriserOchUtmärkelser" name="ClickMeriterOchUtmärkelser" time="0.001">
    <skipped/>
  </testcase> <!-- ClickMeriterOchUtmärkelser -->
  <testcase classname="testCasesSAT.MeriterOchUtmärkelserAddNewPriserOchUtmärkelser" name="Land" time="0.000">
    <skipped/>
  </testcase> <!-- Land -->
  <testcase classname="testCasesSAT.MeriterOchUtmärkelserAddNewPriserOchUtmärkelser" name="LäggTill" time="0.000">
    <skipped/>
  </testcase> <!-- LäggTill -->
</testsuite> <!-- testCasesSAT.MeriterOchUtmärkelserAddNewPriserOchUtmärkelser -->
