<?xml version="1.0" encoding="UTF-8"?>
<!-- Generated by org.testng.reporters.JUnitReportReporter -->
<testsuite hostname="77DWHM2" failures="0" tests="26" name="testCasesSAT.ArbetslivAddNewINTEFackGranskadBidragTillBok" time="14.115" errors="0" timestamp="19 juli 2018 15:38:48 GMT" skipped="0">
  <testcase classname="testCasesSAT.ArbetslivAddNewINTEFackGranskadBidragTillBok" name="LoginAsUser" time="7.186"/>
  <testcase classname="testCasesSAT.ArbetslivAddNewINTEFackGranskadBidragTillBok" name="BidragTillEnBokSpara" time="0.799"/>
  <testcase classname="testCasesSAT.ArbetslivAddNewINTEFackGranskadBidragTillBok" name="BidragTillEnBokOpenAccessDokumentVersion" time="0.123"/>
  <testcase classname="testCasesSAT.ArbetslivAddNewINTEFackGranskadBidragTillBok" name="BidragTillEnBokOpenAcessSammanfattning" time="0.292"/>
  <testcase classname="testCasesSAT.ArbetslivAddNewINTEFackGranskadBidragTillBok" name="BidragTillEnBokFörfattareEfternamn" time="0.137"/>
  <testcase classname="testCasesSAT.ArbetslivAddNewINTEFackGranskadBidragTillBok" name="BidragTillEnBokFörfattareFörnamn" time="0.131"/>
  <testcase classname="testCasesSAT.ArbetslivAddNewINTEFackGranskadBidragTillBok" name="BidragTillEnBokUtgivareStatus" time="0.078"/>
  <testcase classname="testCasesSAT.ArbetslivAddNewINTEFackGranskadBidragTillBok" name="BidragTillEnBokUtgivareDOI" time="0.081"/>
  <testcase classname="testCasesSAT.ArbetslivAddNewINTEFackGranskadBidragTillBok" name="BidragTillEnBokUtgivareKällaID" time="0.073"/>
  <testcase classname="testCasesSAT.ArbetslivAddNewINTEFackGranskadBidragTillBok" name="BidragTillEnBokOpenAccessFormAvOA" time="0.109"/>
  <testcase classname="testCasesSAT.ArbetslivAddNewINTEFackGranskadBidragTillBok" name="BidragTillEnBokUtgivareKällaFörPublikation" time="0.068"/>
  <testcase classname="testCasesSAT.ArbetslivAddNewINTEFackGranskadBidragTillBok" name="DropDownBidragTillEnBok" time="0.238"/>
  <testcase classname="testCasesSAT.ArbetslivAddNewINTEFackGranskadBidragTillBok" name="VäljPublikationsTyp" time="0.811"/>
  <testcase classname="testCasesSAT.ArbetslivAddNewINTEFackGranskadBidragTillBok" name="BidragTillEnBokFörfattareKnapp" time="0.087"/>
  <testcase classname="testCasesSAT.ArbetslivAddNewINTEFackGranskadBidragTillBok" name="BidragTillEnBokUtgivareFörlag" time="0.110"/>
  <testcase classname="testCasesSAT.ArbetslivAddNewINTEFackGranskadBidragTillBok" name="BidragTillEnBokRedaktörKnapp" time="0.193"/>
  <testcase classname="testCasesSAT.ArbetslivAddNewINTEFackGranskadBidragTillBok" name="BidragTillEnBokUtgivareFörstaSidnummer" time="0.055"/>
  <testcase classname="testCasesSAT.ArbetslivAddNewINTEFackGranskadBidragTillBok" name="BidragTillEnBokVarTextenPubliceradIOpenAcessJa" time="0.121"/>
  <testcase classname="testCasesSAT.ArbetslivAddNewINTEFackGranskadBidragTillBok" name="ClickPublikationer" time="1.278"/>
  <testcase classname="testCasesSAT.ArbetslivAddNewINTEFackGranskadBidragTillBok" name="BidragTillEnBokRedaktörNamn" time="0.202"/>
  <testcase classname="testCasesSAT.ArbetslivAddNewINTEFackGranskadBidragTillBok" name="BidragTillEnBokUtgivareSistaSidnummer" time="0.072"/>
  <testcase classname="testCasesSAT.ArbetslivAddNewINTEFackGranskadBidragTillBok" name="BidragTillEnBokTitel" time="0.782"/>
  <testcase classname="testCasesSAT.ArbetslivAddNewINTEFackGranskadBidragTillBok" name="BidragTillEnBokUtgivareFörlagsplats" time="0.175"/>
  <testcase classname="testCasesSAT.ArbetslivAddNewINTEFackGranskadBidragTillBok" name="BidragTillEnBokOpenAccessLänkExternLänkFörPublicering" time="0.718"/>
  <testcase classname="testCasesSAT.ArbetslivAddNewINTEFackGranskadBidragTillBok" name="LäggTillPublikationer" time="0.101"/>
  <testcase classname="testCasesSAT.ArbetslivAddNewINTEFackGranskadBidragTillBok" name="BidragTillEnBokUtgivareISBN" time="0.095"/>
</testsuite> <!-- testCasesSAT.ArbetslivAddNewINTEFackGranskadBidragTillBok -->
