<?xml version="1.0" encoding="UTF-8"?>
<!-- Generated by org.testng.reporters.JUnitReportReporter -->
<testsuite hostname="77DWHM2" failures="0" tests="1" name="TestcasesSAT.ButtonCheckLoggedInAsPL" time="27.524" errors="0" timestamp="20 juni 2018 13:51:56 GMT" skipped="0">
  <testcase classname="TestcasesSAT.ButtonCheckLoggedInAsPL" name="ButtonCheckProfilePage" time="27.524"/>
</testsuite> <!-- TestcasesSAT.ButtonCheckLoggedInAsPL -->
