<?xml version="1.0" encoding="UTF-8"?>
<!-- Generated by org.testng.reporters.JUnitReportReporter -->
<testsuite hostname="77DWHM2" failures="0" tests="22" name="testCasesSATMinProfilPublikationer.PublikationerAddNewFackGranskadÖvrigLitteratur" time="0.000" errors="0" timestamp="25 juli 2018 15:37:48 GMT" skipped="22">
  <testcase classname="testCasesSATMinProfilPublikationer.PublikationerAddNewFackGranskadÖvrigLitteratur" name="ÖvrigLitteraturOpenAccessDokumentVersion" time="0.000">
    <skipped/>
  </testcase> <!-- ÖvrigLitteraturOpenAccessDokumentVersion -->
  <testcase classname="testCasesSATMinProfilPublikationer.PublikationerAddNewFackGranskadÖvrigLitteratur" name="ÖvrigLitteraturOpenAccessFormAvOA" time="0.000">
    <skipped/>
  </testcase> <!-- ÖvrigLitteraturOpenAccessFormAvOA -->
  <testcase classname="testCasesSATMinProfilPublikationer.PublikationerAddNewFackGranskadÖvrigLitteratur" name="ÖvrigLitteraturTitel" time="0.000">
    <skipped/>
  </testcase> <!-- ÖvrigLitteraturTitel -->
  <testcase classname="testCasesSATMinProfilPublikationer.PublikationerAddNewFackGranskadÖvrigLitteratur" name="ÖvrigLitteraturOpenAccessLänkExternLänkFörPublicering" time="0.000">
    <skipped/>
  </testcase> <!-- ÖvrigLitteraturOpenAccessLänkExternLänkFörPublicering -->
  <testcase classname="testCasesSATMinProfilPublikationer.PublikationerAddNewFackGranskadÖvrigLitteratur" name="LoginAsUser" time="0.000">
    <skipped/>
  </testcase> <!-- LoginAsUser -->
  <testcase classname="testCasesSATMinProfilPublikationer.PublikationerAddNewFackGranskadÖvrigLitteratur" name="ÖvrigLitteraturVarTextenPubliceradIOpenAcessJa" time="0.000">
    <skipped/>
  </testcase> <!-- ÖvrigLitteraturVarTextenPubliceradIOpenAcessJa -->
  <testcase classname="testCasesSATMinProfilPublikationer.PublikationerAddNewFackGranskadÖvrigLitteratur" name="ÖvrigLitteraturFörlag" time="0.000">
    <skipped/>
  </testcase> <!-- ÖvrigLitteraturFörlag -->
  <testcase classname="testCasesSATMinProfilPublikationer.PublikationerAddNewFackGranskadÖvrigLitteratur" name="VäljPublikationsTyp" time="0.000">
    <skipped/>
  </testcase> <!-- VäljPublikationsTyp -->
  <testcase classname="testCasesSATMinProfilPublikationer.PublikationerAddNewFackGranskadÖvrigLitteratur" name="ÖvrigLitteraturStatus" time="0.000">
    <skipped/>
  </testcase> <!-- ÖvrigLitteraturStatus -->
  <testcase classname="testCasesSATMinProfilPublikationer.PublikationerAddNewFackGranskadÖvrigLitteratur" name="ÖvrigLitteraturKällaID" time="0.000">
    <skipped/>
  </testcase> <!-- ÖvrigLitteraturKällaID -->
  <testcase classname="testCasesSATMinProfilPublikationer.PublikationerAddNewFackGranskadÖvrigLitteratur" name="ÖvrigLitteraturISBN" time="0.000">
    <skipped/>
  </testcase> <!-- ÖvrigLitteraturISBN -->
  <testcase classname="testCasesSATMinProfilPublikationer.PublikationerAddNewFackGranskadÖvrigLitteratur" name="LäggTillPublikationer" time="0.000">
    <skipped/>
  </testcase> <!-- LäggTillPublikationer -->
  <testcase classname="testCasesSATMinProfilPublikationer.PublikationerAddNewFackGranskadÖvrigLitteratur" name="ÖvrigLitteraturFörfattareFörnamn" time="0.000">
    <skipped/>
  </testcase> <!-- ÖvrigLitteraturFörfattareFörnamn -->
  <testcase classname="testCasesSATMinProfilPublikationer.PublikationerAddNewFackGranskadÖvrigLitteratur" name="ÖvrigLitteraturSpara" time="0.000">
    <skipped/>
  </testcase> <!-- ÖvrigLitteraturSpara -->
  <testcase classname="testCasesSATMinProfilPublikationer.PublikationerAddNewFackGranskadÖvrigLitteratur" name="ÖvrigLitteraturDOI" time="0.000">
    <skipped/>
  </testcase> <!-- ÖvrigLitteraturDOI -->
  <testcase classname="testCasesSATMinProfilPublikationer.PublikationerAddNewFackGranskadÖvrigLitteratur" name="ÖvrigLitteraturFörlagsplats" time="0.000">
    <skipped/>
  </testcase> <!-- ÖvrigLitteraturFörlagsplats -->
  <testcase classname="testCasesSATMinProfilPublikationer.PublikationerAddNewFackGranskadÖvrigLitteratur" name="ÖvrigLitteraturFörfattareEfternamn" time="0.000">
    <skipped/>
  </testcase> <!-- ÖvrigLitteraturFörfattareEfternamn -->
  <testcase classname="testCasesSATMinProfilPublikationer.PublikationerAddNewFackGranskadÖvrigLitteratur" name="ÖvrigLitteraturFörfattareKnapp" time="0.000">
    <skipped/>
  </testcase> <!-- ÖvrigLitteraturFörfattareKnapp -->
  <testcase classname="testCasesSATMinProfilPublikationer.PublikationerAddNewFackGranskadÖvrigLitteratur" name="ClickPublikationer" time="0.000">
    <skipped/>
  </testcase> <!-- ClickPublikationer -->
  <testcase classname="testCasesSATMinProfilPublikationer.PublikationerAddNewFackGranskadÖvrigLitteratur" name="ÖvrigLitteraturOpenAcessSammanfattning" time="0.000">
    <skipped/>
  </testcase> <!-- ÖvrigLitteraturOpenAcessSammanfattning -->
  <testcase classname="testCasesSATMinProfilPublikationer.PublikationerAddNewFackGranskadÖvrigLitteratur" name="DropDownÖvrigLitteratur" time="0.000">
    <skipped/>
  </testcase> <!-- DropDownÖvrigLitteratur -->
  <testcase classname="testCasesSATMinProfilPublikationer.PublikationerAddNewFackGranskadÖvrigLitteratur" name="ÖvrigLitteraturKällaFörPublikation" time="0.000">
    <skipped/>
  </testcase> <!-- ÖvrigLitteraturKällaFörPublikation -->
</testsuite> <!-- testCasesSATMinProfilPublikationer.PublikationerAddNewFackGranskadÖvrigLitteratur -->
