<?xml version="1.0" encoding="UTF-8"?>
<!-- Generated by org.testng.reporters.JUnitReportReporter -->
<testsuite hostname="77DWHM2" failures="0" tests="9" name="testCasesSATMinProfilMeriterOchUtmärkelser.MeriterOchUtmärkelserAddNewHandleddaPersonerEnskildPerson" time="8.543" errors="0" timestamp="26 juli 2018 09:57:35 GMT" skipped="0">
  <testcase classname="testCasesSATMinProfilMeriterOchUtmärkelser.MeriterOchUtmärkelserAddNewHandleddaPersonerEnskildPerson" name="LäggTillHandleddaPersonerEnskildPerson" time="0.147"/>
  <testcase classname="testCasesSATMinProfilMeriterOchUtmärkelser.MeriterOchUtmärkelserAddNewHandleddaPersonerEnskildPerson" name="ClickMeriterOchUtmärkelser" time="1.797"/>
  <testcase classname="testCasesSATMinProfilMeriterOchUtmärkelser.MeriterOchUtmärkelserAddNewHandleddaPersonerEnskildPerson" name="LäggTillHandleddaPersonerEnskildPersonRollSpara" time="0.113"/>
  <testcase classname="testCasesSATMinProfilMeriterOchUtmärkelser.MeriterOchUtmärkelserAddNewHandleddaPersonerEnskildPerson" name="LoginAsUser" time="4.718"/>
  <testcase classname="testCasesSATMinProfilMeriterOchUtmärkelser.MeriterOchUtmärkelserAddNewHandleddaPersonerEnskildPerson" name="LäggTillHandleddaPersonerEnskildPersonTypAvHandleddaPersoner" time="0.144"/>
  <testcase classname="testCasesSATMinProfilMeriterOchUtmärkelser.MeriterOchUtmärkelserAddNewHandleddaPersonerEnskildPerson" name="LäggTillHandleddaPersonerEnskildPersonRoll" time="0.120"/>
  <testcase classname="testCasesSATMinProfilMeriterOchUtmärkelser.MeriterOchUtmärkelserAddNewHandleddaPersonerEnskildPerson" name="LäggTillHandleddaPersonerEnskildPersonFörnamn" time="0.285"/>
  <testcase classname="testCasesSATMinProfilMeriterOchUtmärkelser.MeriterOchUtmärkelserAddNewHandleddaPersonerEnskildPerson" name="LäggTillHandleddaPersonerEnskildPersonSlutår" time="1.089"/>
  <testcase classname="testCasesSATMinProfilMeriterOchUtmärkelser.MeriterOchUtmärkelserAddNewHandleddaPersonerEnskildPerson" name="LäggTillHandleddaPersonerEnskildPersonEfternamn" time="0.130"/>
</testsuite> <!-- testCasesSATMinProfilMeriterOchUtmärkelser.MeriterOchUtmärkelserAddNewHandleddaPersonerEnskildPerson -->
