<?xml version="1.0" encoding="UTF-8"?>
<!-- Generated by org.testng.reporters.JUnitReportReporter -->
<testsuite hostname="77DWHM2" failures="0" tests="12" name="testCasesSATMinProfilUtbildning.UtbildningAddUtbildningPåGrundOchAvanceradNivå" time="15.202" errors="0" timestamp="26 juli 2018 14:19:25 GMT" skipped="0">
  <testcase classname="testCasesSATMinProfilUtbildning.UtbildningAddUtbildningPåGrundOchAvanceradNivå" name="Spara" time="0.433"/>
  <testcase classname="testCasesSATMinProfilUtbildning.UtbildningAddUtbildningPåGrundOchAvanceradNivå" name="UtbildningPåGrundOchAvanceradNivåAdd" time="0.113"/>
  <testcase classname="testCasesSATMinProfilUtbildning.UtbildningAddUtbildningPåGrundOchAvanceradNivå" name="ClickUtbildning" time="0.973"/>
  <testcase classname="testCasesSATMinProfilUtbildning.UtbildningAddUtbildningPåGrundOchAvanceradNivå" name="Specialistkompetens" time="0.198"/>
  <testcase classname="testCasesSATMinProfilUtbildning.UtbildningAddUtbildningPåGrundOchAvanceradNivå" name="SpecialistkompetensÅr" time="1.793"/>
  <testcase classname="testCasesSATMinProfilUtbildning.UtbildningAddUtbildningPåGrundOchAvanceradNivå" name="ÅrFörExamen" time="2.289"/>
  <testcase classname="testCasesSATMinProfilUtbildning.UtbildningAddUtbildningPåGrundOchAvanceradNivå" name="OmrådeBeskrivning" time="0.193"/>
  <testcase classname="testCasesSATMinProfilUtbildning.UtbildningAddUtbildningPåGrundOchAvanceradNivå" name="ExamensinriktningSelectSubjects" time="1.080"/>
  <testcase classname="testCasesSATMinProfilUtbildning.UtbildningAddUtbildningPåGrundOchAvanceradNivå" name="LoginAsUser" time="4.773"/>
  <testcase classname="testCasesSATMinProfilUtbildning.UtbildningAddUtbildningPåGrundOchAvanceradNivå" name="ClickUtbildningPåGrundOchAvanceradNivå" time="0.125"/>
  <testcase classname="testCasesSATMinProfilUtbildning.UtbildningAddUtbildningPåGrundOchAvanceradNivå" name="Examen" time="0.216"/>
  <testcase classname="testCasesSATMinProfilUtbildning.UtbildningAddUtbildningPåGrundOchAvanceradNivå" name="SelectOrganization" time="3.016"/>
</testsuite> <!-- testCasesSATMinProfilUtbildning.UtbildningAddUtbildningPåGrundOchAvanceradNivå -->
