<?xml version="1.0" encoding="UTF-8"?>
<!-- Generated by org.testng.reporters.JUnitReportReporter -->
<testsuite hostname="77DWHM2" failures="0" tests="24" name="testCasesSATMinProfilPublikationer.PublikationerAddNewINTEFackGranskadRecensionArtikel" time="17.233" errors="0" timestamp="31 juli 2018 14:21:01 GMT" skipped="0">
  <testcase classname="testCasesSATMinProfilPublikationer.PublikationerAddNewINTEFackGranskadRecensionArtikel" name="ClickPublikationer" time="1.704"/>
  <testcase classname="testCasesSATMinProfilPublikationer.PublikationerAddNewINTEFackGranskadRecensionArtikel" name="RecensionArtikelStatus" time="0.080"/>
  <testcase classname="testCasesSATMinProfilPublikationer.PublikationerAddNewINTEFackGranskadRecensionArtikel" name="RecensionArtikelVarTextenPubliceradIOpenAcessJa" time="0.121"/>
  <testcase classname="testCasesSATMinProfilPublikationer.PublikationerAddNewINTEFackGranskadRecensionArtikel" name="RecensionArtikelKällaFörPublikation" time="0.153"/>
  <testcase classname="testCasesSATMinProfilPublikationer.PublikationerAddNewINTEFackGranskadRecensionArtikel" name="DropDownRecensionArtikel" time="0.303"/>
  <testcase classname="testCasesSATMinProfilPublikationer.PublikationerAddNewINTEFackGranskadRecensionArtikel" name="RecensionArtikelSistaSidnummer" time="0.122"/>
  <testcase classname="testCasesSATMinProfilPublikationer.PublikationerAddNewINTEFackGranskadRecensionArtikel" name="RecensionArtikelUtfärdandenummer" time="0.074"/>
  <testcase classname="testCasesSATMinProfilPublikationer.PublikationerAddNewINTEFackGranskadRecensionArtikel" name="RecensionArtikelLänkExternLänkFörPublicering" time="0.763"/>
  <testcase classname="testCasesSATMinProfilPublikationer.PublikationerAddNewINTEFackGranskadRecensionArtikel" name="RecensionArtikelSpara" time="1.356"/>
  <testcase classname="testCasesSATMinProfilPublikationer.PublikationerAddNewINTEFackGranskadRecensionArtikel" name="LäggTillPublikationer" time="0.099"/>
  <testcase classname="testCasesSATMinProfilPublikationer.PublikationerAddNewINTEFackGranskadRecensionArtikel" name="RecensionArtikelOpenAcessSammanfattning" time="0.348"/>
  <testcase classname="testCasesSATMinProfilPublikationer.PublikationerAddNewINTEFackGranskadRecensionArtikel" name="RecensionArtikelFörfattareFörnamn" time="0.112"/>
  <testcase classname="testCasesSATMinProfilPublikationer.PublikationerAddNewINTEFackGranskadRecensionArtikel" name="RecensionArtikelFörstaSidnummer" time="0.068"/>
  <testcase classname="testCasesSATMinProfilPublikationer.PublikationerAddNewINTEFackGranskadRecensionArtikel" name="RecensionArtikelOpenAccessDokumentVersion" time="0.118"/>
  <testcase classname="testCasesSATMinProfilPublikationer.PublikationerAddNewINTEFackGranskadRecensionArtikel" name="RecensionArtikelVolym" time="0.081"/>
  <testcase classname="testCasesSATMinProfilPublikationer.PublikationerAddNewINTEFackGranskadRecensionArtikel" name="RecensionArtikelTitel" time="0.219"/>
  <testcase classname="testCasesSATMinProfilPublikationer.PublikationerAddNewINTEFackGranskadRecensionArtikel" name="RecensionArtikelNamnPåTidskrift" time="0.173"/>
  <testcase classname="testCasesSATMinProfilPublikationer.PublikationerAddNewINTEFackGranskadRecensionArtikel" name="RecensionArtikelKällaID" time="0.083"/>
  <testcase classname="testCasesSATMinProfilPublikationer.PublikationerAddNewINTEFackGranskadRecensionArtikel" name="RecensionArtikelFörfattareKnapp" time="0.138"/>
  <testcase classname="testCasesSATMinProfilPublikationer.PublikationerAddNewINTEFackGranskadRecensionArtikel" name="LoginAsUser" time="9.798"/>
  <testcase classname="testCasesSATMinProfilPublikationer.PublikationerAddNewINTEFackGranskadRecensionArtikel" name="RecensionArtikelOpenAccessFormAvOA" time="0.144"/>
  <testcase classname="testCasesSATMinProfilPublikationer.PublikationerAddNewINTEFackGranskadRecensionArtikel" name="RecensionArtikelFörfattareEfternamn" time="0.168"/>
  <testcase classname="testCasesSATMinProfilPublikationer.PublikationerAddNewINTEFackGranskadRecensionArtikel" name="RecensionArtikelDOI" time="0.173"/>
  <testcase classname="testCasesSATMinProfilPublikationer.PublikationerAddNewINTEFackGranskadRecensionArtikel" name="VäljPublikationsTyp" time="0.835"/>
</testsuite> <!-- testCasesSATMinProfilPublikationer.PublikationerAddNewINTEFackGranskadRecensionArtikel -->
