<?xml version="1.0" encoding="UTF-8"?>
<!-- Generated by org.testng.reporters.JUnitReportReporter -->
<testsuite hostname="77DWHM2" failures="0" tests="7" name="testCasesSAT.MeriterOchUtmärkelserAddNewDocentur" time="0.000" errors="0" timestamp="25 juli 2018 09:01:16 GMT" skipped="7">
  <testcase classname="testCasesSAT.MeriterOchUtmärkelserAddNewDocentur" name="LäggTillDocentur" time="0.000">
    <skipped/>
  </testcase> <!-- LäggTillDocentur -->
  <testcase classname="testCasesSAT.MeriterOchUtmärkelserAddNewDocentur" name="Ämne" time="0.000">
    <skipped/>
  </testcase> <!-- Ämne -->
  <testcase classname="testCasesSAT.MeriterOchUtmärkelserAddNewDocentur" name="SparaDocentur" time="0.000">
    <skipped/>
  </testcase> <!-- SparaDocentur -->
  <testcase classname="testCasesSAT.MeriterOchUtmärkelserAddNewDocentur" name="SelectOrganization" time="0.000">
    <skipped/>
  </testcase> <!-- SelectOrganization -->
  <testcase classname="testCasesSAT.MeriterOchUtmärkelserAddNewDocentur" name="År" time="0.000">
    <skipped/>
  </testcase> <!-- År -->
  <testcase classname="testCasesSAT.MeriterOchUtmärkelserAddNewDocentur" name="ClickMeriterOchUtmärkelser" time="0.000">
    <skipped/>
  </testcase> <!-- ClickMeriterOchUtmärkelser -->
  <testcase classname="testCasesSAT.MeriterOchUtmärkelserAddNewDocentur" name="LoginAsUser" time="0.000">
    <skipped/>
  </testcase> <!-- LoginAsUser -->
</testsuite> <!-- testCasesSAT.MeriterOchUtmärkelserAddNewDocentur -->
