<?xml version="1.0" encoding="UTF-8"?>
<!-- Generated by org.testng.reporters.JUnitReportReporter -->
<testsuite hostname="77DWHM2" failures="0" tests="2" name="testCasesSATÖvrigt.LoginAsValidUser" time="0.000" errors="0" timestamp="25 juli 2018 15:37:49 GMT" skipped="2">
  <testcase classname="testCasesSATÖvrigt.LoginAsValidUser" name="CheckIfLogOutButtonIsPresentVerifyLoginSuccess" time="0.000">
    <skipped/>
  </testcase> <!-- CheckIfLogOutButtonIsPresentVerifyLoginSuccess -->
  <testcase classname="testCasesSATÖvrigt.LoginAsValidUser" name="LoginAsUser" time="0.000">
    <skipped/>
  </testcase> <!-- LoginAsUser -->
</testsuite> <!-- testCasesSATÖvrigt.LoginAsValidUser -->
