<?xml version="1.0" encoding="UTF-8"?>
<!-- Generated by org.testng.reporters.JUnitReportReporter -->
<testsuite hostname="77DWHM2" failures="0" tests="9" name="testCasesSATMinProfilMeriterOchUtmärkelser.MeriterOchUtmärkelserAddNewHandleddaPersonerEnskildPerson" time="13.129" errors="0" timestamp="31 juli 2018 14:21:01 GMT" skipped="0">
  <testcase classname="testCasesSATMinProfilMeriterOchUtmärkelser.MeriterOchUtmärkelserAddNewHandleddaPersonerEnskildPerson" name="LäggTillHandleddaPersonerEnskildPersonSlutår" time="0.231"/>
  <testcase classname="testCasesSATMinProfilMeriterOchUtmärkelser.MeriterOchUtmärkelserAddNewHandleddaPersonerEnskildPerson" name="LäggTillHandleddaPersonerEnskildPersonRoll" time="0.153"/>
  <testcase classname="testCasesSATMinProfilMeriterOchUtmärkelser.MeriterOchUtmärkelserAddNewHandleddaPersonerEnskildPerson" name="LäggTillHandleddaPersonerEnskildPerson" time="0.131"/>
  <testcase classname="testCasesSATMinProfilMeriterOchUtmärkelser.MeriterOchUtmärkelserAddNewHandleddaPersonerEnskildPerson" name="LoginAsUser" time="9.647"/>
  <testcase classname="testCasesSATMinProfilMeriterOchUtmärkelser.MeriterOchUtmärkelserAddNewHandleddaPersonerEnskildPerson" name="LäggTillHandleddaPersonerEnskildPersonTypAvHandleddaPersoner" time="0.145"/>
  <testcase classname="testCasesSATMinProfilMeriterOchUtmärkelser.MeriterOchUtmärkelserAddNewHandleddaPersonerEnskildPerson" name="LäggTillHandleddaPersonerEnskildPersonEfternamn" time="0.151"/>
  <testcase classname="testCasesSATMinProfilMeriterOchUtmärkelser.MeriterOchUtmärkelserAddNewHandleddaPersonerEnskildPerson" name="LäggTillHandleddaPersonerEnskildPersonFörnamn" time="0.302"/>
  <testcase classname="testCasesSATMinProfilMeriterOchUtmärkelser.MeriterOchUtmärkelserAddNewHandleddaPersonerEnskildPerson" name="LäggTillHandleddaPersonerEnskildPersonRollSpara" time="0.147"/>
  <testcase classname="testCasesSATMinProfilMeriterOchUtmärkelser.MeriterOchUtmärkelserAddNewHandleddaPersonerEnskildPerson" name="ClickMeriterOchUtmärkelser" time="2.222"/>
</testsuite> <!-- testCasesSATMinProfilMeriterOchUtmärkelser.MeriterOchUtmärkelserAddNewHandleddaPersonerEnskildPerson -->
