<?xml version="1.0" encoding="UTF-8"?>
<!-- Generated by org.testng.reporters.JUnitReportReporter -->
<testsuite hostname="77DWHM2" failures="0" tests="1" name="Utility.HjalpPeter" time="7.371" errors="0" timestamp="24 juli 2018 07:56:27 GMT" skipped="0">
  <testcase classname="Utility.HjalpPeter" name="f" time="7.371"/>
</testsuite> <!-- Utility.HjalpPeter -->
