<?xml version="1.0" encoding="UTF-8"?>
<!-- Generated by org.testng.reporters.JUnitReportReporter -->
<testsuite hostname="77DWHM2" failures="0" tests="21" name="testCasesSAT.ArbetslivAddNewFackGranskadRedaktörerAntologi" time="14.408" errors="0" timestamp="19 juli 2018 15:38:48 GMT" skipped="0">
  <testcase classname="testCasesSAT.ArbetslivAddNewFackGranskadRedaktörerAntologi" name="RedaktörerAntologiOpenAccessDokumentVersion" time="0.129"/>
  <testcase classname="testCasesSAT.ArbetslivAddNewFackGranskadRedaktörerAntologi" name="RedaktörerAntologiKällaID" time="0.071"/>
  <testcase classname="testCasesSAT.ArbetslivAddNewFackGranskadRedaktörerAntologi" name="RedaktörerAntologiISBN" time="0.086"/>
  <testcase classname="testCasesSAT.ArbetslivAddNewFackGranskadRedaktörerAntologi" name="LäggTillPublikationer" time="0.092"/>
  <testcase classname="testCasesSAT.ArbetslivAddNewFackGranskadRedaktörerAntologi" name="ClickPublikationer" time="0.872"/>
  <testcase classname="testCasesSAT.ArbetslivAddNewFackGranskadRedaktörerAntologi" name="RedaktörerAntologiKällaFörPublikation" time="0.127"/>
  <testcase classname="testCasesSAT.ArbetslivAddNewFackGranskadRedaktörerAntologi" name="RedaktörerAntologiStatus" time="0.087"/>
  <testcase classname="testCasesSAT.ArbetslivAddNewFackGranskadRedaktörerAntologi" name="VäljPublikationsTyp" time="0.814"/>
  <testcase classname="testCasesSAT.ArbetslivAddNewFackGranskadRedaktörerAntologi" name="RedaktörerAntologiFörlag" time="0.172"/>
  <testcase classname="testCasesSAT.ArbetslivAddNewFackGranskadRedaktörerAntologi" name="DropDownRedaktörerAntologi" time="0.239"/>
  <testcase classname="testCasesSAT.ArbetslivAddNewFackGranskadRedaktörerAntologi" name="RedaktörerAntologiDOI" time="0.086"/>
  <testcase classname="testCasesSAT.ArbetslivAddNewFackGranskadRedaktörerAntologi" name="RedaktörerAntologiOpenAccessLänkExternLänkFörPublicering" time="0.730"/>
  <testcase classname="testCasesSAT.ArbetslivAddNewFackGranskadRedaktörerAntologi" name="RedaktörerAntologiFörlagsplats" time="0.186"/>
  <testcase classname="testCasesSAT.ArbetslivAddNewFackGranskadRedaktörerAntologi" name="RedaktörerAntologiSpara" time="1.007"/>
  <testcase classname="testCasesSAT.ArbetslivAddNewFackGranskadRedaktörerAntologi" name="RedaktörerAntologiRedaktörKnapp" time="0.092"/>
  <testcase classname="testCasesSAT.ArbetslivAddNewFackGranskadRedaktörerAntologi" name="RedaktörerAntologiVarTextenPubliceradIOpenAcessJa" time="0.108"/>
  <testcase classname="testCasesSAT.ArbetslivAddNewFackGranskadRedaktörerAntologi" name="RedaktörerAntologiOpenAccessFormAvOA" time="0.113"/>
  <testcase classname="testCasesSAT.ArbetslivAddNewFackGranskadRedaktörerAntologi" name="RedaktörerAntologiRedaktörNamn" time="0.184"/>
  <testcase classname="testCasesSAT.ArbetslivAddNewFackGranskadRedaktörerAntologi" name="RedaktörerAntologiOpenAcessSammanfattning" time="0.285"/>
  <testcase classname="testCasesSAT.ArbetslivAddNewFackGranskadRedaktörerAntologi" name="RedaktörerAntologiTitel" time="0.758"/>
  <testcase classname="testCasesSAT.ArbetslivAddNewFackGranskadRedaktörerAntologi" name="LoginAsUser" time="8.170"/>
</testsuite> <!-- testCasesSAT.ArbetslivAddNewFackGranskadRedaktörerAntologi -->
