<?xml version="1.0" encoding="UTF-8"?>
<!-- Generated by org.testng.reporters.JUnitReportReporter -->
<testsuite hostname="77DWHM2" failures="0" tests="21" name="testCasesSATMinProfilPublikationer.PublikationerAddNewINTEFackGranskadRedaktörerAntologi" time="0.000" errors="0" timestamp="25 juli 2018 15:37:49 GMT" skipped="21">
  <testcase classname="testCasesSATMinProfilPublikationer.PublikationerAddNewINTEFackGranskadRedaktörerAntologi" name="LoginAsUser" time="0.000">
    <skipped/>
  </testcase> <!-- LoginAsUser -->
  <testcase classname="testCasesSATMinProfilPublikationer.PublikationerAddNewINTEFackGranskadRedaktörerAntologi" name="RedaktörerAntologiOpenAccessLänkExternLänkFörPublicering" time="0.000">
    <skipped/>
  </testcase> <!-- RedaktörerAntologiOpenAccessLänkExternLänkFörPublicering -->
  <testcase classname="testCasesSATMinProfilPublikationer.PublikationerAddNewINTEFackGranskadRedaktörerAntologi" name="RedaktörerAntologiOpenAccessFormAvOA" time="0.000">
    <skipped/>
  </testcase> <!-- RedaktörerAntologiOpenAccessFormAvOA -->
  <testcase classname="testCasesSATMinProfilPublikationer.PublikationerAddNewINTEFackGranskadRedaktörerAntologi" name="RedaktörerAntologiRedaktörKnapp" time="0.000">
    <skipped/>
  </testcase> <!-- RedaktörerAntologiRedaktörKnapp -->
  <testcase classname="testCasesSATMinProfilPublikationer.PublikationerAddNewINTEFackGranskadRedaktörerAntologi" name="LäggTillPublikationer" time="0.000">
    <skipped/>
  </testcase> <!-- LäggTillPublikationer -->
  <testcase classname="testCasesSATMinProfilPublikationer.PublikationerAddNewINTEFackGranskadRedaktörerAntologi" name="RedaktörerAntologiTitel" time="0.000">
    <skipped/>
  </testcase> <!-- RedaktörerAntologiTitel -->
  <testcase classname="testCasesSATMinProfilPublikationer.PublikationerAddNewINTEFackGranskadRedaktörerAntologi" name="RedaktörerAntologiFörlag" time="0.000">
    <skipped/>
  </testcase> <!-- RedaktörerAntologiFörlag -->
  <testcase classname="testCasesSATMinProfilPublikationer.PublikationerAddNewINTEFackGranskadRedaktörerAntologi" name="ClickPublikationer" time="0.000">
    <skipped/>
  </testcase> <!-- ClickPublikationer -->
  <testcase classname="testCasesSATMinProfilPublikationer.PublikationerAddNewINTEFackGranskadRedaktörerAntologi" name="VäljPublikationsTyp" time="0.000">
    <skipped/>
  </testcase> <!-- VäljPublikationsTyp -->
  <testcase classname="testCasesSATMinProfilPublikationer.PublikationerAddNewINTEFackGranskadRedaktörerAntologi" name="RedaktörerAntologiStatus" time="0.000">
    <skipped/>
  </testcase> <!-- RedaktörerAntologiStatus -->
  <testcase classname="testCasesSATMinProfilPublikationer.PublikationerAddNewINTEFackGranskadRedaktörerAntologi" name="RedaktörerAntologiKällaID" time="0.000">
    <skipped/>
  </testcase> <!-- RedaktörerAntologiKällaID -->
  <testcase classname="testCasesSATMinProfilPublikationer.PublikationerAddNewINTEFackGranskadRedaktörerAntologi" name="RedaktörerAntologiFörlagsplats" time="0.000">
    <skipped/>
  </testcase> <!-- RedaktörerAntologiFörlagsplats -->
  <testcase classname="testCasesSATMinProfilPublikationer.PublikationerAddNewINTEFackGranskadRedaktörerAntologi" name="RedaktörerAntologiDOI" time="0.000">
    <skipped/>
  </testcase> <!-- RedaktörerAntologiDOI -->
  <testcase classname="testCasesSATMinProfilPublikationer.PublikationerAddNewINTEFackGranskadRedaktörerAntologi" name="RedaktörerAntologiSpara" time="0.000">
    <skipped/>
  </testcase> <!-- RedaktörerAntologiSpara -->
  <testcase classname="testCasesSATMinProfilPublikationer.PublikationerAddNewINTEFackGranskadRedaktörerAntologi" name="RedaktörerAntologiRedaktörNamn" time="0.000">
    <skipped/>
  </testcase> <!-- RedaktörerAntologiRedaktörNamn -->
  <testcase classname="testCasesSATMinProfilPublikationer.PublikationerAddNewINTEFackGranskadRedaktörerAntologi" name="RedaktörerAntologiISBN" time="0.000">
    <skipped/>
  </testcase> <!-- RedaktörerAntologiISBN -->
  <testcase classname="testCasesSATMinProfilPublikationer.PublikationerAddNewINTEFackGranskadRedaktörerAntologi" name="RedaktörerAntologiOpenAccessDokumentVersion" time="0.000">
    <skipped/>
  </testcase> <!-- RedaktörerAntologiOpenAccessDokumentVersion -->
  <testcase classname="testCasesSATMinProfilPublikationer.PublikationerAddNewINTEFackGranskadRedaktörerAntologi" name="RedaktörerAntologiOpenAcessSammanfattning" time="0.000">
    <skipped/>
  </testcase> <!-- RedaktörerAntologiOpenAcessSammanfattning -->
  <testcase classname="testCasesSATMinProfilPublikationer.PublikationerAddNewINTEFackGranskadRedaktörerAntologi" name="RedaktörerAntologiVarTextenPubliceradIOpenAcessJa" time="0.000">
    <skipped/>
  </testcase> <!-- RedaktörerAntologiVarTextenPubliceradIOpenAcessJa -->
  <testcase classname="testCasesSATMinProfilPublikationer.PublikationerAddNewINTEFackGranskadRedaktörerAntologi" name="DropDownRedaktörerAntologi" time="0.000">
    <skipped/>
  </testcase> <!-- DropDownRedaktörerAntologi -->
  <testcase classname="testCasesSATMinProfilPublikationer.PublikationerAddNewINTEFackGranskadRedaktörerAntologi" name="RedaktörerAntologiKällaFörPublikation" time="0.000">
    <skipped/>
  </testcase> <!-- RedaktörerAntologiKällaFörPublikation -->
</testsuite> <!-- testCasesSATMinProfilPublikationer.PublikationerAddNewINTEFackGranskadRedaktörerAntologi -->
