<?xml version="1.0" encoding="UTF-8"?>
<!-- Generated by org.testng.reporters.JUnitReportReporter -->
<testsuite hostname="77DWHM2" failures="0" tests="24" name="testCasesSATMinProfilPublikationer.PublikationerAddNewFackGranskadOriginellaBidragTillVetenskapligaTidskriften" time="20.928" errors="0" timestamp="26 juli 2018 14:19:25 GMT" skipped="0">
  <testcase classname="testCasesSATMinProfilPublikationer.PublikationerAddNewFackGranskadOriginellaBidragTillVetenskapligaTidskriften" name="OriginellaBidragTillVetenskapligaTidskriftenKällaID" time="0.272"/>
  <testcase classname="testCasesSATMinProfilPublikationer.PublikationerAddNewFackGranskadOriginellaBidragTillVetenskapligaTidskriften" name="OriginellaBidragTillVetenskapligaTidskriftenFörfattareEfternamn" time="0.577"/>
  <testcase classname="testCasesSATMinProfilPublikationer.PublikationerAddNewFackGranskadOriginellaBidragTillVetenskapligaTidskriften" name="OriginellaBidragTillVetenskapligaTidskriftenFörfattareKnapp" time="0.157"/>
  <testcase classname="testCasesSATMinProfilPublikationer.PublikationerAddNewFackGranskadOriginellaBidragTillVetenskapligaTidskriften" name="ClickPublikationer" time="1.428"/>
  <testcase classname="testCasesSATMinProfilPublikationer.PublikationerAddNewFackGranskadOriginellaBidragTillVetenskapligaTidskriften" name="OriginellaBidragTillVetenskapligaTidskriftenVolym" time="0.239"/>
  <testcase classname="testCasesSATMinProfilPublikationer.PublikationerAddNewFackGranskadOriginellaBidragTillVetenskapligaTidskriften" name="OriginellaBidragTillVetenskapligaTidskriftenDOI" time="0.349"/>
  <testcase classname="testCasesSATMinProfilPublikationer.PublikationerAddNewFackGranskadOriginellaBidragTillVetenskapligaTidskriften" name="OriginellaBidragTillVetenskapligaTidskriftenVarTextenPubliceradIOpenAcessJa" time="0.112"/>
  <testcase classname="testCasesSATMinProfilPublikationer.PublikationerAddNewFackGranskadOriginellaBidragTillVetenskapligaTidskriften" name="OriginellaBidragTillVetenskapligaTidskriftenOpenAccessFormAvOA" time="0.139"/>
  <testcase classname="testCasesSATMinProfilPublikationer.PublikationerAddNewFackGranskadOriginellaBidragTillVetenskapligaTidskriften" name="OriginellaBidragTillVetenskapligaTidskriftenTitel" time="0.523"/>
  <testcase classname="testCasesSATMinProfilPublikationer.PublikationerAddNewFackGranskadOriginellaBidragTillVetenskapligaTidskriften" name="VäljPublikationsTyp" time="0.823"/>
  <testcase classname="testCasesSATMinProfilPublikationer.PublikationerAddNewFackGranskadOriginellaBidragTillVetenskapligaTidskriften" name="OriginellaBidragTillVetenskapligaTidskriftenUtfärdandenummer" time="0.268"/>
  <testcase classname="testCasesSATMinProfilPublikationer.PublikationerAddNewFackGranskadOriginellaBidragTillVetenskapligaTidskriften" name="OriginellaBidragTillVetenskapligaTidskriftenFörfattareFörnamn" time="0.307"/>
  <testcase classname="testCasesSATMinProfilPublikationer.PublikationerAddNewFackGranskadOriginellaBidragTillVetenskapligaTidskriften" name="OriginellaBidragTillVetenskapligaTidskriftenOpenAccessLänkExternLänkFörPublicering" time="0.907"/>
  <testcase classname="testCasesSATMinProfilPublikationer.PublikationerAddNewFackGranskadOriginellaBidragTillVetenskapligaTidskriften" name="OriginellaBidragTillVetenskapligaTidskriftenOpenAcessSammanfattning" time="0.841"/>
  <testcase classname="testCasesSATMinProfilPublikationer.PublikationerAddNewFackGranskadOriginellaBidragTillVetenskapligaTidskriften" name="LäggTillPublikationer" time="0.185"/>
  <testcase classname="testCasesSATMinProfilPublikationer.PublikationerAddNewFackGranskadOriginellaBidragTillVetenskapligaTidskriften" name="OriginellaBidragTillVetenskapligaTidskriftenKällaFörPublikation" time="0.114"/>
  <testcase classname="testCasesSATMinProfilPublikationer.PublikationerAddNewFackGranskadOriginellaBidragTillVetenskapligaTidskriften" name="OriginellaBidragTillVetenskapligaTidskriftenNamnPåTidskrift" time="0.447"/>
  <testcase classname="testCasesSATMinProfilPublikationer.PublikationerAddNewFackGranskadOriginellaBidragTillVetenskapligaTidskriften" name="OriginellaBidragTillVetenskapligaTidskriftenSistaSidnummer" time="0.343"/>
  <testcase classname="testCasesSATMinProfilPublikationer.PublikationerAddNewFackGranskadOriginellaBidragTillVetenskapligaTidskriften" name="OriginellaBidragTillVetenskapligaTidskriftenStatus" time="0.111"/>
  <testcase classname="testCasesSATMinProfilPublikationer.PublikationerAddNewFackGranskadOriginellaBidragTillVetenskapligaTidskriften" name="LoginAsUser" time="10.502"/>
  <testcase classname="testCasesSATMinProfilPublikationer.PublikationerAddNewFackGranskadOriginellaBidragTillVetenskapligaTidskriften" name="OriginellaBidragTillVetenskapligaTidskriftenOpenAccessDokumentVersion" time="0.134"/>
  <testcase classname="testCasesSATMinProfilPublikationer.PublikationerAddNewFackGranskadOriginellaBidragTillVetenskapligaTidskriften" name="OriginellaBidragTillVetenskapligaTidskriftenSpara" time="1.671"/>
  <testcase classname="testCasesSATMinProfilPublikationer.PublikationerAddNewFackGranskadOriginellaBidragTillVetenskapligaTidskriften" name="OriginellaBidragTillVetenskapligaTidskriftenFörstaSidnummer" time="0.231"/>
  <testcase classname="testCasesSATMinProfilPublikationer.PublikationerAddNewFackGranskadOriginellaBidragTillVetenskapligaTidskriften" name="DropDownOriginellaBidragTillVetenskapligaTidskriften" time="0.248"/>
</testsuite> <!-- testCasesSATMinProfilPublikationer.PublikationerAddNewFackGranskadOriginellaBidragTillVetenskapligaTidskriften -->
