<?xml version="1.0" encoding="UTF-8"?>
<!-- Generated by org.testng.reporters.JUnitReportReporter -->
<testsuite hostname="77DWHM2" failures="0" tests="10" name="testCasesSATMinProfilUtbildning.UtbildningForskarUtbildningAddForskningskompetensMotsvarandeDoktorsexamen" time="15.421" errors="0" timestamp="26 juli 2018 14:19:25 GMT" skipped="0">
  <testcase classname="testCasesSATMinProfilUtbildning.UtbildningForskarUtbildningAddForskningskompetensMotsvarandeDoktorsexamen" name="TypAvForskarUtbildningSelectSubjects" time="0.672"/>
  <testcase classname="testCasesSATMinProfilUtbildning.UtbildningForskarUtbildningAddForskningskompetensMotsvarandeDoktorsexamen" name="BeskrivningAvKompetensEngelska" time="0.199"/>
  <testcase classname="testCasesSATMinProfilUtbildning.UtbildningForskarUtbildningAddForskningskompetensMotsvarandeDoktorsexamen" name="TypAvForskarUtbildningAddForskningskompetensMotsvarandeDoktorsexamen" time="0.393"/>
  <testcase classname="testCasesSATMinProfilUtbildning.UtbildningForskarUtbildningAddForskningskompetensMotsvarandeDoktorsexamen" name="BeskrivningAvKompetensSvenska" time="0.164"/>
  <testcase classname="testCasesSATMinProfilUtbildning.UtbildningForskarUtbildningAddForskningskompetensMotsvarandeDoktorsexamen" name="ClickForskarUtbildning" time="0.082"/>
  <testcase classname="testCasesSATMinProfilUtbildning.UtbildningForskarUtbildningAddForskningskompetensMotsvarandeDoktorsexamen" name="Examensdatum" time="0.601"/>
  <testcase classname="testCasesSATMinProfilUtbildning.UtbildningForskarUtbildningAddForskningskompetensMotsvarandeDoktorsexamen" name="ClickUtbildning" time="1.094"/>
  <testcase classname="testCasesSATMinProfilUtbildning.UtbildningForskarUtbildningAddForskningskompetensMotsvarandeDoktorsexamen" name="AddForskarUtbildning" time="0.112"/>
  <testcase classname="testCasesSATMinProfilUtbildning.UtbildningForskarUtbildningAddForskningskompetensMotsvarandeDoktorsexamen" name="LoginAsUser" time="10.051"/>
  <testcase classname="testCasesSATMinProfilUtbildning.UtbildningForskarUtbildningAddForskningskompetensMotsvarandeDoktorsexamen" name="SelectOrganization" time="2.053"/>
</testsuite> <!-- testCasesSATMinProfilUtbildning.UtbildningForskarUtbildningAddForskningskompetensMotsvarandeDoktorsexamen -->
