<?xml version="1.0" encoding="UTF-8"?>
<!-- Generated by org.testng.reporters.JUnitReportReporter -->
<testsuite hostname="77DWHM2" failures="0" tests="1" name="TestcasesSAT.AddForskarUtbildningMinProfil" time="21.890" errors="0" timestamp="20 juni 2018 13:34:31 GMT" skipped="0">
  <testcase classname="TestcasesSAT.AddForskarUtbildningMinProfil" name="AddForskarUtbildning" time="21.890"/>
</testsuite> <!-- TestcasesSAT.AddForskarUtbildningMinProfil -->
