<?xml version="1.0" encoding="UTF-8"?>
<!-- Generated by org.testng.reporters.JUnitReportReporter -->
<testsuite hostname="77DWHM2" failures="0" tests="24" name="testCasesSATMinProfilPublikationer.PublikationerAddNewFackGranskadOriginellaBidragTillVetenskapligaTidskriften" time="13.062" errors="0" timestamp="26 juli 2018 09:57:35 GMT" skipped="0">
  <testcase classname="testCasesSATMinProfilPublikationer.PublikationerAddNewFackGranskadOriginellaBidragTillVetenskapligaTidskriften" name="OriginellaBidragTillVetenskapligaTidskriftenUtfärdandenummer" time="0.168"/>
  <testcase classname="testCasesSATMinProfilPublikationer.PublikationerAddNewFackGranskadOriginellaBidragTillVetenskapligaTidskriften" name="OriginellaBidragTillVetenskapligaTidskriftenSpara" time="1.215"/>
  <testcase classname="testCasesSATMinProfilPublikationer.PublikationerAddNewFackGranskadOriginellaBidragTillVetenskapligaTidskriften" name="OriginellaBidragTillVetenskapligaTidskriftenKällaFörPublikation" time="0.117"/>
  <testcase classname="testCasesSATMinProfilPublikationer.PublikationerAddNewFackGranskadOriginellaBidragTillVetenskapligaTidskriften" name="OriginellaBidragTillVetenskapligaTidskriftenOpenAccessLänkExternLänkFörPublicering" time="0.847"/>
  <testcase classname="testCasesSATMinProfilPublikationer.PublikationerAddNewFackGranskadOriginellaBidragTillVetenskapligaTidskriften" name="OriginellaBidragTillVetenskapligaTidskriftenFörstaSidnummer" time="0.138"/>
  <testcase classname="testCasesSATMinProfilPublikationer.PublikationerAddNewFackGranskadOriginellaBidragTillVetenskapligaTidskriften" name="OriginellaBidragTillVetenskapligaTidskriftenKällaID" time="0.212"/>
  <testcase classname="testCasesSATMinProfilPublikationer.PublikationerAddNewFackGranskadOriginellaBidragTillVetenskapligaTidskriften" name="LoginAsUser" time="4.821"/>
  <testcase classname="testCasesSATMinProfilPublikationer.PublikationerAddNewFackGranskadOriginellaBidragTillVetenskapligaTidskriften" name="OriginellaBidragTillVetenskapligaTidskriftenNamnPåTidskrift" time="0.486"/>
  <testcase classname="testCasesSATMinProfilPublikationer.PublikationerAddNewFackGranskadOriginellaBidragTillVetenskapligaTidskriften" name="OriginellaBidragTillVetenskapligaTidskriftenSistaSidnummer" time="0.169"/>
  <testcase classname="testCasesSATMinProfilPublikationer.PublikationerAddNewFackGranskadOriginellaBidragTillVetenskapligaTidskriften" name="OriginellaBidragTillVetenskapligaTidskriftenStatus" time="0.065"/>
  <testcase classname="testCasesSATMinProfilPublikationer.PublikationerAddNewFackGranskadOriginellaBidragTillVetenskapligaTidskriften" name="VäljPublikationsTyp" time="0.800"/>
  <testcase classname="testCasesSATMinProfilPublikationer.PublikationerAddNewFackGranskadOriginellaBidragTillVetenskapligaTidskriften" name="OriginellaBidragTillVetenskapligaTidskriftenTitel" time="0.434"/>
  <testcase classname="testCasesSATMinProfilPublikationer.PublikationerAddNewFackGranskadOriginellaBidragTillVetenskapligaTidskriften" name="ClickPublikationer" time="1.337"/>
  <testcase classname="testCasesSATMinProfilPublikationer.PublikationerAddNewFackGranskadOriginellaBidragTillVetenskapligaTidskriften" name="OriginellaBidragTillVetenskapligaTidskriftenFörfattareEfternamn" time="0.299"/>
  <testcase classname="testCasesSATMinProfilPublikationer.PublikationerAddNewFackGranskadOriginellaBidragTillVetenskapligaTidskriften" name="OriginellaBidragTillVetenskapligaTidskriftenDOI" time="0.194"/>
  <testcase classname="testCasesSATMinProfilPublikationer.PublikationerAddNewFackGranskadOriginellaBidragTillVetenskapligaTidskriften" name="OriginellaBidragTillVetenskapligaTidskriftenOpenAccessDokumentVersion" time="0.108"/>
  <testcase classname="testCasesSATMinProfilPublikationer.PublikationerAddNewFackGranskadOriginellaBidragTillVetenskapligaTidskriften" name="LäggTillPublikationer" time="0.112"/>
  <testcase classname="testCasesSATMinProfilPublikationer.PublikationerAddNewFackGranskadOriginellaBidragTillVetenskapligaTidskriften" name="OriginellaBidragTillVetenskapligaTidskriftenFörfattareKnapp" time="0.134"/>
  <testcase classname="testCasesSATMinProfilPublikationer.PublikationerAddNewFackGranskadOriginellaBidragTillVetenskapligaTidskriften" name="OriginellaBidragTillVetenskapligaTidskriftenFörfattareFörnamn" time="0.263"/>
  <testcase classname="testCasesSATMinProfilPublikationer.PublikationerAddNewFackGranskadOriginellaBidragTillVetenskapligaTidskriften" name="OriginellaBidragTillVetenskapligaTidskriftenVolym" time="0.231"/>
  <testcase classname="testCasesSATMinProfilPublikationer.PublikationerAddNewFackGranskadOriginellaBidragTillVetenskapligaTidskriften" name="DropDownOriginellaBidragTillVetenskapligaTidskriften" time="0.222"/>
  <testcase classname="testCasesSATMinProfilPublikationer.PublikationerAddNewFackGranskadOriginellaBidragTillVetenskapligaTidskriften" name="OriginellaBidragTillVetenskapligaTidskriftenOpenAcessSammanfattning" time="0.490"/>
  <testcase classname="testCasesSATMinProfilPublikationer.PublikationerAddNewFackGranskadOriginellaBidragTillVetenskapligaTidskriften" name="OriginellaBidragTillVetenskapligaTidskriftenOpenAccessFormAvOA" time="0.099"/>
  <testcase classname="testCasesSATMinProfilPublikationer.PublikationerAddNewFackGranskadOriginellaBidragTillVetenskapligaTidskriften" name="OriginellaBidragTillVetenskapligaTidskriftenVarTextenPubliceradIOpenAcessJa" time="0.101"/>
</testsuite> <!-- testCasesSATMinProfilPublikationer.PublikationerAddNewFackGranskadOriginellaBidragTillVetenskapligaTidskriften -->
