<?xml version="1.0" encoding="UTF-8"?>
<!-- Generated by org.testng.reporters.JUnitReportReporter -->
<testsuite hostname="77DWHM2" failures="0" tests="21" name="testCasesSATMinProfilPublikationer.PublikationerAddNewFackGranskadRedaktörerAntologi" time="18.492" errors="0" timestamp="26 juli 2018 14:19:25 GMT" skipped="0">
  <testcase classname="testCasesSATMinProfilPublikationer.PublikationerAddNewFackGranskadRedaktörerAntologi" name="RedaktörerAntologiStatus" time="0.215"/>
  <testcase classname="testCasesSATMinProfilPublikationer.PublikationerAddNewFackGranskadRedaktörerAntologi" name="RedaktörerAntologiFörlag" time="0.196"/>
  <testcase classname="testCasesSATMinProfilPublikationer.PublikationerAddNewFackGranskadRedaktörerAntologi" name="RedaktörerAntologiOpenAccessFormAvOA" time="0.134"/>
  <testcase classname="testCasesSATMinProfilPublikationer.PublikationerAddNewFackGranskadRedaktörerAntologi" name="ClickPublikationer" time="1.594"/>
  <testcase classname="testCasesSATMinProfilPublikationer.PublikationerAddNewFackGranskadRedaktörerAntologi" name="RedaktörerAntologiISBN" time="0.116"/>
  <testcase classname="testCasesSATMinProfilPublikationer.PublikationerAddNewFackGranskadRedaktörerAntologi" name="RedaktörerAntologiRedaktörKnapp" time="0.096"/>
  <testcase classname="testCasesSATMinProfilPublikationer.PublikationerAddNewFackGranskadRedaktörerAntologi" name="RedaktörerAntologiOpenAccessLänkExternLänkFörPublicering" time="0.754"/>
  <testcase classname="testCasesSATMinProfilPublikationer.PublikationerAddNewFackGranskadRedaktörerAntologi" name="RedaktörerAntologiRedaktörNamn" time="0.234"/>
  <testcase classname="testCasesSATMinProfilPublikationer.PublikationerAddNewFackGranskadRedaktörerAntologi" name="LoginAsUser" time="10.271"/>
  <testcase classname="testCasesSATMinProfilPublikationer.PublikationerAddNewFackGranskadRedaktörerAntologi" name="RedaktörerAntologiKällaID" time="0.205"/>
  <testcase classname="testCasesSATMinProfilPublikationer.PublikationerAddNewFackGranskadRedaktörerAntologi" name="RedaktörerAntologiOpenAcessSammanfattning" time="0.367"/>
  <testcase classname="testCasesSATMinProfilPublikationer.PublikationerAddNewFackGranskadRedaktörerAntologi" name="RedaktörerAntologiOpenAccessDokumentVersion" time="0.144"/>
  <testcase classname="testCasesSATMinProfilPublikationer.PublikationerAddNewFackGranskadRedaktörerAntologi" name="RedaktörerAntologiSpara" time="1.465"/>
  <testcase classname="testCasesSATMinProfilPublikationer.PublikationerAddNewFackGranskadRedaktörerAntologi" name="VäljPublikationsTyp" time="0.824"/>
  <testcase classname="testCasesSATMinProfilPublikationer.PublikationerAddNewFackGranskadRedaktörerAntologi" name="RedaktörerAntologiDOI" time="0.115"/>
  <testcase classname="testCasesSATMinProfilPublikationer.PublikationerAddNewFackGranskadRedaktörerAntologi" name="RedaktörerAntologiVarTextenPubliceradIOpenAcessJa" time="0.196"/>
  <testcase classname="testCasesSATMinProfilPublikationer.PublikationerAddNewFackGranskadRedaktörerAntologi" name="RedaktörerAntologiKällaFörPublikation" time="0.223"/>
  <testcase classname="testCasesSATMinProfilPublikationer.PublikationerAddNewFackGranskadRedaktörerAntologi" name="RedaktörerAntologiTitel" time="0.713"/>
  <testcase classname="testCasesSATMinProfilPublikationer.PublikationerAddNewFackGranskadRedaktörerAntologi" name="DropDownRedaktörerAntologi" time="0.237"/>
  <testcase classname="testCasesSATMinProfilPublikationer.PublikationerAddNewFackGranskadRedaktörerAntologi" name="LäggTillPublikationer" time="0.141"/>
  <testcase classname="testCasesSATMinProfilPublikationer.PublikationerAddNewFackGranskadRedaktörerAntologi" name="RedaktörerAntologiFörlagsplats" time="0.252"/>
</testsuite> <!-- testCasesSATMinProfilPublikationer.PublikationerAddNewFackGranskadRedaktörerAntologi -->
