<?xml version="1.0" encoding="UTF-8"?>
<!-- Generated by org.testng.reporters.JUnitReportReporter -->
<testsuite hostname="77DWHM2" failures="0" tests="7" name="testCasesMinProfilArbetsliv.ArbetslivAddNewUppeHålliForskningen" time="0.000" errors="0" timestamp="25 juli 2018 15:37:49 GMT" skipped="7">
  <testcase classname="testCasesMinProfilArbetsliv.ArbetslivAddNewUppeHålliForskningen" name="UppehållIForskningenLäggTill" time="0.000">
    <skipped/>
  </testcase> <!-- UppehållIForskningenLäggTill -->
  <testcase classname="testCasesMinProfilArbetsliv.ArbetslivAddNewUppeHålliForskningen" name="Beskrivning" time="0.000">
    <skipped/>
  </testcase> <!-- Beskrivning -->
  <testcase classname="testCasesMinProfilArbetsliv.ArbetslivAddNewUppeHålliForskningen" name="SlutDatum" time="0.000">
    <skipped/>
  </testcase> <!-- SlutDatum -->
  <testcase classname="testCasesMinProfilArbetsliv.ArbetslivAddNewUppeHålliForskningen" name="ClickArbetsliv" time="0.000">
    <skipped/>
  </testcase> <!-- ClickArbetsliv -->
  <testcase classname="testCasesMinProfilArbetsliv.ArbetslivAddNewUppeHålliForskningen" name="LoginAsUser2" time="0.000">
    <skipped/>
  </testcase> <!-- LoginAsUser2 -->
  <testcase classname="testCasesMinProfilArbetsliv.ArbetslivAddNewUppeHålliForskningen" name="SparaVal" time="0.000">
    <skipped/>
  </testcase> <!-- SparaVal -->
  <testcase classname="testCasesMinProfilArbetsliv.ArbetslivAddNewUppeHålliForskningen" name="StartDatum" time="0.000">
    <skipped/>
  </testcase> <!-- StartDatum -->
</testsuite> <!-- testCasesMinProfilArbetsliv.ArbetslivAddNewUppeHålliForskningen -->
