<?xml version="1.0" encoding="UTF-8"?>
<!-- Generated by org.testng.reporters.JUnitReportReporter -->
<testsuite hostname="77DWHM2" failures="0" tests="4" name="testCasesSAT.LoginAsInvalidUser" time="8.488" errors="0" timestamp="05 juli 2018 15:27:32 GMT" skipped="0">
  <testcase classname="testCasesSAT.LoginAsInvalidUser" name="InputUserWithInvalidInfo" time="5.552"/>
  <testcase classname="testCasesSAT.LoginAsInvalidUser" name="CheckThatLogginInWithFalseInfoNotPossible" time="0.021"/>
  <testcase classname="testCasesSAT.LoginAsInvalidUser" name="InputUserWithInvalidInfo" time="2.899"/>
  <testcase classname="testCasesSAT.LoginAsInvalidUser" name="CheckThatLogginInWithFalseInfoNotPossible" time="0.016"/>
</testsuite> <!-- testCasesSAT.LoginAsInvalidUser -->
