<?xml version="1.0" encoding="UTF-8"?>
<!-- Generated by org.testng.reporters.JUnitReportReporter -->
<testsuite hostname="77DWHM2" failures="0" tests="21" name="testCasesSAT.ArbetslivAddNewINTEFackGranskadBok" time="14.053" errors="0" timestamp="19 juli 2018 15:38:48 GMT" skipped="0">
  <testcase classname="testCasesSAT.ArbetslivAddNewINTEFackGranskadBok" name="BokTitel" time="0.216"/>
  <testcase classname="testCasesSAT.ArbetslivAddNewINTEFackGranskadBok" name="BokUtgivareFörlag" time="0.167"/>
  <testcase classname="testCasesSAT.ArbetslivAddNewINTEFackGranskadBok" name="BokFörfattareEfternamn" time="0.120"/>
  <testcase classname="testCasesSAT.ArbetslivAddNewINTEFackGranskadBok" name="BokSpara" time="0.900"/>
  <testcase classname="testCasesSAT.ArbetslivAddNewINTEFackGranskadBok" name="BokFörfattareKnapp" time="0.136"/>
  <testcase classname="testCasesSAT.ArbetslivAddNewINTEFackGranskadBok" name="BokOpenAcessSammanfattning" time="0.276"/>
  <testcase classname="testCasesSAT.ArbetslivAddNewINTEFackGranskadBok" name="ClickPublikationer" time="1.035"/>
  <testcase classname="testCasesSAT.ArbetslivAddNewINTEFackGranskadBok" name="DropDownBok" time="0.232"/>
  <testcase classname="testCasesSAT.ArbetslivAddNewINTEFackGranskadBok" name="LäggTillPublikationer" time="0.091"/>
  <testcase classname="testCasesSAT.ArbetslivAddNewINTEFackGranskadBok" name="VäljPublikationsTyp" time="0.852"/>
  <testcase classname="testCasesSAT.ArbetslivAddNewINTEFackGranskadBok" name="BokVarTextenPubliceradIOpenAcessJa" time="0.113"/>
  <testcase classname="testCasesSAT.ArbetslivAddNewINTEFackGranskadBok" name="BokUtgivareFörlagsplats" time="0.163"/>
  <testcase classname="testCasesSAT.ArbetslivAddNewINTEFackGranskadBok" name="BokOpenAccessFormAvOA" time="0.122"/>
  <testcase classname="testCasesSAT.ArbetslivAddNewINTEFackGranskadBok" name="LoginAsUser" time="8.068"/>
  <testcase classname="testCasesSAT.ArbetslivAddNewINTEFackGranskadBok" name="BokOpenAccessDokumentVersion" time="0.119"/>
  <testcase classname="testCasesSAT.ArbetslivAddNewINTEFackGranskadBok" name="BokUtgivareKällaFörPublikation" time="0.200"/>
  <testcase classname="testCasesSAT.ArbetslivAddNewINTEFackGranskadBok" name="BokOpenAccessLänkExternLänkFörPublicering" time="0.772"/>
  <testcase classname="testCasesSAT.ArbetslivAddNewINTEFackGranskadBok" name="BokUtgivareKällaID" time="0.092"/>
  <testcase classname="testCasesSAT.ArbetslivAddNewINTEFackGranskadBok" name="BokUtgivareISBN" time="0.131"/>
  <testcase classname="testCasesSAT.ArbetslivAddNewINTEFackGranskadBok" name="BokFörfattareFörnamn" time="0.115"/>
  <testcase classname="testCasesSAT.ArbetslivAddNewINTEFackGranskadBok" name="BokUtgivareDOI" time="0.133"/>
</testsuite> <!-- testCasesSAT.ArbetslivAddNewINTEFackGranskadBok -->
